Options:
temp = 298.0
robust = true
relax = GB3_3Fields.txt
elm = false
axes = true
axesl = 5.0
pdb = 1P7F.pdb
out = out
help = false
nostat = true
nodynamics = true
nogui = true
model = 1
wr = 1.4
dock = false
sr = 2.2

Extracting experimental data....done.
Parsing pdb file....done.
TEST: Computing results....
 Percent 95.0%
done.
=====ROBUST REGRESSION: On=====

=====ORIENTATION SAMPLING=====
Number of rigid bonds = 45
Sampling Param Xi = 0.140 Vectors are uniformly distributed.
Sampling Tensor Components = [0.374, -0.175, -0.199].

=====ISOTROPIC MODEL=====
Diso = 5.13 +/- NaN *(10^7) 1/s
TAUc = 3.25 +/- NaN ns
Q = 0.233  chi^2 = 974.951  chi^2/df = 7.276 (Rigid Only)
Akaike Information Criterion (AIC): Value = 976.951

=====AXIALLY-SYMMETRIC MODEL (PROLATE)=====
D_perp = 4.50 +/- NaN *(10^7) 1/s
D_parallel = 6.03 +/- NaN *(10^7) 1/s
alpha = 98 +/- NaN  deg
beta = 67 +/- NaN  deg
Orientational Uncertainty = NaN deg
TAUc = 3.33 +/- NaN ns
anisotropy = 1.34 +/- NaN
Q = 0.124  R = 0.985  chi^2 = 146.869  chi^2/df = 1.121 (Rigid Only)
Inertia Tensor Unique Axis Difference = 4 deg
ELM Predicted Tensor Unique Axis Difference = 3 deg
F-test (0.05): Axially-Symmetric model better than Isotropic? true, P = 1.21e-53, F = 246.20
Akaike Information Criterion (AIC): Value = 154.869,
   =>Axially-Symmetric model better than Isotropic? true

==Axially-Symmetric Diffusion Tensor==
    [  4.524  -0.176  -0.075]     [    NaN     NaN     NaN]
D = [ -0.176   5.771   0.541] +/- [    NaN     NaN     NaN] *(10^7) 1/s
    [ -0.075   0.541   4.730]     [    NaN     NaN     NaN]

==Axially-Symmetric Diffusion Tensor Sorted Eigendecomposition==
    [  -0.991     0.053    -0.126][   4.499     0.000     0.000][  -0.991    -0.137     0.000]
D = [  -0.137    -0.385     0.913][   0.000     4.499     0.000][   0.053    -0.385     0.921] *(10^7) 1/s
    [  -0.000     0.921     0.388][   0.000     0.000     6.025][  -0.126     0.913     0.388]

=====FULLY ANISOTROPIC MODEL=====
Dx = 4.43 +/- NaN *(10^7) 1/s
Dy = 4.62 +/- NaN *(10^7) 1/s
Dz = 5.96 +/- NaN *(10^7) 1/s
alpha = 98 +/- NaN  deg
beta = 68 +/- NaN  deg
gamma = 73 +/- NaN deg
Orientational Uncertainty = NaN deg
TAUc = 3.33 +/- NaN ns
anisotropy = 1.32 +/- NaN
rhombicity = 0.20 +/- NaN
Q = 0.123  R = 0.985  chi^2 = 514.721  chi^2/df = 3.990 (Rigid Only)
Axially-Symmetric Tensor Primary Axis Difference = 1 deg
Inertia Tensor Primary Axis Difference = 4 deg
Inertia Tensor Orientational Difference = 39 deg
ELM Predicted Tensor Primary Axis Difference = 3 deg
ELM Predicted Tensor Orientational Difference = 31 deg
F-test (0.05): Anisotropic model better than Isotropic? true, P = 1.71e-16, F = 23.07
F-test (0.05): Anisotropic model better than Axially-Symmetric? false, P = NaN, F = -164.05
Akaike Information Criterion (AIC): Value = 526.721,
   =>Anisotropic model better than Isotropic? true
   =>Anisotropic model better than Axially-Symmteric? false

==Anistropic Diffusion Tensor==
    [  4.462  -0.155  -0.112]     [    NaN     NaN     NaN]
D = [ -0.155   5.744   0.466] +/- [    NaN     NaN     NaN] *(10^7) 1/s
    [ -0.112   0.466   4.800]     [    NaN     NaN     NaN]

==Anistropic Diffusion Tensor Sorted Eigendecomposition==
    [  -0.965    -0.233    -0.124][   4.428     0.000     0.000][  -0.965    -0.021    -0.263]
D = [  -0.021    -0.399     0.917][   0.000     4.620     0.000][  -0.233    -0.399     0.887] *(10^7) 1/s
    [  -0.263     0.887     0.380][   0.000     0.000     5.958][  -0.124     0.917     0.380]

====Full Rotdif Results: Isotropic Solution====
<residue><chain><atom1><atom2><freq><rho_exp><rho_pred><rho_error>
   2 A N     H      500.00   2.785   2.763   0.062
   2 A N     H      600.00   3.524   3.392   0.085
   2 A N     H      800.00   5.145   4.993   0.087
   3 A N     H      500.00   2.629   2.763   0.062
   3 A N     H      600.00   3.296   3.392   0.061
   3 A N     H      800.00   4.973   4.993   0.127
   4 A N     H      500.00   2.738   2.763   0.069
   4 A N     H      600.00   3.433   3.392   0.053
   4 A N     H      800.00   5.018   4.993   0.191
   5 A N     H      500.00   2.748   2.763   0.085
   5 A N     H      600.00   3.461   3.392   0.099
   5 A N     H      800.00   4.981   4.993   0.125
   6 A N     H      500.00   2.786   2.763   0.044
   6 A N     H      600.00   3.358   3.392   0.059
   6 A N     H      800.00   4.919   4.993   0.153
   7 A N     H      500.00   2.685   2.763   0.060
   7 A N     H      600.00   3.291   3.392   0.084
   7 A N     H      800.00   5.019   4.993   0.163
   8 A N     H      500.00   2.710   2.763   0.041
   8 A N     H      600.00   3.410   3.392   0.057
   8 A N     H      800.00   5.163   4.993   0.172
   9 A N     H      500.00   2.780   2.763   0.016
   9 A N     H      600.00   3.381   3.392   0.051
   9 A N     H      800.00   4.958   4.993   0.032
  10 A N     H      500.00   2.569   2.763   0.016
  10 A N     H      600.00   3.433   3.392   0.043
  10 A N     H      800.00   4.800   4.993   0.025
  11 A N     H      500.00   2.907   2.763   0.014
  11 A N     H      600.00   3.577   3.392   0.051
  11 A N     H      800.00   4.931   4.993   0.016
  12 A N     H      500.00   2.801   2.763   0.015
  12 A N     H      600.00   3.172   3.392   0.037
  12 A N     H      800.00   3.865   4.993   0.011
  13 A N     H      500.00   2.749   2.763   0.040
  13 A N     H      600.00   3.505   3.392   0.056
  13 A N     H      800.00   4.980   4.993   0.083
  14 A N     H      500.00   2.813   2.763   0.076
  14 A N     H      600.00   3.252   3.392   0.153
  14 A N     H      800.00   4.827   4.993   0.160
  16 A N     H      500.00   2.661   2.763   0.082
  16 A N     H      600.00   3.334   3.392   0.164
  16 A N     H      800.00   5.042   4.993   0.155
  17 A N     H      500.00   2.611   2.763   0.067
  17 A N     H      600.00   3.400   3.392   0.066
  17 A N     H      800.00   4.755   4.993   0.202
  18 A N     H      500.00   2.696   2.763   0.051
  18 A N     H      600.00   3.390   3.392   0.146
  18 A N     H      800.00   4.886   4.993   0.074
  19 A N     H      500.00   2.750   2.763   0.105
  19 A N     H      600.00   3.341   3.392   0.054
  19 A N     H      800.00   4.840   4.993   0.116
  20 A N     H      500.00   2.794   2.763   0.020
  20 A N     H      600.00   3.233   3.392   0.091
  20 A N     H      800.00   4.910   4.993   0.058
  21 A N     H      500.00   2.750   2.763   0.019
  21 A N     H      600.00   3.447   3.392   0.037
  21 A N     H      800.00   4.983   4.993   0.033
  22 A N     H      500.00   2.757   2.763   0.091
  22 A N     H      600.00   3.738   3.392   0.191
  22 A N     H      800.00   5.008   4.993   0.164
  23 A N     H      500.00   2.988   2.763   0.075
  23 A N     H      600.00   3.641   3.392   0.072
  23 A N     H      800.00   5.675   4.993   0.228
  24 A N     H      500.00   3.149   2.763   0.089
  24 A N     H      600.00   3.896   3.392   0.121
  24 A N     H      800.00   5.946   4.993   0.200
  26 A N     H      500.00   2.999   2.763   0.134
  26 A N     H      600.00   3.535   3.392   0.186
  26 A N     H      800.00   5.603   4.993   0.293
  28 A N     H      500.00   3.213   2.763   0.088
  28 A N     H      600.00   3.955   3.392   0.286
  28 A N     H      800.00   6.016   4.993   0.248
  29 A N     H      500.00   3.202   2.763   0.095
  29 A N     H      600.00   3.882   3.392   0.246
  29 A N     H      800.00   5.845   4.993   0.257
  30 A N     H      500.00   3.000   2.763   0.071
  30 A N     H      600.00   3.770   3.392   0.159
  30 A N     H      800.00   5.603   4.993   0.193
  31 A N     H      500.00   3.123   2.763   0.072
  31 A N     H      600.00   4.209   3.392   0.161
  31 A N     H      800.00   6.093   4.993   0.237
  32 A N     H      500.00   3.196   2.763   0.075
  32 A N     H      600.00   4.009   3.392   0.173
  32 A N     H      800.00   5.908   4.993   0.192
  33 A N     H      500.00   2.894   2.763   0.107
  33 A N     H      600.00   3.706   3.392   0.172
  33 A N     H      800.00   6.057   4.993   0.224
  34 A N     H      500.00   3.046   2.763   0.104
  34 A N     H      600.00   3.800   3.392   0.046
  34 A N     H      800.00   5.933   4.993   0.246
  36 A N     H      500.00   3.230   2.763   0.044
  36 A N     H      600.00   4.051   3.392   0.170
  36 A N     H      800.00   5.771   4.993   0.058
  37 A N     H      500.00   2.770   2.763   0.079
  37 A N     H      600.00   3.649   3.392   0.075
  37 A N     H      800.00   5.221   4.993   0.102
  38 A N     H      500.00   2.937   2.763   0.018
  38 A N     H      600.00   3.638   3.392   0.042
  38 A N     H      800.00   4.976   4.993   0.027
  39 A N     H      500.00   3.320   2.763   0.014
  39 A N     H      600.00   4.171   3.392   0.044
  39 A N     H      800.00   6.293   4.993   0.078
  40 A N     H      500.00   2.996   2.763   0.014
  40 A N     H      600.00   3.866   3.392   0.037
  40 A N     H      800.00   5.155   4.993   0.044
  41 A N     H      500.00   2.612   2.763   0.020
  41 A N     H      600.00   3.310   3.392   0.065
  41 A N     H      800.00   4.387   4.993   0.026
  42 A N     H      500.00   2.867   2.763   0.151
  42 A N     H      600.00   3.465   3.392   0.108
  42 A N     H      800.00   5.382   4.993   0.139
  43 A N     H      500.00   2.732   2.763   0.067
  43 A N     H      600.00   3.516   3.392   0.088
  43 A N     H      800.00   4.876   4.993   0.063
  44 A N     H      500.00   2.714   2.763   0.076
  44 A N     H      600.00   3.353   3.392   0.049
  44 A N     H      800.00   5.053   4.993   0.067
  45 A N     H      500.00   2.771   2.763   0.097
  45 A N     H      600.00   3.302   3.392   0.040
  45 A N     H      800.00   4.694   4.993   0.081
  46 A N     H      500.00   2.686   2.763   0.056
  46 A N     H      600.00   3.191   3.392   0.098
  46 A N     H      800.00   4.970   4.993   0.165
  47 A N     H      500.00   2.827   2.763   0.013
  47 A N     H      600.00   3.344   3.392   0.036
  47 A N     H      800.00   4.483   4.993   0.023
  48 A N     H      500.00   2.752   2.763   0.044
  48 A N     H      600.00   3.589   3.392   0.030
  48 A N     H      800.00   5.256   4.993   0.026
  49 A N     H      500.00   2.968   2.763   0.016
  49 A N     H      600.00   3.479   3.392   0.048
  49 A N     H      800.00   3.474   4.993   0.109
  50 A N     H      500.00   2.460   2.763   0.014
  50 A N     H      600.00   3.354   3.392   0.047
  50 A N     H      800.00   4.470   4.993   0.040
  51 A N     H      500.00   2.656   2.763   0.070
  51 A N     H      600.00   3.329   3.392   0.077
  51 A N     H      800.00   4.989   4.993   0.105
  52 A N     H      500.00   2.705   2.763   0.077
  52 A N     H      600.00   3.490   3.392   0.184
  52 A N     H      800.00   4.832   4.993   0.308
  53 A N     H      500.00   2.816   2.763   0.075
  53 A N     H      600.00   3.380   3.392   0.081
  53 A N     H      800.00   4.935   4.993   0.183
  54 A N     H      500.00   2.741   2.763   0.070
  54 A N     H      600.00   3.381   3.392   0.051
  54 A N     H      800.00   4.741   4.993   0.086
  55 A N     H      500.00   2.807   2.763   0.087
  55 A N     H      600.00   3.402   3.392   0.116
  55 A N     H      800.00   5.045   4.993   0.069
  56 A N     H      500.00   2.880   2.763   0.014
  56 A N     H      600.00   3.539   3.392   0.038
  56 A N     H      800.00   3.796   4.993   0.102


====Full Rotdif Results: Axially-Symmetric Solution====
<residue><chain><atom1><atom2><freq><rho_exp><rho_pred><rho_error>
   2 A N     H      500.00   2.785   2.822   0.062
   2 A N     H      600.00   3.524   3.473   0.085
   2 A N     H      800.00   5.145   5.128   0.087
   3 A N     H      500.00   2.629   2.729   0.062
   3 A N     H      600.00   3.296   3.338   0.061
   3 A N     H      800.00   4.973   4.882   0.127
   4 A N     H      500.00   2.738   2.754   0.069
   4 A N     H      600.00   3.433   3.374   0.053
   4 A N     H      800.00   5.018   4.948   0.191
   5 A N     H      500.00   2.748   2.722   0.085
   5 A N     H      600.00   3.461   3.328   0.099
   5 A N     H      800.00   4.981   4.864   0.125
   6 A N     H      500.00   2.786   2.764   0.044
   6 A N     H      600.00   3.358   3.388   0.059
   6 A N     H      800.00   4.919   4.973   0.153
   7 A N     H      500.00   2.685   2.721   0.060
   7 A N     H      600.00   3.291   3.326   0.084
   7 A N     H      800.00   5.019   4.861   0.163
   8 A N     H      500.00   2.710   2.791   0.041
   8 A N     H      600.00   3.410   3.427   0.057
   8 A N     H      800.00   5.163   5.045   0.172
   9 A N     H      500.00   2.780   2.745   0.016
   9 A N     H      600.00   3.381   3.361   0.051
   9 A N     H      800.00   4.958   4.924   0.032
  10 A N     H      500.00   2.569   2.744   0.016
  10 A N     H      600.00   3.433   3.359   0.043
  10 A N     H      800.00   4.800   4.921   0.025
  11 A N     H      500.00   2.907   2.864   0.014
  11 A N     H      600.00   3.577   3.534   0.051
  11 A N     H      800.00   4.931   5.237   0.016
  12 A N     H      500.00   2.801   2.729   0.015
  12 A N     H      600.00   3.172   3.338   0.037
  12 A N     H      800.00   3.865   4.883   0.011
  13 A N     H      500.00   2.749   2.786   0.040
  13 A N     H      600.00   3.505   3.421   0.056
  13 A N     H      800.00   4.980   5.034   0.083
  14 A N     H      500.00   2.813   2.742   0.076
  14 A N     H      600.00   3.252   3.357   0.153
  14 A N     H      800.00   4.827   4.917   0.160
  16 A N     H      500.00   2.661   2.744   0.082
  16 A N     H      600.00   3.334   3.359   0.164
  16 A N     H      800.00   5.042   4.921   0.155
  17 A N     H      500.00   2.611   2.742   0.067
  17 A N     H      600.00   3.400   3.357   0.066
  17 A N     H      800.00   4.755   4.917   0.202
  18 A N     H      500.00   2.696   2.766   0.051
  18 A N     H      600.00   3.390   3.391   0.146
  18 A N     H      800.00   4.886   4.979   0.074
  19 A N     H      500.00   2.750   2.753   0.105
  19 A N     H      600.00   3.341   3.373   0.054
  19 A N     H      800.00   4.840   4.946   0.116
  20 A N     H      500.00   2.794   2.755   0.020
  20 A N     H      600.00   3.233   3.376   0.091
  20 A N     H      800.00   4.910   4.952   0.058
  21 A N     H      500.00   2.750   2.745   0.019
  21 A N     H      600.00   3.447   3.361   0.037
  21 A N     H      800.00   4.983   4.924   0.033
  22 A N     H      500.00   2.757   2.944   0.091
  22 A N     H      600.00   3.737   3.650   0.191
  22 A N     H      800.00   5.008   5.444   0.164
  23 A N     H      500.00   2.988   2.919   0.075
  23 A N     H      600.00   3.641   3.614   0.072
  23 A N     H      800.00   5.675   5.380   0.228
  24 A N     H      500.00   3.149   3.135   0.089
  24 A N     H      600.00   3.896   3.927   0.121
  24 A N     H      800.00   5.946   5.943   0.200
  26 A N     H      500.00   2.999   2.951   0.134
  26 A N     H      600.00   3.535   3.660   0.186
  26 A N     H      800.00   5.603   5.462   0.293
  28 A N     H      500.00   3.213   3.170   0.088
  28 A N     H      600.00   3.955   3.977   0.286
  28 A N     H      800.00   6.016   6.033   0.248
  29 A N     H      500.00   3.202   3.035   0.095
  29 A N     H      600.00   3.882   3.781   0.246
  29 A N     H      800.00   5.845   5.681   0.257
  30 A N     H      500.00   3.000   3.011   0.071
  30 A N     H      600.00   3.770   3.747   0.159
  30 A N     H      800.00   5.603   5.620   0.193
  31 A N     H      500.00   3.123   3.128   0.072
  31 A N     H      600.00   4.209   3.917   0.161
  31 A N     H      800.00   6.093   5.924   0.237
  32 A N     H      500.00   3.196   3.172   0.075
  32 A N     H      600.00   4.009   3.980   0.173
  32 A N     H      800.00   5.908   6.038   0.192
  33 A N     H      500.00   2.894   3.078   0.107
  33 A N     H      600.00   3.706   3.844   0.172
  33 A N     H      800.00   6.057   5.793   0.224
  34 A N     H      500.00   3.046   3.052   0.104
  34 A N     H      600.00   3.800   3.806   0.046
  34 A N     H      800.00   5.933   5.726   0.246
  36 A N     H      500.00   3.230   3.152   0.044
  36 A N     H      600.00   4.051   3.952   0.170
  36 A N     H      800.00   5.771   5.987   0.058
  37 A N     H      500.00   2.770   2.927   0.079
  37 A N     H      600.00   3.649   3.625   0.075
  37 A N     H      800.00   5.221   5.400   0.102
  38 A N     H      500.00   2.937   2.923   0.018
  38 A N     H      600.00   3.638   3.619   0.042
  38 A N     H      800.00   4.976   5.390   0.027
  39 A N     H      500.00   3.320   3.003   0.014
  39 A N     H      600.00   4.171   3.735   0.044
  39 A N     H      800.00   6.293   5.598   0.078
  40 A N     H      500.00   2.996   2.982   0.014
  40 A N     H      600.00   3.866   3.705   0.037
  40 A N     H      800.00   5.155   5.545   0.044
  41 A N     H      500.00   2.612   3.028   0.020
  41 A N     H      600.00   3.310   3.771   0.065
  41 A N     H      800.00   4.387   5.663   0.026
  42 A N     H      500.00   2.867   2.846   0.151
  42 A N     H      600.00   3.465   3.508   0.108
  42 A N     H      800.00   5.382   5.191   0.139
  43 A N     H      500.00   2.732   2.723   0.067
  43 A N     H      600.00   3.516   3.329   0.088
  43 A N     H      800.00   4.876   4.867   0.063
  44 A N     H      500.00   2.714   2.749   0.076
  44 A N     H      600.00   3.353   3.367   0.049
  44 A N     H      800.00   5.053   4.935   0.067
  45 A N     H      500.00   2.771   2.722   0.097
  45 A N     H      600.00   3.302   3.327   0.040
  45 A N     H      800.00   4.694   4.863   0.081
  46 A N     H      500.00   2.686   2.748   0.056
  46 A N     H      600.00   3.191   3.365   0.098
  46 A N     H      800.00   4.970   4.933   0.165
  47 A N     H      500.00   2.827   2.729   0.013
  47 A N     H      600.00   3.344   3.338   0.036
  47 A N     H      800.00   4.483   4.882   0.023
  48 A N     H      500.00   2.752   2.891   0.044
  48 A N     H      600.00   3.589   3.573   0.030
  48 A N     H      800.00   5.256   5.307   0.026
  49 A N     H      500.00   2.968   2.863   0.016
  49 A N     H      600.00   3.479   3.533   0.048
  49 A N     H      800.00   3.474   5.235   0.109
  50 A N     H      500.00   2.460   2.761   0.014
  50 A N     H      600.00   3.354   3.384   0.047
  50 A N     H      800.00   4.470   4.967   0.040
  51 A N     H      500.00   2.656   2.740   0.070
  51 A N     H      600.00   3.329   3.354   0.077
  51 A N     H      800.00   4.989   4.911   0.105
  52 A N     H      500.00   2.705   2.721   0.077
  52 A N     H      600.00   3.490   3.326   0.184
  52 A N     H      800.00   4.832   4.861   0.308
  53 A N     H      500.00   2.816   2.751   0.075
  53 A N     H      600.00   3.380   3.370   0.081
  53 A N     H      800.00   4.935   4.940   0.183
  54 A N     H      500.00   2.741   2.729   0.070
  54 A N     H      600.00   3.381   3.337   0.051
  54 A N     H      800.00   4.741   4.882   0.086
  55 A N     H      500.00   2.807   2.788   0.087
  55 A N     H      600.00   3.402   3.424   0.116
  55 A N     H      800.00   5.045   5.038   0.069
  56 A N     H      500.00   2.880   2.725   0.014
  56 A N     H      600.00   3.539   3.332   0.038
  56 A N     H      800.00   3.796   4.872   0.102


====Full Rotdif Results: Anisotropic Solution====
<residue><chain><atom1><atom2><freq><rho_exp><rho_pred><rho_error>
   2 A N     H      500.00   2.785   2.839   0.062
   2 A N     H      600.00   3.524   3.497   0.085
   2 A N     H      800.00   5.145   5.170   0.087
   3 A N     H      500.00   2.629   2.715   0.062
   3 A N     H      600.00   3.296   3.318   0.061
   3 A N     H      800.00   4.973   4.850   0.127
   4 A N     H      500.00   2.738   2.734   0.069
   4 A N     H      600.00   3.433   3.346   0.053
   4 A N     H      800.00   5.018   4.902   0.191
   5 A N     H      500.00   2.748   2.716   0.085
   5 A N     H      600.00   3.461   3.319   0.099
   5 A N     H      800.00   4.981   4.851   0.125
   6 A N     H      500.00   2.786   2.763   0.044
   6 A N     H      600.00   3.358   3.387   0.059
   6 A N     H      800.00   4.919   4.974   0.153
   7 A N     H      500.00   2.685   2.739   0.060
   7 A N     H      600.00   3.291   3.352   0.084
   7 A N     H      800.00   5.019   4.909   0.163
   8 A N     H      500.00   2.710   2.812   0.041
   8 A N     H      600.00   3.410   3.458   0.057
   8 A N     H      800.00   5.163   5.098   0.172
   9 A N     H      500.00   2.780   2.749   0.016
   9 A N     H      600.00   3.381   3.368   0.051
   9 A N     H      800.00   4.958   4.938   0.032
  10 A N     H      500.00   2.569   2.776   0.016
  10 A N     H      600.00   3.433   3.406   0.043
  10 A N     H      800.00   4.800   5.004   0.025
  11 A N     H      500.00   2.907   2.883   0.014
  11 A N     H      600.00   3.577   3.561   0.051
  11 A N     H      800.00   4.931   5.285   0.016
  12 A N     H      500.00   2.801   2.744   0.015
  12 A N     H      600.00   3.172   3.360   0.037
  12 A N     H      800.00   3.865   4.923   0.011
  13 A N     H      500.00   2.749   2.783   0.040
  13 A N     H      600.00   3.505   3.417   0.056
  13 A N     H      800.00   4.980   5.027   0.083
  14 A N     H      500.00   2.813   2.739   0.076
  14 A N     H      600.00   3.252   3.353   0.153
  14 A N     H      800.00   4.827   4.913   0.160
  16 A N     H      500.00   2.661   2.731   0.082
  16 A N     H      600.00   3.334   3.341   0.164
  16 A N     H      800.00   5.042   4.893   0.155
  17 A N     H      500.00   2.611   2.721   0.067
  17 A N     H      600.00   3.400   3.328   0.066
  17 A N     H      800.00   4.755   4.869   0.202
  18 A N     H      500.00   2.696   2.751   0.051
  18 A N     H      600.00   3.390   3.370   0.146
  18 A N     H      800.00   4.886   4.945   0.074
  19 A N     H      500.00   2.750   2.738   0.105
  19 A N     H      600.00   3.341   3.352   0.054
  19 A N     H      800.00   4.840   4.911   0.116
  20 A N     H      500.00   2.794   2.769   0.020
  20 A N     H      600.00   3.233   3.395   0.091
  20 A N     H      800.00   4.910   4.988   0.058
  21 A N     H      500.00   2.750   2.754   0.019
  21 A N     H      600.00   3.447   3.374   0.037
  21 A N     H      800.00   4.983   4.950   0.033
  22 A N     H      500.00   2.757   2.927   0.091
  22 A N     H      600.00   3.738   3.626   0.191
  22 A N     H      800.00   5.008   5.404   0.164
  23 A N     H      500.00   2.988   2.899   0.075
  23 A N     H      600.00   3.641   3.585   0.072
  23 A N     H      800.00   5.675   5.331   0.228
  24 A N     H      500.00   3.149   3.115   0.089
  24 A N     H      600.00   3.896   3.898   0.121
  24 A N     H      800.00   5.946   5.892   0.200
  26 A N     H      500.00   2.999   2.933   0.134
  26 A N     H      600.00   3.535   3.634   0.186
  26 A N     H      800.00   5.603   5.418   0.293
  28 A N     H      500.00   3.213   3.150   0.088
  28 A N     H      600.00   3.955   3.949   0.286
  28 A N     H      800.00   6.016   5.982   0.248
  29 A N     H      500.00   3.202   3.023   0.095
  29 A N     H      600.00   3.882   3.765   0.246
  29 A N     H      800.00   5.845   5.653   0.257
  30 A N     H      500.00   3.000   2.991   0.071
  30 A N     H      600.00   3.770   3.719   0.159
  30 A N     H      800.00   5.603   5.570   0.193
  31 A N     H      500.00   3.123   3.110   0.072
  31 A N     H      600.00   4.209   3.891   0.161
  31 A N     H      800.00   6.093   5.878   0.237
  32 A N     H      500.00   3.196   3.154   0.075
  32 A N     H      600.00   4.009   3.955   0.173
  32 A N     H      800.00   5.908   5.994   0.192
  33 A N     H      500.00   2.894   3.060   0.107
  33 A N     H      600.00   3.706   3.819   0.172
  33 A N     H      800.00   6.057   5.749   0.224
  34 A N     H      500.00   3.046   3.032   0.104
  34 A N     H      600.00   3.800   3.778   0.046
  34 A N     H      800.00   5.933   5.677   0.246
  36 A N     H      500.00   3.230   3.134   0.044
  36 A N     H      600.00   4.051   3.926   0.170
  36 A N     H      800.00   5.771   5.941   0.058
  37 A N     H      500.00   2.770   2.906   0.079
  37 A N     H      600.00   3.649   3.596   0.075
  37 A N     H      800.00   5.221   5.350   0.102
  38 A N     H      500.00   2.937   2.930   0.018
  38 A N     H      600.00   3.638   3.630   0.042
  38 A N     H      800.00   4.976   5.409   0.027
  39 A N     H      500.00   3.320   2.983   0.014
  39 A N     H      600.00   4.171   3.707   0.044
  39 A N     H      800.00   6.293   5.549   0.078
  40 A N     H      500.00   2.996   2.986   0.014
  40 A N     H      600.00   3.866   3.710   0.037
  40 A N     H      800.00   5.155   5.553   0.044
  41 A N     H      500.00   2.612   3.008   0.020
  41 A N     H      600.00   3.310   3.744   0.065
  41 A N     H      800.00   4.387   5.615   0.026
  42 A N     H      500.00   2.867   2.866   0.151
  42 A N     H      600.00   3.465   3.537   0.108
  42 A N     H      800.00   5.382   5.241   0.139
  43 A N     H      500.00   2.732   2.755   0.067
  43 A N     H      600.00   3.516   3.375   0.088
  43 A N     H      800.00   4.876   4.949   0.063
  44 A N     H      500.00   2.714   2.750   0.076
  44 A N     H      600.00   3.353   3.369   0.049
  44 A N     H      800.00   5.053   4.941   0.067
  45 A N     H      500.00   2.771   2.709   0.097
  45 A N     H      600.00   3.302   3.310   0.040
  45 A N     H      800.00   4.694   4.835   0.081
  46 A N     H      500.00   2.686   2.734   0.056
  46 A N     H      600.00   3.191   3.346   0.098
  46 A N     H      800.00   4.970   4.901   0.165
  47 A N     H      500.00   2.827   2.726   0.013
  47 A N     H      600.00   3.344   3.334   0.036
  47 A N     H      800.00   4.483   4.879   0.023
  48 A N     H      500.00   2.752   2.876   0.044
  48 A N     H      600.00   3.589   3.552   0.030
  48 A N     H      800.00   5.256   5.271   0.026
  49 A N     H      500.00   2.968   2.874   0.016
  49 A N     H      600.00   3.479   3.548   0.048
  49 A N     H      800.00   3.474   5.262   0.109
  50 A N     H      500.00   2.460   2.749   0.014
  50 A N     H      600.00   3.354   3.368   0.047
  50 A N     H      800.00   4.470   4.940   0.040
  51 A N     H      500.00   2.656   2.719   0.070
  51 A N     H      600.00   3.329   3.325   0.077
  51 A N     H      800.00   4.989   4.863   0.105
  52 A N     H      500.00   2.705   2.708   0.077
  52 A N     H      600.00   3.490   3.308   0.184
  52 A N     H      800.00   4.832   4.833   0.308
  53 A N     H      500.00   2.816   2.757   0.075
  53 A N     H      600.00   3.380   3.378   0.081
  53 A N     H      800.00   4.935   4.957   0.183
  54 A N     H      500.00   2.741   2.747   0.070
  54 A N     H      600.00   3.381   3.363   0.051
  54 A N     H      800.00   4.741   4.929   0.086
  55 A N     H      500.00   2.807   2.802   0.087
  55 A N     H      600.00   3.402   3.444   0.116
  55 A N     H      800.00   5.045   5.075   0.069
  56 A N     H      500.00   2.880   2.750   0.014
  56 A N     H      600.00   3.539   3.368   0.038
  56 A N     H      800.00   3.796   4.937   0.102

=====ROBUST REGRESSION: On=====

=====ORIENTATION SAMPLING=====
Number of rigid bonds = 45
Sampling Param Xi = 0.140 Vectors are uniformly distributed.
Sampling Tensor Components = [0.374, -0.175, -0.199].

=====ISOTROPIC MODEL=====
Diso = 5.13 +/- NaN *(10^7) 1/s
TAUc = 3.25 +/- NaN ns
Q = 0.233  chi^2 = 974.951  chi^2/df = 7.276 (Rigid Only)
Akaike Information Criterion (AIC): Value = 976.951

=====AXIALLY-SYMMETRIC MODEL (PROLATE)=====
D_perp = 4.50 +/- NaN *(10^7) 1/s
D_parallel = 6.03 +/- NaN *(10^7) 1/s
alpha = 98 +/- NaN  deg
beta = 67 +/- NaN  deg
Orientational Uncertainty = NaN deg
TAUc = 3.33 +/- NaN ns
anisotropy = 1.34 +/- NaN
Q = 0.124  R = 0.985  chi^2 = 146.869  chi^2/df = 1.121 (Rigid Only)
Inertia Tensor Unique Axis Difference = 4 deg
ELM Predicted Tensor Unique Axis Difference = 3 deg
F-test (0.05): Axially-Symmetric model better than Isotropic? true, P = 1.21e-53, F = 246.20
Akaike Information Criterion (AIC): Value = 154.869,
   =>Axially-Symmetric model better than Isotropic? true

==Axially-Symmetric Diffusion Tensor==
    [  4.524  -0.176  -0.075]     [    NaN     NaN     NaN]
D = [ -0.176   5.771   0.541] +/- [    NaN     NaN     NaN] *(10^7) 1/s
    [ -0.075   0.541   4.730]     [    NaN     NaN     NaN]

==Axially-Symmetric Diffusion Tensor Sorted Eigendecomposition==
    [  -0.991     0.053    -0.126][   4.499     0.000     0.000][  -0.991    -0.137     0.000]
D = [  -0.137    -0.385     0.913][   0.000     4.499     0.000][   0.053    -0.385     0.921] *(10^7) 1/s
    [  -0.000     0.921     0.388][   0.000     0.000     6.025][  -0.126     0.913     0.388]

=====FULLY ANISOTROPIC MODEL=====
Dx = 4.43 +/- NaN *(10^7) 1/s
Dy = 4.62 +/- NaN *(10^7) 1/s
Dz = 5.96 +/- NaN *(10^7) 1/s
alpha = 98 +/- NaN  deg
beta = 68 +/- NaN  deg
gamma = 73 +/- NaN deg
Orientational Uncertainty = NaN deg
TAUc = 3.33 +/- NaN ns
anisotropy = 1.32 +/- NaN
rhombicity = 0.20 +/- NaN
Q = 0.123  R = 0.985  chi^2 = 514.721  chi^2/df = 3.990 (Rigid Only)
Axially-Symmetric Tensor Primary Axis Difference = 1 deg
Inertia Tensor Primary Axis Difference = 4 deg
Inertia Tensor Orientational Difference = 39 deg
ELM Predicted Tensor Primary Axis Difference = 3 deg
ELM Predicted Tensor Orientational Difference = 31 deg
F-test (0.05): Anisotropic model better than Isotropic? true, P = 1.71e-16, F = 23.07
F-test (0.05): Anisotropic model better than Axially-Symmetric? false, P = NaN, F = -164.05
Akaike Information Criterion (AIC): Value = 526.721,
   =>Anisotropic model better than Isotropic? true
   =>Anisotropic model better than Axially-Symmteric? false

==Anistropic Diffusion Tensor==
    [  4.462  -0.155  -0.112]     [    NaN     NaN     NaN]
D = [ -0.155   5.744   0.466] +/- [    NaN     NaN     NaN] *(10^7) 1/s
    [ -0.112   0.466   4.800]     [    NaN     NaN     NaN]

==Anistropic Diffusion Tensor Sorted Eigendecomposition==
    [  -0.965    -0.233    -0.124][   4.428     0.000     0.000][  -0.965    -0.021    -0.263]
D = [  -0.021    -0.399     0.917][   0.000     4.620     0.000][  -0.233    -0.399     0.887] *(10^7) 1/s
    [  -0.263     0.887     0.380][   0.000     0.000     5.958][  -0.124     0.917     0.380]

====Full Rotdif Results: Isotropic Solution====
<residue><chain><atom1><atom2><freq><rho_exp><rho_pred><rho_error>
   2 A N     H      500.00   2.785   2.763   0.062
   2 A N     H      600.00   3.524   3.392   0.085
   2 A N     H      800.00   5.145   4.993   0.087
   3 A N     H      500.00   2.629   2.763   0.062
   3 A N     H      600.00   3.296   3.392   0.061
   3 A N     H      800.00   4.973   4.993   0.127
   4 A N     H      500.00   2.738   2.763   0.069
   4 A N     H      600.00   3.433   3.392   0.053
   4 A N     H      800.00   5.018   4.993   0.191
   5 A N     H      500.00   2.748   2.763   0.085
   5 A N     H      600.00   3.461   3.392   0.099
   5 A N     H      800.00   4.981   4.993   0.125
   6 A N     H      500.00   2.786   2.763   0.044
   6 A N     H      600.00   3.358   3.392   0.059
   6 A N     H      800.00   4.919   4.993   0.153
   7 A N     H      500.00   2.685   2.763   0.060
   7 A N     H      600.00   3.291   3.392   0.084
   7 A N     H      800.00   5.019   4.993   0.163
   8 A N     H      500.00   2.710   2.763   0.041
   8 A N     H      600.00   3.410   3.392   0.057
   8 A N     H      800.00   5.163   4.993   0.172
   9 A N     H      500.00   2.780   2.763   0.016
   9 A N     H      600.00   3.381   3.392   0.051
   9 A N     H      800.00   4.958   4.993   0.032
  10 A N     H      500.00   2.569   2.763   0.016
  10 A N     H      600.00   3.433   3.392   0.043
  10 A N     H      800.00   4.800   4.993   0.025
  11 A N     H      500.00   2.907   2.763   0.014
  11 A N     H      600.00   3.577   3.392   0.051
  11 A N     H      800.00   4.931   4.993   0.016
  12 A N     H      500.00   2.801   2.763   0.015
  12 A N     H      600.00   3.172   3.392   0.037
  12 A N     H      800.00   3.865   4.993   0.011
  13 A N     H      500.00   2.749   2.763   0.040
  13 A N     H      600.00   3.505   3.392   0.056
  13 A N     H      800.00   4.980   4.993   0.083
  14 A N     H      500.00   2.813   2.763   0.076
  14 A N     H      600.00   3.252   3.392   0.153
  14 A N     H      800.00   4.827   4.993   0.160
  16 A N     H      500.00   2.661   2.763   0.082
  16 A N     H      600.00   3.334   3.392   0.164
  16 A N     H      800.00   5.042   4.993   0.155
  17 A N     H      500.00   2.611   2.763   0.067
  17 A N     H      600.00   3.400   3.392   0.066
  17 A N     H      800.00   4.755   4.993   0.202
  18 A N     H      500.00   2.696   2.763   0.051
  18 A N     H      600.00   3.390   3.392   0.146
  18 A N     H      800.00   4.886   4.993   0.074
  19 A N     H      500.00   2.750   2.763   0.105
  19 A N     H      600.00   3.341   3.392   0.054
  19 A N     H      800.00   4.840   4.993   0.116
  20 A N     H      500.00   2.794   2.763   0.020
  20 A N     H      600.00   3.233   3.392   0.091
  20 A N     H      800.00   4.910   4.993   0.058
  21 A N     H      500.00   2.750   2.763   0.019
  21 A N     H      600.00   3.447   3.392   0.037
  21 A N     H      800.00   4.983   4.993   0.033
  22 A N     H      500.00   2.757   2.763   0.091
  22 A N     H      600.00   3.738   3.392   0.191
  22 A N     H      800.00   5.008   4.993   0.164
  23 A N     H      500.00   2.988   2.763   0.075
  23 A N     H      600.00   3.641   3.392   0.072
  23 A N     H      800.00   5.675   4.993   0.228
  24 A N     H      500.00   3.149   2.763   0.089
  24 A N     H      600.00   3.896   3.392   0.121
  24 A N     H      800.00   5.946   4.993   0.200
  26 A N     H      500.00   2.999   2.763   0.134
  26 A N     H      600.00   3.535   3.392   0.186
  26 A N     H      800.00   5.603   4.993   0.293
  28 A N     H      500.00   3.213   2.763   0.088
  28 A N     H      600.00   3.955   3.392   0.286
  28 A N     H      800.00   6.016   4.993   0.248
  29 A N     H      500.00   3.202   2.763   0.095
  29 A N     H      600.00   3.882   3.392   0.246
  29 A N     H      800.00   5.845   4.993   0.257
  30 A N     H      500.00   3.000   2.763   0.071
  30 A N     H      600.00   3.770   3.392   0.159
  30 A N     H      800.00   5.603   4.993   0.193
  31 A N     H      500.00   3.123   2.763   0.072
  31 A N     H      600.00   4.209   3.392   0.161
  31 A N     H      800.00   6.093   4.993   0.237
  32 A N     H      500.00   3.196   2.763   0.075
  32 A N     H      600.00   4.009   3.392   0.173
  32 A N     H      800.00   5.908   4.993   0.192
  33 A N     H      500.00   2.894   2.763   0.107
  33 A N     H      600.00   3.706   3.392   0.172
  33 A N     H      800.00   6.057   4.993   0.224
  34 A N     H      500.00   3.046   2.763   0.104
  34 A N     H      600.00   3.800   3.392   0.046
  34 A N     H      800.00   5.933   4.993   0.246
  36 A N     H      500.00   3.230   2.763   0.044
  36 A N     H      600.00   4.051   3.392   0.170
  36 A N     H      800.00   5.771   4.993   0.058
  37 A N     H      500.00   2.770   2.763   0.079
  37 A N     H      600.00   3.649   3.392   0.075
  37 A N     H      800.00   5.221   4.993   0.102
  38 A N     H      500.00   2.937   2.763   0.018
  38 A N     H      600.00   3.638   3.392   0.042
  38 A N     H      800.00   4.976   4.993   0.027
  39 A N     H      500.00   3.320   2.763   0.014
  39 A N     H      600.00   4.171   3.392   0.044
  39 A N     H      800.00   6.293   4.993   0.078
  40 A N     H      500.00   2.996   2.763   0.014
  40 A N     H      600.00   3.866   3.392   0.037
  40 A N     H      800.00   5.155   4.993   0.044
  41 A N     H      500.00   2.612   2.763   0.020
  41 A N     H      600.00   3.310   3.392   0.065
  41 A N     H      800.00   4.387   4.993   0.026
  42 A N     H      500.00   2.867   2.763   0.151
  42 A N     H      600.00   3.465   3.392   0.108
  42 A N     H      800.00   5.382   4.993   0.139
  43 A N     H      500.00   2.732   2.763   0.067
  43 A N     H      600.00   3.516   3.392   0.088
  43 A N     H      800.00   4.876   4.993   0.063
  44 A N     H      500.00   2.714   2.763   0.076
  44 A N     H      600.00   3.353   3.392   0.049
  44 A N     H      800.00   5.053   4.993   0.067
  45 A N     H      500.00   2.771   2.763   0.097
  45 A N     H      600.00   3.302   3.392   0.040
  45 A N     H      800.00   4.694   4.993   0.081
  46 A N     H      500.00   2.686   2.763   0.056
  46 A N     H      600.00   3.191   3.392   0.098
  46 A N     H      800.00   4.970   4.993   0.165
  47 A N     H      500.00   2.827   2.763   0.013
  47 A N     H      600.00   3.344   3.392   0.036
  47 A N     H      800.00   4.483   4.993   0.023
  48 A N     H      500.00   2.752   2.763   0.044
  48 A N     H      600.00   3.589   3.392   0.030
  48 A N     H      800.00   5.256   4.993   0.026
  49 A N     H      500.00   2.968   2.763   0.016
  49 A N     H      600.00   3.479   3.392   0.048
  49 A N     H      800.00   3.474   4.993   0.109
  50 A N     H      500.00   2.460   2.763   0.014
  50 A N     H      600.00   3.354   3.392   0.047
  50 A N     H      800.00   4.470   4.993   0.040
  51 A N     H      500.00   2.656   2.763   0.070
  51 A N     H      600.00   3.329   3.392   0.077
  51 A N     H      800.00   4.989   4.993   0.105
  52 A N     H      500.00   2.705   2.763   0.077
  52 A N     H      600.00   3.490   3.392   0.184
  52 A N     H      800.00   4.832   4.993   0.308
  53 A N     H      500.00   2.816   2.763   0.075
  53 A N     H      600.00   3.380   3.392   0.081
  53 A N     H      800.00   4.935   4.993   0.183
  54 A N     H      500.00   2.741   2.763   0.070
  54 A N     H      600.00   3.381   3.392   0.051
  54 A N     H      800.00   4.741   4.993   0.086
  55 A N     H      500.00   2.807   2.763   0.087
  55 A N     H      600.00   3.402   3.392   0.116
  55 A N     H      800.00   5.045   4.993   0.069
  56 A N     H      500.00   2.880   2.763   0.014
  56 A N     H      600.00   3.539   3.392   0.038
  56 A N     H      800.00   3.796   4.993   0.102


====Full Rotdif Results: Axially-Symmetric Solution====
<residue><chain><atom1><atom2><freq><rho_exp><rho_pred><rho_error>
   2 A N     H      500.00   2.785   2.822   0.062
   2 A N     H      600.00   3.524   3.473   0.085
   2 A N     H      800.00   5.145   5.128   0.087
   3 A N     H      500.00   2.629   2.729   0.062
   3 A N     H      600.00   3.296   3.338   0.061
   3 A N     H      800.00   4.973   4.882   0.127
   4 A N     H      500.00   2.738   2.754   0.069
   4 A N     H      600.00   3.433   3.374   0.053
   4 A N     H      800.00   5.018   4.948   0.191
   5 A N     H      500.00   2.748   2.722   0.085
   5 A N     H      600.00   3.461   3.328   0.099
   5 A N     H      800.00   4.981   4.864   0.125
   6 A N     H      500.00   2.786   2.764   0.044
   6 A N     H      600.00   3.358   3.388   0.059
   6 A N     H      800.00   4.919   4.973   0.153
   7 A N     H      500.00   2.685   2.721   0.060
   7 A N     H      600.00   3.291   3.326   0.084
   7 A N     H      800.00   5.019   4.861   0.163
   8 A N     H      500.00   2.710   2.791   0.041
   8 A N     H      600.00   3.410   3.427   0.057
   8 A N     H      800.00   5.163   5.045   0.172
   9 A N     H      500.00   2.780   2.745   0.016
   9 A N     H      600.00   3.381   3.361   0.051
   9 A N     H      800.00   4.958   4.924   0.032
  10 A N     H      500.00   2.569   2.744   0.016
  10 A N     H      600.00   3.433   3.359   0.043
  10 A N     H      800.00   4.800   4.921   0.025
  11 A N     H      500.00   2.907   2.864   0.014
  11 A N     H      600.00   3.577   3.534   0.051
  11 A N     H      800.00   4.931   5.237   0.016
  12 A N     H      500.00   2.801   2.729   0.015
  12 A N     H      600.00   3.172   3.338   0.037
  12 A N     H      800.00   3.865   4.883   0.011
  13 A N     H      500.00   2.749   2.786   0.040
  13 A N     H      600.00   3.505   3.421   0.056
  13 A N     H      800.00   4.980   5.034   0.083
  14 A N     H      500.00   2.813   2.742   0.076
  14 A N     H      600.00   3.252   3.357   0.153
  14 A N     H      800.00   4.827   4.917   0.160
  16 A N     H      500.00   2.661   2.744   0.082
  16 A N     H      600.00   3.334   3.359   0.164
  16 A N     H      800.00   5.042   4.921   0.155
  17 A N     H      500.00   2.611   2.742   0.067
  17 A N     H      600.00   3.400   3.357   0.066
  17 A N     H      800.00   4.755   4.917   0.202
  18 A N     H      500.00   2.696   2.766   0.051
  18 A N     H      600.00   3.390   3.391   0.146
  18 A N     H      800.00   4.886   4.979   0.074
  19 A N     H      500.00   2.750   2.753   0.105
  19 A N     H      600.00   3.341   3.373   0.054
  19 A N     H      800.00   4.840   4.946   0.116
  20 A N     H      500.00   2.794   2.755   0.020
  20 A N     H      600.00   3.233   3.376   0.091
  20 A N     H      800.00   4.910   4.952   0.058
  21 A N     H      500.00   2.750   2.745   0.019
  21 A N     H      600.00   3.447   3.361   0.037
  21 A N     H      800.00   4.983   4.924   0.033
  22 A N     H      500.00   2.757   2.944   0.091
  22 A N     H      600.00   3.737   3.650   0.191
  22 A N     H      800.00   5.008   5.444   0.164
  23 A N     H      500.00   2.988   2.919   0.075
  23 A N     H      600.00   3.641   3.614   0.072
  23 A N     H      800.00   5.675   5.380   0.228
  24 A N     H      500.00   3.149   3.135   0.089
  24 A N     H      600.00   3.896   3.927   0.121
  24 A N     H      800.00   5.946   5.943   0.200
  26 A N     H      500.00   2.999   2.951   0.134
  26 A N     H      600.00   3.535   3.660   0.186
  26 A N     H      800.00   5.603   5.462   0.293
  28 A N     H      500.00   3.213   3.170   0.088
  28 A N     H      600.00   3.955   3.977   0.286
  28 A N     H      800.00   6.016   6.033   0.248
  29 A N     H      500.00   3.202   3.035   0.095
  29 A N     H      600.00   3.882   3.781   0.246
  29 A N     H      800.00   5.845   5.681   0.257
  30 A N     H      500.00   3.000   3.011   0.071
  30 A N     H      600.00   3.770   3.747   0.159
  30 A N     H      800.00   5.603   5.620   0.193
  31 A N     H      500.00   3.123   3.128   0.072
  31 A N     H      600.00   4.209   3.917   0.161
  31 A N     H      800.00   6.093   5.924   0.237
  32 A N     H      500.00   3.196   3.172   0.075
  32 A N     H      600.00   4.009   3.980   0.173
  32 A N     H      800.00   5.908   6.038   0.192
  33 A N     H      500.00   2.894   3.078   0.107
  33 A N     H      600.00   3.706   3.844   0.172
  33 A N     H      800.00   6.057   5.793   0.224
  34 A N     H      500.00   3.046   3.052   0.104
  34 A N     H      600.00   3.800   3.806   0.046
  34 A N     H      800.00   5.933   5.726   0.246
  36 A N     H      500.00   3.230   3.152   0.044
  36 A N     H      600.00   4.051   3.952   0.170
  36 A N     H      800.00   5.771   5.987   0.058
  37 A N     H      500.00   2.770   2.927   0.079
  37 A N     H      600.00   3.649   3.625   0.075
  37 A N     H      800.00   5.221   5.400   0.102
  38 A N     H      500.00   2.937   2.923   0.018
  38 A N     H      600.00   3.638   3.619   0.042
  38 A N     H      800.00   4.976   5.390   0.027
  39 A N     H      500.00   3.320   3.003   0.014
  39 A N     H      600.00   4.171   3.735   0.044
  39 A N     H      800.00   6.293   5.598   0.078
  40 A N     H      500.00   2.996   2.982   0.014
  40 A N     H      600.00   3.866   3.705   0.037
  40 A N     H      800.00   5.155   5.545   0.044
  41 A N     H      500.00   2.612   3.028   0.020
  41 A N     H      600.00   3.310   3.771   0.065
  41 A N     H      800.00   4.387   5.663   0.026
  42 A N     H      500.00   2.867   2.846   0.151
  42 A N     H      600.00   3.465   3.508   0.108
  42 A N     H      800.00   5.382   5.191   0.139
  43 A N     H      500.00   2.732   2.723   0.067
  43 A N     H      600.00   3.516   3.329   0.088
  43 A N     H      800.00   4.876   4.867   0.063
  44 A N     H      500.00   2.714   2.749   0.076
  44 A N     H      600.00   3.353   3.367   0.049
  44 A N     H      800.00   5.053   4.935   0.067
  45 A N     H      500.00   2.771   2.722   0.097
  45 A N     H      600.00   3.302   3.327   0.040
  45 A N     H      800.00   4.694   4.863   0.081
  46 A N     H      500.00   2.686   2.748   0.056
  46 A N     H      600.00   3.191   3.365   0.098
  46 A N     H      800.00   4.970   4.933   0.165
  47 A N     H      500.00   2.827   2.729   0.013
  47 A N     H      600.00   3.344   3.338   0.036
  47 A N     H      800.00   4.483   4.882   0.023
  48 A N     H      500.00   2.752   2.891   0.044
  48 A N     H      600.00   3.589   3.573   0.030
  48 A N     H      800.00   5.256   5.307   0.026
  49 A N     H      500.00   2.968   2.863   0.016
  49 A N     H      600.00   3.479   3.533   0.048
  49 A N     H      800.00   3.474   5.235   0.109
  50 A N     H      500.00   2.460   2.761   0.014
  50 A N     H      600.00   3.354   3.384   0.047
  50 A N     H      800.00   4.470   4.967   0.040
  51 A N     H      500.00   2.656   2.740   0.070
  51 A N     H      600.00   3.329   3.354   0.077
  51 A N     H      800.00   4.989   4.911   0.105
  52 A N     H      500.00   2.705   2.721   0.077
  52 A N     H      600.00   3.490   3.326   0.184
  52 A N     H      800.00   4.832   4.861   0.308
  53 A N     H      500.00   2.816   2.751   0.075
  53 A N     H      600.00   3.380   3.370   0.081
  53 A N     H      800.00   4.935   4.940   0.183
  54 A N     H      500.00   2.741   2.729   0.070
  54 A N     H      600.00   3.381   3.337   0.051
  54 A N     H      800.00   4.741   4.882   0.086
  55 A N     H      500.00   2.807   2.788   0.087
  55 A N     H      600.00   3.402   3.424   0.116
  55 A N     H      800.00   5.045   5.038   0.069
  56 A N     H      500.00   2.880   2.725   0.014
  56 A N     H      600.00   3.539   3.332   0.038
  56 A N     H      800.00   3.796   4.872   0.102


====Full Rotdif Results: Anisotropic Solution====
<residue><chain><atom1><atom2><freq><rho_exp><rho_pred><rho_error>
   2 A N     H      500.00   2.785   2.839   0.062
   2 A N     H      600.00   3.524   3.497   0.085
   2 A N     H      800.00   5.145   5.170   0.087
   3 A N     H      500.00   2.629   2.715   0.062
   3 A N     H      600.00   3.296   3.318   0.061
   3 A N     H      800.00   4.973   4.850   0.127
   4 A N     H      500.00   2.738   2.734   0.069
   4 A N     H      600.00   3.433   3.346   0.053
   4 A N     H      800.00   5.018   4.902   0.191
   5 A N     H      500.00   2.748   2.716   0.085
   5 A N     H      600.00   3.461   3.319   0.099
   5 A N     H      800.00   4.981   4.851   0.125
   6 A N     H      500.00   2.786   2.763   0.044
   6 A N     H      600.00   3.358   3.387   0.059
   6 A N     H      800.00   4.919   4.974   0.153
   7 A N     H      500.00   2.685   2.739   0.060
   7 A N     H      600.00   3.291   3.352   0.084
   7 A N     H      800.00   5.019   4.909   0.163
   8 A N     H      500.00   2.710   2.812   0.041
   8 A N     H      600.00   3.410   3.458   0.057
   8 A N     H      800.00   5.163   5.098   0.172
   9 A N     H      500.00   2.780   2.749   0.016
   9 A N     H      600.00   3.381   3.368   0.051
   9 A N     H      800.00   4.958   4.938   0.032
  10 A N     H      500.00   2.569   2.776   0.016
  10 A N     H      600.00   3.433   3.406   0.043
  10 A N     H      800.00   4.800   5.004   0.025
  11 A N     H      500.00   2.907   2.883   0.014
  11 A N     H      600.00   3.577   3.561   0.051
  11 A N     H      800.00   4.931   5.285   0.016
  12 A N     H      500.00   2.801   2.744   0.015
  12 A N     H      600.00   3.172   3.360   0.037
  12 A N     H      800.00   3.865   4.923   0.011
  13 A N     H      500.00   2.749   2.783   0.040
  13 A N     H      600.00   3.505   3.417   0.056
  13 A N     H      800.00   4.980   5.027   0.083
  14 A N     H      500.00   2.813   2.739   0.076
  14 A N     H      600.00   3.252   3.353   0.153
  14 A N     H      800.00   4.827   4.913   0.160
  16 A N     H      500.00   2.661   2.731   0.082
  16 A N     H      600.00   3.334   3.341   0.164
  16 A N     H      800.00   5.042   4.893   0.155
  17 A N     H      500.00   2.611   2.721   0.067
  17 A N     H      600.00   3.400   3.328   0.066
  17 A N     H      800.00   4.755   4.869   0.202
  18 A N     H      500.00   2.696   2.751   0.051
  18 A N     H      600.00   3.390   3.370   0.146
  18 A N     H      800.00   4.886   4.945   0.074
  19 A N     H      500.00   2.750   2.738   0.105
  19 A N     H      600.00   3.341   3.352   0.054
  19 A N     H      800.00   4.840   4.911   0.116
  20 A N     H      500.00   2.794   2.769   0.020
  20 A N     H      600.00   3.233   3.395   0.091
  20 A N     H      800.00   4.910   4.988   0.058
  21 A N     H      500.00   2.750   2.754   0.019
  21 A N     H      600.00   3.447   3.374   0.037
  21 A N     H      800.00   4.983   4.950   0.033
  22 A N     H      500.00   2.757   2.927   0.091
  22 A N     H      600.00   3.738   3.626   0.191
  22 A N     H      800.00   5.008   5.404   0.164
  23 A N     H      500.00   2.988   2.899   0.075
  23 A N     H      600.00   3.641   3.585   0.072
  23 A N     H      800.00   5.675   5.331   0.228
  24 A N     H      500.00   3.149   3.115   0.089
  24 A N     H      600.00   3.896   3.898   0.121
  24 A N     H      800.00   5.946   5.892   0.200
  26 A N     H      500.00   2.999   2.933   0.134
  26 A N     H      600.00   3.535   3.634   0.186
  26 A N     H      800.00   5.603   5.418   0.293
  28 A N     H      500.00   3.213   3.150   0.088
  28 A N     H      600.00   3.955   3.949   0.286
  28 A N     H      800.00   6.016   5.982   0.248
  29 A N     H      500.00   3.202   3.023   0.095
  29 A N     H      600.00   3.882   3.765   0.246
  29 A N     H      800.00   5.845   5.653   0.257
  30 A N     H      500.00   3.000   2.991   0.071
  30 A N     H      600.00   3.770   3.719   0.159
  30 A N     H      800.00   5.603   5.570   0.193
  31 A N     H      500.00   3.123   3.110   0.072
  31 A N     H      600.00   4.209   3.891   0.161
  31 A N     H      800.00   6.093   5.878   0.237
  32 A N     H      500.00   3.196   3.154   0.075
  32 A N     H      600.00   4.009   3.955   0.173
  32 A N     H      800.00   5.908   5.994   0.192
  33 A N     H      500.00   2.894   3.060   0.107
  33 A N     H      600.00   3.706   3.819   0.172
  33 A N     H      800.00   6.057   5.749   0.224
  34 A N     H      500.00   3.046   3.032   0.104
  34 A N     H      600.00   3.800   3.778   0.046
  34 A N     H      800.00   5.933   5.677   0.246
  36 A N     H      500.00   3.230   3.134   0.044
  36 A N     H      600.00   4.051   3.926   0.170
  36 A N     H      800.00   5.771   5.941   0.058
  37 A N     H      500.00   2.770   2.906   0.079
  37 A N     H      600.00   3.649   3.596   0.075
  37 A N     H      800.00   5.221   5.350   0.102
  38 A N     H      500.00   2.937   2.930   0.018
  38 A N     H      600.00   3.638   3.630   0.042
  38 A N     H      800.00   4.976   5.409   0.027
  39 A N     H      500.00   3.320   2.983   0.014
  39 A N     H      600.00   4.171   3.707   0.044
  39 A N     H      800.00   6.293   5.549   0.078
  40 A N     H      500.00   2.996   2.986   0.014
  40 A N     H      600.00   3.866   3.710   0.037
  40 A N     H      800.00   5.155   5.553   0.044
  41 A N     H      500.00   2.612   3.008   0.020
  41 A N     H      600.00   3.310   3.744   0.065
  41 A N     H      800.00   4.387   5.615   0.026
  42 A N     H      500.00   2.867   2.866   0.151
  42 A N     H      600.00   3.465   3.537   0.108
  42 A N     H      800.00   5.382   5.241   0.139
  43 A N     H      500.00   2.732   2.755   0.067
  43 A N     H      600.00   3.516   3.375   0.088
  43 A N     H      800.00   4.876   4.949   0.063
  44 A N     H      500.00   2.714   2.750   0.076
  44 A N     H      600.00   3.353   3.369   0.049
  44 A N     H      800.00   5.053   4.941   0.067
  45 A N     H      500.00   2.771   2.709   0.097
  45 A N     H      600.00   3.302   3.310   0.040
  45 A N     H      800.00   4.694   4.835   0.081
  46 A N     H      500.00   2.686   2.734   0.056
  46 A N     H      600.00   3.191   3.346   0.098
  46 A N     H      800.00   4.970   4.901   0.165
  47 A N     H      500.00   2.827   2.726   0.013
  47 A N     H      600.00   3.344   3.334   0.036
  47 A N     H      800.00   4.483   4.879   0.023
  48 A N     H      500.00   2.752   2.876   0.044
  48 A N     H      600.00   3.589   3.552   0.030
  48 A N     H      800.00   5.256   5.271   0.026
  49 A N     H      500.00   2.968   2.874   0.016
  49 A N     H      600.00   3.479   3.548   0.048
  49 A N     H      800.00   3.474   5.262   0.109
  50 A N     H      500.00   2.460   2.749   0.014
  50 A N     H      600.00   3.354   3.368   0.047
  50 A N     H      800.00   4.470   4.940   0.040
  51 A N     H      500.00   2.656   2.719   0.070
  51 A N     H      600.00   3.329   3.325   0.077
  51 A N     H      800.00   4.989   4.863   0.105
  52 A N     H      500.00   2.705   2.708   0.077
  52 A N     H      600.00   3.490   3.308   0.184
  52 A N     H      800.00   4.832   4.833   0.308
  53 A N     H      500.00   2.816   2.757   0.075
  53 A N     H      600.00   3.380   3.378   0.081
  53 A N     H      800.00   4.935   4.957   0.183
  54 A N     H      500.00   2.741   2.747   0.070
  54 A N     H      600.00   3.381   3.363   0.051
  54 A N     H      800.00   4.741   4.929   0.086
  55 A N     H      500.00   2.807   2.802   0.087
  55 A N     H      600.00   3.402   3.444   0.116
  55 A N     H      800.00   5.045   5.075   0.069
  56 A N     H      500.00   2.880   2.750   0.014
  56 A N     H      600.00   3.539   3.368   0.038
  56 A N     H      800.00   3.796   4.937   0.102

Saving anisotropic tensor axes, if computed, to "/opt/genapp/rotdif/output/html5/results/users/fushman/Run_run_XX/out_ani.py" and
	axially symmetric tensor, if computed, axes to "/opt/genapp/rotdif/output/html5/results/users/fushman/Run_run_XX/out_axial.py"...done.
