Options:
temp = 298.0
robust = false
relax = input_600.txt
elm = false
axes = true
axesl = 5.0
pdb = 1nfk.pdb
out = out
help = false
nostat = false
nodynamics = true
nogui = true
model = 1
wr = 1.4
dock = false
sr = 2.2

Extracting experimental data....done.
Parsing pdb file....done.
TEST: Computing results....
 Percent 10.3%

 Percent 20.5%

 Percent 30.7%

 Percent 40.8%

 Percent 51.0%

 Percent 61.2%

 Percent 71.4%

 Percent 81.6%

 Percent 91.7%
done.
=====ROBUST REGRESSION: Off=====

=====ORIENTATION SAMPLING=====
Number of rigid bonds = 73
Sampling Param Xi = 0.045 Vectors are uniformly distributed.
Sampling Tensor Components = [0.166, 0.030, -0.197].

=====ISOTROPIC MODEL=====
Diso = 1.04 +/- 0.00 *(10^7) 1/s
TAUc = 16.04 +/- 0.08 ns
Q = 1.242  chi^2 = 4525.571  chi^2/df = 62.855 (Rigid Only)
Akaike Information Criterion (AIC): Value = 4527.571

=====AXIALLY-SYMMETRIC MODEL (PROLATE)=====
D_perp = 0.79 +/- 0.01 *(10^7) 1/s
D_parallel = 1.54 +/- 0.02 *(10^7) 1/s
alpha = 84 +/- 4  deg
beta = 167 +/- 1  deg
Orientational Uncertainty = 4 deg
TAUc = 16.05 +/- 0.07 ns
anisotropy = 1.96 +/- 0.04
Q = 1.162  R = -0.023  chi^2 = 2815.765  chi^2/df = 40.808 (Rigid Only)
Inertia Tensor Unique Axis Difference = 56 deg
ELM Predicted Tensor Unique Axis Difference = 55 deg
F-test (0.05): Axially-Symmetric model better than Isotropic? true, P = 3.27e-07, F = 13.97
Akaike Information Criterion (AIC): Value = 2823.765,
   =>Axially-Symmetric model better than Isotropic? true

==Axially-Symmetric Diffusion Tensor==
    [  0.787   0.004  -0.019]     [  0.007   0.003   0.012]
D = [  0.004   0.824  -0.165] +/- [  0.003   0.010   0.013] *(10^7) 1/s
    [ -0.019  -0.165   1.504]     [  0.012   0.013   0.023]

==Axially-Symmetric Diffusion Tensor Sorted Eigendecomposition==
    [  -0.994     0.110     0.025][   0.786     0.000     0.000][  -0.994     0.113    -0.000]
D = [   0.113     0.968     0.224][   0.000     0.786     0.000][   0.110     0.968     0.225] *(10^7) 1/s
    [   0.000     0.225    -0.974][   0.000     0.000     1.542][   0.025     0.224    -0.974]

=====FULLY ANISOTROPIC MODEL=====
Dx = 0.67 +/- 0.02 *(10^7) 1/s
Dy = 0.91 +/- 0.02 *(10^7) 1/s
Dz = 1.54 +/- 0.02 *(10^7) 1/s
alpha = 88 +/- 4  deg
beta = 167 +/- 1  deg
gamma = 138 +/- 5 deg
Orientational Uncertainty = 4 deg
TAUc = 16.02 +/- 0.07 ns
anisotropy = 1.95 +/- 0.04
rhombicity = 0.46 +/- 0.09
Q = 1.127  R = 0.042  chi^2 = 2787.403  chi^2/df = 41.603 (Rigid Only)
Axially-Symmetric Tensor Primary Axis Difference = 1 deg
Inertia Tensor Primary Axis Difference = 56 deg
Inertia Tensor Orientational Difference = 91 deg
ELM Predicted Tensor Primary Axis Difference = 56 deg
ELM Predicted Tensor Orientational Difference = 90 deg
F-test (0.05): Anisotropic model better than Isotropic? true, P = 3.49e-06, F = 8.36
F-test (0.05): Anisotropic model better than Axially-Symmetric? false, P = 7.12e-01, F = 0.34
Akaike Information Criterion (AIC): Value = 2799.403,
   =>Anisotropic model better than Isotropic? true
   =>Anisotropic model better than Axially-Symmteric? true

==Anistropic Diffusion Tensor==
    [  0.810   0.112   0.022]     [  0.015   0.022   0.014]
D = [  0.112   0.810  -0.174] +/- [  0.022   0.016   0.013] *(10^7) 1/s
    [  0.022  -0.174   1.500]     [  0.014   0.013   0.022]

==Anistropic Diffusion Tensor Sorted Eigendecomposition==
    [  -0.641     0.767     0.007][   0.673     0.000     0.000][  -0.641     0.747     0.174]
D = [   0.747     0.622     0.232][   0.000     0.905     0.000][   0.767     0.622     0.154] *(10^7) 1/s
    [   0.174     0.154    -0.973][   0.000     0.000     1.542][   0.007     0.232    -0.973]

====Full Rotdif Results: Isotropic Solution====
<residue><chain><atom1><atom2><freq><rho_exp><rho_pred><rho_error>
 248 A N     H      600.00  43.466  51.422   1.416
 249 A N     H      600.00  63.341  51.422   3.399
 250 A N     H      600.00  85.718  51.422   9.568
 252 A N     H      600.00  63.916  51.422   3.458
 254 A N     H      600.00  79.122  51.422   2.615
 256 A N     H      600.00  74.131  51.422   2.719
 257 A N     H      600.00  86.146  51.422   3.696
 258 A N     H      600.00  84.057  51.422   3.494
 260 A N     H      600.00  63.416  51.422   5.522
 261 A N     H      600.00  74.678  51.422   3.256
 262 A N     H      600.00  61.758  51.422   3.165
 263 A N     H      600.00  86.118  51.422   7.541
 264 A N     H      600.00  90.828  51.422   6.525
 265 A N     H      600.00  84.242  51.422   4.425
 266 A N     H      600.00  73.332  51.422   4.576
 268 A N     H      600.00  57.922  51.422   3.557
 269 A N     H      600.00  71.296  51.422   5.667
 270 A N     H      600.00  73.008  51.422   2.386
 271 A N     H      600.00  86.249  51.422   7.065
 272 A N     H      600.00  77.729  51.422   5.907
 276 A N     H      600.00  68.360  51.422   2.499
 278 A N     H      600.00  56.065  51.422   1.813
 279 A N     H      600.00  60.795  51.422   4.476
 280 A N     H      600.00  66.808  51.422   5.395
 282 A N     H      600.00  65.773  51.422   5.376
 283 A N     H      600.00  78.493  51.422   4.627
 284 A N     H      600.00  83.978  51.422   7.130
 285 A N     H      600.00  77.482  51.422   3.482
 288 A N     H      600.00  41.309  51.422   1.543
 289 A N     H      600.00  43.508  51.422   1.145
 290 A N     H      600.00  31.419  51.422   0.725
 291 A N     H      600.00  52.234  51.422   1.391
 292 A N     H      600.00  57.448  51.422   3.318
 293 A N     H      600.00  69.923  51.422   2.612
 294 A N     H      600.00  69.392  51.422   3.205
 295 A N     H      600.00  67.680  51.422   3.320
 296 A N     H      600.00  80.857  51.422  10.558
 297 A N     H      600.00  74.417  51.422   5.254
 299 A N     H      600.00  95.177  51.422   6.938
 301 A N     H      600.00  62.582  51.422   2.640
 302 A N     H      600.00  73.358  51.422   2.191
 303 A N     H      600.00  68.018  51.422   2.894
 306 A N     H      600.00  65.300  51.422   4.075
 308 A N     H      600.00  76.153  51.422   2.168
 309 A N     H      600.00  72.742  51.422   4.476
 310 A N     H      600.00  65.027  51.422   4.493
 311 A N     H      600.00  65.822  51.422   1.714
 312 A N     H      600.00  70.407  51.422   6.201
 313 A N     H      600.00  86.183  51.422   7.078
 315 A N     H      600.00  71.068  51.422   2.165
 316 A N     H      600.00  76.946  51.422   5.308
 319 A N     H      600.00  71.217  51.422   4.076
 320 A N     H      600.00  77.443  51.422   2.730
 321 A N     H      600.00  73.990  51.422   4.030
 322 A N     H      600.00  81.159  51.422   5.581
 323 A N     H      600.00  71.677  51.422   2.913
 325 A N     H      600.00  77.011  51.422   5.346
 326 A N     H      600.00  89.389  51.422   3.797
 327 A N     H      600.00 112.467  51.422   9.023
 328 A N     H      600.00  75.736  51.422   5.209
 329 A N     H      600.00  61.145  51.422   3.631
 333 A N     H      600.00  67.844  51.422   5.308
 334 A N     H      600.00  76.454  51.422   5.713
 335 A N     H      600.00  86.555  51.422   6.516
 336 A N     H      600.00  29.528  51.422   0.636
 338 A N     H      600.00  72.396  51.422   1.995
 339 A N     H      600.00  66.346  51.422   2.838
 340 A N     H      600.00  48.794  51.422   4.072
 343 A N     H      600.00  74.421  51.422   2.816
 345 A N     H      600.00  85.262  51.422   5.525
 346 A N     H      600.00  89.901  51.422   5.667
 348 A N     H      600.00  86.655  51.422   5.399
 350 A N     H      600.00  74.773  51.422   5.801


====Full Rotdif Results: Axially-Symmetric Solution====
<residue><chain><atom1><atom2><freq><rho_exp><rho_pred><rho_error>
 248 A N     H      600.00  43.466  43.658   1.416
 249 A N     H      600.00  63.340  81.642   3.399
 250 A N     H      600.00  85.718  69.640   9.568
 252 A N     H      600.00  63.916  66.961   3.458
 254 A N     H      600.00  79.122  68.401   2.615
 256 A N     H      600.00  74.131  48.013   2.719
 257 A N     H      600.00  86.146  66.156   3.696
 258 A N     H      600.00  84.057  55.571   3.494
 260 A N     H      600.00  63.416  56.900   5.522
 261 A N     H      600.00  74.678  49.740   3.256
 262 A N     H      600.00  61.758  50.963   3.165
 263 A N     H      600.00  86.118  69.058   7.541
 264 A N     H      600.00  90.828  62.858   6.525
 265 A N     H      600.00  84.242  47.780   4.425
 266 A N     H      600.00  73.332  51.386   4.576
 268 A N     H      600.00  57.922  73.118   3.557
 269 A N     H      600.00  71.296  68.603   5.667
 270 A N     H      600.00  73.008  82.761   2.386
 271 A N     H      600.00  86.249  48.265   7.065
 272 A N     H      600.00  77.729  49.837   5.907
 276 A N     H      600.00  68.360  43.619   2.499
 278 A N     H      600.00  56.065  64.558   1.813
 279 A N     H      600.00  60.795  76.057   4.476
 280 A N     H      600.00  66.808  77.316   5.395
 282 A N     H      600.00  65.773  77.256   5.376
 283 A N     H      600.00  78.493  52.060   4.627
 284 A N     H      600.00  83.978  52.250   7.130
 285 A N     H      600.00  77.482  44.927   3.482
 288 A N     H      600.00  41.309  53.641   1.543
 289 A N     H      600.00  43.508  43.885   1.145
 290 A N     H      600.00  31.419  43.714   0.725
 291 A N     H      600.00  52.234  45.733   1.391
 292 A N     H      600.00  57.448  74.668   3.318
 293 A N     H      600.00  69.923  52.893   2.612
 294 A N     H      600.00  69.392  56.760   3.205
 295 A N     H      600.00  67.680  56.609   3.320
 296 A N     H      600.00  80.857  63.152  10.558
 297 A N     H      600.00  74.417  46.395   5.254
 299 A N     H      600.00  95.177  43.422   6.938
 301 A N     H      600.00  62.582  51.765   2.640
 302 A N     H      600.00  73.358  43.345   2.191
 303 A N     H      600.00  68.018  57.241   2.894
 306 A N     H      600.00  65.300  65.557   4.075
 308 A N     H      600.00  76.153  64.720   2.168
 309 A N     H      600.00  72.742  72.016   4.476
 310 A N     H      600.00  65.027  67.062   4.493
 311 A N     H      600.00  65.822  70.616   1.714
 312 A N     H      600.00  70.407  48.124   6.201
 313 A N     H      600.00  86.183  43.601   7.078
 315 A N     H      600.00  71.068  62.865   2.165
 316 A N     H      600.00  76.946  44.135   5.308
 319 A N     H      600.00  71.217  71.002   4.076
 320 A N     H      600.00  77.443  43.329   2.730
 321 A N     H      600.00  73.990  58.331   4.030
 322 A N     H      600.00  81.159  46.020   5.581
 323 A N     H      600.00  71.677  43.843   2.913
 325 A N     H      600.00  77.011  79.840   5.346
 326 A N     H      600.00  89.389  64.855   3.797
 327 A N     H      600.00 112.467  43.705   9.023
 328 A N     H      600.00  75.736  48.808   5.209
 329 A N     H      600.00  61.145  64.949   3.631
 333 A N     H      600.00  67.844  79.843   5.308
 334 A N     H      600.00  76.454  51.184   5.713
 335 A N     H      600.00  86.555  45.581   6.516
 336 A N     H      600.00  29.528  43.317   0.636
 338 A N     H      600.00  72.396  66.018   1.995
 339 A N     H      600.00  66.346  69.837   2.838
 340 A N     H      600.00  48.794  60.160   4.072
 343 A N     H      600.00  74.421  61.691   2.816
 345 A N     H      600.00  85.262  44.151   5.525
 346 A N     H      600.00  89.901  63.576   5.667
 348 A N     H      600.00  86.655  75.990   5.399
 350 A N     H      600.00  74.773  43.423   5.801


====Full Rotdif Results: Anisotropic Solution====
<residue><chain><atom1><atom2><freq><rho_exp><rho_pred><rho_error>
 248 A N     H      600.00  43.466  45.306   1.416
 249 A N     H      600.00  63.340  82.318   3.399
 250 A N     H      600.00  85.718  71.958   9.568
 252 A N     H      600.00  63.916  66.867   3.458
 254 A N     H      600.00  79.122  66.506   2.615
 256 A N     H      600.00  74.131  47.290   2.719
 257 A N     H      600.00  86.146  68.439   3.696
 258 A N     H      600.00  84.057  59.016   3.494
 260 A N     H      600.00  63.416  53.738   5.522
 261 A N     H      600.00  74.678  45.361   3.256
 262 A N     H      600.00  61.758  46.592   3.165
 263 A N     H      600.00  86.118  70.821   7.541
 264 A N     H      600.00  90.828  64.083   6.525
 265 A N     H      600.00  84.242  43.396   4.425
 266 A N     H      600.00  73.332  50.128   4.576
 268 A N     H      600.00  57.922  73.096   3.557
 269 A N     H      600.00  71.296  66.895   5.667
 270 A N     H      600.00  73.008  83.392   2.386
 271 A N     H      600.00  86.249  53.019   7.065
 272 A N     H      600.00  77.729  53.802   5.907
 276 A N     H      600.00  68.360  42.236   2.499
 278 A N     H      600.00  56.065  66.272   1.813
 279 A N     H      600.00  60.795  73.590   4.476
 280 A N     H      600.00  66.808  75.037   5.395
 282 A N     H      600.00  65.773  79.251   5.376
 283 A N     H      600.00  78.493  56.089   4.627
 284 A N     H      600.00  83.978  54.114   7.130
 285 A N     H      600.00  77.482  49.063   3.482
 288 A N     H      600.00  41.309  51.450   1.543
 289 A N     H      600.00  43.508  42.931   1.145
 290 A N     H      600.00  31.419  43.742   0.725
 291 A N     H      600.00  52.234  40.954   1.391
 292 A N     H      600.00  57.448  75.404   3.318
 293 A N     H      600.00  69.923  53.536   2.612
 294 A N     H      600.00  69.392  59.833   3.205
 295 A N     H      600.00  67.680  56.829   3.320
 296 A N     H      600.00  80.857  59.607  10.558
 297 A N     H      600.00  74.417  42.557   5.254
 299 A N     H      600.00  95.177  44.825   6.938
 301 A N     H      600.00  62.582  55.865   2.640
 302 A N     H      600.00  73.358  47.037   2.191
 303 A N     H      600.00  68.018  58.075   2.894
 306 A N     H      600.00  65.300  67.683   4.075
 308 A N     H      600.00  76.153  63.295   2.168
 309 A N     H      600.00  72.742  70.749   4.476
 310 A N     H      600.00  65.027  65.244   4.493
 311 A N     H      600.00  65.822  71.070   1.714
 312 A N     H      600.00  70.407  46.538   6.201
 313 A N     H      600.00  86.183  43.244   7.078
 315 A N     H      600.00  71.068  62.063   2.165
 316 A N     H      600.00  76.946  41.759   5.308
 319 A N     H      600.00  71.217  71.483   4.076
 320 A N     H      600.00  77.443  48.350   2.730
 321 A N     H      600.00  73.990  53.967   4.030
 322 A N     H      600.00  81.159  47.799   5.581
 323 A N     H      600.00  71.677  39.210   2.913
 325 A N     H      600.00  77.011  77.355   5.346
 326 A N     H      600.00  89.389  67.361   3.797
 327 A N     H      600.00 112.467  47.238   9.023
 328 A N     H      600.00  75.736  52.638   5.209
 329 A N     H      600.00  61.145  68.672   3.631
 333 A N     H      600.00  67.844  77.447   5.308
 334 A N     H      600.00  76.454  53.070   5.713
 335 A N     H      600.00  86.555  49.473   6.516
 336 A N     H      600.00  29.528  43.723   0.636
 338 A N     H      600.00  72.396  65.621   1.995
 339 A N     H      600.00  66.346  66.042   2.838
 340 A N     H      600.00  48.794  58.533   4.072
 343 A N     H      600.00  74.421  65.754   2.816
 345 A N     H      600.00  85.262  46.626   5.525
 346 A N     H      600.00  89.901  66.175   5.667
 348 A N     H      600.00  86.655  77.383   5.399
 350 A N     H      600.00  74.773  47.844   5.801

=====ROBUST REGRESSION: Off=====

=====ORIENTATION SAMPLING=====
Number of rigid bonds = 73
Sampling Param Xi = 0.045 Vectors are uniformly distributed.
Sampling Tensor Components = [0.166, 0.030, -0.197].

=====ISOTROPIC MODEL=====
Diso = 1.04 +/- 0.00 *(10^7) 1/s
TAUc = 16.04 +/- 0.08 ns
Q = 1.242  chi^2 = 4525.571  chi^2/df = 62.855 (Rigid Only)
Akaike Information Criterion (AIC): Value = 4527.571

=====AXIALLY-SYMMETRIC MODEL (PROLATE)=====
D_perp = 0.79 +/- 0.01 *(10^7) 1/s
D_parallel = 1.54 +/- 0.02 *(10^7) 1/s
alpha = 84 +/- 4  deg
beta = 167 +/- 1  deg
Orientational Uncertainty = 4 deg
TAUc = 16.05 +/- 0.07 ns
anisotropy = 1.96 +/- 0.04
Q = 1.162  R = -0.023  chi^2 = 2815.765  chi^2/df = 40.808 (Rigid Only)
Inertia Tensor Unique Axis Difference = 56 deg
ELM Predicted Tensor Unique Axis Difference = 55 deg
F-test (0.05): Axially-Symmetric model better than Isotropic? true, P = 3.27e-07, F = 13.97
Akaike Information Criterion (AIC): Value = 2823.765,
   =>Axially-Symmetric model better than Isotropic? true

==Axially-Symmetric Diffusion Tensor==
    [  0.787   0.004  -0.019]     [  0.007   0.003   0.012]
D = [  0.004   0.824  -0.165] +/- [  0.003   0.010   0.013] *(10^7) 1/s
    [ -0.019  -0.165   1.504]     [  0.012   0.013   0.023]

==Axially-Symmetric Diffusion Tensor Sorted Eigendecomposition==
    [  -0.994     0.110     0.025][   0.786     0.000     0.000][  -0.994     0.113    -0.000]
D = [   0.113     0.968     0.224][   0.000     0.786     0.000][   0.110     0.968     0.225] *(10^7) 1/s
    [   0.000     0.225    -0.974][   0.000     0.000     1.542][   0.025     0.224    -0.974]

=====FULLY ANISOTROPIC MODEL=====
Dx = 0.67 +/- 0.02 *(10^7) 1/s
Dy = 0.91 +/- 0.02 *(10^7) 1/s
Dz = 1.54 +/- 0.02 *(10^7) 1/s
alpha = 88 +/- 4  deg
beta = 167 +/- 1  deg
gamma = 138 +/- 5 deg
Orientational Uncertainty = 4 deg
TAUc = 16.02 +/- 0.07 ns
anisotropy = 1.95 +/- 0.04
rhombicity = 0.46 +/- 0.09
Q = 1.127  R = 0.042  chi^2 = 2787.403  chi^2/df = 41.603 (Rigid Only)
Axially-Symmetric Tensor Primary Axis Difference = 1 deg
Inertia Tensor Primary Axis Difference = 56 deg
Inertia Tensor Orientational Difference = 91 deg
ELM Predicted Tensor Primary Axis Difference = 56 deg
ELM Predicted Tensor Orientational Difference = 90 deg
F-test (0.05): Anisotropic model better than Isotropic? true, P = 3.49e-06, F = 8.36
F-test (0.05): Anisotropic model better than Axially-Symmetric? false, P = 7.12e-01, F = 0.34
Akaike Information Criterion (AIC): Value = 2799.403,
   =>Anisotropic model better than Isotropic? true
   =>Anisotropic model better than Axially-Symmteric? true

==Anistropic Diffusion Tensor==
    [  0.810   0.112   0.022]     [  0.015   0.022   0.014]
D = [  0.112   0.810  -0.174] +/- [  0.022   0.016   0.013] *(10^7) 1/s
    [  0.022  -0.174   1.500]     [  0.014   0.013   0.022]

==Anistropic Diffusion Tensor Sorted Eigendecomposition==
    [  -0.641     0.767     0.007][   0.673     0.000     0.000][  -0.641     0.747     0.174]
D = [   0.747     0.622     0.232][   0.000     0.905     0.000][   0.767     0.622     0.154] *(10^7) 1/s
    [   0.174     0.154    -0.973][   0.000     0.000     1.542][   0.007     0.232    -0.973]

====Full Rotdif Results: Isotropic Solution====
<residue><chain><atom1><atom2><freq><rho_exp><rho_pred><rho_error>
 248 A N     H      600.00  43.466  51.422   1.416
 249 A N     H      600.00  63.341  51.422   3.399
 250 A N     H      600.00  85.718  51.422   9.568
 252 A N     H      600.00  63.916  51.422   3.458
 254 A N     H      600.00  79.122  51.422   2.615
 256 A N     H      600.00  74.131  51.422   2.719
 257 A N     H      600.00  86.146  51.422   3.696
 258 A N     H      600.00  84.057  51.422   3.494
 260 A N     H      600.00  63.416  51.422   5.522
 261 A N     H      600.00  74.678  51.422   3.256
 262 A N     H      600.00  61.758  51.422   3.165
 263 A N     H      600.00  86.118  51.422   7.541
 264 A N     H      600.00  90.828  51.422   6.525
 265 A N     H      600.00  84.242  51.422   4.425
 266 A N     H      600.00  73.332  51.422   4.576
 268 A N     H      600.00  57.922  51.422   3.557
 269 A N     H      600.00  71.296  51.422   5.667
 270 A N     H      600.00  73.008  51.422   2.386
 271 A N     H      600.00  86.249  51.422   7.065
 272 A N     H      600.00  77.729  51.422   5.907
 276 A N     H      600.00  68.360  51.422   2.499
 278 A N     H      600.00  56.065  51.422   1.813
 279 A N     H      600.00  60.795  51.422   4.476
 280 A N     H      600.00  66.808  51.422   5.395
 282 A N     H      600.00  65.773  51.422   5.376
 283 A N     H      600.00  78.493  51.422   4.627
 284 A N     H      600.00  83.978  51.422   7.130
 285 A N     H      600.00  77.482  51.422   3.482
 288 A N     H      600.00  41.309  51.422   1.543
 289 A N     H      600.00  43.508  51.422   1.145
 290 A N     H      600.00  31.419  51.422   0.725
 291 A N     H      600.00  52.234  51.422   1.391
 292 A N     H      600.00  57.448  51.422   3.318
 293 A N     H      600.00  69.923  51.422   2.612
 294 A N     H      600.00  69.392  51.422   3.205
 295 A N     H      600.00  67.680  51.422   3.320
 296 A N     H      600.00  80.857  51.422  10.558
 297 A N     H      600.00  74.417  51.422   5.254
 299 A N     H      600.00  95.177  51.422   6.938
 301 A N     H      600.00  62.582  51.422   2.640
 302 A N     H      600.00  73.358  51.422   2.191
 303 A N     H      600.00  68.018  51.422   2.894
 306 A N     H      600.00  65.300  51.422   4.075
 308 A N     H      600.00  76.153  51.422   2.168
 309 A N     H      600.00  72.742  51.422   4.476
 310 A N     H      600.00  65.027  51.422   4.493
 311 A N     H      600.00  65.822  51.422   1.714
 312 A N     H      600.00  70.407  51.422   6.201
 313 A N     H      600.00  86.183  51.422   7.078
 315 A N     H      600.00  71.068  51.422   2.165
 316 A N     H      600.00  76.946  51.422   5.308
 319 A N     H      600.00  71.217  51.422   4.076
 320 A N     H      600.00  77.443  51.422   2.730
 321 A N     H      600.00  73.990  51.422   4.030
 322 A N     H      600.00  81.159  51.422   5.581
 323 A N     H      600.00  71.677  51.422   2.913
 325 A N     H      600.00  77.011  51.422   5.346
 326 A N     H      600.00  89.389  51.422   3.797
 327 A N     H      600.00 112.467  51.422   9.023
 328 A N     H      600.00  75.736  51.422   5.209
 329 A N     H      600.00  61.145  51.422   3.631
 333 A N     H      600.00  67.844  51.422   5.308
 334 A N     H      600.00  76.454  51.422   5.713
 335 A N     H      600.00  86.555  51.422   6.516
 336 A N     H      600.00  29.528  51.422   0.636
 338 A N     H      600.00  72.396  51.422   1.995
 339 A N     H      600.00  66.346  51.422   2.838
 340 A N     H      600.00  48.794  51.422   4.072
 343 A N     H      600.00  74.421  51.422   2.816
 345 A N     H      600.00  85.262  51.422   5.525
 346 A N     H      600.00  89.901  51.422   5.667
 348 A N     H      600.00  86.655  51.422   5.399
 350 A N     H      600.00  74.773  51.422   5.801


====Full Rotdif Results: Axially-Symmetric Solution====
<residue><chain><atom1><atom2><freq><rho_exp><rho_pred><rho_error>
 248 A N     H      600.00  43.466  43.658   1.416
 249 A N     H      600.00  63.340  81.642   3.399
 250 A N     H      600.00  85.718  69.640   9.568
 252 A N     H      600.00  63.916  66.961   3.458
 254 A N     H      600.00  79.122  68.401   2.615
 256 A N     H      600.00  74.131  48.013   2.719
 257 A N     H      600.00  86.146  66.156   3.696
 258 A N     H      600.00  84.057  55.571   3.494
 260 A N     H      600.00  63.416  56.900   5.522
 261 A N     H      600.00  74.678  49.740   3.256
 262 A N     H      600.00  61.758  50.963   3.165
 263 A N     H      600.00  86.118  69.058   7.541
 264 A N     H      600.00  90.828  62.858   6.525
 265 A N     H      600.00  84.242  47.780   4.425
 266 A N     H      600.00  73.332  51.386   4.576
 268 A N     H      600.00  57.922  73.118   3.557
 269 A N     H      600.00  71.296  68.603   5.667
 270 A N     H      600.00  73.008  82.761   2.386
 271 A N     H      600.00  86.249  48.265   7.065
 272 A N     H      600.00  77.729  49.837   5.907
 276 A N     H      600.00  68.360  43.619   2.499
 278 A N     H      600.00  56.065  64.558   1.813
 279 A N     H      600.00  60.795  76.057   4.476
 280 A N     H      600.00  66.808  77.316   5.395
 282 A N     H      600.00  65.773  77.256   5.376
 283 A N     H      600.00  78.493  52.060   4.627
 284 A N     H      600.00  83.978  52.250   7.130
 285 A N     H      600.00  77.482  44.927   3.482
 288 A N     H      600.00  41.309  53.641   1.543
 289 A N     H      600.00  43.508  43.885   1.145
 290 A N     H      600.00  31.419  43.714   0.725
 291 A N     H      600.00  52.234  45.733   1.391
 292 A N     H      600.00  57.448  74.668   3.318
 293 A N     H      600.00  69.923  52.893   2.612
 294 A N     H      600.00  69.392  56.760   3.205
 295 A N     H      600.00  67.680  56.609   3.320
 296 A N     H      600.00  80.857  63.152  10.558
 297 A N     H      600.00  74.417  46.395   5.254
 299 A N     H      600.00  95.177  43.422   6.938
 301 A N     H      600.00  62.582  51.765   2.640
 302 A N     H      600.00  73.358  43.345   2.191
 303 A N     H      600.00  68.018  57.241   2.894
 306 A N     H      600.00  65.300  65.557   4.075
 308 A N     H      600.00  76.153  64.720   2.168
 309 A N     H      600.00  72.742  72.016   4.476
 310 A N     H      600.00  65.027  67.062   4.493
 311 A N     H      600.00  65.822  70.616   1.714
 312 A N     H      600.00  70.407  48.124   6.201
 313 A N     H      600.00  86.183  43.601   7.078
 315 A N     H      600.00  71.068  62.865   2.165
 316 A N     H      600.00  76.946  44.135   5.308
 319 A N     H      600.00  71.217  71.002   4.076
 320 A N     H      600.00  77.443  43.329   2.730
 321 A N     H      600.00  73.990  58.331   4.030
 322 A N     H      600.00  81.159  46.020   5.581
 323 A N     H      600.00  71.677  43.843   2.913
 325 A N     H      600.00  77.011  79.840   5.346
 326 A N     H      600.00  89.389  64.855   3.797
 327 A N     H      600.00 112.467  43.705   9.023
 328 A N     H      600.00  75.736  48.808   5.209
 329 A N     H      600.00  61.145  64.949   3.631
 333 A N     H      600.00  67.844  79.843   5.308
 334 A N     H      600.00  76.454  51.184   5.713
 335 A N     H      600.00  86.555  45.581   6.516
 336 A N     H      600.00  29.528  43.317   0.636
 338 A N     H      600.00  72.396  66.018   1.995
 339 A N     H      600.00  66.346  69.837   2.838
 340 A N     H      600.00  48.794  60.160   4.072
 343 A N     H      600.00  74.421  61.691   2.816
 345 A N     H      600.00  85.262  44.151   5.525
 346 A N     H      600.00  89.901  63.576   5.667
 348 A N     H      600.00  86.655  75.990   5.399
 350 A N     H      600.00  74.773  43.423   5.801


====Full Rotdif Results: Anisotropic Solution====
<residue><chain><atom1><atom2><freq><rho_exp><rho_pred><rho_error>
 248 A N     H      600.00  43.466  45.306   1.416
 249 A N     H      600.00  63.340  82.318   3.399
 250 A N     H      600.00  85.718  71.958   9.568
 252 A N     H      600.00  63.916  66.867   3.458
 254 A N     H      600.00  79.122  66.506   2.615
 256 A N     H      600.00  74.131  47.290   2.719
 257 A N     H      600.00  86.146  68.439   3.696
 258 A N     H      600.00  84.057  59.016   3.494
 260 A N     H      600.00  63.416  53.738   5.522
 261 A N     H      600.00  74.678  45.361   3.256
 262 A N     H      600.00  61.758  46.592   3.165
 263 A N     H      600.00  86.118  70.821   7.541
 264 A N     H      600.00  90.828  64.083   6.525
 265 A N     H      600.00  84.242  43.396   4.425
 266 A N     H      600.00  73.332  50.128   4.576
 268 A N     H      600.00  57.922  73.096   3.557
 269 A N     H      600.00  71.296  66.895   5.667
 270 A N     H      600.00  73.008  83.392   2.386
 271 A N     H      600.00  86.249  53.019   7.065
 272 A N     H      600.00  77.729  53.802   5.907
 276 A N     H      600.00  68.360  42.236   2.499
 278 A N     H      600.00  56.065  66.272   1.813
 279 A N     H      600.00  60.795  73.590   4.476
 280 A N     H      600.00  66.808  75.037   5.395
 282 A N     H      600.00  65.773  79.251   5.376
 283 A N     H      600.00  78.493  56.089   4.627
 284 A N     H      600.00  83.978  54.114   7.130
 285 A N     H      600.00  77.482  49.063   3.482
 288 A N     H      600.00  41.309  51.450   1.543
 289 A N     H      600.00  43.508  42.931   1.145
 290 A N     H      600.00  31.419  43.742   0.725
 291 A N     H      600.00  52.234  40.954   1.391
 292 A N     H      600.00  57.448  75.404   3.318
 293 A N     H      600.00  69.923  53.536   2.612
 294 A N     H      600.00  69.392  59.833   3.205
 295 A N     H      600.00  67.680  56.829   3.320
 296 A N     H      600.00  80.857  59.607  10.558
 297 A N     H      600.00  74.417  42.557   5.254
 299 A N     H      600.00  95.177  44.825   6.938
 301 A N     H      600.00  62.582  55.865   2.640
 302 A N     H      600.00  73.358  47.037   2.191
 303 A N     H      600.00  68.018  58.075   2.894
 306 A N     H      600.00  65.300  67.683   4.075
 308 A N     H      600.00  76.153  63.295   2.168
 309 A N     H      600.00  72.742  70.749   4.476
 310 A N     H      600.00  65.027  65.244   4.493
 311 A N     H      600.00  65.822  71.070   1.714
 312 A N     H      600.00  70.407  46.538   6.201
 313 A N     H      600.00  86.183  43.244   7.078
 315 A N     H      600.00  71.068  62.063   2.165
 316 A N     H      600.00  76.946  41.759   5.308
 319 A N     H      600.00  71.217  71.483   4.076
 320 A N     H      600.00  77.443  48.350   2.730
 321 A N     H      600.00  73.990  53.967   4.030
 322 A N     H      600.00  81.159  47.799   5.581
 323 A N     H      600.00  71.677  39.210   2.913
 325 A N     H      600.00  77.011  77.355   5.346
 326 A N     H      600.00  89.389  67.361   3.797
 327 A N     H      600.00 112.467  47.238   9.023
 328 A N     H      600.00  75.736  52.638   5.209
 329 A N     H      600.00  61.145  68.672   3.631
 333 A N     H      600.00  67.844  77.447   5.308
 334 A N     H      600.00  76.454  53.070   5.713
 335 A N     H      600.00  86.555  49.473   6.516
 336 A N     H      600.00  29.528  43.723   0.636
 338 A N     H      600.00  72.396  65.621   1.995
 339 A N     H      600.00  66.346  66.042   2.838
 340 A N     H      600.00  48.794  58.533   4.072
 343 A N     H      600.00  74.421  65.754   2.816
 345 A N     H      600.00  85.262  46.626   5.525
 346 A N     H      600.00  89.901  66.175   5.667
 348 A N     H      600.00  86.655  77.383   5.399
 350 A N     H      600.00  74.773  47.844   5.801

Saving anisotropic tensor axes, if computed, to "/opt/genapp/rotdif/output/html5/results/users/manish123/p50ddhetero/ROTDIF_p50het_600/out_ani.py" and
	axially symmetric tensor, if computed, axes to "/opt/genapp/rotdif/output/html5/results/users/manish123/p50ddhetero/ROTDIF_p50het_600/out_axial.py"...done.
