Options:
temp = 298.0
robust = false
relax = GB3_600_MHz.txt
elm = false
axes = true
axesl = 5.0
pdb = 1P7F.pdb
out = out
help = false
nostat = false
nodynamics = false
nogui = true
model = 1
wr = 1.4
dock = false
sr = 2.2

Extracting experimental data....done.
Parsing pdb file....done.
TEST: Computing results....
 Percent 10.3%

 Percent 20.5%

 Percent 30.7%

 Percent 40.8%

 Percent 51.0%

 Percent 61.2%

 Percent 71.4%

 Percent 81.6%

 Percent 91.7%
done.
=====ROBUST REGRESSION: Off=====

=====ORIENTATION SAMPLING=====
Number of rigid bonds = 44
Sampling Param Xi = 0.156 Vectors are uniformly distributed.
Sampling Tensor Components = [0.393, -0.169, -0.225].

=====ISOTROPIC MODEL=====
Diso = 5.01 +/- 0.01 *(10^7) 1/s
TAUc = 3.33 +/- 0.01 ns
Q = 0.720  chi^2 = 373.294  chi^2/df = 8.681 (Rigid Only)
Akaike Information Criterion (AIC): Value = 375.294

=====AXIALLY-SYMMETRIC MODEL (PROLATE)=====
D_perp = 4.45 +/- 0.04 *(10^7) 1/s
D_parallel = 6.06 +/- 0.07 *(10^7) 1/s
alpha = 97 +/- 2  deg
beta = 63 +/- 2  deg
Orientational Uncertainty = 3 deg
TAUc = 3.34 +/- 0.01 ns
anisotropy = 1.36 +/- 0.03
Q = 0.242  R = 0.940  chi^2 = 39.541  chi^2/df = 0.989 (Rigid Only)
Inertia Tensor Unique Axis Difference = 8 deg
ELM Predicted Tensor Unique Axis Difference = 7 deg
F-test (0.05): Axially-Symmetric model better than Isotropic? true, P = 1.54e-19, F = 112.54
Akaike Information Criterion (AIC): Value = 47.541,
   =>Axially-Symmetric model better than Isotropic? true

==Axially-Symmetric Diffusion Tensor==
    [  4.471  -0.154  -0.079]     [  0.037   0.040   0.020]
D = [ -0.154   5.711   0.643] +/- [  0.040   0.081   0.044] *(10^7) 1/s
    [ -0.079   0.643   4.780]     [  0.020   0.044   0.062]

==Axially-Symmetric Diffusion Tensor Sorted Eigendecomposition==
    [  -0.993     0.055    -0.109][   4.452     0.000     0.000][  -0.993    -0.122    -0.000]
D = [  -0.122    -0.449     0.885][   0.000     4.452     0.000][   0.055    -0.449     0.892] *(10^7) 1/s
    [  -0.000     0.892     0.452][   0.000     0.000     6.058][  -0.109     0.885     0.452]

=====FULLY ANISOTROPIC MODEL=====
Dx = 4.36 +/- 0.06 *(10^7) 1/s
Dy = 4.53 +/- 0.06 *(10^7) 1/s
Dz = 6.02 +/- 0.08 *(10^7) 1/s
alpha = 97 +/- 2  deg
beta = 66 +/- 3  deg
gamma = 87 +/- 23 deg
Orientational Uncertainty = 23 deg
TAUc = 3.35 +/- 0.01 ns
anisotropy = 1.35 +/- 0.03
rhombicity = 0.16 +/- 0.08
Q = 0.242  R = 0.940  chi^2 = 35.901  chi^2/df = 0.945 (Rigid Only)
Axially-Symmetric Tensor Primary Axis Difference = 3 deg
Inertia Tensor Primary Axis Difference = 6 deg
Inertia Tensor Orientational Difference = 27 deg
ELM Predicted Tensor Primary Axis Difference = 4 deg
ELM Predicted Tensor Orientational Difference = 18 deg
F-test (0.05): Anisotropic model better than Isotropic? true, P = 2.83e-18, F = 71.42
F-test (0.05): Anisotropic model better than Axially-Symmetric? false, P = 1.60e-01, F = 1.93
Akaike Information Criterion (AIC): Value = 47.901,
   =>Anisotropic model better than Isotropic? true
   =>Anisotropic model better than Axially-Symmteric? false

==Anistropic Diffusion Tensor==
    [  4.380  -0.162  -0.076]     [  0.068   0.042   0.046]
D = [ -0.162   5.751   0.555] +/- [  0.042   0.094   0.071] *(10^7) 1/s
    [ -0.076   0.555   4.784]     [  0.046   0.071   0.063]

==Anistropic Diffusion Tensor Sorted Eigendecomposition==
    [  -0.994    -0.012    -0.108][   4.360     0.000     0.000][  -0.994    -0.094    -0.055]
D = [  -0.094    -0.415     0.905][   0.000     4.531     0.000][  -0.012    -0.415     0.910] *(10^7) 1/s
    [  -0.055     0.910     0.412][   0.000     0.000     6.023][  -0.108     0.905     0.412]

====Potential Rigid Bonds with High Rex (>10% of R2) or Low S2 (<0.75) ====
<residue><chain><atom1><atom2><CSA><Radius><Rex><S2>
  14 A N H 160.00 1.02 0.00 0.73
  44 A N H 160.00 1.02 0.00 0.87
  45 A N H 160.00 1.02 0.00 0.82

====Full Rotdif Results: Isotropic Solution====
<residue><chain><atom1><atom2><freq><rho_exp><rho_pred><rho_error>
   2 A N     H      600.00   3.524   3.487   0.085
   3 A N     H      600.00   3.296   3.487   0.061
   4 A N     H      600.00   3.433   3.487   0.053
   5 A N     H      600.00   3.461   3.487   0.099
   6 A N     H      600.00   3.358   3.487   0.059
   7 A N     H      600.00   3.291   3.487   0.084
   8 A N     H      600.00   3.410   3.487   0.057
   9 A N     H      600.00   3.381   3.487   0.051
  10 A N     H      600.00   3.433   3.487   0.043
  11 A N     H      600.00   3.577   3.487   0.051
  12 A N     H      600.00   3.172   3.487   0.037
  13 A N     H      600.00   3.505   3.487   0.056
  14 A N     H      600.00   3.252   3.487   0.153
  16 A N     H      600.00   3.334   3.487   0.164
  17 A N     H      600.00   3.400   3.487   0.066
  18 A N     H      600.00   3.390   3.487   0.146
  19 A N     H      600.00   3.341   3.487   0.054
  20 A N     H      600.00   3.233   3.487   0.091
  21 A N     H      600.00   3.447   3.487   0.037
  22 A N     H      600.00   3.738   3.487   0.191
  23 A N     H      600.00   3.641   3.487   0.072
  24 A N     H      600.00   3.896   3.487   0.121
  26 A N     H      600.00   3.535   3.487   0.186
  28 A N     H      600.00   3.955   3.487   0.286
  29 A N     H      600.00   3.882   3.487   0.246
  30 A N     H      600.00   3.770   3.487   0.159
  31 A N     H      600.00   4.209   3.487   0.161
  32 A N     H      600.00   4.009   3.487   0.173
  33 A N     H      600.00   3.706   3.487   0.172
  34 A N     H      600.00   3.800   3.487   0.046
  36 A N     H      600.00   4.051   3.487   0.170
  37 A N     H      600.00   3.649   3.487   0.075
  38 A N     H      600.00   3.638   3.487   0.042
  39 A N     H      600.00   4.171   3.487   0.044
  40 A N     H      600.00   3.866   3.487   0.037
  41 A N     H      600.00   3.310   3.487   0.065
  42 A N     H      600.00   3.465   3.487   0.108
  43 A N     H      600.00   3.516   3.487   0.088
  44 A N     H      600.00   3.353   3.487   0.049
  45 A N     H      600.00   3.302   3.487   0.040
  46 A N     H      600.00   3.191   3.487   0.098
  47 A N     H      600.00   3.344   3.487   0.036
  48 A N     H      600.00   3.589   3.487   0.030
  49 A N     H      600.00   3.479   3.487   0.048
  50 A N     H      600.00   3.354   3.487   0.047
  51 A N     H      600.00   3.329   3.487   0.077
  52 A N     H      600.00   3.490   3.487   0.184
  53 A N     H      600.00   3.380   3.487   0.081
  54 A N     H      600.00   3.381   3.487   0.051
  55 A N     H      600.00   3.402   3.487   0.116
  56 A N     H      600.00   3.539   3.487   0.038


====Full Rotdif Results: Axially-Symmetric Solution====
<residue><chain><atom1><atom2><freq><rho_exp><rho_pred><rho_error>
   2 A N     H      600.00   3.524   3.436   0.085
   3 A N     H      600.00   3.296   3.335   0.061
   4 A N     H      600.00   3.433   3.372   0.053
   5 A N     H      600.00   3.461   3.334   0.099
   6 A N     H      600.00   3.358   3.401   0.059
   7 A N     H      600.00   3.291   3.333   0.084
   8 A N     H      600.00   3.410   3.459   0.057
   9 A N     H      600.00   3.381   3.358   0.051
  10 A N     H      600.00   3.433   3.375   0.043
  11 A N     H      600.00   3.577   3.571   0.051
  12 A N     H      600.00   3.172   2.904   0.037
  13 A N     H      600.00   3.505   3.423   0.056
  14 A N     H      600.00   3.252   3.355   0.153
  16 A N     H      600.00   3.334   3.363   0.164
  17 A N     H      600.00   3.400   3.353   0.066
  18 A N     H      600.00   3.390   3.382   0.146
  19 A N     H      600.00   3.341   3.365   0.054
  20 A N     H      600.00   3.233   3.361   0.091
  21 A N     H      600.00   3.447   3.346   0.037
  22 A N     H      600.00   3.738   3.633   0.191
  23 A N     H      600.00   3.641   3.615   0.072
  24 A N     H      600.00   3.896   3.961   0.121
  26 A N     H      600.00   3.535   3.656   0.186
  28 A N     H      600.00   3.955   4.015   0.286
  29 A N     H      600.00   3.882   3.774   0.246
  30 A N     H      600.00   3.770   3.758   0.159
  31 A N     H      600.00   4.209   3.972   0.161
  32 A N     H      600.00   4.009   4.010   0.173
  33 A N     H      600.00   3.706   3.852   0.172
  34 A N     H      600.00   3.800   3.835   0.046
  36 A N     H      600.00   4.051   3.976   0.170
  37 A N     H      600.00   3.649   3.630   0.075
  38 A N     H      600.00   3.638   3.694   0.042
  39 A N     H      600.00   4.171   3.793   0.044
  40 A N     H      600.00   3.866   3.754   0.037
  41 A N     H      600.00   3.310   2.957   0.065
  42 A N     H      600.00   3.465   3.568   0.108
  43 A N     H      600.00   3.516   3.345   0.088
  44 A N     H      600.00   3.353   3.379   0.049
  45 A N     H      600.00   3.302   3.337   0.040
  46 A N     H      600.00   3.191   3.375   0.098
  47 A N     H      600.00   3.344   3.344   0.036
  48 A N     H      600.00   3.589   3.597   0.030
  49 A N     H      600.00   3.479   3.534   0.048
  50 A N     H      600.00   3.354   3.392   0.047
  51 A N     H      600.00   3.329   3.355   0.077
  52 A N     H      600.00   3.490   3.336   0.184
  53 A N     H      600.00   3.380   3.389   0.081
  54 A N     H      600.00   3.381   3.349   0.051
  55 A N     H      600.00   3.402   3.453   0.116
  56 A N     H      600.00   3.539   3.340   0.038


====Full Rotdif Results: Anisotropic Solution====
<residue><chain><atom1><atom2><freq><rho_exp><rho_pred><rho_error>
   2 A N     H      600.00   3.524   3.495   0.085
   3 A N     H      600.00   3.296   3.337   0.061
   4 A N     H      600.00   3.433   3.353   0.053
   5 A N     H      600.00   3.461   3.317   0.099
   6 A N     H      600.00   3.358   3.386   0.059
   7 A N     H      600.00   3.291   3.344   0.084
   8 A N     H      600.00   3.410   3.466   0.057
   9 A N     H      600.00   3.381   3.359   0.051
  10 A N     H      600.00   3.433   3.411   0.043
  11 A N     H      600.00   3.577   3.579   0.051
  12 A N     H      600.00   3.172   2.906   0.037
  13 A N     H      600.00   3.505   3.406   0.056
  14 A N     H      600.00   3.252   3.340   0.153
  16 A N     H      600.00   3.334   3.342   0.164
  17 A N     H      600.00   3.400   3.338   0.066
  18 A N     H      600.00   3.390   3.387   0.146
  19 A N     H      600.00   3.341   3.369   0.054
  20 A N     H      600.00   3.233   3.407   0.091
  21 A N     H      600.00   3.447   3.386   0.037
  22 A N     H      600.00   3.737   3.650   0.191
  23 A N     H      600.00   3.641   3.616   0.072
  24 A N     H      600.00   3.896   3.968   0.121
  26 A N     H      600.00   3.535   3.669   0.186
  28 A N     H      600.00   3.955   4.028   0.286
  29 A N     H      600.00   3.882   3.811   0.246
  30 A N     H      600.00   3.770   3.763   0.159
  31 A N     H      600.00   4.209   3.969   0.161
  32 A N     H      600.00   4.009   4.035   0.173
  33 A N     H      600.00   3.706   3.874   0.172
  34 A N     H      600.00   3.800   3.833   0.046
  36 A N     H      600.00   4.051   3.999   0.170
  37 A N     H      600.00   3.649   3.624   0.075
  38 A N     H      600.00   3.638   3.695   0.042
  39 A N     H      600.00   4.171   3.775   0.044
  40 A N     H      600.00   3.866   3.751   0.037
  41 A N     H      600.00   3.310   2.953   0.065
  42 A N     H      600.00   3.465   3.581   0.108
  43 A N     H      600.00   3.516   3.373   0.088
  44 A N     H      600.00   3.353   3.367   0.049
  45 A N     H      600.00   3.302   3.316   0.040
  46 A N     H      600.00   3.191   3.354   0.098
  47 A N     H      600.00   3.344   3.334   0.036
  48 A N     H      600.00   3.589   3.589   0.030
  49 A N     H      600.00   3.479   3.564   0.048
  50 A N     H      600.00   3.354   3.371   0.047
  51 A N     H      600.00   3.329   3.340   0.077
  52 A N     H      600.00   3.490   3.316   0.184
  53 A N     H      600.00   3.380   3.380   0.081
  54 A N     H      600.00   3.381   3.355   0.051
  55 A N     H      600.00   3.402   3.452   0.116
  56 A N     H      600.00   3.539   3.358   0.038

====Full Dynamics Results: Isotropic Solution====
<residue><chain><atom1><atom2><freq><csa><s2><s2_err><tau_loc><Rex><s2_fast><tau_fast><chi2>
   2 A N     H      600.00  160.00 0.839 0.006 6.19e-02  0.000 1.000 0.00e+00 4.91e-01
   3 A N     H      600.00  160.00 0.793 0.008 1.10e+00  0.000 0.844 0.00e+00 3.73e+00
   4 A N     H      600.00  160.00 0.855 0.005 3.06e-02  0.000 1.000 0.00e+00 6.90e-01
   5 A N     H      600.00  160.00 0.875 0.007 2.70e-02  0.000 1.000 0.00e+00 3.71e-02
   6 A N     H      600.00  160.00 0.833 0.008 1.10e+00  0.000 0.879 0.00e+00 1.28e+00
   7 A N     H      600.00  160.00 0.826 0.007 1.50e-02  0.000 1.000 0.00e+00 4.82e+00
   8 A N     H      600.00  160.00 0.848 0.005 2.60e-02  0.000 1.000 0.00e+00 1.43e+00
   9 A N     H      600.00  160.00 0.797 0.010 1.10e+00  0.000 0.869 0.00e+00 2.32e-03
  10 A N     H      600.00  160.00 0.799 0.004 4.48e-02  0.000 1.000 0.00e+00 6.01e-01
  11 A N     H      600.00  160.00 0.763 0.004 4.99e-02  0.000 1.000 0.00e+00 5.56e+00
  12 A N     H      600.00  160.00 0.589 0.004 1.10e+00  0.000 0.725 0.00e+00 3.77e+00
  13 A N     H      600.00  160.00 0.771 0.005 4.12e-02  0.000 1.000 0.00e+00 5.20e-01
  14 A N     H      600.00  160.00 0.725 0.013 2.84e-02  0.000 1.000 0.00e+00 1.84e+00
  16 A N     H      600.00  160.00 0.819 0.012 2.27e-02  0.000 1.000 0.00e+00 7.56e-01
  17 A N     H      600.00  160.00 0.796 0.004 2.07e-02  0.000 1.000 0.00e+00 1.34e+00
  18 A N     H      600.00  160.00 0.838 0.013 1.94e-02  0.000 1.000 0.00e+00 3.73e-01
  19 A N     H      600.00  160.00 0.748 0.005 1.10e+00  0.000 0.788 0.00e+00 2.38e+00
  20 A N     H      600.00  160.00 0.759 0.008 1.10e+00  0.000 0.809 0.00e+00 3.63e+00
  21 A N     H      600.00  160.00 0.826 0.003 3.36e-02  0.000 1.000 0.00e+00 5.12e-01
  22 A N     H      600.00  160.00 0.871 0.017 3.37e-02  0.000 1.000 0.00e+00 1.92e+00
  23 A N     H      600.00  160.00 0.868 0.010 0.00e+00  0.181 1.000 0.00e+00 4.25e+00
  24 A N     H      600.00  160.00 0.808 0.017 0.00e+00  0.433 1.000 0.00e+00 4.39e-02
  26 A N     H      600.00  160.00 0.888 0.018 0.00e+00  0.000 1.000 0.00e+00 1.76e-01
  28 A N     H      600.00  160.00 0.835 0.039 0.00e+00  0.515 1.000 0.00e+00 1.62e+00
  29 A N     H      600.00  160.00 0.857 0.021 0.00e+00  0.444 1.000 0.00e+00 3.40e-01
  30 A N     H      600.00  160.00 0.897 0.023 0.00e+00  0.335 1.000 0.00e+00 1.22e+00
  31 A N     H      600.00  160.00 0.855 0.023 0.00e+00  0.817 1.000 0.00e+00 8.15e+00
  32 A N     H      600.00  160.00 0.867 0.010 0.00e+00  0.598 1.000 0.00e+00 2.83e+00
  33 A N     H      600.00  160.00 0.921 0.016 0.00e+00  0.000 1.000 0.00e+00 2.57e+00
  34 A N     H      600.00  160.00 0.896 0.007 0.00e+00  0.370 1.000 0.00e+00 1.26e+00
  36 A N     H      600.00  160.00 0.838 0.020 0.00e+00  0.633 1.000 0.00e+00 3.03e+01
  37 A N     H      600.00  160.00 0.819 0.035 5.70e-03  0.176 1.000 0.00e+00 1.33e-14
  38 A N     H      600.00  160.00 0.840 0.032 1.04e-02  0.170 1.000 0.00e+00 6.25e-13
  39 A N     H      600.00  160.00 0.838 0.039 1.80e-02  0.759 1.000 0.00e+00 3.41e-14
  40 A N     H      600.00  160.00 0.751 0.003 5.15e-02  0.000 1.000 0.00e+00 1.36e+02
  41 A N     H      600.00  160.00 0.559 0.011 4.84e-01  0.000 0.715 0.00e+00 7.15e-16
  42 A N     H      600.00  160.00 0.839 0.007 1.22e-02  0.000 1.000 0.00e+00 2.78e-02
  43 A N     H      600.00  160.00 0.869 0.008 1.79e-02  0.000 1.000 0.00e+00 1.55e-01
  44 A N     H      600.00  160.00 0.838 0.006 1.10e+00  0.000 0.879 0.00e+00 2.61e+00
  45 A N     H      600.00  160.00 0.799 0.005 1.10e+00  0.000 0.816 0.00e+00 1.65e+01
  46 A N     H      600.00  160.00 0.840 0.009 8.55e-03  0.000 1.000 0.00e+00 8.41e+00
  47 A N     H      600.00  160.00 0.783 0.005 1.10e+00  0.000 0.816 0.00e+00 7.17e+00
  48 A N     H      600.00  160.00 0.777 0.051 1.34e-02  0.111 1.000 0.00e+00 1.03e-12
  49 A N     H      600.00  160.00 0.817 0.003 0.00e+00  0.000 1.000 0.00e+00 4.24e+00
  50 A N     H      600.00  160.00 0.842 0.005 1.10e+00  0.000 0.878 0.00e+00 3.14e+00
  51 A N     H      600.00  160.00 0.837 0.007 1.33e-02  0.000 1.000 0.00e+00 3.83e+00
  52 A N     H      600.00  160.00 0.877 0.014 0.00e+00  0.000 1.000 0.00e+00 5.05e-03
  53 A N     H      600.00  160.00 0.846 0.007 1.18e-02  0.000 1.000 0.00e+00 1.58e+00
  54 A N     H      600.00  160.00 0.855 0.008 1.10e+00  0.000 0.904 0.00e+00 6.25e-01
  55 A N     H      600.00  160.00 0.840 0.006 1.35e-02  0.000 1.000 0.00e+00 4.63e-01
  56 A N     H      600.00  160.00 0.861 0.003 3.79e-02  0.000 1.000 0.00e+00 2.77e+00


====Full Dynamics Results: Axially-Symmetric Solution====
<residue><chain><atom1><atom2><freq><csa><s2><s2_err><tau_loc><Rex><s2_fast><tau_fast><chi2>
   2 A N     H      600.00  160.00 0.844 0.007 6.16e-02  0.000 1.000 0.00e+00 1.17e+00
   3 A N     H      600.00  160.00 0.825 0.006 1.73e-02  0.000 1.000 0.00e+00 3.97e-01
   4 A N     H      600.00  160.00 0.868 0.021 2.68e-02  0.000 1.000 0.00e+00 1.34e+00
   5 A N     H      600.00  160.00 0.875 0.013 1.81e-02  0.000 1.000 0.00e+00 1.67e+00
   6 A N     H      600.00  160.00 0.858 0.005 2.15e-02  0.000 1.000 0.00e+00 4.88e-01
   7 A N     H      600.00  160.00 0.841 0.008 9.81e-03  0.000 1.000 0.00e+00 2.40e-01
   8 A N     H      600.00  160.00 0.850 0.005 2.41e-02  0.000 1.000 0.00e+00 6.99e-01
   9 A N     H      600.00  160.00 0.835 0.005 3.30e-02  0.000 1.000 0.00e+00 2.48e-01
  10 A N     H      600.00  160.00 0.804 0.004 4.24e-02  0.000 1.000 0.00e+00 1.96e+00
  11 A N     H      600.00  160.00 0.757 0.005 4.94e-02  0.000 1.000 0.00e+00 3.67e-02
  12 A N     H      600.00  160.00 0.619 0.005 8.49e-01  0.000 0.723 0.00e+00 8.38e-01
  13 A N     H      600.00  160.00 0.767 0.094 3.86e-02  0.086 1.000 0.00e+00 2.21e-14
  14 A N     H      600.00  160.00 0.734 0.013 2.71e-02  0.000 1.000 0.00e+00 4.22e-01
  16 A N     H      600.00  160.00 0.822 0.012 1.85e-02  0.000 1.000 0.00e+00 2.83e-02
  17 A N     H      600.00  160.00 0.813 0.004 1.80e-02  0.000 1.000 0.00e+00 5.25e-01
  18 A N     H      600.00  160.00 0.848 0.014 1.61e-02  0.000 1.000 0.00e+00 3.67e-03
  19 A N     H      600.00  160.00 0.776 0.004 1.10e-02  0.000 1.000 0.00e+00 1.70e-01
  20 A N     H      600.00  160.00 0.789 0.008 1.64e-02  0.000 1.000 0.00e+00 1.86e+00
  21 A N     H      600.00  160.00 0.827 0.038 2.84e-02  0.111 1.000 0.00e+00 2.36e-13
  22 A N     H      600.00  160.00 0.869 0.017 3.67e-02  0.000 1.000 0.00e+00 3.12e-01
  23 A N     H      600.00  160.00 0.879 0.007 0.00e+00  0.000 1.000 0.00e+00 2.58e+00
  24 A N     H      600.00  160.00 0.822 0.009 7.94e-03  0.000 1.000 0.00e+00 2.81e-01
  26 A N     H      600.00  160.00 0.885 0.018 0.00e+00  0.000 1.000 0.00e+00 6.65e-01
  28 A N     H      600.00  160.00 0.854 0.023 6.48e-03  0.000 1.000 0.00e+00 4.28e-02
  29 A N     H      600.00  160.00 0.878 0.018 0.00e+00  0.000 1.000 0.00e+00 1.26e+00
  30 A N     H      600.00  160.00 0.914 0.014 0.00e+00  0.000 1.000 0.00e+00 9.42e-02
  31 A N     H      600.00  160.00 0.882 0.023 0.00e+00  0.267 1.000 0.00e+00 8.30e-02
  32 A N     H      600.00  160.00 0.897 0.010 0.00e+00  0.000 1.000 0.00e+00 1.44e+00
  33 A N     H      600.00  160.00 0.910 0.016 0.00e+00  0.000 1.000 0.00e+00 1.86e+00
  34 A N     H      600.00  160.00 0.912 0.004 0.00e+00  0.000 1.000 0.00e+00 1.30e+00
  36 A N     H      600.00  160.00 0.871 0.015 0.00e+00  0.000 1.000 0.00e+00 6.29e+00
  37 A N     H      600.00  160.00 0.827 0.006 8.31e-03  0.000 1.000 0.00e+00 6.17e-02
  38 A N     H      600.00  160.00 0.845 0.004 1.56e-02  0.000 1.000 0.00e+00 1.67e+00
  39 A N     H      600.00  160.00 0.861 0.025 0.00e+00  0.397 1.000 0.00e+00 3.32e+01
  40 A N     H      600.00  160.00 0.735 0.003 5.17e-02  0.000 1.000 0.00e+00 1.02e+01
  41 A N     H      600.00  160.00 0.488 0.007 9.47e-01  0.000 0.726 0.00e+00 7.14e-02
  42 A N     H      600.00  160.00 0.841 0.007 1.36e-02  0.000 1.000 0.00e+00 8.97e-01
  43 A N     H      600.00  160.00 0.867 0.008 0.00e+00  0.190 1.000 0.00e+00 2.69e+00
  44 A N     H      600.00  160.00 0.865 0.005 1.77e-02  0.000 1.000 0.00e+00 2.77e-01
  45 A N     H      600.00  160.00 0.822 0.004 0.00e+00  0.000 1.000 0.00e+00 1.04e+00
  46 A N     H      600.00  160.00 0.850 0.009 0.00e+00  0.000 1.000 0.00e+00 3.85e+00
  47 A N     H      600.00  160.00 0.809 0.004 7.90e-03  0.000 1.000 0.00e+00 9.73e-07
  48 A N     H      600.00  160.00 0.782 0.003 1.50e-02  0.000 1.000 0.00e+00 5.65e-02
  49 A N     H      600.00  160.00 0.814 0.004 0.00e+00  0.000 1.000 0.00e+00 5.31e+00
  50 A N     H      600.00  160.00 0.866 0.004 1.61e-02  0.000 1.000 0.00e+00 6.26e-01
  51 A N     H      600.00  160.00 0.847 0.007 7.91e-03  0.000 1.000 0.00e+00 1.13e-01
  52 A N     H      600.00  160.00 0.876 0.014 0.00e+00  0.000 1.000 0.00e+00 1.89e+00
  53 A N     H      600.00  160.00 0.856 0.007 0.00e+00  0.000 1.000 0.00e+00 1.63e+00
  54 A N     H      600.00  160.00 0.886 0.005 2.65e-02  0.000 1.000 0.00e+00 4.36e-01
  55 A N     H      600.00  160.00 0.846 0.006 1.16e-02  0.000 1.000 0.00e+00 1.85e-01
  56 A N     H      600.00  160.00 0.849 0.004 2.87e-02  0.224 1.000 0.00e+00 2.44e-13


====Full Dynamics Results: Anisotropic Solution====
<residue><chain><atom1><atom2><freq><csa><s2><s2_err><tau_loc><Rex><s2_fast><tau_fast><chi2>
   2 A N     H      600.00  160.00 0.838 0.007 6.03e-02  0.000 1.000 0.00e+00 1.40e-01
   3 A N     H      600.00  160.00 0.825 0.006 1.75e-02  0.000 1.000 0.00e+00 4.28e-01
   4 A N     H      600.00  160.00 0.858 0.022 2.49e-02  0.091 1.000 0.00e+00 5.32e-13
   5 A N     H      600.00  160.00 0.871 0.013 1.75e-02  0.165 1.000 0.00e+00 6.35e-12
   6 A N     H      600.00  160.00 0.858 0.005 2.12e-02  0.000 1.000 0.00e+00 2.09e-01
   7 A N     H      600.00  160.00 0.840 0.008 1.02e-02  0.000 1.000 0.00e+00 3.80e-01
   8 A N     H      600.00  160.00 0.850 0.005 2.42e-02  0.000 1.000 0.00e+00 9.18e-01
   9 A N     H      600.00  160.00 0.834 0.005 3.32e-02  0.000 1.000 0.00e+00 2.19e-01
  10 A N     H      600.00  160.00 0.803 0.004 4.28e-02  0.000 1.000 0.00e+00 3.31e-01
  11 A N     H      600.00  160.00 0.756 0.005 4.93e-02  0.000 1.000 0.00e+00 6.43e-04
  12 A N     H      600.00  160.00 0.619 0.006 8.49e-01  0.000 0.723 0.00e+00 9.59e-01
  13 A N     H      600.00  160.00 0.767 0.101 3.82e-02  0.102 1.000 0.00e+00 2.22e-13
  14 A N     H      600.00  160.00 0.735 0.013 2.70e-02  0.000 1.000 0.00e+00 3.05e-01
  16 A N     H      600.00  160.00 0.822 0.012 1.81e-02  0.000 1.000 0.00e+00 1.62e-03
  17 A N     H      600.00  160.00 0.815 0.005 1.80e-02  0.000 1.000 0.00e+00 9.09e-01
  18 A N     H      600.00  160.00 0.848 0.013 1.63e-02  0.000 1.000 0.00e+00 4.25e-04
  19 A N     H      600.00  160.00 0.775 0.004 1.11e-02  0.000 1.000 0.00e+00 2.38e-01
  20 A N     H      600.00  160.00 0.784 0.008 1.69e-02  0.000 1.000 0.00e+00 3.42e+00
  21 A N     H      600.00  160.00 0.828 0.034 2.98e-02  0.068 1.000 0.00e+00 1.07e-12
  22 A N     H      600.00  160.00 0.869 0.017 3.72e-02  0.000 1.000 0.00e+00 2.21e-01
  23 A N     H      600.00  160.00 0.879 0.007 0.00e+00  0.000 1.000 0.00e+00 2.45e+00
  24 A N     H      600.00  160.00 0.821 0.009 8.02e-03  0.000 1.000 0.00e+00 3.44e-01
  26 A N     H      600.00  160.00 0.885 0.018 0.00e+00  0.000 1.000 0.00e+00 8.74e-01
  28 A N     H      600.00  160.00 0.853 0.023 6.67e-03  0.000 1.000 0.00e+00 6.31e-02
  29 A N     H      600.00  160.00 0.878 0.018 0.00e+00  0.000 1.000 0.00e+00 1.63e+00
  30 A N     H      600.00  160.00 0.914 0.014 0.00e+00  0.000 1.000 0.00e+00 1.21e-01
  31 A N     H      600.00  160.00 0.882 0.023 0.00e+00  0.270 1.000 0.00e+00 9.32e-02
  32 A N     H      600.00  160.00 0.898 0.010 0.00e+00  0.000 1.000 0.00e+00 1.76e+00
  33 A N     H      600.00  160.00 0.909 0.016 0.00e+00  0.000 1.000 0.00e+00 2.36e+00
  34 A N     H      600.00  160.00 0.912 0.004 0.00e+00  0.000 1.000 0.00e+00 1.24e+00
  36 A N     H      600.00  160.00 0.870 0.015 0.00e+00  0.000 1.000 0.00e+00 5.58e+00
  37 A N     H      600.00  160.00 0.827 0.006 8.27e-03  0.000 1.000 0.00e+00 1.09e-01
  38 A N     H      600.00  160.00 0.845 0.004 1.55e-02  0.000 1.000 0.00e+00 1.77e+00
  39 A N     H      600.00  160.00 0.852 0.023 2.67e-02  0.436 1.000 0.00e+00 3.36e-13
  40 A N     H      600.00  160.00 0.735 0.003 5.17e-02  0.000 1.000 0.00e+00 1.08e+01
  41 A N     H      600.00  160.00 0.489 0.008 9.45e-01  0.000 0.727 0.00e+00 3.24e-02
  42 A N     H      600.00  160.00 0.842 0.007 1.38e-02  0.000 1.000 0.00e+00 1.14e+00
  43 A N     H      600.00  160.00 0.872 0.008 1.12e-02  0.000 1.000 0.00e+00 2.75e+00
  44 A N     H      600.00  160.00 0.866 0.005 1.75e-02  0.000 1.000 0.00e+00 7.82e-02
  45 A N     H      600.00  160.00 0.824 0.004 0.00e+00  0.000 1.000 0.00e+00 5.54e-01
  46 A N     H      600.00  160.00 0.851 0.009 0.00e+00  0.000 1.000 0.00e+00 3.01e+00
  47 A N     H      600.00  160.00 0.809 0.004 7.81e-03  0.000 1.000 0.00e+00 7.32e-02
  48 A N     H      600.00  160.00 0.782 0.003 1.50e-02  0.000 1.000 0.00e+00 1.16e-04
  49 A N     H      600.00  160.00 0.812 0.005 0.00e+00  0.000 1.000 0.00e+00 6.34e+00
  50 A N     H      600.00  160.00 0.868 0.004 1.57e-02  0.000 1.000 0.00e+00 1.31e-01
  51 A N     H      600.00  160.00 0.849 0.007 0.00e+00  0.000 1.000 0.00e+00 1.85e+00
  52 A N     H      600.00  160.00 0.876 0.014 0.00e+00  0.000 1.000 0.00e+00 2.23e+00
  53 A N     H      600.00  160.00 0.856 0.007 0.00e+00  0.000 1.000 0.00e+00 1.53e+00
  54 A N     H      600.00  160.00 0.885 0.005 2.68e-02  0.000 1.000 0.00e+00 2.73e-01
  55 A N     H      600.00  160.00 0.846 0.006 1.16e-02  0.000 1.000 0.00e+00 1.77e-01
  56 A N     H      600.00  160.00 0.875 0.004 3.33e-02  0.000 1.000 0.00e+00 2.36e+01

=====ROBUST REGRESSION: Off=====

=====ORIENTATION SAMPLING=====
Number of rigid bonds = 44
Sampling Param Xi = 0.156 Vectors are uniformly distributed.
Sampling Tensor Components = [0.393, -0.169, -0.225].

=====ISOTROPIC MODEL=====
Diso = 5.01 +/- 0.01 *(10^7) 1/s
TAUc = 3.33 +/- 0.01 ns
Q = 0.720  chi^2 = 373.294  chi^2/df = 8.681 (Rigid Only)
Akaike Information Criterion (AIC): Value = 375.294

=====AXIALLY-SYMMETRIC MODEL (PROLATE)=====
D_perp = 4.45 +/- 0.04 *(10^7) 1/s
D_parallel = 6.06 +/- 0.07 *(10^7) 1/s
alpha = 97 +/- 2  deg
beta = 63 +/- 2  deg
Orientational Uncertainty = 3 deg
TAUc = 3.34 +/- 0.01 ns
anisotropy = 1.36 +/- 0.03
Q = 0.242  R = 0.940  chi^2 = 39.541  chi^2/df = 0.989 (Rigid Only)
Inertia Tensor Unique Axis Difference = 8 deg
ELM Predicted Tensor Unique Axis Difference = 7 deg
F-test (0.05): Axially-Symmetric model better than Isotropic? true, P = 1.54e-19, F = 112.54
Akaike Information Criterion (AIC): Value = 47.541,
   =>Axially-Symmetric model better than Isotropic? true

==Axially-Symmetric Diffusion Tensor==
    [  4.471  -0.154  -0.079]     [  0.037   0.040   0.020]
D = [ -0.154   5.711   0.643] +/- [  0.040   0.081   0.044] *(10^7) 1/s
    [ -0.079   0.643   4.780]     [  0.020   0.044   0.062]

==Axially-Symmetric Diffusion Tensor Sorted Eigendecomposition==
    [  -0.993     0.055    -0.109][   4.452     0.000     0.000][  -0.993    -0.122    -0.000]
D = [  -0.122    -0.449     0.885][   0.000     4.452     0.000][   0.055    -0.449     0.892] *(10^7) 1/s
    [  -0.000     0.892     0.452][   0.000     0.000     6.058][  -0.109     0.885     0.452]

=====FULLY ANISOTROPIC MODEL=====
Dx = 4.36 +/- 0.06 *(10^7) 1/s
Dy = 4.53 +/- 0.06 *(10^7) 1/s
Dz = 6.02 +/- 0.08 *(10^7) 1/s
alpha = 97 +/- 2  deg
beta = 66 +/- 3  deg
gamma = 87 +/- 23 deg
Orientational Uncertainty = 23 deg
TAUc = 3.35 +/- 0.01 ns
anisotropy = 1.35 +/- 0.03
rhombicity = 0.16 +/- 0.08
Q = 0.242  R = 0.940  chi^2 = 35.901  chi^2/df = 0.945 (Rigid Only)
Axially-Symmetric Tensor Primary Axis Difference = 3 deg
Inertia Tensor Primary Axis Difference = 6 deg
Inertia Tensor Orientational Difference = 27 deg
ELM Predicted Tensor Primary Axis Difference = 4 deg
ELM Predicted Tensor Orientational Difference = 18 deg
F-test (0.05): Anisotropic model better than Isotropic? true, P = 2.83e-18, F = 71.42
F-test (0.05): Anisotropic model better than Axially-Symmetric? false, P = 1.60e-01, F = 1.93
Akaike Information Criterion (AIC): Value = 47.901,
   =>Anisotropic model better than Isotropic? true
   =>Anisotropic model better than Axially-Symmteric? false

==Anistropic Diffusion Tensor==
    [  4.380  -0.162  -0.076]     [  0.068   0.042   0.046]
D = [ -0.162   5.751   0.555] +/- [  0.042   0.094   0.071] *(10^7) 1/s
    [ -0.076   0.555   4.784]     [  0.046   0.071   0.063]

==Anistropic Diffusion Tensor Sorted Eigendecomposition==
    [  -0.994    -0.012    -0.108][   4.360     0.000     0.000][  -0.994    -0.094    -0.055]
D = [  -0.094    -0.415     0.905][   0.000     4.531     0.000][  -0.012    -0.415     0.910] *(10^7) 1/s
    [  -0.055     0.910     0.412][   0.000     0.000     6.023][  -0.108     0.905     0.412]

====Potential Rigid Bonds with High Rex (>10% of R2) or Low S2 (<0.75) ====
<residue><chain><atom1><atom2><CSA><Radius><Rex><S2>
  14 A N H 160.00 1.02 0.00 0.73
  44 A N H 160.00 1.02 0.00 0.87
  45 A N H 160.00 1.02 0.00 0.82

====Full Rotdif Results: Isotropic Solution====
<residue><chain><atom1><atom2><freq><rho_exp><rho_pred><rho_error>
   2 A N     H      600.00   3.524   3.487   0.085
   3 A N     H      600.00   3.296   3.487   0.061
   4 A N     H      600.00   3.433   3.487   0.053
   5 A N     H      600.00   3.461   3.487   0.099
   6 A N     H      600.00   3.358   3.487   0.059
   7 A N     H      600.00   3.291   3.487   0.084
   8 A N     H      600.00   3.410   3.487   0.057
   9 A N     H      600.00   3.381   3.487   0.051
  10 A N     H      600.00   3.433   3.487   0.043
  11 A N     H      600.00   3.577   3.487   0.051
  12 A N     H      600.00   3.172   3.487   0.037
  13 A N     H      600.00   3.505   3.487   0.056
  14 A N     H      600.00   3.252   3.487   0.153
  16 A N     H      600.00   3.334   3.487   0.164
  17 A N     H      600.00   3.400   3.487   0.066
  18 A N     H      600.00   3.390   3.487   0.146
  19 A N     H      600.00   3.341   3.487   0.054
  20 A N     H      600.00   3.233   3.487   0.091
  21 A N     H      600.00   3.447   3.487   0.037
  22 A N     H      600.00   3.738   3.487   0.191
  23 A N     H      600.00   3.641   3.487   0.072
  24 A N     H      600.00   3.896   3.487   0.121
  26 A N     H      600.00   3.535   3.487   0.186
  28 A N     H      600.00   3.955   3.487   0.286
  29 A N     H      600.00   3.882   3.487   0.246
  30 A N     H      600.00   3.770   3.487   0.159
  31 A N     H      600.00   4.209   3.487   0.161
  32 A N     H      600.00   4.009   3.487   0.173
  33 A N     H      600.00   3.706   3.487   0.172
  34 A N     H      600.00   3.800   3.487   0.046
  36 A N     H      600.00   4.051   3.487   0.170
  37 A N     H      600.00   3.649   3.487   0.075
  38 A N     H      600.00   3.638   3.487   0.042
  39 A N     H      600.00   4.171   3.487   0.044
  40 A N     H      600.00   3.866   3.487   0.037
  41 A N     H      600.00   3.310   3.487   0.065
  42 A N     H      600.00   3.465   3.487   0.108
  43 A N     H      600.00   3.516   3.487   0.088
  44 A N     H      600.00   3.353   3.487   0.049
  45 A N     H      600.00   3.302   3.487   0.040
  46 A N     H      600.00   3.191   3.487   0.098
  47 A N     H      600.00   3.344   3.487   0.036
  48 A N     H      600.00   3.589   3.487   0.030
  49 A N     H      600.00   3.479   3.487   0.048
  50 A N     H      600.00   3.354   3.487   0.047
  51 A N     H      600.00   3.329   3.487   0.077
  52 A N     H      600.00   3.490   3.487   0.184
  53 A N     H      600.00   3.380   3.487   0.081
  54 A N     H      600.00   3.381   3.487   0.051
  55 A N     H      600.00   3.402   3.487   0.116
  56 A N     H      600.00   3.539   3.487   0.038


====Full Rotdif Results: Axially-Symmetric Solution====
<residue><chain><atom1><atom2><freq><rho_exp><rho_pred><rho_error>
   2 A N     H      600.00   3.524   3.436   0.085
   3 A N     H      600.00   3.296   3.335   0.061
   4 A N     H      600.00   3.433   3.372   0.053
   5 A N     H      600.00   3.461   3.334   0.099
   6 A N     H      600.00   3.358   3.401   0.059
   7 A N     H      600.00   3.291   3.333   0.084
   8 A N     H      600.00   3.410   3.459   0.057
   9 A N     H      600.00   3.381   3.358   0.051
  10 A N     H      600.00   3.433   3.375   0.043
  11 A N     H      600.00   3.577   3.571   0.051
  12 A N     H      600.00   3.172   2.904   0.037
  13 A N     H      600.00   3.505   3.423   0.056
  14 A N     H      600.00   3.252   3.355   0.153
  16 A N     H      600.00   3.334   3.363   0.164
  17 A N     H      600.00   3.400   3.353   0.066
  18 A N     H      600.00   3.390   3.382   0.146
  19 A N     H      600.00   3.341   3.365   0.054
  20 A N     H      600.00   3.233   3.361   0.091
  21 A N     H      600.00   3.447   3.346   0.037
  22 A N     H      600.00   3.738   3.633   0.191
  23 A N     H      600.00   3.641   3.615   0.072
  24 A N     H      600.00   3.896   3.961   0.121
  26 A N     H      600.00   3.535   3.656   0.186
  28 A N     H      600.00   3.955   4.015   0.286
  29 A N     H      600.00   3.882   3.774   0.246
  30 A N     H      600.00   3.770   3.758   0.159
  31 A N     H      600.00   4.209   3.972   0.161
  32 A N     H      600.00   4.009   4.010   0.173
  33 A N     H      600.00   3.706   3.852   0.172
  34 A N     H      600.00   3.800   3.835   0.046
  36 A N     H      600.00   4.051   3.976   0.170
  37 A N     H      600.00   3.649   3.630   0.075
  38 A N     H      600.00   3.638   3.694   0.042
  39 A N     H      600.00   4.171   3.793   0.044
  40 A N     H      600.00   3.866   3.754   0.037
  41 A N     H      600.00   3.310   2.957   0.065
  42 A N     H      600.00   3.465   3.568   0.108
  43 A N     H      600.00   3.516   3.345   0.088
  44 A N     H      600.00   3.353   3.379   0.049
  45 A N     H      600.00   3.302   3.337   0.040
  46 A N     H      600.00   3.191   3.375   0.098
  47 A N     H      600.00   3.344   3.344   0.036
  48 A N     H      600.00   3.589   3.597   0.030
  49 A N     H      600.00   3.479   3.534   0.048
  50 A N     H      600.00   3.354   3.392   0.047
  51 A N     H      600.00   3.329   3.355   0.077
  52 A N     H      600.00   3.490   3.336   0.184
  53 A N     H      600.00   3.380   3.389   0.081
  54 A N     H      600.00   3.381   3.349   0.051
  55 A N     H      600.00   3.402   3.453   0.116
  56 A N     H      600.00   3.539   3.340   0.038


====Full Rotdif Results: Anisotropic Solution====
<residue><chain><atom1><atom2><freq><rho_exp><rho_pred><rho_error>
   2 A N     H      600.00   3.524   3.495   0.085
   3 A N     H      600.00   3.296   3.337   0.061
   4 A N     H      600.00   3.433   3.353   0.053
   5 A N     H      600.00   3.461   3.317   0.099
   6 A N     H      600.00   3.358   3.386   0.059
   7 A N     H      600.00   3.291   3.344   0.084
   8 A N     H      600.00   3.410   3.466   0.057
   9 A N     H      600.00   3.381   3.359   0.051
  10 A N     H      600.00   3.433   3.411   0.043
  11 A N     H      600.00   3.577   3.579   0.051
  12 A N     H      600.00   3.172   2.906   0.037
  13 A N     H      600.00   3.505   3.406   0.056
  14 A N     H      600.00   3.252   3.340   0.153
  16 A N     H      600.00   3.334   3.342   0.164
  17 A N     H      600.00   3.400   3.338   0.066
  18 A N     H      600.00   3.390   3.387   0.146
  19 A N     H      600.00   3.341   3.369   0.054
  20 A N     H      600.00   3.233   3.407   0.091
  21 A N     H      600.00   3.447   3.386   0.037
  22 A N     H      600.00   3.737   3.650   0.191
  23 A N     H      600.00   3.641   3.616   0.072
  24 A N     H      600.00   3.896   3.968   0.121
  26 A N     H      600.00   3.535   3.669   0.186
  28 A N     H      600.00   3.955   4.028   0.286
  29 A N     H      600.00   3.882   3.811   0.246
  30 A N     H      600.00   3.770   3.763   0.159
  31 A N     H      600.00   4.209   3.969   0.161
  32 A N     H      600.00   4.009   4.035   0.173
  33 A N     H      600.00   3.706   3.874   0.172
  34 A N     H      600.00   3.800   3.833   0.046
  36 A N     H      600.00   4.051   3.999   0.170
  37 A N     H      600.00   3.649   3.624   0.075
  38 A N     H      600.00   3.638   3.695   0.042
  39 A N     H      600.00   4.171   3.775   0.044
  40 A N     H      600.00   3.866   3.751   0.037
  41 A N     H      600.00   3.310   2.953   0.065
  42 A N     H      600.00   3.465   3.581   0.108
  43 A N     H      600.00   3.516   3.373   0.088
  44 A N     H      600.00   3.353   3.367   0.049
  45 A N     H      600.00   3.302   3.316   0.040
  46 A N     H      600.00   3.191   3.354   0.098
  47 A N     H      600.00   3.344   3.334   0.036
  48 A N     H      600.00   3.589   3.589   0.030
  49 A N     H      600.00   3.479   3.564   0.048
  50 A N     H      600.00   3.354   3.371   0.047
  51 A N     H      600.00   3.329   3.340   0.077
  52 A N     H      600.00   3.490   3.316   0.184
  53 A N     H      600.00   3.380   3.380   0.081
  54 A N     H      600.00   3.381   3.355   0.051
  55 A N     H      600.00   3.402   3.452   0.116
  56 A N     H      600.00   3.539   3.358   0.038

====Full Dynamics Results: Isotropic Solution====
<residue><chain><atom1><atom2><freq><csa><s2><s2_err><tau_loc><Rex><s2_fast><tau_fast><chi2>
   2 A N     H      600.00  160.00 0.839 0.006 6.19e-02  0.000 1.000 0.00e+00 4.91e-01
   3 A N     H      600.00  160.00 0.793 0.008 1.10e+00  0.000 0.844 0.00e+00 3.73e+00
   4 A N     H      600.00  160.00 0.855 0.005 3.06e-02  0.000 1.000 0.00e+00 6.90e-01
   5 A N     H      600.00  160.00 0.875 0.007 2.70e-02  0.000 1.000 0.00e+00 3.71e-02
   6 A N     H      600.00  160.00 0.833 0.008 1.10e+00  0.000 0.879 0.00e+00 1.28e+00
   7 A N     H      600.00  160.00 0.826 0.007 1.50e-02  0.000 1.000 0.00e+00 4.82e+00
   8 A N     H      600.00  160.00 0.848 0.005 2.60e-02  0.000 1.000 0.00e+00 1.43e+00
   9 A N     H      600.00  160.00 0.797 0.010 1.10e+00  0.000 0.869 0.00e+00 2.32e-03
  10 A N     H      600.00  160.00 0.799 0.004 4.48e-02  0.000 1.000 0.00e+00 6.01e-01
  11 A N     H      600.00  160.00 0.763 0.004 4.99e-02  0.000 1.000 0.00e+00 5.56e+00
  12 A N     H      600.00  160.00 0.589 0.004 1.10e+00  0.000 0.725 0.00e+00 3.77e+00
  13 A N     H      600.00  160.00 0.771 0.005 4.12e-02  0.000 1.000 0.00e+00 5.20e-01
  14 A N     H      600.00  160.00 0.725 0.013 2.84e-02  0.000 1.000 0.00e+00 1.84e+00
  16 A N     H      600.00  160.00 0.819 0.012 2.27e-02  0.000 1.000 0.00e+00 7.56e-01
  17 A N     H      600.00  160.00 0.796 0.004 2.07e-02  0.000 1.000 0.00e+00 1.34e+00
  18 A N     H      600.00  160.00 0.838 0.013 1.94e-02  0.000 1.000 0.00e+00 3.73e-01
  19 A N     H      600.00  160.00 0.748 0.005 1.10e+00  0.000 0.788 0.00e+00 2.38e+00
  20 A N     H      600.00  160.00 0.759 0.008 1.10e+00  0.000 0.809 0.00e+00 3.63e+00
  21 A N     H      600.00  160.00 0.826 0.003 3.36e-02  0.000 1.000 0.00e+00 5.12e-01
  22 A N     H      600.00  160.00 0.871 0.017 3.37e-02  0.000 1.000 0.00e+00 1.92e+00
  23 A N     H      600.00  160.00 0.868 0.010 0.00e+00  0.181 1.000 0.00e+00 4.25e+00
  24 A N     H      600.00  160.00 0.808 0.017 0.00e+00  0.433 1.000 0.00e+00 4.39e-02
  26 A N     H      600.00  160.00 0.888 0.018 0.00e+00  0.000 1.000 0.00e+00 1.76e-01
  28 A N     H      600.00  160.00 0.835 0.039 0.00e+00  0.515 1.000 0.00e+00 1.62e+00
  29 A N     H      600.00  160.00 0.857 0.021 0.00e+00  0.444 1.000 0.00e+00 3.40e-01
  30 A N     H      600.00  160.00 0.897 0.023 0.00e+00  0.335 1.000 0.00e+00 1.22e+00
  31 A N     H      600.00  160.00 0.855 0.023 0.00e+00  0.817 1.000 0.00e+00 8.15e+00
  32 A N     H      600.00  160.00 0.867 0.010 0.00e+00  0.598 1.000 0.00e+00 2.83e+00
  33 A N     H      600.00  160.00 0.921 0.016 0.00e+00  0.000 1.000 0.00e+00 2.57e+00
  34 A N     H      600.00  160.00 0.896 0.007 0.00e+00  0.370 1.000 0.00e+00 1.26e+00
  36 A N     H      600.00  160.00 0.838 0.020 0.00e+00  0.633 1.000 0.00e+00 3.03e+01
  37 A N     H      600.00  160.00 0.819 0.035 5.70e-03  0.176 1.000 0.00e+00 1.33e-14
  38 A N     H      600.00  160.00 0.840 0.032 1.04e-02  0.170 1.000 0.00e+00 6.25e-13
  39 A N     H      600.00  160.00 0.838 0.039 1.80e-02  0.759 1.000 0.00e+00 3.41e-14
  40 A N     H      600.00  160.00 0.751 0.003 5.15e-02  0.000 1.000 0.00e+00 1.36e+02
  41 A N     H      600.00  160.00 0.559 0.011 4.84e-01  0.000 0.715 0.00e+00 7.15e-16
  42 A N     H      600.00  160.00 0.839 0.007 1.22e-02  0.000 1.000 0.00e+00 2.78e-02
  43 A N     H      600.00  160.00 0.869 0.008 1.79e-02  0.000 1.000 0.00e+00 1.55e-01
  44 A N     H      600.00  160.00 0.838 0.006 1.10e+00  0.000 0.879 0.00e+00 2.61e+00
  45 A N     H      600.00  160.00 0.799 0.005 1.10e+00  0.000 0.816 0.00e+00 1.65e+01
  46 A N     H      600.00  160.00 0.840 0.009 8.55e-03  0.000 1.000 0.00e+00 8.41e+00
  47 A N     H      600.00  160.00 0.783 0.005 1.10e+00  0.000 0.816 0.00e+00 7.17e+00
  48 A N     H      600.00  160.00 0.777 0.051 1.34e-02  0.111 1.000 0.00e+00 1.03e-12
  49 A N     H      600.00  160.00 0.817 0.003 0.00e+00  0.000 1.000 0.00e+00 4.24e+00
  50 A N     H      600.00  160.00 0.842 0.005 1.10e+00  0.000 0.878 0.00e+00 3.14e+00
  51 A N     H      600.00  160.00 0.837 0.007 1.33e-02  0.000 1.000 0.00e+00 3.83e+00
  52 A N     H      600.00  160.00 0.877 0.014 0.00e+00  0.000 1.000 0.00e+00 5.05e-03
  53 A N     H      600.00  160.00 0.846 0.007 1.18e-02  0.000 1.000 0.00e+00 1.58e+00
  54 A N     H      600.00  160.00 0.855 0.008 1.10e+00  0.000 0.904 0.00e+00 6.25e-01
  55 A N     H      600.00  160.00 0.840 0.006 1.35e-02  0.000 1.000 0.00e+00 4.63e-01
  56 A N     H      600.00  160.00 0.861 0.003 3.79e-02  0.000 1.000 0.00e+00 2.77e+00


====Full Dynamics Results: Axially-Symmetric Solution====
<residue><chain><atom1><atom2><freq><csa><s2><s2_err><tau_loc><Rex><s2_fast><tau_fast><chi2>
   2 A N     H      600.00  160.00 0.844 0.007 6.16e-02  0.000 1.000 0.00e+00 1.17e+00
   3 A N     H      600.00  160.00 0.825 0.006 1.73e-02  0.000 1.000 0.00e+00 3.97e-01
   4 A N     H      600.00  160.00 0.868 0.021 2.68e-02  0.000 1.000 0.00e+00 1.34e+00
   5 A N     H      600.00  160.00 0.875 0.013 1.81e-02  0.000 1.000 0.00e+00 1.67e+00
   6 A N     H      600.00  160.00 0.858 0.005 2.15e-02  0.000 1.000 0.00e+00 4.88e-01
   7 A N     H      600.00  160.00 0.841 0.008 9.81e-03  0.000 1.000 0.00e+00 2.40e-01
   8 A N     H      600.00  160.00 0.850 0.005 2.41e-02  0.000 1.000 0.00e+00 6.99e-01
   9 A N     H      600.00  160.00 0.835 0.005 3.30e-02  0.000 1.000 0.00e+00 2.48e-01
  10 A N     H      600.00  160.00 0.804 0.004 4.24e-02  0.000 1.000 0.00e+00 1.96e+00
  11 A N     H      600.00  160.00 0.757 0.005 4.94e-02  0.000 1.000 0.00e+00 3.67e-02
  12 A N     H      600.00  160.00 0.619 0.005 8.49e-01  0.000 0.723 0.00e+00 8.38e-01
  13 A N     H      600.00  160.00 0.767 0.094 3.86e-02  0.086 1.000 0.00e+00 2.21e-14
  14 A N     H      600.00  160.00 0.734 0.013 2.71e-02  0.000 1.000 0.00e+00 4.22e-01
  16 A N     H      600.00  160.00 0.822 0.012 1.85e-02  0.000 1.000 0.00e+00 2.83e-02
  17 A N     H      600.00  160.00 0.813 0.004 1.80e-02  0.000 1.000 0.00e+00 5.25e-01
  18 A N     H      600.00  160.00 0.848 0.014 1.61e-02  0.000 1.000 0.00e+00 3.67e-03
  19 A N     H      600.00  160.00 0.776 0.004 1.10e-02  0.000 1.000 0.00e+00 1.70e-01
  20 A N     H      600.00  160.00 0.789 0.008 1.64e-02  0.000 1.000 0.00e+00 1.86e+00
  21 A N     H      600.00  160.00 0.827 0.038 2.84e-02  0.111 1.000 0.00e+00 2.36e-13
  22 A N     H      600.00  160.00 0.869 0.017 3.67e-02  0.000 1.000 0.00e+00 3.12e-01
  23 A N     H      600.00  160.00 0.879 0.007 0.00e+00  0.000 1.000 0.00e+00 2.58e+00
  24 A N     H      600.00  160.00 0.822 0.009 7.94e-03  0.000 1.000 0.00e+00 2.81e-01
  26 A N     H      600.00  160.00 0.885 0.018 0.00e+00  0.000 1.000 0.00e+00 6.65e-01
  28 A N     H      600.00  160.00 0.854 0.023 6.48e-03  0.000 1.000 0.00e+00 4.28e-02
  29 A N     H      600.00  160.00 0.878 0.018 0.00e+00  0.000 1.000 0.00e+00 1.26e+00
  30 A N     H      600.00  160.00 0.914 0.014 0.00e+00  0.000 1.000 0.00e+00 9.42e-02
  31 A N     H      600.00  160.00 0.882 0.023 0.00e+00  0.267 1.000 0.00e+00 8.30e-02
  32 A N     H      600.00  160.00 0.897 0.010 0.00e+00  0.000 1.000 0.00e+00 1.44e+00
  33 A N     H      600.00  160.00 0.910 0.016 0.00e+00  0.000 1.000 0.00e+00 1.86e+00
  34 A N     H      600.00  160.00 0.912 0.004 0.00e+00  0.000 1.000 0.00e+00 1.30e+00
  36 A N     H      600.00  160.00 0.871 0.015 0.00e+00  0.000 1.000 0.00e+00 6.29e+00
  37 A N     H      600.00  160.00 0.827 0.006 8.31e-03  0.000 1.000 0.00e+00 6.17e-02
  38 A N     H      600.00  160.00 0.845 0.004 1.56e-02  0.000 1.000 0.00e+00 1.67e+00
  39 A N     H      600.00  160.00 0.861 0.025 0.00e+00  0.397 1.000 0.00e+00 3.32e+01
  40 A N     H      600.00  160.00 0.735 0.003 5.17e-02  0.000 1.000 0.00e+00 1.02e+01
  41 A N     H      600.00  160.00 0.488 0.007 9.47e-01  0.000 0.726 0.00e+00 7.14e-02
  42 A N     H      600.00  160.00 0.841 0.007 1.36e-02  0.000 1.000 0.00e+00 8.97e-01
  43 A N     H      600.00  160.00 0.867 0.008 0.00e+00  0.190 1.000 0.00e+00 2.69e+00
  44 A N     H      600.00  160.00 0.865 0.005 1.77e-02  0.000 1.000 0.00e+00 2.77e-01
  45 A N     H      600.00  160.00 0.822 0.004 0.00e+00  0.000 1.000 0.00e+00 1.04e+00
  46 A N     H      600.00  160.00 0.850 0.009 0.00e+00  0.000 1.000 0.00e+00 3.85e+00
  47 A N     H      600.00  160.00 0.809 0.004 7.90e-03  0.000 1.000 0.00e+00 9.73e-07
  48 A N     H      600.00  160.00 0.782 0.003 1.50e-02  0.000 1.000 0.00e+00 5.65e-02
  49 A N     H      600.00  160.00 0.814 0.004 0.00e+00  0.000 1.000 0.00e+00 5.31e+00
  50 A N     H      600.00  160.00 0.866 0.004 1.61e-02  0.000 1.000 0.00e+00 6.26e-01
  51 A N     H      600.00  160.00 0.847 0.007 7.91e-03  0.000 1.000 0.00e+00 1.13e-01
  52 A N     H      600.00  160.00 0.876 0.014 0.00e+00  0.000 1.000 0.00e+00 1.89e+00
  53 A N     H      600.00  160.00 0.856 0.007 0.00e+00  0.000 1.000 0.00e+00 1.63e+00
  54 A N     H      600.00  160.00 0.886 0.005 2.65e-02  0.000 1.000 0.00e+00 4.36e-01
  55 A N     H      600.00  160.00 0.846 0.006 1.16e-02  0.000 1.000 0.00e+00 1.85e-01
  56 A N     H      600.00  160.00 0.849 0.004 2.87e-02  0.224 1.000 0.00e+00 2.44e-13


====Full Dynamics Results: Anisotropic Solution====
<residue><chain><atom1><atom2><freq><csa><s2><s2_err><tau_loc><Rex><s2_fast><tau_fast><chi2>
   2 A N     H      600.00  160.00 0.838 0.007 6.03e-02  0.000 1.000 0.00e+00 1.40e-01
   3 A N     H      600.00  160.00 0.825 0.006 1.75e-02  0.000 1.000 0.00e+00 4.28e-01
   4 A N     H      600.00  160.00 0.858 0.022 2.49e-02  0.091 1.000 0.00e+00 5.32e-13
   5 A N     H      600.00  160.00 0.871 0.013 1.75e-02  0.165 1.000 0.00e+00 6.35e-12
   6 A N     H      600.00  160.00 0.858 0.005 2.12e-02  0.000 1.000 0.00e+00 2.09e-01
   7 A N     H      600.00  160.00 0.840 0.008 1.02e-02  0.000 1.000 0.00e+00 3.80e-01
   8 A N     H      600.00  160.00 0.850 0.005 2.42e-02  0.000 1.000 0.00e+00 9.18e-01
   9 A N     H      600.00  160.00 0.834 0.005 3.32e-02  0.000 1.000 0.00e+00 2.19e-01
  10 A N     H      600.00  160.00 0.803 0.004 4.28e-02  0.000 1.000 0.00e+00 3.31e-01
  11 A N     H      600.00  160.00 0.756 0.005 4.93e-02  0.000 1.000 0.00e+00 6.43e-04
  12 A N     H      600.00  160.00 0.619 0.006 8.49e-01  0.000 0.723 0.00e+00 9.59e-01
  13 A N     H      600.00  160.00 0.767 0.101 3.82e-02  0.102 1.000 0.00e+00 2.22e-13
  14 A N     H      600.00  160.00 0.735 0.013 2.70e-02  0.000 1.000 0.00e+00 3.05e-01
  16 A N     H      600.00  160.00 0.822 0.012 1.81e-02  0.000 1.000 0.00e+00 1.62e-03
  17 A N     H      600.00  160.00 0.815 0.005 1.80e-02  0.000 1.000 0.00e+00 9.09e-01
  18 A N     H      600.00  160.00 0.848 0.013 1.63e-02  0.000 1.000 0.00e+00 4.25e-04
  19 A N     H      600.00  160.00 0.775 0.004 1.11e-02  0.000 1.000 0.00e+00 2.38e-01
  20 A N     H      600.00  160.00 0.784 0.008 1.69e-02  0.000 1.000 0.00e+00 3.42e+00
  21 A N     H      600.00  160.00 0.828 0.034 2.98e-02  0.068 1.000 0.00e+00 1.07e-12
  22 A N     H      600.00  160.00 0.869 0.017 3.72e-02  0.000 1.000 0.00e+00 2.21e-01
  23 A N     H      600.00  160.00 0.879 0.007 0.00e+00  0.000 1.000 0.00e+00 2.45e+00
  24 A N     H      600.00  160.00 0.821 0.009 8.02e-03  0.000 1.000 0.00e+00 3.44e-01
  26 A N     H      600.00  160.00 0.885 0.018 0.00e+00  0.000 1.000 0.00e+00 8.74e-01
  28 A N     H      600.00  160.00 0.853 0.023 6.67e-03  0.000 1.000 0.00e+00 6.31e-02
  29 A N     H      600.00  160.00 0.878 0.018 0.00e+00  0.000 1.000 0.00e+00 1.63e+00
  30 A N     H      600.00  160.00 0.914 0.014 0.00e+00  0.000 1.000 0.00e+00 1.21e-01
  31 A N     H      600.00  160.00 0.882 0.023 0.00e+00  0.270 1.000 0.00e+00 9.32e-02
  32 A N     H      600.00  160.00 0.898 0.010 0.00e+00  0.000 1.000 0.00e+00 1.76e+00
  33 A N     H      600.00  160.00 0.909 0.016 0.00e+00  0.000 1.000 0.00e+00 2.36e+00
  34 A N     H      600.00  160.00 0.912 0.004 0.00e+00  0.000 1.000 0.00e+00 1.24e+00
  36 A N     H      600.00  160.00 0.870 0.015 0.00e+00  0.000 1.000 0.00e+00 5.58e+00
  37 A N     H      600.00  160.00 0.827 0.006 8.27e-03  0.000 1.000 0.00e+00 1.09e-01
  38 A N     H      600.00  160.00 0.845 0.004 1.55e-02  0.000 1.000 0.00e+00 1.77e+00
  39 A N     H      600.00  160.00 0.852 0.023 2.67e-02  0.436 1.000 0.00e+00 3.36e-13
  40 A N     H      600.00  160.00 0.735 0.003 5.17e-02  0.000 1.000 0.00e+00 1.08e+01
  41 A N     H      600.00  160.00 0.489 0.008 9.45e-01  0.000 0.727 0.00e+00 3.24e-02
  42 A N     H      600.00  160.00 0.842 0.007 1.38e-02  0.000 1.000 0.00e+00 1.14e+00
  43 A N     H      600.00  160.00 0.872 0.008 1.12e-02  0.000 1.000 0.00e+00 2.75e+00
  44 A N     H      600.00  160.00 0.866 0.005 1.75e-02  0.000 1.000 0.00e+00 7.82e-02
  45 A N     H      600.00  160.00 0.824 0.004 0.00e+00  0.000 1.000 0.00e+00 5.54e-01
  46 A N     H      600.00  160.00 0.851 0.009 0.00e+00  0.000 1.000 0.00e+00 3.01e+00
  47 A N     H      600.00  160.00 0.809 0.004 7.81e-03  0.000 1.000 0.00e+00 7.32e-02
  48 A N     H      600.00  160.00 0.782 0.003 1.50e-02  0.000 1.000 0.00e+00 1.16e-04
  49 A N     H      600.00  160.00 0.812 0.005 0.00e+00  0.000 1.000 0.00e+00 6.34e+00
  50 A N     H      600.00  160.00 0.868 0.004 1.57e-02  0.000 1.000 0.00e+00 1.31e-01
  51 A N     H      600.00  160.00 0.849 0.007 0.00e+00  0.000 1.000 0.00e+00 1.85e+00
  52 A N     H      600.00  160.00 0.876 0.014 0.00e+00  0.000 1.000 0.00e+00 2.23e+00
  53 A N     H      600.00  160.00 0.856 0.007 0.00e+00  0.000 1.000 0.00e+00 1.53e+00
  54 A N     H      600.00  160.00 0.885 0.005 2.68e-02  0.000 1.000 0.00e+00 2.73e-01
  55 A N     H      600.00  160.00 0.846 0.006 1.16e-02  0.000 1.000 0.00e+00 1.77e-01
  56 A N     H      600.00  160.00 0.875 0.004 3.33e-02  0.000 1.000 0.00e+00 2.36e+01

Saving anisotropic tensor axes, if computed, to "/opt/genapp/rotdif/output/html5/results/users/ajb210/Run_1demo/out_ani.py" and
	axially symmetric tensor, if computed, axes to "/opt/genapp/rotdif/output/html5/results/users/ajb210/Run_1demo/out_axial.py"...done.
