Options:
temp = 298.0
robust = false
relax = input_600.txt
elm = false
axes = true
axesl = 5.0
pdb = 1nfk.pdb
out = out
help = false
nostat = false
nodynamics = false
nogui = true
model = 1
wr = 1.4
dock = false
sr = 2.2

Extracting experimental data....done.
Parsing pdb file....done.
TEST: Computing results....
 Percent 10.3%

 Percent 20.5%

 Percent 30.7%

 Percent 40.8%

 Percent 51.0%

 Percent 61.2%

 Percent 71.4%

 Percent 81.6%

 Percent 91.7%
done.
=====ROBUST REGRESSION: Off=====

=====ORIENTATION SAMPLING=====
Number of rigid bonds = 73
Sampling Param Xi = 0.045 Vectors are uniformly distributed.
Sampling Tensor Components = [0.166, 0.030, -0.197].

=====ISOTROPIC MODEL=====
Diso = 1.04 +/- 0.00 *(10^7) 1/s
TAUc = 16.04 +/- 0.07 ns
Q = 1.242  chi^2 = 4525.571  chi^2/df = 62.855 (Rigid Only)
Akaike Information Criterion (AIC): Value = 4527.571

=====AXIALLY-SYMMETRIC MODEL (PROLATE)=====
D_perp = 0.79 +/- 0.01 *(10^7) 1/s
D_parallel = 1.54 +/- 0.02 *(10^7) 1/s
alpha = 84 +/- 4  deg
beta = 167 +/- 1  deg
Orientational Uncertainty = 4 deg
TAUc = 16.05 +/- 0.07 ns
anisotropy = 1.96 +/- 0.04
Q = 1.161  R = 0.361  chi^2 = 2815.765  chi^2/df = 40.808 (Rigid Only)
Inertia Tensor Unique Axis Difference = 56 deg
ELM Predicted Tensor Unique Axis Difference = 55 deg
F-test (0.05): Axially-Symmetric model better than Isotropic? true, P = 3.27e-07, F = 13.97
Akaike Information Criterion (AIC): Value = 2823.765,
   =>Axially-Symmetric model better than Isotropic? true

==Axially-Symmetric Diffusion Tensor==
    [  0.787   0.004  -0.019]     [  0.007   0.003   0.012]
D = [  0.004   0.824  -0.165] +/- [  0.003   0.009   0.013] *(10^7) 1/s
    [ -0.019  -0.165   1.504]     [  0.012   0.013   0.021]

==Axially-Symmetric Diffusion Tensor Sorted Eigendecomposition==
    [  -0.994     0.110     0.025][   0.786     0.000     0.000][  -0.994     0.113    -0.000]
D = [   0.113     0.968     0.224][   0.000     0.786     0.000][   0.110     0.968     0.225] *(10^7) 1/s
    [   0.000     0.225    -0.974][   0.000     0.000     1.542][   0.025     0.224    -0.974]

=====FULLY ANISOTROPIC MODEL=====
Dx = 0.67 +/- 0.02 *(10^7) 1/s
Dy = 0.91 +/- 0.03 *(10^7) 1/s
Dz = 1.54 +/- 0.02 *(10^7) 1/s
alpha = 88 +/- 4  deg
beta = 167 +/- 1  deg
gamma = 138 +/- 5 deg
Orientational Uncertainty = 4 deg
TAUc = 16.02 +/- 0.07 ns
anisotropy = 1.95 +/- 0.04
rhombicity = 0.46 +/- 0.10
Q = 1.125  R = 0.426  chi^2 = 2787.403  chi^2/df = 41.603 (Rigid Only)
Axially-Symmetric Tensor Primary Axis Difference = 1 deg
Inertia Tensor Primary Axis Difference = 56 deg
Inertia Tensor Orientational Difference = 91 deg
ELM Predicted Tensor Primary Axis Difference = 56 deg
ELM Predicted Tensor Orientational Difference = 90 deg
F-test (0.05): Anisotropic model better than Isotropic? true, P = 3.49e-06, F = 8.36
F-test (0.05): Anisotropic model better than Axially-Symmetric? false, P = 7.12e-01, F = 0.34
Akaike Information Criterion (AIC): Value = 2799.403,
   =>Anisotropic model better than Isotropic? true
   =>Anisotropic model better than Axially-Symmteric? true

==Anistropic Diffusion Tensor==
    [  0.810   0.112   0.022]     [  0.014   0.023   0.014]
D = [  0.112   0.810  -0.174] +/- [  0.023   0.016   0.013] *(10^7) 1/s
    [  0.022  -0.174   1.500]     [  0.014   0.013   0.022]

==Anistropic Diffusion Tensor Sorted Eigendecomposition==
    [  -0.641     0.767     0.007][   0.673     0.000     0.000][  -0.641     0.747     0.174]
D = [   0.747     0.622     0.232][   0.000     0.905     0.000][   0.767     0.622     0.154] *(10^7) 1/s
    [   0.174     0.154    -0.973][   0.000     0.000     1.542][   0.007     0.232    -0.973]

====Potential Rigid Bonds with High Rex (>10% of R2) or Low S2 (<0.75) ====
<residue><chain><atom1><atom2><CSA><Radius><Rex><S2>
 256 A N H 160.00 1.02 10.17 0.81
 257 A N H 160.00 1.02 6.76 0.98
 258 A N H 160.00 1.02 9.13 0.91
 261 A N H 160.00 1.02 12.32 0.89
 262 A N H 160.00 1.02 6.97 0.99
 264 A N H 160.00 1.02 9.83 0.89
 265 A N H 160.00 1.02 15.00 0.76
 266 A N H 160.00 1.02 9.79 0.95
 271 A N H 160.00 1.02 12.91 0.88
 272 A N H 160.00 1.02 10.02 0.96
 276 A N H 160.00 1.02 11.10 0.87
 283 A N H 160.00 1.02 8.25 0.90
 284 A N H 160.00 1.02 13.38 1.00
 285 A N H 160.00 1.02 10.84 0.81
 291 A N H 160.00 1.02 5.17 0.81
 293 A N H 160.00 1.02 6.02 0.89
 297 A N H 160.00 1.02 13.45 0.84
 299 A N H 160.00 1.02 16.33 0.68
 302 A N H 160.00 1.02 10.62 0.89
 303 A N H 160.00 1.02 5.12 1.00
 308 A N H 160.00 1.02 6.69 0.98
 312 A N H 160.00 1.02 10.48 0.95
 313 A N H 160.00 1.02 15.96 0.76
 316 A N H 160.00 1.02 13.37 0.83
 320 A N H 160.00 1.02 11.13 0.82
 321 A N H 160.00 1.02 7.64 0.80
 322 A N H 160.00 1.02 11.82 0.83
 323 A N H 160.00 1.02 12.06 0.73
 326 A N H 160.00 1.02 6.92 0.87
 327 A N H 160.00 1.02 20.81 0.70
 328 A N H 160.00 1.02 9.78 0.98
 334 A N H 160.00 1.02 9.00 0.92
 335 A N H 160.00 1.02 12.70 0.74
 336 A N H 160.00 1.02 0.00 0.53
 338 A N H 160.00 1.02 7.44 0.94
 345 A N H 160.00 1.02 14.00 0.75
 350 A N H 160.00 1.02 10.96 0.84

====Full Rotdif Results: Isotropic Solution====
<residue><chain><atom1><atom2><freq><rho_exp><rho_pred><rho_error>
 248 A N     H      600.00  43.466  51.422   1.416
 249 A N     H      600.00  63.341  51.422   3.399
 250 A N     H      600.00  85.718  51.422   9.568
 252 A N     H      600.00  63.916  51.422   3.458
 254 A N     H      600.00  79.122  51.422   2.615
 256 A N     H      600.00  74.131  51.422   2.719
 257 A N     H      600.00  86.146  51.422   3.696
 258 A N     H      600.00  84.057  51.422   3.494
 260 A N     H      600.00  63.416  51.422   5.522
 261 A N     H      600.00  74.678  51.422   3.256
 262 A N     H      600.00  61.758  51.422   3.165
 263 A N     H      600.00  86.118  51.422   7.541
 264 A N     H      600.00  90.828  51.422   6.525
 265 A N     H      600.00  84.242  51.422   4.425
 266 A N     H      600.00  73.332  51.422   4.576
 268 A N     H      600.00  57.922  51.422   3.557
 269 A N     H      600.00  71.296  51.422   5.667
 270 A N     H      600.00  73.008  51.422   2.386
 271 A N     H      600.00  86.249  51.422   7.065
 272 A N     H      600.00  77.729  51.422   5.907
 276 A N     H      600.00  68.360  51.422   2.499
 278 A N     H      600.00  56.065  51.422   1.813
 279 A N     H      600.00  60.795  51.422   4.476
 280 A N     H      600.00  66.808  51.422   5.395
 282 A N     H      600.00  65.773  51.422   5.376
 283 A N     H      600.00  78.493  51.422   4.627
 284 A N     H      600.00  83.978  51.422   7.130
 285 A N     H      600.00  77.482  51.422   3.482
 288 A N     H      600.00  41.309  51.422   1.543
 289 A N     H      600.00  43.508  51.422   1.145
 290 A N     H      600.00  31.419  51.422   0.725
 291 A N     H      600.00  52.234  51.422   1.391
 292 A N     H      600.00  57.448  51.422   3.318
 293 A N     H      600.00  69.923  51.422   2.612
 294 A N     H      600.00  69.392  51.422   3.205
 295 A N     H      600.00  67.680  51.422   3.320
 296 A N     H      600.00  80.857  51.422  10.558
 297 A N     H      600.00  74.417  51.422   5.254
 299 A N     H      600.00  95.177  51.422   6.938
 301 A N     H      600.00  62.582  51.422   2.640
 302 A N     H      600.00  73.358  51.422   2.191
 303 A N     H      600.00  68.018  51.422   2.894
 306 A N     H      600.00  65.300  51.422   4.075
 308 A N     H      600.00  76.153  51.422   2.168
 309 A N     H      600.00  72.742  51.422   4.476
 310 A N     H      600.00  65.027  51.422   4.493
 311 A N     H      600.00  65.822  51.422   1.714
 312 A N     H      600.00  70.407  51.422   6.201
 313 A N     H      600.00  86.183  51.422   7.078
 315 A N     H      600.00  71.068  51.422   2.165
 316 A N     H      600.00  76.946  51.422   5.308
 319 A N     H      600.00  71.217  51.422   4.076
 320 A N     H      600.00  77.443  51.422   2.730
 321 A N     H      600.00  73.990  51.422   4.030
 322 A N     H      600.00  81.159  51.422   5.581
 323 A N     H      600.00  71.677  51.422   2.913
 325 A N     H      600.00  77.011  51.422   5.346
 326 A N     H      600.00  89.389  51.422   3.797
 327 A N     H      600.00 112.467  51.422   9.023
 328 A N     H      600.00  75.736  51.422   5.209
 329 A N     H      600.00  61.145  51.422   3.631
 333 A N     H      600.00  67.844  51.422   5.308
 334 A N     H      600.00  76.454  51.422   5.713
 335 A N     H      600.00  86.555  51.422   6.516
 336 A N     H      600.00  29.528  51.422   0.636
 338 A N     H      600.00  72.396  51.422   1.995
 339 A N     H      600.00  66.346  51.422   2.838
 340 A N     H      600.00  48.794  51.422   4.072
 343 A N     H      600.00  74.421  51.422   2.816
 345 A N     H      600.00  85.262  51.422   5.525
 346 A N     H      600.00  89.901  51.422   5.667
 348 A N     H      600.00  86.655  51.422   5.399
 350 A N     H      600.00  74.773  51.422   5.801


====Full Rotdif Results: Axially-Symmetric Solution====
<residue><chain><atom1><atom2><freq><rho_exp><rho_pred><rho_error>
 248 A N     H      600.00  43.466  36.331   1.416
 249 A N     H      600.00  63.340  50.970   3.399
 250 A N     H      600.00  85.718  69.640   9.568
 252 A N     H      600.00  63.916  56.616   3.458
 254 A N     H      600.00  79.122  68.401   2.615
 256 A N     H      600.00  74.131  47.569   2.719
 257 A N     H      600.00  86.146  66.156   3.696
 258 A N     H      600.00  84.057  55.571   3.494
 260 A N     H      600.00  63.416  49.920   5.522
 261 A N     H      600.00  74.678  49.326   3.256
 262 A N     H      600.00  61.758  50.963   3.165
 263 A N     H      600.00  86.118  69.058   7.541
 264 A N     H      600.00  90.828  61.960   6.525
 265 A N     H      600.00  84.242  47.138   4.425
 266 A N     H      600.00  73.332  51.386   4.576
 268 A N     H      600.00  57.922  58.966   3.557
 269 A N     H      600.00  71.296  58.346   5.667
 270 A N     H      600.00  73.008  68.083   2.386
 271 A N     H      600.00  86.249  48.265   7.065
 272 A N     H      600.00  77.729  49.837   5.907
 276 A N     H      600.00  68.360  43.313   2.499
 278 A N     H      600.00  56.065  54.184   1.813
 279 A N     H      600.00  60.795  53.789   4.476
 280 A N     H      600.00  66.808  56.830   5.395
 282 A N     H      600.00  65.773  59.575   5.376
 283 A N     H      600.00  78.493  52.060   4.627
 284 A N     H      600.00  83.978  52.250   7.130
 285 A N     H      600.00  77.482  44.190   3.482
 288 A N     H      600.00  41.309  37.715   1.543
 289 A N     H      600.00  43.508  40.442   1.145
 290 A N     H      600.00  31.419  31.466   0.725
 291 A N     H      600.00  52.234  44.354   1.391
 292 A N     H      600.00  57.448  57.495   3.318
 293 A N     H      600.00  69.923  52.893   2.612
 294 A N     H      600.00  69.392  55.713   3.205
 295 A N     H      600.00  67.680  56.609   3.320
 296 A N     H      600.00  80.857  62.401  10.558
 297 A N     H      600.00  74.417  46.395   5.254
 299 A N     H      600.00  95.177  42.992   6.938
 301 A N     H      600.00  62.582  51.765   2.640
 302 A N     H      600.00  73.358  43.345   2.191
 303 A N     H      600.00  68.018  57.241   2.894
 306 A N     H      600.00  65.300  59.250   4.075
 308 A N     H      600.00  76.153  60.226   2.168
 309 A N     H      600.00  72.742  72.016   4.476
 310 A N     H      600.00  65.027  67.062   4.493
 311 A N     H      600.00  65.822  57.910   1.714
 312 A N     H      600.00  70.407  48.124   6.201
 313 A N     H      600.00  86.183  43.601   7.078
 315 A N     H      600.00  71.068  60.224   2.165
 316 A N     H      600.00  76.946  43.849   5.308
 319 A N     H      600.00  71.217  70.163   4.076
 320 A N     H      600.00  77.443  43.329   2.730
 321 A N     H      600.00  73.990  56.670   4.030
 322 A N     H      600.00  81.159  45.617   5.581
 323 A N     H      600.00  71.677  43.358   2.913
 325 A N     H      600.00  77.011  75.820   5.346
 326 A N     H      600.00  89.389  64.855   3.797
 327 A N     H      600.00 112.467  43.705   9.023
 328 A N     H      600.00  75.736  48.808   5.209
 329 A N     H      600.00  61.145  56.254   3.631
 333 A N     H      600.00  67.844  66.699   5.308
 334 A N     H      600.00  76.454  51.184   5.713
 335 A N     H      600.00  86.555  44.897   6.516
 336 A N     H      600.00  29.528  21.405   0.636
 338 A N     H      600.00  72.396  55.646   1.995
 339 A N     H      600.00  66.346  60.223   2.838
 340 A N     H      600.00  48.794  47.022   4.072
 343 A N     H      600.00  74.421  59.117   2.816
 345 A N     H      600.00  85.262  44.151   5.525
 346 A N     H      600.00  89.901  63.576   5.667
 348 A N     H      600.00  86.655  68.444   5.399
 350 A N     H      600.00  74.773  43.423   5.801


====Full Rotdif Results: Anisotropic Solution====
<residue><chain><atom1><atom2><freq><rho_exp><rho_pred><rho_error>
 248 A N     H      600.00  43.466  36.859   1.416
 249 A N     H      600.00  63.340  51.268   3.399
 250 A N     H      600.00  85.718  71.958   9.568
 252 A N     H      600.00  63.916  56.663   3.458
 254 A N     H      600.00  79.122  65.943   2.615
 256 A N     H      600.00  74.131  46.854   2.719
 257 A N     H      600.00  86.146  68.439   3.696
 258 A N     H      600.00  84.057  59.016   3.494
 260 A N     H      600.00  63.416  53.738   5.522
 261 A N     H      600.00  74.678  44.991   3.256
 262 A N     H      600.00  61.758  46.592   3.165
 263 A N     H      600.00  86.118  70.821   7.541
 264 A N     H      600.00  90.828  63.165   6.525
 265 A N     H      600.00  84.242  42.817   4.425
 266 A N     H      600.00  73.332  50.128   4.576
 268 A N     H      600.00  57.922  59.017   3.557
 269 A N     H      600.00  71.296  57.903   5.667
 270 A N     H      600.00  73.008  68.454   2.386
 271 A N     H      600.00  86.249  53.019   7.065
 272 A N     H      600.00  77.729  53.440   5.907
 276 A N     H      600.00  68.360  41.940   2.499
 278 A N     H      600.00  56.065  53.331   1.813
 279 A N     H      600.00  60.795  53.408   4.476
 280 A N     H      600.00  66.808  56.447   5.395
 282 A N     H      600.00  65.773  60.181   5.376
 283 A N     H      600.00  78.493  56.089   4.627
 284 A N     H      600.00  83.978  54.114   7.130
 285 A N     H      600.00  77.482  48.253   3.482
 288 A N     H      600.00  41.309  37.128   1.543
 289 A N     H      600.00  43.508  40.031   1.145
 290 A N     H      600.00  31.419  31.469   0.725
 291 A N     H      600.00  52.234  39.760   1.391
 292 A N     H      600.00  57.448  57.597   3.318
 293 A N     H      600.00  69.923  53.536   2.612
 294 A N     H      600.00  69.392  56.953   3.205
 295 A N     H      600.00  67.680  56.829   3.320
 296 A N     H      600.00  80.857  58.916  10.558
 297 A N     H      600.00  74.417  42.557   5.254
 299 A N     H      600.00  95.177  44.380   6.938
 301 A N     H      600.00  62.582  55.865   2.640
 302 A N     H      600.00  73.358  47.037   2.191
 303 A N     H      600.00  68.018  58.075   2.894
 306 A N     H      600.00  65.300  60.078   4.075
 308 A N     H      600.00  76.153  59.780   2.168
 309 A N     H      600.00  72.742  70.749   4.476
 310 A N     H      600.00  65.027  65.244   4.493
 311 A N     H      600.00  65.822  58.133   1.714
 312 A N     H      600.00  70.407  46.538   6.201
 313 A N     H      600.00  86.183  43.244   7.078
 315 A N     H      600.00  71.068  62.063   2.165
 316 A N     H      600.00  76.946  41.387   5.308
 319 A N     H      600.00  71.217  70.640   4.076
 320 A N     H      600.00  77.443  47.833   2.730
 321 A N     H      600.00  73.990  52.450   4.030
 322 A N     H      600.00  81.159  47.409   5.581
 323 A N     H      600.00  71.677  38.779   2.913
 325 A N     H      600.00  77.011  75.031   5.346
 326 A N     H      600.00  89.389  67.361   3.797
 327 A N     H      600.00 112.467  47.238   9.023
 328 A N     H      600.00  75.736  52.638   5.209
 329 A N     H      600.00  61.145  57.523   3.631
 333 A N     H      600.00  67.844  66.438   5.308
 334 A N     H      600.00  76.454  53.070   5.713
 335 A N     H      600.00  86.555  48.727   6.516
 336 A N     H      600.00  29.528  21.310   0.636
 338 A N     H      600.00  72.396  55.619   1.995
 339 A N     H      600.00  66.346  59.127   2.838
 340 A N     H      600.00  48.794  44.538   4.072
 343 A N     H      600.00  74.421  62.886   2.816
 345 A N     H      600.00  85.262  46.626   5.525
 346 A N     H      600.00  89.901  66.175   5.667
 348 A N     H      600.00  86.655  69.064   5.399
 350 A N     H      600.00  74.773  47.844   5.801

====Full Dynamics Results: Isotropic Solution====
<residue><chain><atom1><atom2><freq><csa><s2><s2_err><tau_loc><Rex><s2_fast><tau_fast><chi2>
 248 A N     H      600.00  160.00 0.783 0.016 6.76e-01  3.090 1.000 0.00e+00 4.31e-15
 249 A N     H      600.00  160.00 0.906 0.020 9.73e-01  9.528 1.000 0.00e+00 2.30e-16
 250 A N     H      600.00  160.00 0.860 0.072 0.00e+00 13.461 1.000 0.00e+00 1.63e+01
 252 A N     H      600.00  160.00 1.000 0.020 0.00e+00  5.999 1.000 0.00e+00 6.92e+00
 254 A N     H      600.00  160.00 0.818 0.065 1.60e-02  9.975 1.000 0.00e+00 2.06e-15
 256 A N     H      600.00  160.00 0.859 0.058 2.45e-02  8.650 1.000 0.00e+00 4.44e-14
 257 A N     H      600.00  160.00 0.863 0.026 0.00e+00 13.040 1.000 0.00e+00 1.56e+00
 258 A N     H      600.00  160.00 0.867 0.027 0.00e+00 11.945 1.000 0.00e+00 1.04e+00
 260 A N     H      600.00  160.00 1.000 0.018 0.00e+00  6.974 1.000 0.00e+00 1.20e+00
 261 A N     H      600.00  160.00 0.957 0.030 8.58e-02  9.842 1.000 0.00e+00 2.49e-15
 262 A N     H      600.00  160.00 1.000 0.009 0.00e+00  5.821 1.000 0.00e+00 2.70e+00
 263 A N     H      600.00  160.00 0.912 0.058 0.00e+00 13.351 1.000 0.00e+00 1.25e+00
 264 A N     H      600.00  160.00 0.811 0.064 2.61e-02 14.215 1.000 0.00e+00 3.16e-14
 265 A N     H      600.00  160.00 0.830 0.062 2.87e-02 12.145 1.000 0.00e+00 1.59e-16
 266 A N     H      600.00  160.00 0.973 0.038 0.00e+00  9.242 1.000 0.00e+00 5.11e-01
 268 A N     H      600.00  160.00 1.000 0.021 0.00e+00  4.155 1.000 0.00e+00 2.44e+01
 269 A N     H      600.00  160.00 0.990 0.039 0.00e+00  8.538 1.000 0.00e+00 5.20e-01
 270 A N     H      600.00  160.00 0.923 0.023 0.00e+00  8.377 1.000 0.00e+00 1.03e+00
 271 A N     H      600.00  160.00 0.890 0.055 0.00e+00 13.507 1.000 0.00e+00 1.70e+00
 272 A N     H      600.00  160.00 0.953 0.043 5.94e-02 10.983 1.000 0.00e+00 1.42e-16
 276 A N     H      600.00  160.00 0.970 0.021 1.15e-01  7.297 1.000 0.00e+00 2.48e-16
 278 A N     H      600.00  160.00 0.891 0.021 1.09e-01  2.521 1.000 0.00e+00 1.70e-15
 279 A N     H      600.00  160.00 1.000 0.014 0.00e+00  6.936 1.000 0.00e+00 1.96e+01
 280 A N     H      600.00  160.00 1.000 0.026 0.00e+00  7.957 1.000 0.00e+00 3.11e+00
 282 A N     H      600.00  160.00 1.000 0.034 0.00e+00  6.791 1.000 0.00e+00 5.88e+00
 283 A N     H      600.00  160.00 0.878 0.039 0.00e+00  9.999 1.000 0.00e+00 1.32e+00
 284 A N     H      600.00  160.00 1.000 0.032 0.00e+00 14.280 1.000 0.00e+00 2.97e-01
 285 A N     H      600.00  160.00 0.885 0.029 0.00e+00  9.138 1.000 0.00e+00 3.66e+01
 288 A N     H      600.00  160.00 0.793 0.017 7.52e-01  2.271 1.000 0.00e+00 2.30e-15
 289 A N     H      600.00  160.00 0.854 0.011 6.94e-01  1.067 1.000 0.00e+00 4.10e-14
 290 A N     H      600.00  160.00 0.724 0.008 8.26e-01  0.000 1.000 0.00e+00 1.27e+00
 291 A N     H      600.00  160.00 0.914 0.012 1.82e-01  1.192 1.000 0.00e+00 6.55e-14
 292 A N     H      600.00  160.00 0.937 0.022 2.06e-01  3.202 1.000 0.00e+00 1.30e-16
 293 A N     H      600.00  160.00 0.885 0.025 0.00e+00  6.822 1.000 0.00e+00 1.95e+00
 294 A N     H      600.00  160.00 0.954 0.031 6.44e-02  7.576 1.000 0.00e+00 1.66e-15
 295 A N     H      600.00  160.00 0.894 0.032 0.00e+00  6.460 1.000 0.00e+00 2.67e+00
 296 A N     H      600.00  160.00 0.854 0.074 2.87e-02 11.160 1.000 0.00e+00 5.09e-11
 297 A N     H      600.00  160.00 0.933 0.045 0.00e+00  9.897 1.000 0.00e+00 1.36e+01
 299 A N     H      600.00  160.00 0.741 0.072 1.24e-02 14.237 1.000 0.00e+00 3.48e-11
 301 A N     H      600.00  160.00 1.000 0.015 0.00e+00  4.950 1.000 0.00e+00 3.82e-01
 302 A N     H      600.00  160.00 0.951 0.021 0.00e+00  8.829 1.000 0.00e+00 3.91e-01
 303 A N     H      600.00  160.00 0.991 0.023 0.00e+00  6.987 1.000 0.00e+00 9.89e-02
 306 A N     H      600.00  160.00 0.970 0.032 0.00e+00  6.024 1.000 0.00e+00 2.80e+00
 308 A N     H      600.00  160.00 0.950 0.020 0.00e+00 10.069 1.000 0.00e+00 1.38e-02
 309 A N     H      600.00  160.00 0.886 0.041 0.00e+00  8.812 1.000 0.00e+00 1.59e+01
 310 A N     H      600.00  160.00 0.968 0.041 0.00e+00  6.460 1.000 0.00e+00 2.02e+01
 311 A N     H      600.00  160.00 0.996 0.012 0.00e+00  6.123 1.000 0.00e+00 7.73e-03
 312 A N     H      600.00  160.00 1.000 0.033 0.00e+00  8.516 1.000 0.00e+00 1.37e+00
 313 A N     H      600.00  160.00 0.840 0.054 0.00e+00 13.006 1.000 0.00e+00 7.17e+00
 315 A N     H      600.00  160.00 0.944 0.024 0.00e+00  7.904 1.000 0.00e+00 4.45e-02
 316 A N     H      600.00  160.00 0.910 0.051 2.93e-02 10.182 1.000 0.00e+00 2.41e-13
 319 A N     H      600.00  160.00 0.804 0.042 1.98e-02  7.137 1.000 0.00e+00 2.92e-14
 320 A N     H      600.00  160.00 0.864 0.064 2.99e-02  9.993 1.000 0.00e+00 1.61e-15
 321 A N     H      600.00  160.00 0.791 0.031 4.67e-02  8.493 1.000 0.00e+00 1.93e-15
 322 A N     H      600.00  160.00 0.846 0.068 2.11e-02 11.077 1.000 0.00e+00 2.04e-14
 323 A N     H      600.00  160.00 0.843 0.053 2.62e-02  7.657 1.000 0.00e+00 3.12e-14
 325 A N     H      600.00  160.00 0.825 0.068 2.45e-02  9.423 1.000 0.00e+00 7.52e-14
 326 A N     H      600.00  160.00 0.753 0.052 8.94e-03 12.461 1.000 0.00e+00 4.34e-14
 327 A N     H      600.00  160.00 0.743 0.047 0.00e+00 19.465 1.000 0.00e+00 1.06e-01
 328 A N     H      600.00  160.00 0.990 0.033 0.00e+00 10.291 1.000 0.00e+00 4.13e-03
 329 A N     H      600.00  160.00 1.000 0.027 0.00e+00  4.235 1.000 0.00e+00 1.77e-01
 333 A N     H      600.00  160.00 0.957 0.047 0.00e+00  6.929 1.000 0.00e+00 1.74e+00
 334 A N     H      600.00  160.00 0.916 0.048 0.00e+00  9.641 1.000 0.00e+00 1.30e+00
 335 A N     H      600.00  160.00 0.767 0.076 2.17e-02 12.057 1.000 0.00e+00 2.92e-14
 336 A N     H      600.00  160.00 0.494 0.007 7.54e-01  0.000 0.733 0.00e+00 2.34e-13
 338 A N     H      600.00  160.00 1.000 0.007 0.00e+00  9.440 1.000 0.00e+00 8.98e-01
 339 A N     H      600.00  160.00 0.916 0.034 8.31e-02  6.385 1.000 0.00e+00 1.79e-15
 340 A N     H      600.00  160.00 0.922 0.029 1.73e+00  3.322 1.000 0.00e+00 2.36e-16
 343 A N     H      600.00  160.00 0.784 0.023 6.43e-02  8.928 1.000 0.00e+00 3.55e-16
 345 A N     H      600.00  160.00 0.810 0.041 0.00e+00 12.327 1.000 0.00e+00 1.01e+01
 346 A N     H      600.00  160.00 0.756 0.103 6.59e-03 12.613 1.000 0.00e+00 6.90e-08
 348 A N     H      600.00  160.00 0.899 0.045 0.00e+00 13.626 1.000 0.00e+00 1.87e-01
 350 A N     H      600.00  160.00 0.889 0.053 0.00e+00  9.595 1.000 0.00e+00 1.47e+01


====Full Dynamics Results: Axially-Symmetric Solution====
<residue><chain><atom1><atom2><freq><csa><s2><s2_err><tau_loc><Rex><s2_fast><tau_fast><chi2>
 248 A N     H      600.00  160.00 0.824 0.015 4.80e-01  3.400 1.000 0.00e+00 2.66e-15
 249 A N     H      600.00  160.00 0.841 0.018 1.52e+00  5.778 1.000 0.00e+00 2.13e-16
 250 A N     H      600.00  160.00 0.991 0.051 0.00e+00  6.758 1.000 0.00e+00 1.61e+01
 252 A N     H      600.00  160.00 0.941 0.019 5.49e+00  3.791 1.000 0.00e+00 7.93e+00
 254 A N     H      600.00  160.00 0.956 0.039 0.00e+00  3.483 1.000 0.00e+00 7.24e+00
 256 A N     H      600.00  160.00 0.818 0.070 1.89e-02  9.900 1.000 0.00e+00 4.54e-16
 257 A N     H      600.00  160.00 0.969 0.026 0.00e+00  7.600 1.000 0.00e+00 1.52e+00
 258 A N     H      600.00  160.00 0.891 0.028 0.00e+00 10.406 1.000 0.00e+00 1.03e+00
 260 A N     H      600.00  160.00 0.952 0.010 5.07e+00  6.409 1.000 0.00e+00 6.04e-01
 261 A N     H      600.00  160.00 0.930 0.039 4.90e-02 10.523 1.000 0.00e+00 4.60e-16
 262 A N     H      600.00  160.00 1.000 0.013 0.00e+00  5.630 1.000 0.00e+00 1.87e+00
 263 A N     H      600.00  160.00 1.000 0.023 0.00e+00  7.691 1.000 0.00e+00 1.75e+00
 264 A N     H      600.00  160.00 0.887 0.047 4.45e-02 10.249 1.000 0.00e+00 1.70e-12
 265 A N     H      600.00  160.00 0.789 0.063 2.29e-02 13.436 1.000 0.00e+00 3.17e-15
 266 A N     H      600.00  160.00 0.961 0.041 0.00e+00  9.258 1.000 0.00e+00 5.29e-01
 268 A N     H      600.00  160.00 0.925 0.020 5.73e+00  0.000 1.000 0.00e+00 2.76e+01
 269 A N     H      600.00  160.00 0.943 0.028 5.56e+00  5.774 1.000 0.00e+00 8.41e-01
 270 A N     H      600.00  160.00 0.946 0.011 2.40e+00  1.936 1.000 0.00e+00 3.88e-16
 271 A N     H      600.00  160.00 0.850 0.054 0.00e+00 14.711 1.000 0.00e+00 1.75e+00
 272 A N     H      600.00  160.00 0.943 0.056 0.00e+00 11.266 1.000 0.00e+00 4.14e+00
 276 A N     H      600.00  160.00 0.879 0.053 2.44e-02 10.520 1.000 0.00e+00 6.26e-16
 278 A N     H      600.00  160.00 0.886 0.017 6.26e-01  0.000 0.976 0.00e+00 1.07e-14
 279 A N     H      600.00  160.00 0.878 0.030 5.84e+00  4.460 1.000 0.00e+00 2.03e+01
 280 A N     H      600.00  160.00 0.893 0.033 5.89e+00  4.988 1.000 0.00e+00 3.80e+00
 282 A N     H      600.00  160.00 0.910 0.034 5.89e+00  3.477 1.000 0.00e+00 7.09e+00
 283 A N     H      600.00  160.00 0.873 0.039 0.00e+00  9.760 1.000 0.00e+00 1.29e+00
 284 A N     H      600.00  160.00 1.000 0.033 0.00e+00 13.825 1.000 0.00e+00 2.99e-01
 285 A N     H      600.00  160.00 0.777 0.043 2.72e-02 12.334 1.000 0.00e+00 2.76e-14
 288 A N     H      600.00  160.00 0.789 0.016 7.66e-01  1.747 1.000 0.00e+00 9.39e-15
 289 A N     H      600.00  160.00 0.894 0.008 3.56e-01  1.446 1.000 0.00e+00 8.61e-15
 290 A N     H      600.00  160.00 0.767 0.008 6.85e-01  0.000 1.000 0.00e+00 3.42e-02
 291 A N     H      600.00  160.00 0.855 0.017 8.49e-02  3.301 1.000 0.00e+00 6.24e-15
 292 A N     H      600.00  160.00 0.887 0.016 9.98e-01  0.000 1.000 0.00e+00 1.75e-03
 293 A N     H      600.00  160.00 0.887 0.025 0.00e+00  6.266 1.000 0.00e+00 1.92e+00
 294 A N     H      600.00  160.00 0.981 0.017 4.10e-01  5.641 1.000 0.00e+00 2.88e-16
 295 A N     H      600.00  160.00 0.927 0.033 0.00e+00  4.477 1.000 0.00e+00 2.67e+00
 296 A N     H      600.00  160.00 0.936 0.059 6.86e-02  6.882 1.000 0.00e+00 1.55e-13
 297 A N     H      600.00  160.00 0.873 0.046 0.00e+00 11.907 1.000 0.00e+00 1.38e+01
 299 A N     H      600.00  160.00 0.669 0.103 9.60e-03 16.770 1.000 0.00e+00 1.63e-13
 301 A N     H      600.00  160.00 1.000 0.019 0.00e+00  4.594 1.000 0.00e+00 2.85e-01
 302 A N     H      600.00  160.00 0.857 0.020 0.00e+00 12.119 1.000 0.00e+00 3.43e-01
 303 A N     H      600.00  160.00 1.000 0.010 0.00e+00  5.323 1.000 0.00e+00 1.12e+00
 306 A N     H      600.00  160.00 0.965 0.021 5.43e+00  2.958 1.000 0.00e+00 3.24e+00
 308 A N     H      600.00  160.00 0.975 0.010 5.40e+00  6.508 1.000 0.00e+00 4.42e-02
 309 A N     H      600.00  160.00 1.000 0.015 0.00e+00  2.034 1.000 0.00e+00 1.64e+01
 310 A N     H      600.00  160.00 1.000 0.011 0.00e+00  2.401 1.000 0.00e+00 2.29e+01
 311 A N     H      600.00  160.00 0.931 0.010 5.64e+00  3.391 1.000 0.00e+00 2.11e-02
 312 A N     H      600.00  160.00 0.960 0.046 0.00e+00  9.795 1.000 0.00e+00 1.41e+00
 313 A N     H      600.00  160.00 0.760 0.049 0.00e+00 15.820 1.000 0.00e+00 7.35e+00
 315 A N     H      600.00  160.00 0.987 0.004 2.57e+00  4.376 1.000 0.00e+00 2.78e-16
 316 A N     H      600.00  160.00 0.829 0.074 1.50e-02 13.017 1.000 0.00e+00 1.43e-14
 319 A N     H      600.00  160.00 0.945 0.022 7.48e-02  0.000 1.000 0.00e+00 8.71e-02
 320 A N     H      600.00  160.00 0.802 0.073 0.00e+00 12.513 1.000 0.00e+00 1.28e+01
 321 A N     H      600.00  160.00 0.833 0.033 5.92e-02  6.160 1.000 0.00e+00 2.07e-16
 322 A N     H      600.00  160.00 0.788 0.067 1.51e-02 13.029 1.000 0.00e+00 8.72e-12
 323 A N     H      600.00  160.00 0.765 0.050 1.73e-02 10.387 1.000 0.00e+00 3.52e-15
 325 A N     H      600.00  160.00 0.967 0.014 5.65e-01  0.000 1.000 0.00e+00 5.63e-01
 326 A N     H      600.00  160.00 0.852 0.030 0.00e+00  7.742 1.000 0.00e+00 4.78e+00
 327 A N     H      600.00  160.00 0.673 0.043 0.00e+00 21.920 1.000 0.00e+00 1.31e-01
 328 A N     H      600.00  160.00 0.952 0.042 0.00e+00 11.401 1.000 0.00e+00 1.95e-03
 329 A N     H      600.00  160.00 0.949 0.020 5.41e+00  2.230 1.000 0.00e+00 3.72e-01
 333 A N     H      600.00  160.00 0.940 0.028 5.98e+00  0.000 1.000 0.00e+00 3.83e+00
 334 A N     H      600.00  160.00 0.903 0.048 0.00e+00  9.736 1.000 0.00e+00 1.27e+00
 335 A N     H      600.00  160.00 0.711 0.056 1.74e-02 13.971 1.000 0.00e+00 2.59e-14
 336 A N     H      600.00  160.00 0.532 0.007 6.32e-01  0.000 0.740 0.00e+00 8.91e-12
 338 A N     H      600.00  160.00 0.940 0.010 5.45e+00  7.424 1.000 0.00e+00 1.01e+00
 339 A N     H      600.00  160.00 0.928 0.013 8.73e-01  2.457 1.000 0.00e+00 9.18e-17
 340 A N     H      600.00  160.00 0.915 0.027 2.01e+00  0.000 1.000 0.00e+00 1.74e+00
 343 A N     H      600.00  160.00 0.848 0.024 9.64e-02  5.515 1.000 0.00e+00 1.09e-13
 345 A N     H      600.00  160.00 0.738 0.037 0.00e+00 14.850 1.000 0.00e+00 1.03e+01
 346 A N     H      600.00  160.00 0.843 0.044 0.00e+00  8.403 1.000 0.00e+00 2.40e+00
 348 A N     H      600.00  160.00 0.965 0.021 5.84e+00  7.147 1.000 0.00e+00 2.84e-01
 350 A N     H      600.00  160.00 0.802 0.049 0.00e+00 12.640 1.000 0.00e+00 1.49e+01


====Full Dynamics Results: Anisotropic Solution====
<residue><chain><atom1><atom2><freq><csa><s2><s2_err><tau_loc><Rex><s2_fast><tau_fast><chi2>
 248 A N     H      600.00  160.00 0.817 0.016 5.17e-01  3.148 1.000 0.00e+00 7.71e-15
 249 A N     H      600.00  160.00 0.840 0.018 1.52e+00  5.638 1.000 0.00e+00 1.78e-15
 250 A N     H      600.00  160.00 1.000 0.047 0.00e+00  6.005 1.000 0.00e+00 1.61e+01
 252 A N     H      600.00  160.00 0.942 0.019 5.49e+00  3.772 1.000 0.00e+00 7.92e+00
 254 A N     H      600.00  160.00 0.921 0.042 3.78e-02  4.697 1.000 0.00e+00 7.12e-15
 256 A N     H      600.00  160.00 0.813 0.047 1.83e-02 10.165 1.000 0.00e+00 8.64e-15
 257 A N     H      600.00  160.00 0.982 0.024 0.00e+00  6.758 1.000 0.00e+00 1.52e+00
 258 A N     H      600.00  160.00 0.913 0.029 0.00e+00  9.128 1.000 0.00e+00 1.03e+00
 260 A N     H      600.00  160.00 1.000 0.015 0.00e+00  6.302 1.000 0.00e+00 1.63e+00
 261 A N     H      600.00  160.00 0.892 0.051 3.14e-02 12.315 1.000 0.00e+00 2.63e-11
 262 A N     H      600.00  160.00 0.987 0.026 0.00e+00  6.964 1.000 0.00e+00 1.37e+00
 263 A N     H      600.00  160.00 1.000 0.020 0.00e+00  7.297 1.000 0.00e+00 1.96e+00
 264 A N     H      600.00  160.00 0.893 0.046 4.70e-02  9.824 1.000 0.00e+00 8.78e-13
 265 A N     H      600.00  160.00 0.756 0.101 1.98e-02 14.992 1.000 0.00e+00 1.13e-13
 266 A N     H      600.00  160.00 0.950 0.043 0.00e+00  9.782 1.000 0.00e+00 5.31e-01
 268 A N     H      600.00  160.00 0.926 0.020 5.74e+00  0.000 1.000 0.00e+00 2.75e+01
 269 A N     H      600.00  160.00 0.949 0.027 5.49e+00  5.962 1.000 0.00e+00 8.14e-01
 270 A N     H      600.00  160.00 0.945 0.011 2.41e+00  1.789 1.000 0.00e+00 2.83e-16
 271 A N     H      600.00  160.00 0.885 0.057 0.00e+00 12.900 1.000 0.00e+00 1.74e+00
 272 A N     H      600.00  160.00 0.957 0.041 6.38e-02 10.012 1.000 0.00e+00 2.12e-14
 276 A N     H      600.00  160.00 0.866 0.059 2.20e-02 11.095 1.000 0.00e+00 1.59e-14
 278 A N     H      600.00  160.00 0.871 0.017 6.92e-01  0.000 0.967 0.00e+00 2.67e-13
 279 A N     H      600.00  160.00 0.886 0.031 5.76e+00  4.652 1.000 0.00e+00 2.02e+01
 280 A N     H      600.00  160.00 0.900 0.032 5.81e+00  5.165 1.000 0.00e+00 3.77e+00
 282 A N     H      600.00  160.00 0.905 0.033 5.98e+00  3.207 1.000 0.00e+00 7.12e+00
 283 A N     H      600.00  160.00 0.901 0.040 0.00e+00  8.246 1.000 0.00e+00 1.30e+00
 284 A N     H      600.00  160.00 1.000 0.029 0.00e+00 13.373 1.000 0.00e+00 3.66e-01
 285 A N     H      600.00  160.00 0.807 0.043 3.16e-02 10.839 1.000 0.00e+00 2.75e-14
 288 A N     H      600.00  160.00 0.796 0.016 7.37e-01  2.031 1.000 0.00e+00 1.68e-14
 289 A N     H      600.00  160.00 0.896 0.007 3.08e-01  1.642 1.000 0.00e+00 4.51e-16
 290 A N     H      600.00  160.00 0.766 0.006 6.85e-01  0.000 1.000 0.00e+00 5.94e-02
 291 A N     H      600.00  160.00 0.815 0.016 6.46e-02  5.172 1.000 0.00e+00 4.81e-16
 292 A N     H      600.00  160.00 0.885 0.016 1.01e+00  0.000 1.000 0.00e+00 3.09e-02
 293 A N     H      600.00  160.00 0.890 0.025 0.00e+00  6.022 1.000 0.00e+00 1.92e+00
 294 A N     H      600.00  160.00 0.972 0.014 7.86e-01  5.126 1.000 0.00e+00 4.11e-16
 295 A N     H      600.00  160.00 0.927 0.033 0.00e+00  4.393 1.000 0.00e+00 2.68e+00
 296 A N     H      600.00  160.00 0.910 0.065 4.76e-02  8.173 1.000 0.00e+00 2.79e-14
 297 A N     H      600.00  160.00 0.842 0.046 0.00e+00 13.440 1.000 0.00e+00 1.38e+01
 299 A N     H      600.00  160.00 0.678 0.076 9.87e-03 16.326 1.000 0.00e+00 6.45e-15
 301 A N     H      600.00  160.00 1.000 0.008 0.00e+00  3.604 1.000 0.00e+00 1.30e+00
 302 A N     H      600.00  160.00 0.888 0.022 0.00e+00 10.616 1.000 0.00e+00 3.50e-01
 303 A N     H      600.00  160.00 1.000 0.009 0.00e+00  5.121 1.000 0.00e+00 1.51e+00
 306 A N     H      600.00  160.00 0.958 0.021 5.54e+00  2.612 1.000 0.00e+00 3.30e+00
 308 A N     H      600.00  160.00 0.980 0.010 5.34e+00  6.687 1.000 0.00e+00 3.68e-02
 309 A N     H      600.00  160.00 1.000 0.018 0.00e+00  2.247 1.000 0.00e+00 1.61e+01
 310 A N     H      600.00  160.00 1.000 0.012 0.00e+00  2.744 1.000 0.00e+00 2.22e+01
 311 A N     H      600.00  160.00 0.930 0.010 5.66e+00  3.296 1.000 0.00e+00 2.14e-02
 312 A N     H      600.00  160.00 0.946 0.049 0.00e+00 10.478 1.000 0.00e+00 1.41e+00
 313 A N     H      600.00  160.00 0.757 0.048 0.00e+00 15.948 1.000 0.00e+00 7.35e+00
 315 A N     H      600.00  160.00 1.000 0.005 0.00e+00  4.256 1.000 0.00e+00 1.30e+00
 316 A N     H      600.00  160.00 0.825 0.079 2.05e-02 13.369 1.000 0.00e+00 8.66e-01
 319 A N     H      600.00  160.00 0.942 0.023 7.03e-02  0.000 1.000 0.00e+00 3.12e-02
 320 A N     H      600.00  160.00 0.816 0.072 2.18e-02 11.126 1.000 0.00e+00 1.11e-15
 321 A N     H      600.00  160.00 0.803 0.033 4.98e-02  7.632 1.000 0.00e+00 4.55e-16
 322 A N     H      600.00  160.00 0.831 0.071 1.83e-02 11.817 1.000 0.00e+00 4.92e-01
 323 A N     H      600.00  160.00 0.729 0.057 1.49e-02 12.058 1.000 0.00e+00 2.19e-15
 325 A N     H      600.00  160.00 0.972 0.013 3.89e-01  0.000 1.000 0.00e+00 8.68e-01
 326 A N     H      600.00  160.00 0.866 0.030 0.00e+00  6.919 1.000 0.00e+00 4.78e+00
 327 A N     H      600.00  160.00 0.695 0.046 0.00e+00 20.797 1.000 0.00e+00 1.27e-01
 328 A N     H      600.00  160.00 0.983 0.036 0.00e+00  9.778 1.000 0.00e+00 2.38e-03
 329 A N     H      600.00  160.00 0.938 0.020 5.58e+00  1.689 1.000 0.00e+00 4.05e-01
 333 A N     H      600.00  160.00 0.948 0.027 5.90e+00  0.000 1.000 0.00e+00 4.12e+00
 334 A N     H      600.00  160.00 0.915 0.048 0.00e+00  8.997 1.000 0.00e+00 1.27e+00
 335 A N     H      600.00  160.00 0.736 0.048 1.91e-02 12.694 1.000 0.00e+00 2.35e-10
 336 A N     H      600.00  160.00 0.529 0.007 6.40e-01  0.000 0.739 0.00e+00 7.57e-13
 338 A N     H      600.00  160.00 0.941 0.010 5.44e+00  7.435 1.000 0.00e+00 1.01e+00
 339 A N     H      600.00  160.00 0.937 0.013 7.42e-01  2.897 1.000 0.00e+00 7.92e-16
 340 A N     H      600.00  160.00 0.904 0.027 1.99e+00  2.073 1.000 0.00e+00 1.59e-15
 343 A N     H      600.00  160.00 0.871 0.022 1.18e-01  4.187 1.000 0.00e+00 4.92e-15
 345 A N     H      600.00  160.00 0.755 0.039 0.00e+00 13.992 1.000 0.00e+00 1.03e+01
 346 A N     H      600.00  160.00 0.857 0.045 0.00e+00  7.551 1.000 0.00e+00 2.40e+00
 348 A N     H      600.00  160.00 0.962 0.022 5.91e+00  6.910 1.000 0.00e+00 2.93e-01
 350 A N     H      600.00  160.00 0.836 0.052 0.00e+00 10.958 1.000 0.00e+00 1.49e+01

=====ROBUST REGRESSION: Off=====

=====ORIENTATION SAMPLING=====
Number of rigid bonds = 73
Sampling Param Xi = 0.045 Vectors are uniformly distributed.
Sampling Tensor Components = [0.166, 0.030, -0.197].

=====ISOTROPIC MODEL=====
Diso = 1.04 +/- 0.00 *(10^7) 1/s
TAUc = 16.04 +/- 0.07 ns
Q = 1.242  chi^2 = 4525.571  chi^2/df = 62.855 (Rigid Only)
Akaike Information Criterion (AIC): Value = 4527.571

=====AXIALLY-SYMMETRIC MODEL (PROLATE)=====
D_perp = 0.79 +/- 0.01 *(10^7) 1/s
D_parallel = 1.54 +/- 0.02 *(10^7) 1/s
alpha = 84 +/- 4  deg
beta = 167 +/- 1  deg
Orientational Uncertainty = 4 deg
TAUc = 16.05 +/- 0.07 ns
anisotropy = 1.96 +/- 0.04
Q = 1.161  R = 0.361  chi^2 = 2815.765  chi^2/df = 40.808 (Rigid Only)
Inertia Tensor Unique Axis Difference = 56 deg
ELM Predicted Tensor Unique Axis Difference = 55 deg
F-test (0.05): Axially-Symmetric model better than Isotropic? true, P = 3.27e-07, F = 13.97
Akaike Information Criterion (AIC): Value = 2823.765,
   =>Axially-Symmetric model better than Isotropic? true

==Axially-Symmetric Diffusion Tensor==
    [  0.787   0.004  -0.019]     [  0.007   0.003   0.012]
D = [  0.004   0.824  -0.165] +/- [  0.003   0.009   0.013] *(10^7) 1/s
    [ -0.019  -0.165   1.504]     [  0.012   0.013   0.021]

==Axially-Symmetric Diffusion Tensor Sorted Eigendecomposition==
    [  -0.994     0.110     0.025][   0.786     0.000     0.000][  -0.994     0.113    -0.000]
D = [   0.113     0.968     0.224][   0.000     0.786     0.000][   0.110     0.968     0.225] *(10^7) 1/s
    [   0.000     0.225    -0.974][   0.000     0.000     1.542][   0.025     0.224    -0.974]

=====FULLY ANISOTROPIC MODEL=====
Dx = 0.67 +/- 0.02 *(10^7) 1/s
Dy = 0.91 +/- 0.03 *(10^7) 1/s
Dz = 1.54 +/- 0.02 *(10^7) 1/s
alpha = 88 +/- 4  deg
beta = 167 +/- 1  deg
gamma = 138 +/- 5 deg
Orientational Uncertainty = 4 deg
TAUc = 16.02 +/- 0.07 ns
anisotropy = 1.95 +/- 0.04
rhombicity = 0.46 +/- 0.10
Q = 1.125  R = 0.426  chi^2 = 2787.403  chi^2/df = 41.603 (Rigid Only)
Axially-Symmetric Tensor Primary Axis Difference = 1 deg
Inertia Tensor Primary Axis Difference = 56 deg
Inertia Tensor Orientational Difference = 91 deg
ELM Predicted Tensor Primary Axis Difference = 56 deg
ELM Predicted Tensor Orientational Difference = 90 deg
F-test (0.05): Anisotropic model better than Isotropic? true, P = 3.49e-06, F = 8.36
F-test (0.05): Anisotropic model better than Axially-Symmetric? false, P = 7.12e-01, F = 0.34
Akaike Information Criterion (AIC): Value = 2799.403,
   =>Anisotropic model better than Isotropic? true
   =>Anisotropic model better than Axially-Symmteric? true

==Anistropic Diffusion Tensor==
    [  0.810   0.112   0.022]     [  0.014   0.023   0.014]
D = [  0.112   0.810  -0.174] +/- [  0.023   0.016   0.013] *(10^7) 1/s
    [  0.022  -0.174   1.500]     [  0.014   0.013   0.022]

==Anistropic Diffusion Tensor Sorted Eigendecomposition==
    [  -0.641     0.767     0.007][   0.673     0.000     0.000][  -0.641     0.747     0.174]
D = [   0.747     0.622     0.232][   0.000     0.905     0.000][   0.767     0.622     0.154] *(10^7) 1/s
    [   0.174     0.154    -0.973][   0.000     0.000     1.542][   0.007     0.232    -0.973]

====Potential Rigid Bonds with High Rex (>10% of R2) or Low S2 (<0.75) ====
<residue><chain><atom1><atom2><CSA><Radius><Rex><S2>
 256 A N H 160.00 1.02 10.17 0.81
 257 A N H 160.00 1.02 6.76 0.98
 258 A N H 160.00 1.02 9.13 0.91
 261 A N H 160.00 1.02 12.32 0.89
 262 A N H 160.00 1.02 6.97 0.99
 264 A N H 160.00 1.02 9.83 0.89
 265 A N H 160.00 1.02 15.00 0.76
 266 A N H 160.00 1.02 9.79 0.95
 271 A N H 160.00 1.02 12.91 0.88
 272 A N H 160.00 1.02 10.02 0.96
 276 A N H 160.00 1.02 11.10 0.87
 283 A N H 160.00 1.02 8.25 0.90
 284 A N H 160.00 1.02 13.38 1.00
 285 A N H 160.00 1.02 10.84 0.81
 291 A N H 160.00 1.02 5.17 0.81
 293 A N H 160.00 1.02 6.02 0.89
 297 A N H 160.00 1.02 13.45 0.84
 299 A N H 160.00 1.02 16.33 0.68
 302 A N H 160.00 1.02 10.62 0.89
 303 A N H 160.00 1.02 5.12 1.00
 308 A N H 160.00 1.02 6.69 0.98
 312 A N H 160.00 1.02 10.48 0.95
 313 A N H 160.00 1.02 15.96 0.76
 316 A N H 160.00 1.02 13.37 0.83
 320 A N H 160.00 1.02 11.13 0.82
 321 A N H 160.00 1.02 7.64 0.80
 322 A N H 160.00 1.02 11.82 0.83
 323 A N H 160.00 1.02 12.06 0.73
 326 A N H 160.00 1.02 6.92 0.87
 327 A N H 160.00 1.02 20.81 0.70
 328 A N H 160.00 1.02 9.78 0.98
 334 A N H 160.00 1.02 9.00 0.92
 335 A N H 160.00 1.02 12.70 0.74
 336 A N H 160.00 1.02 0.00 0.53
 338 A N H 160.00 1.02 7.44 0.94
 345 A N H 160.00 1.02 14.00 0.75
 350 A N H 160.00 1.02 10.96 0.84

====Full Rotdif Results: Isotropic Solution====
<residue><chain><atom1><atom2><freq><rho_exp><rho_pred><rho_error>
 248 A N     H      600.00  43.466  51.422   1.416
 249 A N     H      600.00  63.341  51.422   3.399
 250 A N     H      600.00  85.718  51.422   9.568
 252 A N     H      600.00  63.916  51.422   3.458
 254 A N     H      600.00  79.122  51.422   2.615
 256 A N     H      600.00  74.131  51.422   2.719
 257 A N     H      600.00  86.146  51.422   3.696
 258 A N     H      600.00  84.057  51.422   3.494
 260 A N     H      600.00  63.416  51.422   5.522
 261 A N     H      600.00  74.678  51.422   3.256
 262 A N     H      600.00  61.758  51.422   3.165
 263 A N     H      600.00  86.118  51.422   7.541
 264 A N     H      600.00  90.828  51.422   6.525
 265 A N     H      600.00  84.242  51.422   4.425
 266 A N     H      600.00  73.332  51.422   4.576
 268 A N     H      600.00  57.922  51.422   3.557
 269 A N     H      600.00  71.296  51.422   5.667
 270 A N     H      600.00  73.008  51.422   2.386
 271 A N     H      600.00  86.249  51.422   7.065
 272 A N     H      600.00  77.729  51.422   5.907
 276 A N     H      600.00  68.360  51.422   2.499
 278 A N     H      600.00  56.065  51.422   1.813
 279 A N     H      600.00  60.795  51.422   4.476
 280 A N     H      600.00  66.808  51.422   5.395
 282 A N     H      600.00  65.773  51.422   5.376
 283 A N     H      600.00  78.493  51.422   4.627
 284 A N     H      600.00  83.978  51.422   7.130
 285 A N     H      600.00  77.482  51.422   3.482
 288 A N     H      600.00  41.309  51.422   1.543
 289 A N     H      600.00  43.508  51.422   1.145
 290 A N     H      600.00  31.419  51.422   0.725
 291 A N     H      600.00  52.234  51.422   1.391
 292 A N     H      600.00  57.448  51.422   3.318
 293 A N     H      600.00  69.923  51.422   2.612
 294 A N     H      600.00  69.392  51.422   3.205
 295 A N     H      600.00  67.680  51.422   3.320
 296 A N     H      600.00  80.857  51.422  10.558
 297 A N     H      600.00  74.417  51.422   5.254
 299 A N     H      600.00  95.177  51.422   6.938
 301 A N     H      600.00  62.582  51.422   2.640
 302 A N     H      600.00  73.358  51.422   2.191
 303 A N     H      600.00  68.018  51.422   2.894
 306 A N     H      600.00  65.300  51.422   4.075
 308 A N     H      600.00  76.153  51.422   2.168
 309 A N     H      600.00  72.742  51.422   4.476
 310 A N     H      600.00  65.027  51.422   4.493
 311 A N     H      600.00  65.822  51.422   1.714
 312 A N     H      600.00  70.407  51.422   6.201
 313 A N     H      600.00  86.183  51.422   7.078
 315 A N     H      600.00  71.068  51.422   2.165
 316 A N     H      600.00  76.946  51.422   5.308
 319 A N     H      600.00  71.217  51.422   4.076
 320 A N     H      600.00  77.443  51.422   2.730
 321 A N     H      600.00  73.990  51.422   4.030
 322 A N     H      600.00  81.159  51.422   5.581
 323 A N     H      600.00  71.677  51.422   2.913
 325 A N     H      600.00  77.011  51.422   5.346
 326 A N     H      600.00  89.389  51.422   3.797
 327 A N     H      600.00 112.467  51.422   9.023
 328 A N     H      600.00  75.736  51.422   5.209
 329 A N     H      600.00  61.145  51.422   3.631
 333 A N     H      600.00  67.844  51.422   5.308
 334 A N     H      600.00  76.454  51.422   5.713
 335 A N     H      600.00  86.555  51.422   6.516
 336 A N     H      600.00  29.528  51.422   0.636
 338 A N     H      600.00  72.396  51.422   1.995
 339 A N     H      600.00  66.346  51.422   2.838
 340 A N     H      600.00  48.794  51.422   4.072
 343 A N     H      600.00  74.421  51.422   2.816
 345 A N     H      600.00  85.262  51.422   5.525
 346 A N     H      600.00  89.901  51.422   5.667
 348 A N     H      600.00  86.655  51.422   5.399
 350 A N     H      600.00  74.773  51.422   5.801


====Full Rotdif Results: Axially-Symmetric Solution====
<residue><chain><atom1><atom2><freq><rho_exp><rho_pred><rho_error>
 248 A N     H      600.00  43.466  36.331   1.416
 249 A N     H      600.00  63.340  50.970   3.399
 250 A N     H      600.00  85.718  69.640   9.568
 252 A N     H      600.00  63.916  56.616   3.458
 254 A N     H      600.00  79.122  68.401   2.615
 256 A N     H      600.00  74.131  47.569   2.719
 257 A N     H      600.00  86.146  66.156   3.696
 258 A N     H      600.00  84.057  55.571   3.494
 260 A N     H      600.00  63.416  49.920   5.522
 261 A N     H      600.00  74.678  49.326   3.256
 262 A N     H      600.00  61.758  50.963   3.165
 263 A N     H      600.00  86.118  69.058   7.541
 264 A N     H      600.00  90.828  61.960   6.525
 265 A N     H      600.00  84.242  47.138   4.425
 266 A N     H      600.00  73.332  51.386   4.576
 268 A N     H      600.00  57.922  58.966   3.557
 269 A N     H      600.00  71.296  58.346   5.667
 270 A N     H      600.00  73.008  68.083   2.386
 271 A N     H      600.00  86.249  48.265   7.065
 272 A N     H      600.00  77.729  49.837   5.907
 276 A N     H      600.00  68.360  43.313   2.499
 278 A N     H      600.00  56.065  54.184   1.813
 279 A N     H      600.00  60.795  53.789   4.476
 280 A N     H      600.00  66.808  56.830   5.395
 282 A N     H      600.00  65.773  59.575   5.376
 283 A N     H      600.00  78.493  52.060   4.627
 284 A N     H      600.00  83.978  52.250   7.130
 285 A N     H      600.00  77.482  44.190   3.482
 288 A N     H      600.00  41.309  37.715   1.543
 289 A N     H      600.00  43.508  40.442   1.145
 290 A N     H      600.00  31.419  31.466   0.725
 291 A N     H      600.00  52.234  44.354   1.391
 292 A N     H      600.00  57.448  57.495   3.318
 293 A N     H      600.00  69.923  52.893   2.612
 294 A N     H      600.00  69.392  55.713   3.205
 295 A N     H      600.00  67.680  56.609   3.320
 296 A N     H      600.00  80.857  62.401  10.558
 297 A N     H      600.00  74.417  46.395   5.254
 299 A N     H      600.00  95.177  42.992   6.938
 301 A N     H      600.00  62.582  51.765   2.640
 302 A N     H      600.00  73.358  43.345   2.191
 303 A N     H      600.00  68.018  57.241   2.894
 306 A N     H      600.00  65.300  59.250   4.075
 308 A N     H      600.00  76.153  60.226   2.168
 309 A N     H      600.00  72.742  72.016   4.476
 310 A N     H      600.00  65.027  67.062   4.493
 311 A N     H      600.00  65.822  57.910   1.714
 312 A N     H      600.00  70.407  48.124   6.201
 313 A N     H      600.00  86.183  43.601   7.078
 315 A N     H      600.00  71.068  60.224   2.165
 316 A N     H      600.00  76.946  43.849   5.308
 319 A N     H      600.00  71.217  70.163   4.076
 320 A N     H      600.00  77.443  43.329   2.730
 321 A N     H      600.00  73.990  56.670   4.030
 322 A N     H      600.00  81.159  45.617   5.581
 323 A N     H      600.00  71.677  43.358   2.913
 325 A N     H      600.00  77.011  75.820   5.346
 326 A N     H      600.00  89.389  64.855   3.797
 327 A N     H      600.00 112.467  43.705   9.023
 328 A N     H      600.00  75.736  48.808   5.209
 329 A N     H      600.00  61.145  56.254   3.631
 333 A N     H      600.00  67.844  66.699   5.308
 334 A N     H      600.00  76.454  51.184   5.713
 335 A N     H      600.00  86.555  44.897   6.516
 336 A N     H      600.00  29.528  21.405   0.636
 338 A N     H      600.00  72.396  55.646   1.995
 339 A N     H      600.00  66.346  60.223   2.838
 340 A N     H      600.00  48.794  47.022   4.072
 343 A N     H      600.00  74.421  59.117   2.816
 345 A N     H      600.00  85.262  44.151   5.525
 346 A N     H      600.00  89.901  63.576   5.667
 348 A N     H      600.00  86.655  68.444   5.399
 350 A N     H      600.00  74.773  43.423   5.801


====Full Rotdif Results: Anisotropic Solution====
<residue><chain><atom1><atom2><freq><rho_exp><rho_pred><rho_error>
 248 A N     H      600.00  43.466  36.859   1.416
 249 A N     H      600.00  63.340  51.268   3.399
 250 A N     H      600.00  85.718  71.958   9.568
 252 A N     H      600.00  63.916  56.663   3.458
 254 A N     H      600.00  79.122  65.943   2.615
 256 A N     H      600.00  74.131  46.854   2.719
 257 A N     H      600.00  86.146  68.439   3.696
 258 A N     H      600.00  84.057  59.016   3.494
 260 A N     H      600.00  63.416  53.738   5.522
 261 A N     H      600.00  74.678  44.991   3.256
 262 A N     H      600.00  61.758  46.592   3.165
 263 A N     H      600.00  86.118  70.821   7.541
 264 A N     H      600.00  90.828  63.165   6.525
 265 A N     H      600.00  84.242  42.817   4.425
 266 A N     H      600.00  73.332  50.128   4.576
 268 A N     H      600.00  57.922  59.017   3.557
 269 A N     H      600.00  71.296  57.903   5.667
 270 A N     H      600.00  73.008  68.454   2.386
 271 A N     H      600.00  86.249  53.019   7.065
 272 A N     H      600.00  77.729  53.440   5.907
 276 A N     H      600.00  68.360  41.940   2.499
 278 A N     H      600.00  56.065  53.331   1.813
 279 A N     H      600.00  60.795  53.408   4.476
 280 A N     H      600.00  66.808  56.447   5.395
 282 A N     H      600.00  65.773  60.181   5.376
 283 A N     H      600.00  78.493  56.089   4.627
 284 A N     H      600.00  83.978  54.114   7.130
 285 A N     H      600.00  77.482  48.253   3.482
 288 A N     H      600.00  41.309  37.128   1.543
 289 A N     H      600.00  43.508  40.031   1.145
 290 A N     H      600.00  31.419  31.469   0.725
 291 A N     H      600.00  52.234  39.760   1.391
 292 A N     H      600.00  57.448  57.597   3.318
 293 A N     H      600.00  69.923  53.536   2.612
 294 A N     H      600.00  69.392  56.953   3.205
 295 A N     H      600.00  67.680  56.829   3.320
 296 A N     H      600.00  80.857  58.916  10.558
 297 A N     H      600.00  74.417  42.557   5.254
 299 A N     H      600.00  95.177  44.380   6.938
 301 A N     H      600.00  62.582  55.865   2.640
 302 A N     H      600.00  73.358  47.037   2.191
 303 A N     H      600.00  68.018  58.075   2.894
 306 A N     H      600.00  65.300  60.078   4.075
 308 A N     H      600.00  76.153  59.780   2.168
 309 A N     H      600.00  72.742  70.749   4.476
 310 A N     H      600.00  65.027  65.244   4.493
 311 A N     H      600.00  65.822  58.133   1.714
 312 A N     H      600.00  70.407  46.538   6.201
 313 A N     H      600.00  86.183  43.244   7.078
 315 A N     H      600.00  71.068  62.063   2.165
 316 A N     H      600.00  76.946  41.387   5.308
 319 A N     H      600.00  71.217  70.640   4.076
 320 A N     H      600.00  77.443  47.833   2.730
 321 A N     H      600.00  73.990  52.450   4.030
 322 A N     H      600.00  81.159  47.409   5.581
 323 A N     H      600.00  71.677  38.779   2.913
 325 A N     H      600.00  77.011  75.031   5.346
 326 A N     H      600.00  89.389  67.361   3.797
 327 A N     H      600.00 112.467  47.238   9.023
 328 A N     H      600.00  75.736  52.638   5.209
 329 A N     H      600.00  61.145  57.523   3.631
 333 A N     H      600.00  67.844  66.438   5.308
 334 A N     H      600.00  76.454  53.070   5.713
 335 A N     H      600.00  86.555  48.727   6.516
 336 A N     H      600.00  29.528  21.310   0.636
 338 A N     H      600.00  72.396  55.619   1.995
 339 A N     H      600.00  66.346  59.127   2.838
 340 A N     H      600.00  48.794  44.538   4.072
 343 A N     H      600.00  74.421  62.886   2.816
 345 A N     H      600.00  85.262  46.626   5.525
 346 A N     H      600.00  89.901  66.175   5.667
 348 A N     H      600.00  86.655  69.064   5.399
 350 A N     H      600.00  74.773  47.844   5.801

====Full Dynamics Results: Isotropic Solution====
<residue><chain><atom1><atom2><freq><csa><s2><s2_err><tau_loc><Rex><s2_fast><tau_fast><chi2>
 248 A N     H      600.00  160.00 0.783 0.016 6.76e-01  3.090 1.000 0.00e+00 4.31e-15
 249 A N     H      600.00  160.00 0.906 0.020 9.73e-01  9.528 1.000 0.00e+00 2.30e-16
 250 A N     H      600.00  160.00 0.860 0.072 0.00e+00 13.461 1.000 0.00e+00 1.63e+01
 252 A N     H      600.00  160.00 1.000 0.020 0.00e+00  5.999 1.000 0.00e+00 6.92e+00
 254 A N     H      600.00  160.00 0.818 0.065 1.60e-02  9.975 1.000 0.00e+00 2.06e-15
 256 A N     H      600.00  160.00 0.859 0.058 2.45e-02  8.650 1.000 0.00e+00 4.44e-14
 257 A N     H      600.00  160.00 0.863 0.026 0.00e+00 13.040 1.000 0.00e+00 1.56e+00
 258 A N     H      600.00  160.00 0.867 0.027 0.00e+00 11.945 1.000 0.00e+00 1.04e+00
 260 A N     H      600.00  160.00 1.000 0.018 0.00e+00  6.974 1.000 0.00e+00 1.20e+00
 261 A N     H      600.00  160.00 0.957 0.030 8.58e-02  9.842 1.000 0.00e+00 2.49e-15
 262 A N     H      600.00  160.00 1.000 0.009 0.00e+00  5.821 1.000 0.00e+00 2.70e+00
 263 A N     H      600.00  160.00 0.912 0.058 0.00e+00 13.351 1.000 0.00e+00 1.25e+00
 264 A N     H      600.00  160.00 0.811 0.064 2.61e-02 14.215 1.000 0.00e+00 3.16e-14
 265 A N     H      600.00  160.00 0.830 0.062 2.87e-02 12.145 1.000 0.00e+00 1.59e-16
 266 A N     H      600.00  160.00 0.973 0.038 0.00e+00  9.242 1.000 0.00e+00 5.11e-01
 268 A N     H      600.00  160.00 1.000 0.021 0.00e+00  4.155 1.000 0.00e+00 2.44e+01
 269 A N     H      600.00  160.00 0.990 0.039 0.00e+00  8.538 1.000 0.00e+00 5.20e-01
 270 A N     H      600.00  160.00 0.923 0.023 0.00e+00  8.377 1.000 0.00e+00 1.03e+00
 271 A N     H      600.00  160.00 0.890 0.055 0.00e+00 13.507 1.000 0.00e+00 1.70e+00
 272 A N     H      600.00  160.00 0.953 0.043 5.94e-02 10.983 1.000 0.00e+00 1.42e-16
 276 A N     H      600.00  160.00 0.970 0.021 1.15e-01  7.297 1.000 0.00e+00 2.48e-16
 278 A N     H      600.00  160.00 0.891 0.021 1.09e-01  2.521 1.000 0.00e+00 1.70e-15
 279 A N     H      600.00  160.00 1.000 0.014 0.00e+00  6.936 1.000 0.00e+00 1.96e+01
 280 A N     H      600.00  160.00 1.000 0.026 0.00e+00  7.957 1.000 0.00e+00 3.11e+00
 282 A N     H      600.00  160.00 1.000 0.034 0.00e+00  6.791 1.000 0.00e+00 5.88e+00
 283 A N     H      600.00  160.00 0.878 0.039 0.00e+00  9.999 1.000 0.00e+00 1.32e+00
 284 A N     H      600.00  160.00 1.000 0.032 0.00e+00 14.280 1.000 0.00e+00 2.97e-01
 285 A N     H      600.00  160.00 0.885 0.029 0.00e+00  9.138 1.000 0.00e+00 3.66e+01
 288 A N     H      600.00  160.00 0.793 0.017 7.52e-01  2.271 1.000 0.00e+00 2.30e-15
 289 A N     H      600.00  160.00 0.854 0.011 6.94e-01  1.067 1.000 0.00e+00 4.10e-14
 290 A N     H      600.00  160.00 0.724 0.008 8.26e-01  0.000 1.000 0.00e+00 1.27e+00
 291 A N     H      600.00  160.00 0.914 0.012 1.82e-01  1.192 1.000 0.00e+00 6.55e-14
 292 A N     H      600.00  160.00 0.937 0.022 2.06e-01  3.202 1.000 0.00e+00 1.30e-16
 293 A N     H      600.00  160.00 0.885 0.025 0.00e+00  6.822 1.000 0.00e+00 1.95e+00
 294 A N     H      600.00  160.00 0.954 0.031 6.44e-02  7.576 1.000 0.00e+00 1.66e-15
 295 A N     H      600.00  160.00 0.894 0.032 0.00e+00  6.460 1.000 0.00e+00 2.67e+00
 296 A N     H      600.00  160.00 0.854 0.074 2.87e-02 11.160 1.000 0.00e+00 5.09e-11
 297 A N     H      600.00  160.00 0.933 0.045 0.00e+00  9.897 1.000 0.00e+00 1.36e+01
 299 A N     H      600.00  160.00 0.741 0.072 1.24e-02 14.237 1.000 0.00e+00 3.48e-11
 301 A N     H      600.00  160.00 1.000 0.015 0.00e+00  4.950 1.000 0.00e+00 3.82e-01
 302 A N     H      600.00  160.00 0.951 0.021 0.00e+00  8.829 1.000 0.00e+00 3.91e-01
 303 A N     H      600.00  160.00 0.991 0.023 0.00e+00  6.987 1.000 0.00e+00 9.89e-02
 306 A N     H      600.00  160.00 0.970 0.032 0.00e+00  6.024 1.000 0.00e+00 2.80e+00
 308 A N     H      600.00  160.00 0.950 0.020 0.00e+00 10.069 1.000 0.00e+00 1.38e-02
 309 A N     H      600.00  160.00 0.886 0.041 0.00e+00  8.812 1.000 0.00e+00 1.59e+01
 310 A N     H      600.00  160.00 0.968 0.041 0.00e+00  6.460 1.000 0.00e+00 2.02e+01
 311 A N     H      600.00  160.00 0.996 0.012 0.00e+00  6.123 1.000 0.00e+00 7.73e-03
 312 A N     H      600.00  160.00 1.000 0.033 0.00e+00  8.516 1.000 0.00e+00 1.37e+00
 313 A N     H      600.00  160.00 0.840 0.054 0.00e+00 13.006 1.000 0.00e+00 7.17e+00
 315 A N     H      600.00  160.00 0.944 0.024 0.00e+00  7.904 1.000 0.00e+00 4.45e-02
 316 A N     H      600.00  160.00 0.910 0.051 2.93e-02 10.182 1.000 0.00e+00 2.41e-13
 319 A N     H      600.00  160.00 0.804 0.042 1.98e-02  7.137 1.000 0.00e+00 2.92e-14
 320 A N     H      600.00  160.00 0.864 0.064 2.99e-02  9.993 1.000 0.00e+00 1.61e-15
 321 A N     H      600.00  160.00 0.791 0.031 4.67e-02  8.493 1.000 0.00e+00 1.93e-15
 322 A N     H      600.00  160.00 0.846 0.068 2.11e-02 11.077 1.000 0.00e+00 2.04e-14
 323 A N     H      600.00  160.00 0.843 0.053 2.62e-02  7.657 1.000 0.00e+00 3.12e-14
 325 A N     H      600.00  160.00 0.825 0.068 2.45e-02  9.423 1.000 0.00e+00 7.52e-14
 326 A N     H      600.00  160.00 0.753 0.052 8.94e-03 12.461 1.000 0.00e+00 4.34e-14
 327 A N     H      600.00  160.00 0.743 0.047 0.00e+00 19.465 1.000 0.00e+00 1.06e-01
 328 A N     H      600.00  160.00 0.990 0.033 0.00e+00 10.291 1.000 0.00e+00 4.13e-03
 329 A N     H      600.00  160.00 1.000 0.027 0.00e+00  4.235 1.000 0.00e+00 1.77e-01
 333 A N     H      600.00  160.00 0.957 0.047 0.00e+00  6.929 1.000 0.00e+00 1.74e+00
 334 A N     H      600.00  160.00 0.916 0.048 0.00e+00  9.641 1.000 0.00e+00 1.30e+00
 335 A N     H      600.00  160.00 0.767 0.076 2.17e-02 12.057 1.000 0.00e+00 2.92e-14
 336 A N     H      600.00  160.00 0.494 0.007 7.54e-01  0.000 0.733 0.00e+00 2.34e-13
 338 A N     H      600.00  160.00 1.000 0.007 0.00e+00  9.440 1.000 0.00e+00 8.98e-01
 339 A N     H      600.00  160.00 0.916 0.034 8.31e-02  6.385 1.000 0.00e+00 1.79e-15
 340 A N     H      600.00  160.00 0.922 0.029 1.73e+00  3.322 1.000 0.00e+00 2.36e-16
 343 A N     H      600.00  160.00 0.784 0.023 6.43e-02  8.928 1.000 0.00e+00 3.55e-16
 345 A N     H      600.00  160.00 0.810 0.041 0.00e+00 12.327 1.000 0.00e+00 1.01e+01
 346 A N     H      600.00  160.00 0.756 0.103 6.59e-03 12.613 1.000 0.00e+00 6.90e-08
 348 A N     H      600.00  160.00 0.899 0.045 0.00e+00 13.626 1.000 0.00e+00 1.87e-01
 350 A N     H      600.00  160.00 0.889 0.053 0.00e+00  9.595 1.000 0.00e+00 1.47e+01


====Full Dynamics Results: Axially-Symmetric Solution====
<residue><chain><atom1><atom2><freq><csa><s2><s2_err><tau_loc><Rex><s2_fast><tau_fast><chi2>
 248 A N     H      600.00  160.00 0.824 0.015 4.80e-01  3.400 1.000 0.00e+00 2.66e-15
 249 A N     H      600.00  160.00 0.841 0.018 1.52e+00  5.778 1.000 0.00e+00 2.13e-16
 250 A N     H      600.00  160.00 0.991 0.051 0.00e+00  6.758 1.000 0.00e+00 1.61e+01
 252 A N     H      600.00  160.00 0.941 0.019 5.49e+00  3.791 1.000 0.00e+00 7.93e+00
 254 A N     H      600.00  160.00 0.956 0.039 0.00e+00  3.483 1.000 0.00e+00 7.24e+00
 256 A N     H      600.00  160.00 0.818 0.070 1.89e-02  9.900 1.000 0.00e+00 4.54e-16
 257 A N     H      600.00  160.00 0.969 0.026 0.00e+00  7.600 1.000 0.00e+00 1.52e+00
 258 A N     H      600.00  160.00 0.891 0.028 0.00e+00 10.406 1.000 0.00e+00 1.03e+00
 260 A N     H      600.00  160.00 0.952 0.010 5.07e+00  6.409 1.000 0.00e+00 6.04e-01
 261 A N     H      600.00  160.00 0.930 0.039 4.90e-02 10.523 1.000 0.00e+00 4.60e-16
 262 A N     H      600.00  160.00 1.000 0.013 0.00e+00  5.630 1.000 0.00e+00 1.87e+00
 263 A N     H      600.00  160.00 1.000 0.023 0.00e+00  7.691 1.000 0.00e+00 1.75e+00
 264 A N     H      600.00  160.00 0.887 0.047 4.45e-02 10.249 1.000 0.00e+00 1.70e-12
 265 A N     H      600.00  160.00 0.789 0.063 2.29e-02 13.436 1.000 0.00e+00 3.17e-15
 266 A N     H      600.00  160.00 0.961 0.041 0.00e+00  9.258 1.000 0.00e+00 5.29e-01
 268 A N     H      600.00  160.00 0.925 0.020 5.73e+00  0.000 1.000 0.00e+00 2.76e+01
 269 A N     H      600.00  160.00 0.943 0.028 5.56e+00  5.774 1.000 0.00e+00 8.41e-01
 270 A N     H      600.00  160.00 0.946 0.011 2.40e+00  1.936 1.000 0.00e+00 3.88e-16
 271 A N     H      600.00  160.00 0.850 0.054 0.00e+00 14.711 1.000 0.00e+00 1.75e+00
 272 A N     H      600.00  160.00 0.943 0.056 0.00e+00 11.266 1.000 0.00e+00 4.14e+00
 276 A N     H      600.00  160.00 0.879 0.053 2.44e-02 10.520 1.000 0.00e+00 6.26e-16
 278 A N     H      600.00  160.00 0.886 0.017 6.26e-01  0.000 0.976 0.00e+00 1.07e-14
 279 A N     H      600.00  160.00 0.878 0.030 5.84e+00  4.460 1.000 0.00e+00 2.03e+01
 280 A N     H      600.00  160.00 0.893 0.033 5.89e+00  4.988 1.000 0.00e+00 3.80e+00
 282 A N     H      600.00  160.00 0.910 0.034 5.89e+00  3.477 1.000 0.00e+00 7.09e+00
 283 A N     H      600.00  160.00 0.873 0.039 0.00e+00  9.760 1.000 0.00e+00 1.29e+00
 284 A N     H      600.00  160.00 1.000 0.033 0.00e+00 13.825 1.000 0.00e+00 2.99e-01
 285 A N     H      600.00  160.00 0.777 0.043 2.72e-02 12.334 1.000 0.00e+00 2.76e-14
 288 A N     H      600.00  160.00 0.789 0.016 7.66e-01  1.747 1.000 0.00e+00 9.39e-15
 289 A N     H      600.00  160.00 0.894 0.008 3.56e-01  1.446 1.000 0.00e+00 8.61e-15
 290 A N     H      600.00  160.00 0.767 0.008 6.85e-01  0.000 1.000 0.00e+00 3.42e-02
 291 A N     H      600.00  160.00 0.855 0.017 8.49e-02  3.301 1.000 0.00e+00 6.24e-15
 292 A N     H      600.00  160.00 0.887 0.016 9.98e-01  0.000 1.000 0.00e+00 1.75e-03
 293 A N     H      600.00  160.00 0.887 0.025 0.00e+00  6.266 1.000 0.00e+00 1.92e+00
 294 A N     H      600.00  160.00 0.981 0.017 4.10e-01  5.641 1.000 0.00e+00 2.88e-16
 295 A N     H      600.00  160.00 0.927 0.033 0.00e+00  4.477 1.000 0.00e+00 2.67e+00
 296 A N     H      600.00  160.00 0.936 0.059 6.86e-02  6.882 1.000 0.00e+00 1.55e-13
 297 A N     H      600.00  160.00 0.873 0.046 0.00e+00 11.907 1.000 0.00e+00 1.38e+01
 299 A N     H      600.00  160.00 0.669 0.103 9.60e-03 16.770 1.000 0.00e+00 1.63e-13
 301 A N     H      600.00  160.00 1.000 0.019 0.00e+00  4.594 1.000 0.00e+00 2.85e-01
 302 A N     H      600.00  160.00 0.857 0.020 0.00e+00 12.119 1.000 0.00e+00 3.43e-01
 303 A N     H      600.00  160.00 1.000 0.010 0.00e+00  5.323 1.000 0.00e+00 1.12e+00
 306 A N     H      600.00  160.00 0.965 0.021 5.43e+00  2.958 1.000 0.00e+00 3.24e+00
 308 A N     H      600.00  160.00 0.975 0.010 5.40e+00  6.508 1.000 0.00e+00 4.42e-02
 309 A N     H      600.00  160.00 1.000 0.015 0.00e+00  2.034 1.000 0.00e+00 1.64e+01
 310 A N     H      600.00  160.00 1.000 0.011 0.00e+00  2.401 1.000 0.00e+00 2.29e+01
 311 A N     H      600.00  160.00 0.931 0.010 5.64e+00  3.391 1.000 0.00e+00 2.11e-02
 312 A N     H      600.00  160.00 0.960 0.046 0.00e+00  9.795 1.000 0.00e+00 1.41e+00
 313 A N     H      600.00  160.00 0.760 0.049 0.00e+00 15.820 1.000 0.00e+00 7.35e+00
 315 A N     H      600.00  160.00 0.987 0.004 2.57e+00  4.376 1.000 0.00e+00 2.78e-16
 316 A N     H      600.00  160.00 0.829 0.074 1.50e-02 13.017 1.000 0.00e+00 1.43e-14
 319 A N     H      600.00  160.00 0.945 0.022 7.48e-02  0.000 1.000 0.00e+00 8.71e-02
 320 A N     H      600.00  160.00 0.802 0.073 0.00e+00 12.513 1.000 0.00e+00 1.28e+01
 321 A N     H      600.00  160.00 0.833 0.033 5.92e-02  6.160 1.000 0.00e+00 2.07e-16
 322 A N     H      600.00  160.00 0.788 0.067 1.51e-02 13.029 1.000 0.00e+00 8.72e-12
 323 A N     H      600.00  160.00 0.765 0.050 1.73e-02 10.387 1.000 0.00e+00 3.52e-15
 325 A N     H      600.00  160.00 0.967 0.014 5.65e-01  0.000 1.000 0.00e+00 5.63e-01
 326 A N     H      600.00  160.00 0.852 0.030 0.00e+00  7.742 1.000 0.00e+00 4.78e+00
 327 A N     H      600.00  160.00 0.673 0.043 0.00e+00 21.920 1.000 0.00e+00 1.31e-01
 328 A N     H      600.00  160.00 0.952 0.042 0.00e+00 11.401 1.000 0.00e+00 1.95e-03
 329 A N     H      600.00  160.00 0.949 0.020 5.41e+00  2.230 1.000 0.00e+00 3.72e-01
 333 A N     H      600.00  160.00 0.940 0.028 5.98e+00  0.000 1.000 0.00e+00 3.83e+00
 334 A N     H      600.00  160.00 0.903 0.048 0.00e+00  9.736 1.000 0.00e+00 1.27e+00
 335 A N     H      600.00  160.00 0.711 0.056 1.74e-02 13.971 1.000 0.00e+00 2.59e-14
 336 A N     H      600.00  160.00 0.532 0.007 6.32e-01  0.000 0.740 0.00e+00 8.91e-12
 338 A N     H      600.00  160.00 0.940 0.010 5.45e+00  7.424 1.000 0.00e+00 1.01e+00
 339 A N     H      600.00  160.00 0.928 0.013 8.73e-01  2.457 1.000 0.00e+00 9.18e-17
 340 A N     H      600.00  160.00 0.915 0.027 2.01e+00  0.000 1.000 0.00e+00 1.74e+00
 343 A N     H      600.00  160.00 0.848 0.024 9.64e-02  5.515 1.000 0.00e+00 1.09e-13
 345 A N     H      600.00  160.00 0.738 0.037 0.00e+00 14.850 1.000 0.00e+00 1.03e+01
 346 A N     H      600.00  160.00 0.843 0.044 0.00e+00  8.403 1.000 0.00e+00 2.40e+00
 348 A N     H      600.00  160.00 0.965 0.021 5.84e+00  7.147 1.000 0.00e+00 2.84e-01
 350 A N     H      600.00  160.00 0.802 0.049 0.00e+00 12.640 1.000 0.00e+00 1.49e+01


====Full Dynamics Results: Anisotropic Solution====
<residue><chain><atom1><atom2><freq><csa><s2><s2_err><tau_loc><Rex><s2_fast><tau_fast><chi2>
 248 A N     H      600.00  160.00 0.817 0.016 5.17e-01  3.148 1.000 0.00e+00 7.71e-15
 249 A N     H      600.00  160.00 0.840 0.018 1.52e+00  5.638 1.000 0.00e+00 1.78e-15
 250 A N     H      600.00  160.00 1.000 0.047 0.00e+00  6.005 1.000 0.00e+00 1.61e+01
 252 A N     H      600.00  160.00 0.942 0.019 5.49e+00  3.772 1.000 0.00e+00 7.92e+00
 254 A N     H      600.00  160.00 0.921 0.042 3.78e-02  4.697 1.000 0.00e+00 7.12e-15
 256 A N     H      600.00  160.00 0.813 0.047 1.83e-02 10.165 1.000 0.00e+00 8.64e-15
 257 A N     H      600.00  160.00 0.982 0.024 0.00e+00  6.758 1.000 0.00e+00 1.52e+00
 258 A N     H      600.00  160.00 0.913 0.029 0.00e+00  9.128 1.000 0.00e+00 1.03e+00
 260 A N     H      600.00  160.00 1.000 0.015 0.00e+00  6.302 1.000 0.00e+00 1.63e+00
 261 A N     H      600.00  160.00 0.892 0.051 3.14e-02 12.315 1.000 0.00e+00 2.63e-11
 262 A N     H      600.00  160.00 0.987 0.026 0.00e+00  6.964 1.000 0.00e+00 1.37e+00
 263 A N     H      600.00  160.00 1.000 0.020 0.00e+00  7.297 1.000 0.00e+00 1.96e+00
 264 A N     H      600.00  160.00 0.893 0.046 4.70e-02  9.824 1.000 0.00e+00 8.78e-13
 265 A N     H      600.00  160.00 0.756 0.101 1.98e-02 14.992 1.000 0.00e+00 1.13e-13
 266 A N     H      600.00  160.00 0.950 0.043 0.00e+00  9.782 1.000 0.00e+00 5.31e-01
 268 A N     H      600.00  160.00 0.926 0.020 5.74e+00  0.000 1.000 0.00e+00 2.75e+01
 269 A N     H      600.00  160.00 0.949 0.027 5.49e+00  5.962 1.000 0.00e+00 8.14e-01
 270 A N     H      600.00  160.00 0.945 0.011 2.41e+00  1.789 1.000 0.00e+00 2.83e-16
 271 A N     H      600.00  160.00 0.885 0.057 0.00e+00 12.900 1.000 0.00e+00 1.74e+00
 272 A N     H      600.00  160.00 0.957 0.041 6.38e-02 10.012 1.000 0.00e+00 2.12e-14
 276 A N     H      600.00  160.00 0.866 0.059 2.20e-02 11.095 1.000 0.00e+00 1.59e-14
 278 A N     H      600.00  160.00 0.871 0.017 6.92e-01  0.000 0.967 0.00e+00 2.67e-13
 279 A N     H      600.00  160.00 0.886 0.031 5.76e+00  4.652 1.000 0.00e+00 2.02e+01
 280 A N     H      600.00  160.00 0.900 0.032 5.81e+00  5.165 1.000 0.00e+00 3.77e+00
 282 A N     H      600.00  160.00 0.905 0.033 5.98e+00  3.207 1.000 0.00e+00 7.12e+00
 283 A N     H      600.00  160.00 0.901 0.040 0.00e+00  8.246 1.000 0.00e+00 1.30e+00
 284 A N     H      600.00  160.00 1.000 0.029 0.00e+00 13.373 1.000 0.00e+00 3.66e-01
 285 A N     H      600.00  160.00 0.807 0.043 3.16e-02 10.839 1.000 0.00e+00 2.75e-14
 288 A N     H      600.00  160.00 0.796 0.016 7.37e-01  2.031 1.000 0.00e+00 1.68e-14
 289 A N     H      600.00  160.00 0.896 0.007 3.08e-01  1.642 1.000 0.00e+00 4.51e-16
 290 A N     H      600.00  160.00 0.766 0.006 6.85e-01  0.000 1.000 0.00e+00 5.94e-02
 291 A N     H      600.00  160.00 0.815 0.016 6.46e-02  5.172 1.000 0.00e+00 4.81e-16
 292 A N     H      600.00  160.00 0.885 0.016 1.01e+00  0.000 1.000 0.00e+00 3.09e-02
 293 A N     H      600.00  160.00 0.890 0.025 0.00e+00  6.022 1.000 0.00e+00 1.92e+00
 294 A N     H      600.00  160.00 0.972 0.014 7.86e-01  5.126 1.000 0.00e+00 4.11e-16
 295 A N     H      600.00  160.00 0.927 0.033 0.00e+00  4.393 1.000 0.00e+00 2.68e+00
 296 A N     H      600.00  160.00 0.910 0.065 4.76e-02  8.173 1.000 0.00e+00 2.79e-14
 297 A N     H      600.00  160.00 0.842 0.046 0.00e+00 13.440 1.000 0.00e+00 1.38e+01
 299 A N     H      600.00  160.00 0.678 0.076 9.87e-03 16.326 1.000 0.00e+00 6.45e-15
 301 A N     H      600.00  160.00 1.000 0.008 0.00e+00  3.604 1.000 0.00e+00 1.30e+00
 302 A N     H      600.00  160.00 0.888 0.022 0.00e+00 10.616 1.000 0.00e+00 3.50e-01
 303 A N     H      600.00  160.00 1.000 0.009 0.00e+00  5.121 1.000 0.00e+00 1.51e+00
 306 A N     H      600.00  160.00 0.958 0.021 5.54e+00  2.612 1.000 0.00e+00 3.30e+00
 308 A N     H      600.00  160.00 0.980 0.010 5.34e+00  6.687 1.000 0.00e+00 3.68e-02
 309 A N     H      600.00  160.00 1.000 0.018 0.00e+00  2.247 1.000 0.00e+00 1.61e+01
 310 A N     H      600.00  160.00 1.000 0.012 0.00e+00  2.744 1.000 0.00e+00 2.22e+01
 311 A N     H      600.00  160.00 0.930 0.010 5.66e+00  3.296 1.000 0.00e+00 2.14e-02
 312 A N     H      600.00  160.00 0.946 0.049 0.00e+00 10.478 1.000 0.00e+00 1.41e+00
 313 A N     H      600.00  160.00 0.757 0.048 0.00e+00 15.948 1.000 0.00e+00 7.35e+00
 315 A N     H      600.00  160.00 1.000 0.005 0.00e+00  4.256 1.000 0.00e+00 1.30e+00
 316 A N     H      600.00  160.00 0.825 0.079 2.05e-02 13.369 1.000 0.00e+00 8.66e-01
 319 A N     H      600.00  160.00 0.942 0.023 7.03e-02  0.000 1.000 0.00e+00 3.12e-02
 320 A N     H      600.00  160.00 0.816 0.072 2.18e-02 11.126 1.000 0.00e+00 1.11e-15
 321 A N     H      600.00  160.00 0.803 0.033 4.98e-02  7.632 1.000 0.00e+00 4.55e-16
 322 A N     H      600.00  160.00 0.831 0.071 1.83e-02 11.817 1.000 0.00e+00 4.92e-01
 323 A N     H      600.00  160.00 0.729 0.057 1.49e-02 12.058 1.000 0.00e+00 2.19e-15
 325 A N     H      600.00  160.00 0.972 0.013 3.89e-01  0.000 1.000 0.00e+00 8.68e-01
 326 A N     H      600.00  160.00 0.866 0.030 0.00e+00  6.919 1.000 0.00e+00 4.78e+00
 327 A N     H      600.00  160.00 0.695 0.046 0.00e+00 20.797 1.000 0.00e+00 1.27e-01
 328 A N     H      600.00  160.00 0.983 0.036 0.00e+00  9.778 1.000 0.00e+00 2.38e-03
 329 A N     H      600.00  160.00 0.938 0.020 5.58e+00  1.689 1.000 0.00e+00 4.05e-01
 333 A N     H      600.00  160.00 0.948 0.027 5.90e+00  0.000 1.000 0.00e+00 4.12e+00
 334 A N     H      600.00  160.00 0.915 0.048 0.00e+00  8.997 1.000 0.00e+00 1.27e+00
 335 A N     H      600.00  160.00 0.736 0.048 1.91e-02 12.694 1.000 0.00e+00 2.35e-10
 336 A N     H      600.00  160.00 0.529 0.007 6.40e-01  0.000 0.739 0.00e+00 7.57e-13
 338 A N     H      600.00  160.00 0.941 0.010 5.44e+00  7.435 1.000 0.00e+00 1.01e+00
 339 A N     H      600.00  160.00 0.937 0.013 7.42e-01  2.897 1.000 0.00e+00 7.92e-16
 340 A N     H      600.00  160.00 0.904 0.027 1.99e+00  2.073 1.000 0.00e+00 1.59e-15
 343 A N     H      600.00  160.00 0.871 0.022 1.18e-01  4.187 1.000 0.00e+00 4.92e-15
 345 A N     H      600.00  160.00 0.755 0.039 0.00e+00 13.992 1.000 0.00e+00 1.03e+01
 346 A N     H      600.00  160.00 0.857 0.045 0.00e+00  7.551 1.000 0.00e+00 2.40e+00
 348 A N     H      600.00  160.00 0.962 0.022 5.91e+00  6.910 1.000 0.00e+00 2.93e-01
 350 A N     H      600.00  160.00 0.836 0.052 0.00e+00 10.958 1.000 0.00e+00 1.49e+01

Saving anisotropic tensor axes, if computed, to "/opt/genapp/rotdif/output/html5/results/users/manish123/no_project_specified/ROTDIF_p50hetero_600/out_ani.py" and
	axially symmetric tensor, if computed, axes to "/opt/genapp/rotdif/output/html5/results/users/manish123/no_project_specified/ROTDIF_p50hetero_600/out_axial.py"...done.
