Options:
temp = 298.0
robust = true
relax = K11_Ub2_p_relax.txt
elm = false
axes = true
axesl = 5.0
pdb = 1D3Z_mod1.pdb
out = out
help = false
nostat = false
nodynamics = false
nogui = true
model = 1
wr = 1.4
dock = false
sr = 2.2

Extracting experimental data....done.
Parsing pdb file....done.
TEST: Computing results....
 Percent 10.3%

 Percent 20.5%

 Percent 30.7%

 Percent 40.8%

 Percent 51.0%

 Percent 61.2%

 Percent 71.4%

 Percent 81.6%

 Percent 91.7%
done.
=====ROBUST REGRESSION: On=====

=====ORIENTATION SAMPLING=====
Number of rigid bonds = 62
Sampling Param Xi = 0.048 Vectors are uniformly distributed.
Sampling Tensor Components = [0.194, -0.007, -0.187].

=====ISOTROPIC MODEL=====
Diso = 1.96 +/- 0.01 *(10^7) 1/s
TAUc = 8.52 +/- 0.04 ns
Q = 0.708  chi^2 = 778.868  chi^2/df = 12.768 (Rigid Only)
Akaike Information Criterion (AIC): Value = 780.868

=====AXIALLY-SYMMETRIC MODEL (PROLATE)=====
D_perp = 1.74 +/- 0.01 *(10^7) 1/s
D_parallel = 2.38 +/- 0.03 *(10^7) 1/s
alpha = 38 +/- 2  deg
beta = 49 +/- 3  deg
Orientational Uncertainty = 3 deg
TAUc = 8.54 +/- 0.03 ns
anisotropy = 1.37 +/- 0.02
Q = 0.219  R = 0.975  chi^2 = 89.271  chi^2/df = 1.539 (Rigid Only)
Inertia Tensor Unique Axis Difference = 51 deg
ELM Predicted Tensor Unique Axis Difference = 58 deg
F-test (0.05): Axially-Symmetric model better than Isotropic? true, P = 3.03e-27, F = 149.35
Akaike Information Criterion (AIC): Value = 97.271,
   =>Axially-Symmetric model better than Isotropic? true

==Axially-Symmetric Diffusion Tensor==
    [  1.965   0.176   0.253]     [  0.016   0.013   0.019]
D = [  0.176   1.872   0.195] +/- [  0.013   0.019   0.012] *(10^7) 1/s
    [  0.253   0.195   2.016]     [  0.019   0.012   0.039]

==Axially-Symmetric Diffusion Tensor Sorted Eigendecomposition==
    [  -0.610    -0.522     0.596][   1.736     0.000     0.000][  -0.610     0.792     0.000]
D = [   0.792    -0.402     0.459][   0.000     1.736     0.000][  -0.522    -0.402     0.752] *(10^7) 1/s
    [  -0.000     0.752     0.659][   0.000     0.000     2.381][   0.596     0.459     0.659]

=====FULLY ANISOTROPIC MODEL=====
Dx = 1.65 +/- 0.02 *(10^7) 1/s
Dy = 1.81 +/- 0.02 *(10^7) 1/s
Dz = 2.37 +/- 0.03 *(10^7) 1/s
alpha = 37 +/- 2  deg
beta = 44 +/- 2  deg
gamma = 101 +/- 9 deg
Orientational Uncertainty = 9 deg
TAUc = 8.57 +/- 0.03 ns
anisotropy = 1.37 +/- 0.02
rhombicity = 0.36 +/- 0.10
Q = 0.213  R = 0.972  chi^2 = 360.154  chi^2/df = 6.431 (Rigid Only)
Axially-Symmetric Tensor Primary Axis Difference = 5 deg
Inertia Tensor Primary Axis Difference = 47 deg
Inertia Tensor Orientational Difference = 47 deg
ELM Predicted Tensor Primary Axis Difference = 54 deg
ELM Predicted Tensor Orientational Difference = 54 deg
F-test (0.05): Anisotropic model better than Isotropic? true, P = 2.05e-08, F = 13.02
F-test (0.05): Anisotropic model better than Axially-Symmetric? false, P = NaN, F = -88.00
Akaike Information Criterion (AIC): Value = 372.154,
   =>Anisotropic model better than Isotropic? true
   =>Anisotropic model better than Axially-Symmteric? false

==Anistropic Diffusion Tensor==
    [  1.904   0.207   0.237]     [  0.024   0.015   0.016]
D = [  0.207   1.832   0.156] +/- [  0.015   0.021   0.019] *(10^7) 1/s
    [  0.237   0.156   2.095]     [  0.016   0.019   0.028]

==Anistropic Diffusion Tensor Sorted Eigendecomposition==
    [  -0.702    -0.448     0.554][   1.654     0.000     0.000][  -0.702     0.700     0.130]
D = [   0.700    -0.576     0.422][   0.000     1.808     0.000][  -0.448    -0.576     0.684] *(10^7) 1/s
    [   0.130     0.684     0.718][   0.000     0.000     2.370][   0.554     0.422     0.718]

====Potential Rigid Bonds with High Rex (>10% of R2) or Low S2 (<0.75) ====
<residue><chain><atom1><atom2><CSA><Radius><Rex><S2>
  70 A N H 160.00 1.02 1.26 0.89

====Full Rotdif Results: Isotropic Solution====
<residue><chain><atom1><atom2><freq><rho_exp><rho_pred><rho_error>
   2 A N     H      600.13  14.723  15.469   0.392
   3 A N     H      600.13  16.419  15.469   0.367
   4 A N     H      600.13  18.232  15.469   0.384
   5 A N     H      600.13  17.170  15.469   0.545
   6 A N     H      600.13  19.219  15.469   0.659
   7 A N     H      600.13  17.386  15.469   0.411
   8 A N     H      600.13  11.481  15.469   0.727
   9 A N     H      600.13  12.093  15.469   1.223
  10 A N     H      600.13  12.456  15.469   0.674
  11 A N     H      600.13  10.855  15.469   0.692
  12 A N     H      600.13  16.014  15.469   0.502
  13 A N     H      600.13  21.763  15.469   0.831
  14 A N     H      600.13  22.877  15.469   0.617
  15 A N     H      600.13  17.007  15.469   0.599
  17 A N     H      600.13  14.700  15.469   0.410
  18 A N     H      600.13  15.903  15.469   0.406
  20 A N     H      600.13  14.906  15.469   0.301
  21 A N     H      600.13  14.639  15.469   0.304
  22 A N     H      600.13  14.989  15.469   0.396
  23 A N     H      600.13  21.271  15.469   1.109
  25 A N     H      600.13  24.603  15.469   1.061
  27 A N     H      600.13  17.893  15.469   0.246
  28 A N     H      600.13  19.019  15.469   0.658
  29 A N     H      600.13  19.816  15.469   0.640
  30 A N     H      600.13  18.309  15.469   0.393
  32 A N     H      600.13  20.068  15.469   0.284
  33 A N     H      600.13  19.041  15.469   0.200
  34 A N     H      600.13  18.544  15.469   0.414
  35 A N     H      600.13  16.410  15.469   0.371
  36 A N     H      600.13  16.541  15.469   0.448
  39 A N     H      600.13  15.094  15.469   0.289
  40 A N     H      600.13  15.136  15.469   0.419
  41 A N     H      600.13  13.941  15.469   0.251
  43 A N     H      600.13  15.901  15.469   0.618
  44 A N     H      600.13  17.238  15.469   0.323
  45 A N     H      600.13  17.437  15.469   1.002
  46 A N     H      600.13  16.714  15.469   0.545
  47 A N     H      600.13  15.937  15.469   0.639
  48 A N     H      600.13  15.403  15.469   0.936
  49 A N     H      600.13  14.142  15.469   0.281
  50 A N     H      600.13  18.215  15.469   0.420
  51 A N     H      600.13  15.884  15.469   0.620
  52 A N     H      600.13  15.579  15.469   0.324
  54 A N     H      600.13  17.223  15.469   0.212
  55 A N     H      600.13  19.206  15.469   0.488
  56 A N     H      600.13  14.708  15.469   0.390
  57 A N     H      600.13  14.698  15.469   0.238
  58 A N     H      600.13  15.827  15.469   0.202
  59 A N     H      600.13  16.222  15.469   0.334
  60 A N     H      600.13  14.995  15.469   0.212
  61 A N     H      600.13  14.505  15.469   0.202
  62 A N     H      600.13  13.641  15.469   0.627
  63 A N     H      600.13  17.127  15.469   0.272
  64 A N     H      600.13  14.636  15.469   0.268
  65 A N     H      600.13  14.197  15.469   0.371
  66 A N     H      600.13  16.493  15.469   0.514
  67 A N     H      600.13  16.611  15.469   0.354
  68 A N     H      600.13  18.363  15.469   0.372
  69 A N     H      600.13  15.375  15.469   0.233
  70 A N     H      600.13  18.032  15.469   0.214
  71 A N     H      600.13  15.532  15.469   0.299
  72 A N     H      600.13  12.630  15.469   0.410
  73 A N     H      600.13   6.828  15.469   0.446
  74 A N     H      600.13   6.532  15.469   0.801
  75 A N     H      600.13   2.834  15.469   1.083
  76 A N     H      600.13   2.239  15.469   0.902


====Full Rotdif Results: Axially-Symmetric Solution====
<residue><chain><atom1><atom2><freq><rho_exp><rho_pred><rho_error>
   2 A N     H      600.13  14.723  14.622   0.392
   3 A N     H      600.13  16.419  16.395   0.367
   4 A N     H      600.13  18.232  17.722   0.384
   5 A N     H      600.13  17.170  17.041   0.545
   6 A N     H      600.13  19.219  18.455   0.659
   7 A N     H      600.13  17.386  15.567   0.411
   8 A N     H      600.13  11.481   9.615   0.727
   9 A N     H      600.13  12.093  10.399   1.223
  10 A N     H      600.13  12.456  10.415   0.674
  11 A N     H      600.13  10.855   8.960   0.692
  12 A N     H      600.13  16.014  14.421   0.502
  13 A N     H      600.13  21.763  16.337   0.831
  14 A N     H      600.13  22.877  18.327   0.617
  15 A N     H      600.13  17.007  16.351   0.599
  17 A N     H      600.13  14.700  14.403   0.410
  18 A N     H      600.13  15.903  14.348   0.406
  20 A N     H      600.13  14.906  14.534   0.301
  21 A N     H      600.13  14.639  14.218   0.304
  22 A N     H      600.13  14.989  15.193   0.396
  23 A N     H      600.13  21.271  18.235   1.109
  25 A N     H      600.13  24.603  19.223   1.061
  27 A N     H      600.13  17.893  18.261   0.246
  28 A N     H      600.13  19.019  19.026   0.658
  29 A N     H      600.13  19.816  18.707   0.640
  30 A N     H      600.13  18.309  18.268   0.393
  32 A N     H      600.13  20.068  19.161   0.284
  33 A N     H      600.13  19.041  18.672   0.200
  34 A N     H      600.13  18.544  18.390   0.414
  35 A N     H      600.13  16.410  16.441   0.371
  36 A N     H      600.13  16.541  14.583   0.448
  39 A N     H      600.13  15.094  13.320   0.289
  40 A N     H      600.13  15.136  14.730   0.419
  41 A N     H      600.13  13.941  12.527   0.251
  43 A N     H      600.13  15.901  15.537   0.618
  44 A N     H      600.13  17.238  17.633   0.323
  45 A N     H      600.13  17.437  15.889   1.002
  46 A N     H      600.13  16.714  16.932   0.545
  47 A N     H      600.13  15.937  13.553   0.639
  48 A N     H      600.13  15.403  14.249   0.936
  49 A N     H      600.13  14.142  12.488   0.281
  50 A N     H      600.13  18.215  18.214   0.420
  51 A N     H      600.13  15.884  12.957   0.620
  52 A N     H      600.13  15.579  14.282   0.324
  54 A N     H      600.13  17.223  17.119   0.212
  55 A N     H      600.13  19.206  18.995   0.488
  56 A N     H      600.13  14.708  15.128   0.390
  57 A N     H      600.13  14.698  14.439   0.238
  58 A N     H      600.13  15.827  16.077   0.202
  59 A N     H      600.13  16.222  16.142   0.334
  60 A N     H      600.13  14.995  14.837   0.212
  61 A N     H      600.13  14.505  14.274   0.202
  62 A N     H      600.13  13.641  14.045   0.627
  63 A N     H      600.13  17.127  17.131   0.272
  64 A N     H      600.13  14.636  14.878   0.268
  65 A N     H      600.13  14.197  14.473   0.371
  66 A N     H      600.13  16.493  16.384   0.514
  67 A N     H      600.13  16.611  16.292   0.354
  68 A N     H      600.13  18.363  18.024   0.372
  69 A N     H      600.13  15.375  13.664   0.233
  70 A N     H      600.13  18.032  16.012   0.214
  71 A N     H      600.13  15.532  14.430   0.299
  72 A N     H      600.13  12.630  11.522   0.410
  73 A N     H      600.13   6.828   5.759   0.446
  74 A N     H      600.13   6.532   5.425   0.801
  75 A N     H      600.13   2.834   2.415   1.083
  76 A N     H      600.13   2.239   1.970   0.902


====Full Rotdif Results: Anisotropic Solution====
<residue><chain><atom1><atom2><freq><rho_exp><rho_pred><rho_error>
   2 A N     H      600.13  14.723  15.275   0.392
   3 A N     H      600.13  16.419  16.416   0.367
   4 A N     H      600.13  18.232  17.607   0.384
   5 A N     H      600.13  17.170  16.960   0.545
   6 A N     H      600.13  19.219  18.374   0.659
   7 A N     H      600.13  17.386  15.753   0.411
   8 A N     H      600.13  11.481   9.632   0.727
   9 A N     H      600.13  12.093  13.825   1.223
  10 A N     H      600.13  12.456  10.427   0.674
  11 A N     H      600.13  10.855   8.876   0.692
  12 A N     H      600.13  16.014  14.408   0.502
  13 A N     H      600.13  21.763  16.338   0.831
  14 A N     H      600.13  22.877  18.259   0.617
  15 A N     H      600.13  17.007  16.267   0.599
  17 A N     H      600.13  14.700  14.720   0.410
  18 A N     H      600.13  15.903  15.057   0.406
  20 A N     H      600.13  14.906  14.818   0.301
  21 A N     H      600.13  14.639  14.477   0.304
  22 A N     H      600.13  14.989  14.901   0.396
  23 A N     H      600.13  21.271  18.155   1.109
  25 A N     H      600.13  24.603  19.368   1.061
  27 A N     H      600.13  17.893  18.142   0.246
  28 A N     H      600.13  19.019  18.725   0.658
  29 A N     H      600.13  19.816  18.736   0.640
  30 A N     H      600.13  18.309  18.185   0.393
  32 A N     H      600.13  20.068  19.309   0.284
  33 A N     H      600.13  19.041  18.631   0.200
  34 A N     H      600.13  18.544  18.252   0.414
  35 A N     H      600.13  16.410  16.721   0.371
  36 A N     H      600.13  16.541  15.382   0.448
  39 A N     H      600.13  15.094  13.436   0.289
  40 A N     H      600.13  15.136  14.676   0.419
  41 A N     H      600.13  13.941  14.123   0.251
  43 A N     H      600.13  15.901  15.350   0.618
  44 A N     H      600.13  17.238  17.557   0.323
  45 A N     H      600.13  17.437  16.050   1.002
  46 A N     H      600.13  16.714  16.938   0.545
  47 A N     H      600.13  15.937  13.581   0.639
  48 A N     H      600.13  15.403  14.756   0.936
  49 A N     H      600.13  14.142  12.449   0.281
  50 A N     H      600.13  18.215  18.071   0.420
  51 A N     H      600.13  15.884  12.688   0.620
  52 A N     H      600.13  15.579  14.636   0.324
  54 A N     H      600.13  17.223  17.150   0.212
  55 A N     H      600.13  19.206  19.035   0.488
  56 A N     H      600.13  14.708  14.825   0.390
  57 A N     H      600.13  14.698  14.086   0.238
  58 A N     H      600.13  15.827  16.100   0.202
  59 A N     H      600.13  16.222  15.919   0.334
  60 A N     H      600.13  14.995  14.464   0.212
  61 A N     H      600.13  14.505  14.203   0.202
  62 A N     H      600.13  13.641  13.698   0.627
  63 A N     H      600.13  17.127  17.482   0.272
  64 A N     H      600.13  14.636  14.637   0.268
  65 A N     H      600.13  14.197  14.064   0.371
  66 A N     H      600.13  16.493  16.225   0.514
  67 A N     H      600.13  16.611  16.136   0.354
  68 A N     H      600.13  18.363  17.928   0.372
  69 A N     H      600.13  15.375  13.720   0.233
  70 A N     H      600.13  18.032  15.591   0.214
  71 A N     H      600.13  15.532  14.022   0.299
  72 A N     H      600.13  12.630  11.614   0.410
  73 A N     H      600.13   6.828   5.769   0.446
  74 A N     H      600.13   6.532   5.430   0.801
  75 A N     H      600.13   2.834   2.415   1.083
  76 A N     H      600.13   2.239   1.970   0.902

====Full Dynamics Results: Isotropic Solution====
<residue><chain><atom1><atom2><freq><csa><s2><s2_err><tau_loc><Rex><s2_fast><tau_fast><chi2>
   2 A N     H      600.13  160.00 0.813 0.020 8.06e-01  0.000 0.862 0.00e+00 1.80e-15
   3 A N     H      600.13  160.00 0.846 0.011 1.82e-02  0.658 1.000 0.00e+00 5.48e-15
   4 A N     H      600.13  160.00 0.828 0.012 0.00e+00  1.651 1.000 0.00e+00 2.34e+01
   5 A N     H      600.13  160.00 0.790 0.013 2.01e-02  1.096 1.000 0.00e+00 4.95e-14
   6 A N     H      600.13  160.00 0.831 0.025 0.00e+00  2.342 1.000 0.00e+00 3.52e-01
   7 A N     H      600.13  160.00 0.851 0.005 3.64e-02  1.337 1.000 0.00e+00 5.97e-16
   8 A N     H      600.13  160.00 0.649 0.036 1.56e+00  0.000 0.834 0.00e+00 7.15e-15
   9 A N     H      600.13  160.00 0.676 0.070 1.25e+00  0.000 0.847 0.00e+00 2.12e-15
  10 A N     H      600.13  160.00 0.699 0.042 1.19e+00  0.000 0.856 0.00e+00 2.41e-15
  11 A N     H      600.13  160.00 0.594 0.044 1.39e+00  0.000 0.814 0.00e+00 8.37e-14
  12 A N     H      600.13  160.00 0.812 0.011 4.37e-02  0.479 1.000 0.00e+00 6.51e-16
  13 A N     H      600.13  160.00 0.847 0.025 2.55e-02  4.122 1.000 0.00e+00 1.69e-15
  14 A N     H      600.13  160.00 0.802 0.012 1.13e-02  4.545 1.000 0.00e+00 4.75e-15
  15 A N     H      600.13  160.00 0.857 0.009 2.01e-02  1.051 1.000 0.00e+00 1.10e-14
  17 A N     H      600.13  160.00 0.835 0.020 9.52e-01  0.000 0.881 0.00e+00 7.44e-17
  18 A N     H      600.13  160.00 0.832 0.008 3.69e-02  0.381 1.000 0.00e+00 5.24e-13
  20 A N     H      600.13  160.00 0.847 0.005 4.24e-02  0.000 1.000 0.00e+00 1.71e+00
  21 A N     H      600.13  160.00 0.893 0.019 1.03e+00  0.000 0.943 0.00e+00 2.33e-13
  22 A N     H      600.13  160.00 0.873 0.009 3.25e-02  0.000 1.000 0.00e+00 8.87e-01
  23 A N     H      600.13  160.00 0.858 0.019 0.00e+00  3.761 1.000 0.00e+00 4.23e-04
  25 A N     H      600.13  160.00 0.852 0.020 0.00e+00  5.930 1.000 0.00e+00 6.69e+00
  27 A N     H      600.13  160.00 0.876 0.009 0.00e+00  1.595 1.000 0.00e+00 3.01e-01
  28 A N     H      600.13  160.00 0.844 0.023 1.57e-02  2.315 1.000 0.00e+00 7.60e-13
  29 A N     H      600.13  160.00 0.801 0.020 2.75e-02  2.754 1.000 0.00e+00 1.52e-13
  30 A N     H      600.13  160.00 0.834 0.014 1.73e-02  1.849 1.000 0.00e+00 2.22e-13
  32 A N     H      600.13  160.00 0.811 0.017 1.12e-02  2.864 1.000 0.00e+00 5.45e-14
  33 A N     H      600.13  160.00 0.783 0.011 2.24e-02  2.216 1.000 0.00e+00 1.93e-14
  34 A N     H      600.13  160.00 0.806 0.022 1.25e-02  1.923 1.000 0.00e+00 5.87e-14
  35 A N     H      600.13  160.00 0.879 0.006 1.77e-02  0.664 1.000 0.00e+00 1.59e-14
  36 A N     H      600.13  160.00 0.846 0.009 2.18e-02  0.000 1.000 0.00e+00 7.48e+00
  39 A N     H      600.13  160.00 0.877 0.005 3.08e-02  0.000 1.000 0.00e+00 9.24e-01
  40 A N     H      600.13  160.00 0.871 0.005 3.04e-02  0.000 1.000 0.00e+00 3.09e-01
  41 A N     H      600.13  160.00 0.808 0.014 1.41e+00  0.000 0.881 0.00e+00 5.85e-15
  43 A N     H      600.13  160.00 0.854 0.015 4.84e-02  0.000 1.000 0.00e+00 1.03e+00
  44 A N     H      600.13  160.00 0.809 0.008 2.49e-02  1.172 1.000 0.00e+00 5.45e-15
  45 A N     H      600.13  160.00 0.878 0.027 4.21e-02  1.405 1.000 0.00e+00 6.19e-15
  46 A N     H      600.13  160.00 0.817 0.028 2.79e-02  0.863 1.000 0.00e+00 1.02e-14
  47 A N     H      600.13  160.00 0.819 0.011 3.84e-02  0.000 1.000 0.00e+00 1.07e+00
  48 A N     H      600.13  160.00 0.858 0.029 1.64e-01  0.000 0.887 0.00e+00 2.81e-03
  49 A N     H      600.13  160.00 0.759 0.014 6.85e-01  0.000 0.856 0.00e+00 2.54e-13
  50 A N     H      600.13  160.00 0.805 0.015 4.01e-02  1.829 1.000 0.00e+00 6.49e-15
  51 A N     H      600.13  160.00 0.815 0.016 2.67e-02  0.000 1.000 0.00e+00 8.23e-01
  52 A N     H      600.13  160.00 0.820 0.009 2.51e-02  0.000 1.000 0.00e+00 5.30e-01
  54 A N     H      600.13  160.00 0.797 0.004 1.95e-02  1.132 1.000 0.00e+00 1.36e-12
  55 A N     H      600.13  160.00 0.806 0.034 9.99e-03  2.317 1.000 0.00e+00 7.66e-13
  56 A N     H      600.13  160.00 0.851 0.022 1.01e+00  0.000 0.896 0.00e+00 1.16e-13
  57 A N     H      600.13  160.00 0.846 0.015 8.86e-01  0.000 0.896 0.00e+00 1.82e-12
  58 A N     H      600.13  160.00 0.877 0.009 2.29e-02  0.286 1.000 0.00e+00 4.07e-14
  59 A N     H      600.13  160.00 0.831 0.005 1.32e-02  0.513 1.000 0.00e+00 2.92e-15
  60 A N     H      600.13  160.00 0.858 0.011 6.60e-01  0.000 0.896 0.00e+00 9.45e-16
  61 A N     H      600.13  160.00 0.829 0.010 1.44e+00  0.000 0.875 0.00e+00 2.68e-14
  62 A N     H      600.13  160.00 0.692 0.030 7.25e-01  0.000 0.813 0.00e+00 4.90e-13
  63 A N     H      600.13  160.00 0.817 0.011 2.23e-02  1.101 1.000 0.00e+00 3.04e-15
  64 A N     H      600.13  160.00 0.846 0.016 1.72e+00  0.000 0.883 0.00e+00 2.06e-13
  65 A N     H      600.13  160.00 0.808 0.023 1.74e+00  0.000 0.863 0.00e+00 9.30e-16
  66 A N     H      600.13  160.00 0.799 0.014 2.28e-02  0.702 1.000 0.00e+00 4.11e-14
  67 A N     H      600.13  160.00 0.837 0.010 1.05e-02  0.754 1.000 0.00e+00 7.78e-15
  68 A N     H      600.13  160.00 0.792 0.026 1.10e-02  1.778 1.000 0.00e+00 1.57e-13
  69 A N     H      600.13  160.00 0.882 0.006 2.42e-02  0.000 1.000 0.00e+00 8.73e-03
  70 A N     H      600.13  160.00 0.864 0.008 2.03e-02  1.729 1.000 0.00e+00 9.70e-13
  71 A N     H      600.13  160.00 0.889 0.008 5.67e-02  0.000 1.000 0.00e+00 5.45e-01
  72 A N     H      600.13  160.00 0.748 0.027 1.26e+00  0.000 0.899 0.00e+00 4.18e-13
  73 A N     H      600.13  160.00 0.374 0.035 1.54e+00  0.000 0.814 0.00e+00 2.51e-13
  74 A N     H      600.13  160.00 0.319 0.046 1.17e+00  0.000 0.789 0.00e+00 1.09e-13
  75 A N     H      600.13  160.00 0.075 0.050 1.16e+00  0.000 0.680 0.00e+00 2.31e-14
  76 A N     H      600.13  160.00 0.037 0.028 9.88e-01  0.000 0.644 0.00e+00 2.30e-12


====Full Dynamics Results: Axially-Symmetric Solution====
<residue><chain><atom1><atom2><freq><csa><s2><s2_err><tau_loc><Rex><s2_fast><tau_fast><chi2>
   2 A N     H      600.13  160.00 0.832 0.011 2.90e-02  0.000 1.000 0.00e+00 9.30e-02
   3 A N     H      600.13  160.00 0.870 0.008 2.18e-02  0.000 1.000 0.00e+00 9.49e-03
   4 A N     H      600.13  160.00 0.883 0.012 2.44e-02  0.000 1.000 0.00e+00 1.91e+00
   5 A N     H      600.13  160.00 0.829 0.010 2.51e-02  0.000 1.000 0.00e+00 7.55e-02
   6 A N     H      600.13  160.00 0.932 0.009 0.00e+00  0.000 1.000 0.00e+00 1.94e+00
   7 A N     H      600.13  160.00 0.855 0.005 3.74e-02  1.195 1.000 0.00e+00 2.52e-14
   8 A N     H      600.13  160.00 0.685 0.038 1.34e+00  0.000 0.838 0.00e+00 1.29e-15
   9 A N     H      600.13  160.00 0.706 0.036 1.06e+00  0.000 0.850 0.00e+00 6.25e-14
  10 A N     H      600.13  160.00 0.659 0.041 1.40e+00  0.000 0.848 0.00e+00 2.88e-14
  11 A N     H      600.13  160.00 0.626 0.046 1.24e+00  0.000 0.818 0.00e+00 7.55e-13
  12 A N     H      600.13  160.00 0.803 0.023 6.71e-01  0.000 0.874 0.00e+00 1.85e-13
  13 A N     H      600.13  160.00 0.869 0.024 3.01e-02  3.508 1.000 0.00e+00 2.97e-14
  14 A N     H      600.13  160.00 0.867 0.031 1.79e-02  2.775 1.000 0.00e+00 1.13e-14
  15 A N     H      600.13  160.00 0.883 0.008 2.45e-02  0.000 1.000 0.00e+00 1.26e+00
  17 A N     H      600.13  160.00 0.857 0.011 2.75e-02  0.000 1.000 0.00e+00 5.85e-01
  18 A N     H      600.13  160.00 0.805 0.007 3.12e-02  1.003 1.000 0.00e+00 6.66e-15
  20 A N     H      600.13  160.00 0.827 0.004 3.64e-02  0.000 1.000 0.00e+00 1.73e+00
  21 A N     H      600.13  160.00 0.907 0.007 4.34e-02  0.311 1.000 0.00e+00 7.95e-16
  22 A N     H      600.13  160.00 0.869 0.009 3.12e-02  0.000 1.000 0.00e+00 2.26e-01
  23 A N     H      600.13  160.00 0.925 0.020 0.00e+00  1.964 1.000 0.00e+00 3.33e-02
  25 A N     H      600.13  160.00 0.941 0.023 0.00e+00  3.511 1.000 0.00e+00 5.23e+00
  27 A N     H      600.13  160.00 0.936 0.006 0.00e+00  0.000 1.000 0.00e+00 3.04e+00
  28 A N     H      600.13  160.00 0.929 0.016 3.73e-02  0.000 1.000 0.00e+00 9.98e-05
  29 A N     H      600.13  160.00 0.877 0.022 4.64e-02  0.696 1.000 0.00e+00 3.16e-14
  30 A N     H      600.13  160.00 0.902 0.009 3.07e-02  0.000 1.000 0.00e+00 2.01e-02
  32 A N     H      600.13  160.00 0.895 0.026 2.19e-02  0.565 1.000 0.00e+00 1.59e-08
  33 A N     H      600.13  160.00 0.856 0.007 3.50e-02  0.236 1.000 0.00e+00 1.07e-12
  34 A N     H      600.13  160.00 0.880 0.008 2.11e-02  0.000 1.000 0.00e+00 1.65e-01
  35 A N     H      600.13  160.00 0.903 0.005 2.27e-02  0.000 1.000 0.00e+00 3.54e-03
  36 A N     H      600.13  160.00 0.781 0.010 1.48e-02  1.203 1.000 0.00e+00 2.97e-10
  39 A N     H      600.13  160.00 0.837 0.018 1.13e+00  0.000 0.888 0.00e+00 6.63e-15
  40 A N     H      600.13  160.00 0.853 0.004 2.56e-02  0.000 1.000 0.00e+00 1.01e+00
  41 A N     H      600.13  160.00 0.838 0.007 8.87e-01  0.000 0.884 0.00e+00 1.40e-14
  43 A N     H      600.13  160.00 0.852 0.015 4.75e-02  0.000 1.000 0.00e+00 4.11e-01
  44 A N     H      600.13  160.00 0.857 0.007 3.47e-02  0.000 1.000 0.00e+00 1.31e+00
  45 A N     H      600.13  160.00 0.890 0.028 4.71e-02  1.050 1.000 0.00e+00 3.75e-14
  46 A N     H      600.13  160.00 0.847 0.018 3.40e-02  0.000 1.000 0.00e+00 1.25e-01
  47 A N     H      600.13  160.00 0.768 0.031 1.13e+00  0.000 0.863 0.00e+00 3.03e-13
  48 A N     H      600.13  160.00 0.864 0.025 2.76e-02  0.000 1.000 0.00e+00 1.70e+00
  49 A N     H      600.13  160.00 0.753 0.014 7.33e-01  0.000 0.854 0.00e+00 1.67e-12
  50 A N     H      600.13  160.00 0.873 0.009 6.42e-02  0.000 1.000 0.00e+00 8.22e-03
  51 A N     H      600.13  160.00 0.762 0.022 1.20e+00  0.000 0.833 0.00e+00 5.73e-15
  52 A N     H      600.13  160.00 0.838 0.007 2.80e-02  0.000 1.000 0.00e+00 1.89e+01
  54 A N     H      600.13  160.00 0.836 0.004 2.45e-02  0.000 1.000 0.00e+00 3.38e-01
  55 A N     H      600.13  160.00 0.892 0.013 1.92e-02  0.000 1.000 0.00e+00 2.09e-01
  56 A N     H      600.13  160.00 0.879 0.011 3.06e-02  0.000 1.000 0.00e+00 1.07e+00
  57 A N     H      600.13  160.00 0.863 0.006 3.28e-02  0.000 1.000 0.00e+00 1.34e+00
  58 A N     H      600.13  160.00 0.889 0.005 2.63e-02  0.000 1.000 0.00e+00 1.38e+00
  59 A N     H      600.13  160.00 0.847 0.004 1.47e-02  0.000 1.000 0.00e+00 7.24e-02
  60 A N     H      600.13  160.00 0.869 0.007 3.31e-02  0.000 1.000 0.00e+00 6.74e-01
  61 A N     H      600.13  160.00 0.864 0.025 1.77e-02  0.000 1.000 0.00e+00 1.44e+00
  62 A N     H      600.13  160.00 0.742 0.014 5.16e-02  0.000 1.000 0.00e+00 3.17e-01
  63 A N     H      600.13  160.00 0.858 0.006 2.94e-02  0.000 1.000 0.00e+00 2.95e-03
  64 A N     H      600.13  160.00 0.876 0.008 1.38e-02  0.000 1.000 0.00e+00 7.68e-01
  65 A N     H      600.13  160.00 0.857 0.008 1.72e-02  0.000 1.000 0.00e+00 5.16e-01
  66 A N     H      600.13  160.00 0.824 0.012 2.63e-02  0.000 1.000 0.00e+00 6.41e-02
  67 A N     H      600.13  160.00 0.859 0.007 1.19e-02  0.000 1.000 0.00e+00 8.59e-01
  68 A N     H      600.13  160.00 0.857 0.008 1.64e-02  0.000 1.000 0.00e+00 9.11e-01
  69 A N     H      600.13  160.00 0.856 0.009 1.14e+00  0.000 0.895 0.00e+00 6.13e-14
  70 A N     H      600.13  160.00 0.887 0.008 0.00e+00  1.260 1.000 0.00e+00 1.43e+01
  71 A N     H      600.13  160.00 0.854 0.015 4.20e-02  0.755 1.000 0.00e+00 1.95e-13
  72 A N     H      600.13  160.00 0.788 0.028 9.64e-01  0.000 0.902 0.00e+00 8.32e-13
  73 A N     H      600.13  160.00 0.385 0.036 1.51e+00  0.000 0.815 0.00e+00 4.38e-14
  74 A N     H      600.13  160.00 0.327 0.048 1.16e+00  0.000 0.789 0.00e+00 4.21e-13
  75 A N     H      600.13  160.00 0.078 0.053 1.16e+00  0.000 0.681 0.00e+00 1.14e-13
  76 A N     H      600.13  160.00 0.037 0.027 9.88e-01  0.000 0.644 0.00e+00 3.16e-14


====Full Dynamics Results: Anisotropic Solution====
<residue><chain><atom1><atom2><freq><csa><s2><s2_err><tau_loc><Rex><s2_fast><tau_fast><chi2>
   2 A N     H      600.13  160.00 0.836 0.011 2.99e-02  0.000 1.000 0.00e+00 1.81e+00
   3 A N     H      600.13  160.00 0.870 0.008 2.19e-02  0.000 1.000 0.00e+00 1.80e-03
   4 A N     H      600.13  160.00 0.868 0.016 2.20e-02  0.397 1.000 0.00e+00 2.65e-13
   5 A N     H      600.13  160.00 0.828 0.010 2.49e-02  0.000 1.000 0.00e+00 1.80e-01
   6 A N     H      600.13  160.00 0.933 0.009 0.00e+00  0.000 1.000 0.00e+00 2.25e+00
   7 A N     H      600.13  160.00 0.859 0.005 3.85e-02  1.075 1.000 0.00e+00 1.17e-14
   8 A N     H      600.13  160.00 0.688 0.038 1.32e+00  0.000 0.839 0.00e+00 4.20e-14
   9 A N     H      600.13  160.00 0.802 0.036 5.71e-02  0.000 1.000 0.00e+00 1.78e+00
  10 A N     H      600.13  160.00 0.662 0.041 1.39e+00  0.000 0.848 0.00e+00 1.96e-13
  11 A N     H      600.13  160.00 0.608 0.045 1.33e+00  0.000 0.815 0.00e+00 3.47e-14
  12 A N     H      600.13  160.00 0.802 0.024 6.75e-01  0.000 0.874 0.00e+00 2.55e-15
  13 A N     H      600.13  160.00 0.869 0.023 3.00e-02  3.506 1.000 0.00e+00 9.31e-15
  14 A N     H      600.13  160.00 0.865 0.032 1.76e-02  2.817 1.000 0.00e+00 1.33e-14
  15 A N     H      600.13  160.00 0.881 0.008 2.41e-02  0.000 1.000 0.00e+00 1.59e+00
  17 A N     H      600.13  160.00 0.857 0.011 2.78e-02  0.000 1.000 0.00e+00 2.01e-04
  18 A N     H      600.13  160.00 0.823 0.010 3.46e-02  0.553 1.000 0.00e+00 3.45e-14
  20 A N     H      600.13  160.00 0.833 0.006 3.80e-02  0.000 1.000 0.00e+00 1.37e-01
  21 A N     H      600.13  160.00 0.916 0.008 4.83e-02  0.000 1.000 0.00e+00 3.34e-01
  22 A N     H      600.13  160.00 0.866 0.009 3.02e-02  0.000 1.000 0.00e+00 6.83e-02
  23 A N     H      600.13  160.00 0.923 0.020 0.00e+00  2.017 1.000 0.00e+00 2.98e-02
  25 A N     H      600.13  160.00 0.944 0.023 0.00e+00  3.417 1.000 0.00e+00 5.20e+00
  27 A N     H      600.13  160.00 0.936 0.006 0.00e+00  0.000 1.000 0.00e+00 1.74e+00
  28 A N     H      600.13  160.00 0.928 0.016 2.08e-01  0.000 0.946 0.00e+00 3.04e-11
  29 A N     H      600.13  160.00 0.878 0.022 4.66e-02  0.678 1.000 0.00e+00 3.48e-13
  30 A N     H      600.13  160.00 0.901 0.009 3.01e-02  0.000 1.000 0.00e+00 1.25e-01
  32 A N     H      600.13  160.00 0.898 0.025 2.26e-02  0.474 1.000 0.00e+00 3.84e-12
  33 A N     H      600.13  160.00 0.855 0.007 3.47e-02  0.260 1.000 0.00e+00 1.07e-13
  34 A N     H      600.13  160.00 0.881 0.008 2.13e-02  0.000 1.000 0.00e+00 5.58e-01
  35 A N     H      600.13  160.00 0.910 0.006 2.50e-02  0.000 1.000 0.00e+00 6.62e-01
  36 A N     H      600.13  160.00 0.844 0.010 2.13e-02  0.000 1.000 0.00e+00 7.63e+00
  39 A N     H      600.13  160.00 0.843 0.018 1.02e+00  0.000 0.889 0.00e+00 2.42e-14
  40 A N     H      600.13  160.00 0.851 0.006 2.53e-02  0.000 1.000 0.00e+00 1.28e+00
  41 A N     H      600.13  160.00 0.861 0.007 3.10e-02  0.000 1.000 0.00e+00 4.43e-01
  43 A N     H      600.13  160.00 0.852 0.015 4.76e-02  0.000 1.000 0.00e+00 9.05e-01
  44 A N     H      600.13  160.00 0.856 0.007 3.42e-02  0.000 1.000 0.00e+00 8.34e-01
  45 A N     H      600.13  160.00 0.894 0.028 4.87e-02  0.942 1.000 0.00e+00 4.29e-11
  46 A N     H      600.13  160.00 0.847 0.019 3.38e-02  0.000 1.000 0.00e+00 1.33e-01
  47 A N     H      600.13  160.00 0.770 0.031 1.11e+00  0.000 0.863 0.00e+00 3.82e-14
  48 A N     H      600.13  160.00 0.860 0.025 2.66e-02  0.000 1.000 0.00e+00 5.24e-01
  49 A N     H      600.13  160.00 0.750 0.015 7.54e-01  0.000 0.854 0.00e+00 8.13e-13
  50 A N     H      600.13  160.00 0.874 0.009 6.46e-02  0.000 1.000 0.00e+00 1.89e-01
  51 A N     H      600.13  160.00 0.744 0.022 1.41e+00  0.000 0.829 0.00e+00 3.57e-14
  52 A N     H      600.13  160.00 0.826 0.008 1.00e-01  0.000 0.876 0.00e+00 4.96e+00
  54 A N     H      600.13  160.00 0.837 0.004 2.46e-02  0.000 1.000 0.00e+00 1.90e-01
  55 A N     H      600.13  160.00 0.891 0.013 1.92e-02  0.000 1.000 0.00e+00 1.41e-01
  56 A N     H      600.13  160.00 0.876 0.011 2.97e-02  0.000 1.000 0.00e+00 6.97e-02
  57 A N     H      600.13  160.00 0.852 0.006 3.05e-02  0.424 1.000 0.00e+00 3.82e-13
  58 A N     H      600.13  160.00 0.890 0.005 2.65e-02  0.000 1.000 0.00e+00 1.66e+00
  59 A N     H      600.13  160.00 0.843 0.005 1.40e-02  0.000 1.000 0.00e+00 8.78e-01
  60 A N     H      600.13  160.00 0.856 0.007 3.00e-02  0.366 1.000 0.00e+00 9.52e-16
  61 A N     H      600.13  160.00 0.853 0.024 1.69e-02  0.209 1.000 0.00e+00 8.90e-14
  62 A N     H      600.13  160.00 0.739 0.014 5.12e-02  0.000 1.000 0.00e+00 2.76e-04
  63 A N     H      600.13  160.00 0.855 0.006 2.90e-02  0.000 1.000 0.00e+00 1.48e+00
  64 A N     H      600.13  160.00 0.876 0.008 1.31e-02  0.000 1.000 0.00e+00 2.76e-04
  65 A N     H      600.13  160.00 0.850 0.008 1.62e-02  0.000 1.000 0.00e+00 1.45e-01
  66 A N     H      600.13  160.00 0.823 0.012 2.62e-02  0.000 1.000 0.00e+00 3.20e-01
  67 A N     H      600.13  160.00 0.857 0.008 1.14e-02  0.000 1.000 0.00e+00 1.88e+00
  68 A N     H      600.13  160.00 0.856 0.008 1.62e-02  0.000 1.000 0.00e+00 1.48e+00
  69 A N     H      600.13  160.00 0.859 0.010 1.08e+00  0.000 0.895 0.00e+00 1.40e-15
  70 A N     H      600.13  160.00 0.867 0.008 2.08e-02  1.609 1.000 0.00e+00 5.80e-15
  71 A N     H      600.13  160.00 0.844 0.015 3.89e-02  1.029 1.000 0.00e+00 3.12e-13
  72 A N     H      600.13  160.00 0.800 0.028 8.60e-01  0.000 0.903 0.00e+00 1.50e-15
  73 A N     H      600.13  160.00 0.392 0.036 1.50e+00  0.000 0.816 0.00e+00 3.58e-13
  74 A N     H      600.13  160.00 0.331 0.048 1.15e+00  0.000 0.790 0.00e+00 2.09e-14
  75 A N     H      600.13  160.00 0.078 0.052 1.16e+00  0.000 0.680 0.00e+00 1.17e-13
  76 A N     H      600.13  160.00 0.036 0.026 9.87e-01  0.000 0.644 0.00e+00 1.66e-13

=====ROBUST REGRESSION: On=====

=====ORIENTATION SAMPLING=====
Number of rigid bonds = 62
Sampling Param Xi = 0.048 Vectors are uniformly distributed.
Sampling Tensor Components = [0.194, -0.007, -0.187].

=====ISOTROPIC MODEL=====
Diso = 1.96 +/- 0.01 *(10^7) 1/s
TAUc = 8.52 +/- 0.04 ns
Q = 0.708  chi^2 = 778.868  chi^2/df = 12.768 (Rigid Only)
Akaike Information Criterion (AIC): Value = 780.868

=====AXIALLY-SYMMETRIC MODEL (PROLATE)=====
D_perp = 1.74 +/- 0.01 *(10^7) 1/s
D_parallel = 2.38 +/- 0.03 *(10^7) 1/s
alpha = 38 +/- 2  deg
beta = 49 +/- 3  deg
Orientational Uncertainty = 3 deg
TAUc = 8.54 +/- 0.03 ns
anisotropy = 1.37 +/- 0.02
Q = 0.219  R = 0.975  chi^2 = 89.271  chi^2/df = 1.539 (Rigid Only)
Inertia Tensor Unique Axis Difference = 51 deg
ELM Predicted Tensor Unique Axis Difference = 58 deg
F-test (0.05): Axially-Symmetric model better than Isotropic? true, P = 3.03e-27, F = 149.35
Akaike Information Criterion (AIC): Value = 97.271,
   =>Axially-Symmetric model better than Isotropic? true

==Axially-Symmetric Diffusion Tensor==
    [  1.965   0.176   0.253]     [  0.016   0.013   0.019]
D = [  0.176   1.872   0.195] +/- [  0.013   0.019   0.012] *(10^7) 1/s
    [  0.253   0.195   2.016]     [  0.019   0.012   0.039]

==Axially-Symmetric Diffusion Tensor Sorted Eigendecomposition==
    [  -0.610    -0.522     0.596][   1.736     0.000     0.000][  -0.610     0.792     0.000]
D = [   0.792    -0.402     0.459][   0.000     1.736     0.000][  -0.522    -0.402     0.752] *(10^7) 1/s
    [  -0.000     0.752     0.659][   0.000     0.000     2.381][   0.596     0.459     0.659]

=====FULLY ANISOTROPIC MODEL=====
Dx = 1.65 +/- 0.02 *(10^7) 1/s
Dy = 1.81 +/- 0.02 *(10^7) 1/s
Dz = 2.37 +/- 0.03 *(10^7) 1/s
alpha = 37 +/- 2  deg
beta = 44 +/- 2  deg
gamma = 101 +/- 9 deg
Orientational Uncertainty = 9 deg
TAUc = 8.57 +/- 0.03 ns
anisotropy = 1.37 +/- 0.02
rhombicity = 0.36 +/- 0.10
Q = 0.213  R = 0.972  chi^2 = 360.154  chi^2/df = 6.431 (Rigid Only)
Axially-Symmetric Tensor Primary Axis Difference = 5 deg
Inertia Tensor Primary Axis Difference = 47 deg
Inertia Tensor Orientational Difference = 47 deg
ELM Predicted Tensor Primary Axis Difference = 54 deg
ELM Predicted Tensor Orientational Difference = 54 deg
F-test (0.05): Anisotropic model better than Isotropic? true, P = 2.05e-08, F = 13.02
F-test (0.05): Anisotropic model better than Axially-Symmetric? false, P = NaN, F = -88.00
Akaike Information Criterion (AIC): Value = 372.154,
   =>Anisotropic model better than Isotropic? true
   =>Anisotropic model better than Axially-Symmteric? false

==Anistropic Diffusion Tensor==
    [  1.904   0.207   0.237]     [  0.024   0.015   0.016]
D = [  0.207   1.832   0.156] +/- [  0.015   0.021   0.019] *(10^7) 1/s
    [  0.237   0.156   2.095]     [  0.016   0.019   0.028]

==Anistropic Diffusion Tensor Sorted Eigendecomposition==
    [  -0.702    -0.448     0.554][   1.654     0.000     0.000][  -0.702     0.700     0.130]
D = [   0.700    -0.576     0.422][   0.000     1.808     0.000][  -0.448    -0.576     0.684] *(10^7) 1/s
    [   0.130     0.684     0.718][   0.000     0.000     2.370][   0.554     0.422     0.718]

====Potential Rigid Bonds with High Rex (>10% of R2) or Low S2 (<0.75) ====
<residue><chain><atom1><atom2><CSA><Radius><Rex><S2>
  70 A N H 160.00 1.02 1.26 0.89

====Full Rotdif Results: Isotropic Solution====
<residue><chain><atom1><atom2><freq><rho_exp><rho_pred><rho_error>
   2 A N     H      600.13  14.723  15.469   0.392
   3 A N     H      600.13  16.419  15.469   0.367
   4 A N     H      600.13  18.232  15.469   0.384
   5 A N     H      600.13  17.170  15.469   0.545
   6 A N     H      600.13  19.219  15.469   0.659
   7 A N     H      600.13  17.386  15.469   0.411
   8 A N     H      600.13  11.481  15.469   0.727
   9 A N     H      600.13  12.093  15.469   1.223
  10 A N     H      600.13  12.456  15.469   0.674
  11 A N     H      600.13  10.855  15.469   0.692
  12 A N     H      600.13  16.014  15.469   0.502
  13 A N     H      600.13  21.763  15.469   0.831
  14 A N     H      600.13  22.877  15.469   0.617
  15 A N     H      600.13  17.007  15.469   0.599
  17 A N     H      600.13  14.700  15.469   0.410
  18 A N     H      600.13  15.903  15.469   0.406
  20 A N     H      600.13  14.906  15.469   0.301
  21 A N     H      600.13  14.639  15.469   0.304
  22 A N     H      600.13  14.989  15.469   0.396
  23 A N     H      600.13  21.271  15.469   1.109
  25 A N     H      600.13  24.603  15.469   1.061
  27 A N     H      600.13  17.893  15.469   0.246
  28 A N     H      600.13  19.019  15.469   0.658
  29 A N     H      600.13  19.816  15.469   0.640
  30 A N     H      600.13  18.309  15.469   0.393
  32 A N     H      600.13  20.068  15.469   0.284
  33 A N     H      600.13  19.041  15.469   0.200
  34 A N     H      600.13  18.544  15.469   0.414
  35 A N     H      600.13  16.410  15.469   0.371
  36 A N     H      600.13  16.541  15.469   0.448
  39 A N     H      600.13  15.094  15.469   0.289
  40 A N     H      600.13  15.136  15.469   0.419
  41 A N     H      600.13  13.941  15.469   0.251
  43 A N     H      600.13  15.901  15.469   0.618
  44 A N     H      600.13  17.238  15.469   0.323
  45 A N     H      600.13  17.437  15.469   1.002
  46 A N     H      600.13  16.714  15.469   0.545
  47 A N     H      600.13  15.937  15.469   0.639
  48 A N     H      600.13  15.403  15.469   0.936
  49 A N     H      600.13  14.142  15.469   0.281
  50 A N     H      600.13  18.215  15.469   0.420
  51 A N     H      600.13  15.884  15.469   0.620
  52 A N     H      600.13  15.579  15.469   0.324
  54 A N     H      600.13  17.223  15.469   0.212
  55 A N     H      600.13  19.206  15.469   0.488
  56 A N     H      600.13  14.708  15.469   0.390
  57 A N     H      600.13  14.698  15.469   0.238
  58 A N     H      600.13  15.827  15.469   0.202
  59 A N     H      600.13  16.222  15.469   0.334
  60 A N     H      600.13  14.995  15.469   0.212
  61 A N     H      600.13  14.505  15.469   0.202
  62 A N     H      600.13  13.641  15.469   0.627
  63 A N     H      600.13  17.127  15.469   0.272
  64 A N     H      600.13  14.636  15.469   0.268
  65 A N     H      600.13  14.197  15.469   0.371
  66 A N     H      600.13  16.493  15.469   0.514
  67 A N     H      600.13  16.611  15.469   0.354
  68 A N     H      600.13  18.363  15.469   0.372
  69 A N     H      600.13  15.375  15.469   0.233
  70 A N     H      600.13  18.032  15.469   0.214
  71 A N     H      600.13  15.532  15.469   0.299
  72 A N     H      600.13  12.630  15.469   0.410
  73 A N     H      600.13   6.828  15.469   0.446
  74 A N     H      600.13   6.532  15.469   0.801
  75 A N     H      600.13   2.834  15.469   1.083
  76 A N     H      600.13   2.239  15.469   0.902


====Full Rotdif Results: Axially-Symmetric Solution====
<residue><chain><atom1><atom2><freq><rho_exp><rho_pred><rho_error>
   2 A N     H      600.13  14.723  14.622   0.392
   3 A N     H      600.13  16.419  16.395   0.367
   4 A N     H      600.13  18.232  17.722   0.384
   5 A N     H      600.13  17.170  17.041   0.545
   6 A N     H      600.13  19.219  18.455   0.659
   7 A N     H      600.13  17.386  15.567   0.411
   8 A N     H      600.13  11.481   9.615   0.727
   9 A N     H      600.13  12.093  10.399   1.223
  10 A N     H      600.13  12.456  10.415   0.674
  11 A N     H      600.13  10.855   8.960   0.692
  12 A N     H      600.13  16.014  14.421   0.502
  13 A N     H      600.13  21.763  16.337   0.831
  14 A N     H      600.13  22.877  18.327   0.617
  15 A N     H      600.13  17.007  16.351   0.599
  17 A N     H      600.13  14.700  14.403   0.410
  18 A N     H      600.13  15.903  14.348   0.406
  20 A N     H      600.13  14.906  14.534   0.301
  21 A N     H      600.13  14.639  14.218   0.304
  22 A N     H      600.13  14.989  15.193   0.396
  23 A N     H      600.13  21.271  18.235   1.109
  25 A N     H      600.13  24.603  19.223   1.061
  27 A N     H      600.13  17.893  18.261   0.246
  28 A N     H      600.13  19.019  19.026   0.658
  29 A N     H      600.13  19.816  18.707   0.640
  30 A N     H      600.13  18.309  18.268   0.393
  32 A N     H      600.13  20.068  19.161   0.284
  33 A N     H      600.13  19.041  18.672   0.200
  34 A N     H      600.13  18.544  18.390   0.414
  35 A N     H      600.13  16.410  16.441   0.371
  36 A N     H      600.13  16.541  14.583   0.448
  39 A N     H      600.13  15.094  13.320   0.289
  40 A N     H      600.13  15.136  14.730   0.419
  41 A N     H      600.13  13.941  12.527   0.251
  43 A N     H      600.13  15.901  15.537   0.618
  44 A N     H      600.13  17.238  17.633   0.323
  45 A N     H      600.13  17.437  15.889   1.002
  46 A N     H      600.13  16.714  16.932   0.545
  47 A N     H      600.13  15.937  13.553   0.639
  48 A N     H      600.13  15.403  14.249   0.936
  49 A N     H      600.13  14.142  12.488   0.281
  50 A N     H      600.13  18.215  18.214   0.420
  51 A N     H      600.13  15.884  12.957   0.620
  52 A N     H      600.13  15.579  14.282   0.324
  54 A N     H      600.13  17.223  17.119   0.212
  55 A N     H      600.13  19.206  18.995   0.488
  56 A N     H      600.13  14.708  15.128   0.390
  57 A N     H      600.13  14.698  14.439   0.238
  58 A N     H      600.13  15.827  16.077   0.202
  59 A N     H      600.13  16.222  16.142   0.334
  60 A N     H      600.13  14.995  14.837   0.212
  61 A N     H      600.13  14.505  14.274   0.202
  62 A N     H      600.13  13.641  14.045   0.627
  63 A N     H      600.13  17.127  17.131   0.272
  64 A N     H      600.13  14.636  14.878   0.268
  65 A N     H      600.13  14.197  14.473   0.371
  66 A N     H      600.13  16.493  16.384   0.514
  67 A N     H      600.13  16.611  16.292   0.354
  68 A N     H      600.13  18.363  18.024   0.372
  69 A N     H      600.13  15.375  13.664   0.233
  70 A N     H      600.13  18.032  16.012   0.214
  71 A N     H      600.13  15.532  14.430   0.299
  72 A N     H      600.13  12.630  11.522   0.410
  73 A N     H      600.13   6.828   5.759   0.446
  74 A N     H      600.13   6.532   5.425   0.801
  75 A N     H      600.13   2.834   2.415   1.083
  76 A N     H      600.13   2.239   1.970   0.902


====Full Rotdif Results: Anisotropic Solution====
<residue><chain><atom1><atom2><freq><rho_exp><rho_pred><rho_error>
   2 A N     H      600.13  14.723  15.275   0.392
   3 A N     H      600.13  16.419  16.416   0.367
   4 A N     H      600.13  18.232  17.607   0.384
   5 A N     H      600.13  17.170  16.960   0.545
   6 A N     H      600.13  19.219  18.374   0.659
   7 A N     H      600.13  17.386  15.753   0.411
   8 A N     H      600.13  11.481   9.632   0.727
   9 A N     H      600.13  12.093  13.825   1.223
  10 A N     H      600.13  12.456  10.427   0.674
  11 A N     H      600.13  10.855   8.876   0.692
  12 A N     H      600.13  16.014  14.408   0.502
  13 A N     H      600.13  21.763  16.338   0.831
  14 A N     H      600.13  22.877  18.259   0.617
  15 A N     H      600.13  17.007  16.267   0.599
  17 A N     H      600.13  14.700  14.720   0.410
  18 A N     H      600.13  15.903  15.057   0.406
  20 A N     H      600.13  14.906  14.818   0.301
  21 A N     H      600.13  14.639  14.477   0.304
  22 A N     H      600.13  14.989  14.901   0.396
  23 A N     H      600.13  21.271  18.155   1.109
  25 A N     H      600.13  24.603  19.368   1.061
  27 A N     H      600.13  17.893  18.142   0.246
  28 A N     H      600.13  19.019  18.725   0.658
  29 A N     H      600.13  19.816  18.736   0.640
  30 A N     H      600.13  18.309  18.185   0.393
  32 A N     H      600.13  20.068  19.309   0.284
  33 A N     H      600.13  19.041  18.631   0.200
  34 A N     H      600.13  18.544  18.252   0.414
  35 A N     H      600.13  16.410  16.721   0.371
  36 A N     H      600.13  16.541  15.382   0.448
  39 A N     H      600.13  15.094  13.436   0.289
  40 A N     H      600.13  15.136  14.676   0.419
  41 A N     H      600.13  13.941  14.123   0.251
  43 A N     H      600.13  15.901  15.350   0.618
  44 A N     H      600.13  17.238  17.557   0.323
  45 A N     H      600.13  17.437  16.050   1.002
  46 A N     H      600.13  16.714  16.938   0.545
  47 A N     H      600.13  15.937  13.581   0.639
  48 A N     H      600.13  15.403  14.756   0.936
  49 A N     H      600.13  14.142  12.449   0.281
  50 A N     H      600.13  18.215  18.071   0.420
  51 A N     H      600.13  15.884  12.688   0.620
  52 A N     H      600.13  15.579  14.636   0.324
  54 A N     H      600.13  17.223  17.150   0.212
  55 A N     H      600.13  19.206  19.035   0.488
  56 A N     H      600.13  14.708  14.825   0.390
  57 A N     H      600.13  14.698  14.086   0.238
  58 A N     H      600.13  15.827  16.100   0.202
  59 A N     H      600.13  16.222  15.919   0.334
  60 A N     H      600.13  14.995  14.464   0.212
  61 A N     H      600.13  14.505  14.203   0.202
  62 A N     H      600.13  13.641  13.698   0.627
  63 A N     H      600.13  17.127  17.482   0.272
  64 A N     H      600.13  14.636  14.637   0.268
  65 A N     H      600.13  14.197  14.064   0.371
  66 A N     H      600.13  16.493  16.225   0.514
  67 A N     H      600.13  16.611  16.136   0.354
  68 A N     H      600.13  18.363  17.928   0.372
  69 A N     H      600.13  15.375  13.720   0.233
  70 A N     H      600.13  18.032  15.591   0.214
  71 A N     H      600.13  15.532  14.022   0.299
  72 A N     H      600.13  12.630  11.614   0.410
  73 A N     H      600.13   6.828   5.769   0.446
  74 A N     H      600.13   6.532   5.430   0.801
  75 A N     H      600.13   2.834   2.415   1.083
  76 A N     H      600.13   2.239   1.970   0.902

====Full Dynamics Results: Isotropic Solution====
<residue><chain><atom1><atom2><freq><csa><s2><s2_err><tau_loc><Rex><s2_fast><tau_fast><chi2>
   2 A N     H      600.13  160.00 0.813 0.020 8.06e-01  0.000 0.862 0.00e+00 1.80e-15
   3 A N     H      600.13  160.00 0.846 0.011 1.82e-02  0.658 1.000 0.00e+00 5.48e-15
   4 A N     H      600.13  160.00 0.828 0.012 0.00e+00  1.651 1.000 0.00e+00 2.34e+01
   5 A N     H      600.13  160.00 0.790 0.013 2.01e-02  1.096 1.000 0.00e+00 4.95e-14
   6 A N     H      600.13  160.00 0.831 0.025 0.00e+00  2.342 1.000 0.00e+00 3.52e-01
   7 A N     H      600.13  160.00 0.851 0.005 3.64e-02  1.337 1.000 0.00e+00 5.97e-16
   8 A N     H      600.13  160.00 0.649 0.036 1.56e+00  0.000 0.834 0.00e+00 7.15e-15
   9 A N     H      600.13  160.00 0.676 0.070 1.25e+00  0.000 0.847 0.00e+00 2.12e-15
  10 A N     H      600.13  160.00 0.699 0.042 1.19e+00  0.000 0.856 0.00e+00 2.41e-15
  11 A N     H      600.13  160.00 0.594 0.044 1.39e+00  0.000 0.814 0.00e+00 8.37e-14
  12 A N     H      600.13  160.00 0.812 0.011 4.37e-02  0.479 1.000 0.00e+00 6.51e-16
  13 A N     H      600.13  160.00 0.847 0.025 2.55e-02  4.122 1.000 0.00e+00 1.69e-15
  14 A N     H      600.13  160.00 0.802 0.012 1.13e-02  4.545 1.000 0.00e+00 4.75e-15
  15 A N     H      600.13  160.00 0.857 0.009 2.01e-02  1.051 1.000 0.00e+00 1.10e-14
  17 A N     H      600.13  160.00 0.835 0.020 9.52e-01  0.000 0.881 0.00e+00 7.44e-17
  18 A N     H      600.13  160.00 0.832 0.008 3.69e-02  0.381 1.000 0.00e+00 5.24e-13
  20 A N     H      600.13  160.00 0.847 0.005 4.24e-02  0.000 1.000 0.00e+00 1.71e+00
  21 A N     H      600.13  160.00 0.893 0.019 1.03e+00  0.000 0.943 0.00e+00 2.33e-13
  22 A N     H      600.13  160.00 0.873 0.009 3.25e-02  0.000 1.000 0.00e+00 8.87e-01
  23 A N     H      600.13  160.00 0.858 0.019 0.00e+00  3.761 1.000 0.00e+00 4.23e-04
  25 A N     H      600.13  160.00 0.852 0.020 0.00e+00  5.930 1.000 0.00e+00 6.69e+00
  27 A N     H      600.13  160.00 0.876 0.009 0.00e+00  1.595 1.000 0.00e+00 3.01e-01
  28 A N     H      600.13  160.00 0.844 0.023 1.57e-02  2.315 1.000 0.00e+00 7.60e-13
  29 A N     H      600.13  160.00 0.801 0.020 2.75e-02  2.754 1.000 0.00e+00 1.52e-13
  30 A N     H      600.13  160.00 0.834 0.014 1.73e-02  1.849 1.000 0.00e+00 2.22e-13
  32 A N     H      600.13  160.00 0.811 0.017 1.12e-02  2.864 1.000 0.00e+00 5.45e-14
  33 A N     H      600.13  160.00 0.783 0.011 2.24e-02  2.216 1.000 0.00e+00 1.93e-14
  34 A N     H      600.13  160.00 0.806 0.022 1.25e-02  1.923 1.000 0.00e+00 5.87e-14
  35 A N     H      600.13  160.00 0.879 0.006 1.77e-02  0.664 1.000 0.00e+00 1.59e-14
  36 A N     H      600.13  160.00 0.846 0.009 2.18e-02  0.000 1.000 0.00e+00 7.48e+00
  39 A N     H      600.13  160.00 0.877 0.005 3.08e-02  0.000 1.000 0.00e+00 9.24e-01
  40 A N     H      600.13  160.00 0.871 0.005 3.04e-02  0.000 1.000 0.00e+00 3.09e-01
  41 A N     H      600.13  160.00 0.808 0.014 1.41e+00  0.000 0.881 0.00e+00 5.85e-15
  43 A N     H      600.13  160.00 0.854 0.015 4.84e-02  0.000 1.000 0.00e+00 1.03e+00
  44 A N     H      600.13  160.00 0.809 0.008 2.49e-02  1.172 1.000 0.00e+00 5.45e-15
  45 A N     H      600.13  160.00 0.878 0.027 4.21e-02  1.405 1.000 0.00e+00 6.19e-15
  46 A N     H      600.13  160.00 0.817 0.028 2.79e-02  0.863 1.000 0.00e+00 1.02e-14
  47 A N     H      600.13  160.00 0.819 0.011 3.84e-02  0.000 1.000 0.00e+00 1.07e+00
  48 A N     H      600.13  160.00 0.858 0.029 1.64e-01  0.000 0.887 0.00e+00 2.81e-03
  49 A N     H      600.13  160.00 0.759 0.014 6.85e-01  0.000 0.856 0.00e+00 2.54e-13
  50 A N     H      600.13  160.00 0.805 0.015 4.01e-02  1.829 1.000 0.00e+00 6.49e-15
  51 A N     H      600.13  160.00 0.815 0.016 2.67e-02  0.000 1.000 0.00e+00 8.23e-01
  52 A N     H      600.13  160.00 0.820 0.009 2.51e-02  0.000 1.000 0.00e+00 5.30e-01
  54 A N     H      600.13  160.00 0.797 0.004 1.95e-02  1.132 1.000 0.00e+00 1.36e-12
  55 A N     H      600.13  160.00 0.806 0.034 9.99e-03  2.317 1.000 0.00e+00 7.66e-13
  56 A N     H      600.13  160.00 0.851 0.022 1.01e+00  0.000 0.896 0.00e+00 1.16e-13
  57 A N     H      600.13  160.00 0.846 0.015 8.86e-01  0.000 0.896 0.00e+00 1.82e-12
  58 A N     H      600.13  160.00 0.877 0.009 2.29e-02  0.286 1.000 0.00e+00 4.07e-14
  59 A N     H      600.13  160.00 0.831 0.005 1.32e-02  0.513 1.000 0.00e+00 2.92e-15
  60 A N     H      600.13  160.00 0.858 0.011 6.60e-01  0.000 0.896 0.00e+00 9.45e-16
  61 A N     H      600.13  160.00 0.829 0.010 1.44e+00  0.000 0.875 0.00e+00 2.68e-14
  62 A N     H      600.13  160.00 0.692 0.030 7.25e-01  0.000 0.813 0.00e+00 4.90e-13
  63 A N     H      600.13  160.00 0.817 0.011 2.23e-02  1.101 1.000 0.00e+00 3.04e-15
  64 A N     H      600.13  160.00 0.846 0.016 1.72e+00  0.000 0.883 0.00e+00 2.06e-13
  65 A N     H      600.13  160.00 0.808 0.023 1.74e+00  0.000 0.863 0.00e+00 9.30e-16
  66 A N     H      600.13  160.00 0.799 0.014 2.28e-02  0.702 1.000 0.00e+00 4.11e-14
  67 A N     H      600.13  160.00 0.837 0.010 1.05e-02  0.754 1.000 0.00e+00 7.78e-15
  68 A N     H      600.13  160.00 0.792 0.026 1.10e-02  1.778 1.000 0.00e+00 1.57e-13
  69 A N     H      600.13  160.00 0.882 0.006 2.42e-02  0.000 1.000 0.00e+00 8.73e-03
  70 A N     H      600.13  160.00 0.864 0.008 2.03e-02  1.729 1.000 0.00e+00 9.70e-13
  71 A N     H      600.13  160.00 0.889 0.008 5.67e-02  0.000 1.000 0.00e+00 5.45e-01
  72 A N     H      600.13  160.00 0.748 0.027 1.26e+00  0.000 0.899 0.00e+00 4.18e-13
  73 A N     H      600.13  160.00 0.374 0.035 1.54e+00  0.000 0.814 0.00e+00 2.51e-13
  74 A N     H      600.13  160.00 0.319 0.046 1.17e+00  0.000 0.789 0.00e+00 1.09e-13
  75 A N     H      600.13  160.00 0.075 0.050 1.16e+00  0.000 0.680 0.00e+00 2.31e-14
  76 A N     H      600.13  160.00 0.037 0.028 9.88e-01  0.000 0.644 0.00e+00 2.30e-12


====Full Dynamics Results: Axially-Symmetric Solution====
<residue><chain><atom1><atom2><freq><csa><s2><s2_err><tau_loc><Rex><s2_fast><tau_fast><chi2>
   2 A N     H      600.13  160.00 0.832 0.011 2.90e-02  0.000 1.000 0.00e+00 9.30e-02
   3 A N     H      600.13  160.00 0.870 0.008 2.18e-02  0.000 1.000 0.00e+00 9.49e-03
   4 A N     H      600.13  160.00 0.883 0.012 2.44e-02  0.000 1.000 0.00e+00 1.91e+00
   5 A N     H      600.13  160.00 0.829 0.010 2.51e-02  0.000 1.000 0.00e+00 7.55e-02
   6 A N     H      600.13  160.00 0.932 0.009 0.00e+00  0.000 1.000 0.00e+00 1.94e+00
   7 A N     H      600.13  160.00 0.855 0.005 3.74e-02  1.195 1.000 0.00e+00 2.52e-14
   8 A N     H      600.13  160.00 0.685 0.038 1.34e+00  0.000 0.838 0.00e+00 1.29e-15
   9 A N     H      600.13  160.00 0.706 0.036 1.06e+00  0.000 0.850 0.00e+00 6.25e-14
  10 A N     H      600.13  160.00 0.659 0.041 1.40e+00  0.000 0.848 0.00e+00 2.88e-14
  11 A N     H      600.13  160.00 0.626 0.046 1.24e+00  0.000 0.818 0.00e+00 7.55e-13
  12 A N     H      600.13  160.00 0.803 0.023 6.71e-01  0.000 0.874 0.00e+00 1.85e-13
  13 A N     H      600.13  160.00 0.869 0.024 3.01e-02  3.508 1.000 0.00e+00 2.97e-14
  14 A N     H      600.13  160.00 0.867 0.031 1.79e-02  2.775 1.000 0.00e+00 1.13e-14
  15 A N     H      600.13  160.00 0.883 0.008 2.45e-02  0.000 1.000 0.00e+00 1.26e+00
  17 A N     H      600.13  160.00 0.857 0.011 2.75e-02  0.000 1.000 0.00e+00 5.85e-01
  18 A N     H      600.13  160.00 0.805 0.007 3.12e-02  1.003 1.000 0.00e+00 6.66e-15
  20 A N     H      600.13  160.00 0.827 0.004 3.64e-02  0.000 1.000 0.00e+00 1.73e+00
  21 A N     H      600.13  160.00 0.907 0.007 4.34e-02  0.311 1.000 0.00e+00 7.95e-16
  22 A N     H      600.13  160.00 0.869 0.009 3.12e-02  0.000 1.000 0.00e+00 2.26e-01
  23 A N     H      600.13  160.00 0.925 0.020 0.00e+00  1.964 1.000 0.00e+00 3.33e-02
  25 A N     H      600.13  160.00 0.941 0.023 0.00e+00  3.511 1.000 0.00e+00 5.23e+00
  27 A N     H      600.13  160.00 0.936 0.006 0.00e+00  0.000 1.000 0.00e+00 3.04e+00
  28 A N     H      600.13  160.00 0.929 0.016 3.73e-02  0.000 1.000 0.00e+00 9.98e-05
  29 A N     H      600.13  160.00 0.877 0.022 4.64e-02  0.696 1.000 0.00e+00 3.16e-14
  30 A N     H      600.13  160.00 0.902 0.009 3.07e-02  0.000 1.000 0.00e+00 2.01e-02
  32 A N     H      600.13  160.00 0.895 0.026 2.19e-02  0.565 1.000 0.00e+00 1.59e-08
  33 A N     H      600.13  160.00 0.856 0.007 3.50e-02  0.236 1.000 0.00e+00 1.07e-12
  34 A N     H      600.13  160.00 0.880 0.008 2.11e-02  0.000 1.000 0.00e+00 1.65e-01
  35 A N     H      600.13  160.00 0.903 0.005 2.27e-02  0.000 1.000 0.00e+00 3.54e-03
  36 A N     H      600.13  160.00 0.781 0.010 1.48e-02  1.203 1.000 0.00e+00 2.97e-10
  39 A N     H      600.13  160.00 0.837 0.018 1.13e+00  0.000 0.888 0.00e+00 6.63e-15
  40 A N     H      600.13  160.00 0.853 0.004 2.56e-02  0.000 1.000 0.00e+00 1.01e+00
  41 A N     H      600.13  160.00 0.838 0.007 8.87e-01  0.000 0.884 0.00e+00 1.40e-14
  43 A N     H      600.13  160.00 0.852 0.015 4.75e-02  0.000 1.000 0.00e+00 4.11e-01
  44 A N     H      600.13  160.00 0.857 0.007 3.47e-02  0.000 1.000 0.00e+00 1.31e+00
  45 A N     H      600.13  160.00 0.890 0.028 4.71e-02  1.050 1.000 0.00e+00 3.75e-14
  46 A N     H      600.13  160.00 0.847 0.018 3.40e-02  0.000 1.000 0.00e+00 1.25e-01
  47 A N     H      600.13  160.00 0.768 0.031 1.13e+00  0.000 0.863 0.00e+00 3.03e-13
  48 A N     H      600.13  160.00 0.864 0.025 2.76e-02  0.000 1.000 0.00e+00 1.70e+00
  49 A N     H      600.13  160.00 0.753 0.014 7.33e-01  0.000 0.854 0.00e+00 1.67e-12
  50 A N     H      600.13  160.00 0.873 0.009 6.42e-02  0.000 1.000 0.00e+00 8.22e-03
  51 A N     H      600.13  160.00 0.762 0.022 1.20e+00  0.000 0.833 0.00e+00 5.73e-15
  52 A N     H      600.13  160.00 0.838 0.007 2.80e-02  0.000 1.000 0.00e+00 1.89e+01
  54 A N     H      600.13  160.00 0.836 0.004 2.45e-02  0.000 1.000 0.00e+00 3.38e-01
  55 A N     H      600.13  160.00 0.892 0.013 1.92e-02  0.000 1.000 0.00e+00 2.09e-01
  56 A N     H      600.13  160.00 0.879 0.011 3.06e-02  0.000 1.000 0.00e+00 1.07e+00
  57 A N     H      600.13  160.00 0.863 0.006 3.28e-02  0.000 1.000 0.00e+00 1.34e+00
  58 A N     H      600.13  160.00 0.889 0.005 2.63e-02  0.000 1.000 0.00e+00 1.38e+00
  59 A N     H      600.13  160.00 0.847 0.004 1.47e-02  0.000 1.000 0.00e+00 7.24e-02
  60 A N     H      600.13  160.00 0.869 0.007 3.31e-02  0.000 1.000 0.00e+00 6.74e-01
  61 A N     H      600.13  160.00 0.864 0.025 1.77e-02  0.000 1.000 0.00e+00 1.44e+00
  62 A N     H      600.13  160.00 0.742 0.014 5.16e-02  0.000 1.000 0.00e+00 3.17e-01
  63 A N     H      600.13  160.00 0.858 0.006 2.94e-02  0.000 1.000 0.00e+00 2.95e-03
  64 A N     H      600.13  160.00 0.876 0.008 1.38e-02  0.000 1.000 0.00e+00 7.68e-01
  65 A N     H      600.13  160.00 0.857 0.008 1.72e-02  0.000 1.000 0.00e+00 5.16e-01
  66 A N     H      600.13  160.00 0.824 0.012 2.63e-02  0.000 1.000 0.00e+00 6.41e-02
  67 A N     H      600.13  160.00 0.859 0.007 1.19e-02  0.000 1.000 0.00e+00 8.59e-01
  68 A N     H      600.13  160.00 0.857 0.008 1.64e-02  0.000 1.000 0.00e+00 9.11e-01
  69 A N     H      600.13  160.00 0.856 0.009 1.14e+00  0.000 0.895 0.00e+00 6.13e-14
  70 A N     H      600.13  160.00 0.887 0.008 0.00e+00  1.260 1.000 0.00e+00 1.43e+01
  71 A N     H      600.13  160.00 0.854 0.015 4.20e-02  0.755 1.000 0.00e+00 1.95e-13
  72 A N     H      600.13  160.00 0.788 0.028 9.64e-01  0.000 0.902 0.00e+00 8.32e-13
  73 A N     H      600.13  160.00 0.385 0.036 1.51e+00  0.000 0.815 0.00e+00 4.38e-14
  74 A N     H      600.13  160.00 0.327 0.048 1.16e+00  0.000 0.789 0.00e+00 4.21e-13
  75 A N     H      600.13  160.00 0.078 0.053 1.16e+00  0.000 0.681 0.00e+00 1.14e-13
  76 A N     H      600.13  160.00 0.037 0.027 9.88e-01  0.000 0.644 0.00e+00 3.16e-14


====Full Dynamics Results: Anisotropic Solution====
<residue><chain><atom1><atom2><freq><csa><s2><s2_err><tau_loc><Rex><s2_fast><tau_fast><chi2>
   2 A N     H      600.13  160.00 0.836 0.011 2.99e-02  0.000 1.000 0.00e+00 1.81e+00
   3 A N     H      600.13  160.00 0.870 0.008 2.19e-02  0.000 1.000 0.00e+00 1.80e-03
   4 A N     H      600.13  160.00 0.868 0.016 2.20e-02  0.397 1.000 0.00e+00 2.65e-13
   5 A N     H      600.13  160.00 0.828 0.010 2.49e-02  0.000 1.000 0.00e+00 1.80e-01
   6 A N     H      600.13  160.00 0.933 0.009 0.00e+00  0.000 1.000 0.00e+00 2.25e+00
   7 A N     H      600.13  160.00 0.859 0.005 3.85e-02  1.075 1.000 0.00e+00 1.17e-14
   8 A N     H      600.13  160.00 0.688 0.038 1.32e+00  0.000 0.839 0.00e+00 4.20e-14
   9 A N     H      600.13  160.00 0.802 0.036 5.71e-02  0.000 1.000 0.00e+00 1.78e+00
  10 A N     H      600.13  160.00 0.662 0.041 1.39e+00  0.000 0.848 0.00e+00 1.96e-13
  11 A N     H      600.13  160.00 0.608 0.045 1.33e+00  0.000 0.815 0.00e+00 3.47e-14
  12 A N     H      600.13  160.00 0.802 0.024 6.75e-01  0.000 0.874 0.00e+00 2.55e-15
  13 A N     H      600.13  160.00 0.869 0.023 3.00e-02  3.506 1.000 0.00e+00 9.31e-15
  14 A N     H      600.13  160.00 0.865 0.032 1.76e-02  2.817 1.000 0.00e+00 1.33e-14
  15 A N     H      600.13  160.00 0.881 0.008 2.41e-02  0.000 1.000 0.00e+00 1.59e+00
  17 A N     H      600.13  160.00 0.857 0.011 2.78e-02  0.000 1.000 0.00e+00 2.01e-04
  18 A N     H      600.13  160.00 0.823 0.010 3.46e-02  0.553 1.000 0.00e+00 3.45e-14
  20 A N     H      600.13  160.00 0.833 0.006 3.80e-02  0.000 1.000 0.00e+00 1.37e-01
  21 A N     H      600.13  160.00 0.916 0.008 4.83e-02  0.000 1.000 0.00e+00 3.34e-01
  22 A N     H      600.13  160.00 0.866 0.009 3.02e-02  0.000 1.000 0.00e+00 6.83e-02
  23 A N     H      600.13  160.00 0.923 0.020 0.00e+00  2.017 1.000 0.00e+00 2.98e-02
  25 A N     H      600.13  160.00 0.944 0.023 0.00e+00  3.417 1.000 0.00e+00 5.20e+00
  27 A N     H      600.13  160.00 0.936 0.006 0.00e+00  0.000 1.000 0.00e+00 1.74e+00
  28 A N     H      600.13  160.00 0.928 0.016 2.08e-01  0.000 0.946 0.00e+00 3.04e-11
  29 A N     H      600.13  160.00 0.878 0.022 4.66e-02  0.678 1.000 0.00e+00 3.48e-13
  30 A N     H      600.13  160.00 0.901 0.009 3.01e-02  0.000 1.000 0.00e+00 1.25e-01
  32 A N     H      600.13  160.00 0.898 0.025 2.26e-02  0.474 1.000 0.00e+00 3.84e-12
  33 A N     H      600.13  160.00 0.855 0.007 3.47e-02  0.260 1.000 0.00e+00 1.07e-13
  34 A N     H      600.13  160.00 0.881 0.008 2.13e-02  0.000 1.000 0.00e+00 5.58e-01
  35 A N     H      600.13  160.00 0.910 0.006 2.50e-02  0.000 1.000 0.00e+00 6.62e-01
  36 A N     H      600.13  160.00 0.844 0.010 2.13e-02  0.000 1.000 0.00e+00 7.63e+00
  39 A N     H      600.13  160.00 0.843 0.018 1.02e+00  0.000 0.889 0.00e+00 2.42e-14
  40 A N     H      600.13  160.00 0.851 0.006 2.53e-02  0.000 1.000 0.00e+00 1.28e+00
  41 A N     H      600.13  160.00 0.861 0.007 3.10e-02  0.000 1.000 0.00e+00 4.43e-01
  43 A N     H      600.13  160.00 0.852 0.015 4.76e-02  0.000 1.000 0.00e+00 9.05e-01
  44 A N     H      600.13  160.00 0.856 0.007 3.42e-02  0.000 1.000 0.00e+00 8.34e-01
  45 A N     H      600.13  160.00 0.894 0.028 4.87e-02  0.942 1.000 0.00e+00 4.29e-11
  46 A N     H      600.13  160.00 0.847 0.019 3.38e-02  0.000 1.000 0.00e+00 1.33e-01
  47 A N     H      600.13  160.00 0.770 0.031 1.11e+00  0.000 0.863 0.00e+00 3.82e-14
  48 A N     H      600.13  160.00 0.860 0.025 2.66e-02  0.000 1.000 0.00e+00 5.24e-01
  49 A N     H      600.13  160.00 0.750 0.015 7.54e-01  0.000 0.854 0.00e+00 8.13e-13
  50 A N     H      600.13  160.00 0.874 0.009 6.46e-02  0.000 1.000 0.00e+00 1.89e-01
  51 A N     H      600.13  160.00 0.744 0.022 1.41e+00  0.000 0.829 0.00e+00 3.57e-14
  52 A N     H      600.13  160.00 0.826 0.008 1.00e-01  0.000 0.876 0.00e+00 4.96e+00
  54 A N     H      600.13  160.00 0.837 0.004 2.46e-02  0.000 1.000 0.00e+00 1.90e-01
  55 A N     H      600.13  160.00 0.891 0.013 1.92e-02  0.000 1.000 0.00e+00 1.41e-01
  56 A N     H      600.13  160.00 0.876 0.011 2.97e-02  0.000 1.000 0.00e+00 6.97e-02
  57 A N     H      600.13  160.00 0.852 0.006 3.05e-02  0.424 1.000 0.00e+00 3.82e-13
  58 A N     H      600.13  160.00 0.890 0.005 2.65e-02  0.000 1.000 0.00e+00 1.66e+00
  59 A N     H      600.13  160.00 0.843 0.005 1.40e-02  0.000 1.000 0.00e+00 8.78e-01
  60 A N     H      600.13  160.00 0.856 0.007 3.00e-02  0.366 1.000 0.00e+00 9.52e-16
  61 A N     H      600.13  160.00 0.853 0.024 1.69e-02  0.209 1.000 0.00e+00 8.90e-14
  62 A N     H      600.13  160.00 0.739 0.014 5.12e-02  0.000 1.000 0.00e+00 2.76e-04
  63 A N     H      600.13  160.00 0.855 0.006 2.90e-02  0.000 1.000 0.00e+00 1.48e+00
  64 A N     H      600.13  160.00 0.876 0.008 1.31e-02  0.000 1.000 0.00e+00 2.76e-04
  65 A N     H      600.13  160.00 0.850 0.008 1.62e-02  0.000 1.000 0.00e+00 1.45e-01
  66 A N     H      600.13  160.00 0.823 0.012 2.62e-02  0.000 1.000 0.00e+00 3.20e-01
  67 A N     H      600.13  160.00 0.857 0.008 1.14e-02  0.000 1.000 0.00e+00 1.88e+00
  68 A N     H      600.13  160.00 0.856 0.008 1.62e-02  0.000 1.000 0.00e+00 1.48e+00
  69 A N     H      600.13  160.00 0.859 0.010 1.08e+00  0.000 0.895 0.00e+00 1.40e-15
  70 A N     H      600.13  160.00 0.867 0.008 2.08e-02  1.609 1.000 0.00e+00 5.80e-15
  71 A N     H      600.13  160.00 0.844 0.015 3.89e-02  1.029 1.000 0.00e+00 3.12e-13
  72 A N     H      600.13  160.00 0.800 0.028 8.60e-01  0.000 0.903 0.00e+00 1.50e-15
  73 A N     H      600.13  160.00 0.392 0.036 1.50e+00  0.000 0.816 0.00e+00 3.58e-13
  74 A N     H      600.13  160.00 0.331 0.048 1.15e+00  0.000 0.790 0.00e+00 2.09e-14
  75 A N     H      600.13  160.00 0.078 0.052 1.16e+00  0.000 0.680 0.00e+00 1.17e-13
  76 A N     H      600.13  160.00 0.036 0.026 9.87e-01  0.000 0.644 0.00e+00 1.66e-13

Saving anisotropic tensor axes, if computed, to "/opt/genapp/rotdif/output/html5/results/users/KE4NNY/Run_Relaxation_data1_/out_ani.py" and
	axially symmetric tensor, if computed, axes to "/opt/genapp/rotdif/output/html5/results/users/KE4NNY/Run_Relaxation_data1_/out_axial.py"...done.
