Options:
temp = 298.0
robust = false
relax = K11_Ub2_p_relax_curated.txt
elm = false
axes = true
axesl = 5.0
pdb = 1D3Z_mod1.pdb
out = out
help = false
nostat = false
nodynamics = false
nogui = true
model = 1
wr = 1.4
dock = false
sr = 2.2

Extracting experimental data....done.
Parsing pdb file....done.
TEST: Computing results....
 Percent 10.3%

 Percent 20.5%

 Percent 30.7%

 Percent 40.8%

 Percent 51.0%

 Percent 61.2%

 Percent 71.4%

 Percent 81.6%

 Percent 91.7%
done.
=====ROBUST REGRESSION: Off=====

=====ORIENTATION SAMPLING=====
Number of rigid bonds = 42
Sampling Param Xi = 0.097 Vectors are uniformly distributed.
Sampling Tensor Components = [0.273, -0.006, -0.267].

=====ISOTROPIC MODEL=====
Diso = 1.91 +/- 0.00 *(10^7) 1/s
TAUc = 8.75 +/- 0.01 ns
Q = 0.713  chi^2 = 1197.067  chi^2/df = 29.197 (Rigid Only)
Akaike Information Criterion (AIC): Value = 1199.067

=====AXIALLY-SYMMETRIC MODEL (PROLATE)=====
D_perp = 1.73 +/- 0.01 *(10^7) 1/s
D_parallel = 2.42 +/- 0.02 *(10^7) 1/s
alpha = 36 +/- 1  deg
beta = 46 +/- 1  deg
Orientational Uncertainty = 2 deg
TAUc = 8.52 +/- 0.02 ns
anisotropy = 1.40 +/- 0.01
Q = 0.277  R = 0.956  chi^2 = 104.419  chi^2/df = 2.748 (Rigid Only)
Inertia Tensor Unique Axis Difference = 48 deg
ELM Predicted Tensor Unique Axis Difference = 55 deg
F-test (0.05): Axially-Symmetric model better than Isotropic? true, P = 3.58e-20, F = 132.55
Akaike Information Criterion (AIC): Value = 112.419,
   =>Axially-Symmetric model better than Isotropic? true

==Axially-Symmetric Diffusion Tensor==
    [  1.956   0.168   0.280]     [  0.013   0.008   0.009]
D = [  0.168   1.848   0.204] +/- [  0.008   0.011   0.009] *(10^7) 1/s
    [  0.280   0.204   2.065]     [  0.009   0.009   0.016]

==Axially-Symmetric Diffusion Tensor Sorted Eigendecomposition==
    [  -0.590    -0.566     0.576][   1.726     0.000     0.000][  -0.590     0.808     0.000]
D = [   0.808    -0.413     0.421][   0.000     1.726     0.000][  -0.566    -0.413     0.714] *(10^7) 1/s
    [   0.000     0.714     0.701][   0.000     0.000     2.418][   0.576     0.421     0.701]

=====FULLY ANISOTROPIC MODEL=====
Dx = 1.71 +/- 0.02 *(10^7) 1/s
Dy = 1.74 +/- 0.02 *(10^7) 1/s
Dz = 2.41 +/- 0.02 *(10^7) 1/s
alpha = 36 +/- 1  deg
beta = 45 +/- 1  deg
gamma = 92 +/- 47 deg
Orientational Uncertainty = 40 deg
TAUc = 8.53 +/- 0.02 ns
anisotropy = 1.40 +/- 0.01
rhombicity = 0.05 +/- 0.08
Q = 0.278  R = 0.956  chi^2 = 104.031  chi^2/df = 2.890 (Rigid Only)
Axially-Symmetric Tensor Primary Axis Difference = 0 deg
Inertia Tensor Primary Axis Difference = 48 deg
Inertia Tensor Orientational Difference = 48 deg
ELM Predicted Tensor Primary Axis Difference = 54 deg
ELM Predicted Tensor Orientational Difference = 55 deg
F-test (0.05): Anisotropic model better than Isotropic? true, P = 4.46e-18, F = 75.65
F-test (0.05): Anisotropic model better than Axially-Symmetric? false, P = 9.35e-01, F = 0.07
Akaike Information Criterion (AIC): Value = 116.031,
   =>Anisotropic model better than Isotropic? true
   =>Anisotropic model better than Axially-Symmteric? false

==Anistropic Diffusion Tensor==
    [  1.950   0.174   0.273]     [  0.019   0.012   0.015]
D = [  0.174   1.841   0.199] +/- [  0.012   0.020   0.017] *(10^7) 1/s
    [  0.273   0.199   2.073]     [  0.015   0.017   0.021]

==Anistropic Diffusion Tensor Sorted Eigendecomposition==
    [  -0.608    -0.551     0.572][   1.714     0.000     0.000][  -0.608     0.794     0.021]
D = [   0.794    -0.440     0.420][   0.000     1.737     0.000][  -0.551    -0.440     0.710] *(10^7) 1/s
    [   0.021     0.710     0.704][   0.000     0.000     2.413][   0.572     0.420     0.704]

====Full Rotdif Results: Isotropic Solution====
<residue><chain><atom1><atom2><freq><rho_exp><rho_pred><rho_error>
   2 A N     H      600.13  14.723  16.233   0.392
   3 A N     H      600.13  16.419  16.233   0.367
   4 A N     H      600.13  18.232  16.233   0.384
   5 A N     H      600.13  17.170  16.233   0.545
   6 A N     H      600.13  19.219  16.233   0.659
   7 A N     H      600.13  17.386  16.233   0.411
   8 A N     H      600.13  11.481  16.233   0.727
   9 A N     H      600.13  12.093  16.233   1.223
  10 A N     H      600.13  12.456  16.233   0.674
  11 A N     H      600.13  10.855  16.233   0.692
  12 A N     H      600.13  16.014  16.233   0.502
  13 A N     H      600.13  21.763  16.233   0.831
  14 A N     H      600.13  22.877  16.233   0.617
  15 A N     H      600.13  17.007  16.233   0.599
  17 A N     H      600.13  14.700  16.233   0.410
  18 A N     H      600.13  15.903  16.233   0.406
  20 A N     H      600.13  14.906  16.233   0.301
  21 A N     H      600.13  14.639  16.233   0.304
  22 A N     H      600.13  14.989  16.233   0.396
  23 A N     H      600.13  21.271  16.233   1.109
  25 A N     H      600.13  24.603  16.233   1.061
  27 A N     H      600.13  17.893  16.233   0.246
  28 A N     H      600.13  19.019  16.233   0.658
  29 A N     H      600.13  19.816  16.233   0.640
  30 A N     H      600.13  18.309  16.233   0.393
  32 A N     H      600.13  20.068  16.233   0.284
  33 A N     H      600.13  19.041  16.233   0.200
  34 A N     H      600.13  18.544  16.233   0.414
  35 A N     H      600.13  16.410  16.233   0.371
  36 A N     H      600.13  16.541  16.233   0.448
  39 A N     H      600.13  15.094  16.233   0.289
  40 A N     H      600.13  15.136  16.233   0.419
  41 A N     H      600.13  13.941  16.233   0.251
  43 A N     H      600.13  15.901  16.233   0.618
  44 A N     H      600.13  17.238  16.233   0.323
  45 A N     H      600.13  17.437  16.233   1.002
  46 A N     H      600.13  16.714  16.233   0.545
  47 A N     H      600.13  15.937  16.233   0.639
  48 A N     H      600.13  15.403  16.233   0.936
  49 A N     H      600.13  14.142  16.233   0.281
  50 A N     H      600.13  18.215  16.233   0.420
  51 A N     H      600.13  15.884  16.233   0.620
  52 A N     H      600.13  15.579  16.233   0.324
  54 A N     H      600.13  17.223  16.233   0.212
  55 A N     H      600.13  19.206  16.233   0.488
  56 A N     H      600.13  14.708  16.233   0.390
  57 A N     H      600.13  14.698  16.233   0.238
  58 A N     H      600.13  15.827  16.233   0.202
  59 A N     H      600.13  16.222  16.233   0.334
  60 A N     H      600.13  14.995  16.233   0.212
  61 A N     H      600.13  14.505  16.233   0.202
  62 A N     H      600.13  13.641  16.233   0.627
  63 A N     H      600.13  17.127  16.233   0.272
  64 A N     H      600.13  14.636  16.233   0.268
  65 A N     H      600.13  14.197  16.233   0.371
  66 A N     H      600.13  16.493  16.233   0.514
  67 A N     H      600.13  16.611  16.233   0.354
  68 A N     H      600.13  18.363  16.233   0.372
  69 A N     H      600.13  15.375  16.233   0.233
  70 A N     H      600.13  18.032  16.233   0.214
  71 A N     H      600.13  15.532  16.233   0.299
  72 A N     H      600.13  12.630  16.233   0.410
  73 A N     H      600.13   6.828  16.233   0.446
  74 A N     H      600.13   6.532  16.233   0.801
  75 A N     H      600.13   2.834  16.233   1.083
  76 A N     H      600.13   2.239  16.233   0.902


====Full Rotdif Results: Axially-Symmetric Solution====
<residue><chain><atom1><atom2><freq><rho_exp><rho_pred><rho_error>
   2 A N     H      600.13  14.723  14.654   0.392
   3 A N     H      600.13  16.419  16.442   0.367
   4 A N     H      600.13  18.232  17.634   0.384
   5 A N     H      600.13  17.170  16.797   0.545
   6 A N     H      600.13  19.219  18.342   0.659
   7 A N     H      600.13  17.386  15.254   0.411
   8 A N     H      600.13  11.481   9.638   0.727
   9 A N     H      600.13  12.093  10.423   1.223
  10 A N     H      600.13  12.456  10.447   0.674
  11 A N     H      600.13  10.855   8.982   0.692
  12 A N     H      600.13  16.014  16.596   0.502
  13 A N     H      600.13  21.763  16.037   0.831
  14 A N     H      600.13  22.877  18.288   0.617
  15 A N     H      600.13  17.007  16.347   0.599
  17 A N     H      600.13  14.700  14.355   0.410
  18 A N     H      600.13  15.903  14.334   0.406
  20 A N     H      600.13  14.906  14.279   0.301
  21 A N     H      600.13  14.639  14.054   0.304
  22 A N     H      600.13  14.989  15.064   0.396
  23 A N     H      600.13  21.271  18.061   1.109
  25 A N     H      600.13  24.603  19.449   1.061
  27 A N     H      600.13  17.893  18.124   0.246
  28 A N     H      600.13  19.019  19.220   0.658
  29 A N     H      600.13  19.816  18.799   0.640
  30 A N     H      600.13  18.309  18.114   0.393
  32 A N     H      600.13  20.068  19.418   0.284
  33 A N     H      600.13  19.041  18.671   0.200
  34 A N     H      600.13  18.544  18.327   0.414
  35 A N     H      600.13  16.410  16.677   0.371
  36 A N     H      600.13  16.541  14.626   0.448
  39 A N     H      600.13  15.094  13.350   0.289
  40 A N     H      600.13  15.136  14.488   0.419
  41 A N     H      600.13  13.941  12.655   0.251
  43 A N     H      600.13  15.901  15.325   0.618
  44 A N     H      600.13  17.238  17.416   0.323
  45 A N     H      600.13  17.437  15.564   1.002
  46 A N     H      600.13  16.714  16.645   0.545
  47 A N     H      600.13  15.937  13.600   0.639
  48 A N     H      600.13  15.403  14.065   0.936
  49 A N     H      600.13  14.142  12.644   0.281
  50 A N     H      600.13  18.215  18.162   0.420
  51 A N     H      600.13  15.884  12.792   0.620
  52 A N     H      600.13  15.579  14.239   0.324
  54 A N     H      600.13  17.223  17.328   0.212
  55 A N     H      600.13  19.206  19.106   0.488
  56 A N     H      600.13  14.708  14.954   0.390
  57 A N     H      600.13  14.698  14.300   0.238
  58 A N     H      600.13  15.827  16.113   0.202
  59 A N     H      600.13  16.222  15.962   0.334
  60 A N     H      600.13  14.995  14.694   0.212
  61 A N     H      600.13  14.505  14.110   0.202
  62 A N     H      600.13  13.641  13.934   0.627
  63 A N     H      600.13  17.127  17.439   0.272
  64 A N     H      600.13  14.636  14.783   0.268
  65 A N     H      600.13  14.197  14.362   0.371
  66 A N     H      600.13  16.493  16.328   0.514
  67 A N     H      600.13  16.611  16.056   0.354
  68 A N     H      600.13  18.363  17.844   0.372
  69 A N     H      600.13  15.375  13.905   0.233
  70 A N     H      600.13  18.032  15.873   0.214
  71 A N     H      600.13  15.532  14.300   0.299
  72 A N     H      600.13  12.630  11.559   0.410
  73 A N     H      600.13   6.828   5.762   0.446
  74 A N     H      600.13   6.532   5.429   0.801
  75 A N     H      600.13   2.834   2.415   1.083
  76 A N     H      600.13   2.239   1.970   0.902


====Full Rotdif Results: Anisotropic Solution====
<residue><chain><atom1><atom2><freq><rho_exp><rho_pred><rho_error>
   2 A N     H      600.13  14.723  14.763   0.392
   3 A N     H      600.13  16.419  16.450   0.367
   4 A N     H      600.13  18.232  17.622   0.384
   5 A N     H      600.13  17.170  16.799   0.545
   6 A N     H      600.13  19.219  18.341   0.659
   7 A N     H      600.13  17.386  15.322   0.411
   8 A N     H      600.13  11.481   9.633   0.727
   9 A N     H      600.13  12.093  10.437   1.223
  10 A N     H      600.13  12.456  10.442   0.674
  11 A N     H      600.13  10.855   8.965   0.692
  12 A N     H      600.13  16.014  16.629   0.502
  13 A N     H      600.13  21.763  16.055   0.831
  14 A N     H      600.13  22.877  18.281   0.617
  15 A N     H      600.13  17.007  16.340   0.599
  17 A N     H      600.13  14.700  14.431   0.410
  18 A N     H      600.13  15.903  14.448   0.406
  20 A N     H      600.13  14.906  14.326   0.301
  21 A N     H      600.13  14.639  14.133   0.304
  22 A N     H      600.13  14.989  15.031   0.396
  23 A N     H      600.13  21.271  18.070   1.109
  25 A N     H      600.13  24.603  19.453   1.061
  27 A N     H      600.13  17.893  18.131   0.246
  28 A N     H      600.13  19.019  18.294   0.658
  29 A N     H      600.13  19.816  18.797   0.640
  30 A N     H      600.13  18.309  18.122   0.393
  32 A N     H      600.13  20.068  19.419   0.284
  33 A N     H      600.13  19.041  18.667   0.200
  34 A N     H      600.13  18.544  18.325   0.414
  35 A N     H      600.13  16.410  16.680   0.371
  36 A N     H      600.13  16.541  14.742   0.448
  39 A N     H      600.13  15.094  13.361   0.289
  40 A N     H      600.13  15.136  14.480   0.419
  41 A N     H      600.13  13.941  12.693   0.251
  43 A N     H      600.13  15.901  15.343   0.618
  44 A N     H      600.13  17.238  17.436   0.323
  45 A N     H      600.13  17.437  15.623   1.002
  46 A N     H      600.13  16.714  16.681   0.545
  47 A N     H      600.13  15.937  13.601   0.639
  48 A N     H      600.13  15.403  14.141   0.936
  49 A N     H      600.13  14.142  12.630   0.281
  50 A N     H      600.13  18.215  18.158   0.420
  51 A N     H      600.13  15.884  12.767   0.620
  52 A N     H      600.13  15.579  14.317   0.324
  54 A N     H      600.13  17.223  17.306   0.212
  55 A N     H      600.13  19.206  19.104   0.488
  56 A N     H      600.13  14.708  14.916   0.390
  57 A N     H      600.13  14.698  14.263   0.238
  58 A N     H      600.13  15.827  16.125   0.202
  59 A N     H      600.13  16.222  15.935   0.334
  60 A N     H      600.13  14.995  14.668   0.212
  61 A N     H      600.13  14.505  14.142   0.202
  62 A N     H      600.13  13.641  13.883   0.627
  63 A N     H      600.13  17.127  17.450   0.272
  64 A N     H      600.13  14.636  14.765   0.268
  65 A N     H      600.13  14.197  14.312   0.371
  66 A N     H      600.13  16.493  16.310   0.514
  67 A N     H      600.13  16.611  16.041   0.354
  68 A N     H      600.13  18.363  17.860   0.372
  69 A N     H      600.13  15.375  13.863   0.233
  70 A N     H      600.13  18.032  15.840   0.214
  71 A N     H      600.13  15.532  14.261   0.299
  72 A N     H      600.13  12.630  11.574   0.410
  73 A N     H      600.13   6.828   5.763   0.446
  74 A N     H      600.13   6.532   5.430   0.801
  75 A N     H      600.13   2.834   2.415   1.083
  76 A N     H      600.13   2.239   1.970   0.902

====Full Dynamics Results: Isotropic Solution====
<residue><chain><atom1><atom2><freq><csa><s2><s2_err><tau_loc><Rex><s2_fast><tau_fast><chi2>
   2 A N     H      600.13  160.00 0.787 0.019 1.20e+00  0.000 0.858 0.00e+00 1.41e-15
   3 A N     H      600.13  160.00 0.868 0.007 2.12e-02  0.000 1.000 0.00e+00 5.20e-01
   4 A N     H      600.13  160.00 0.836 0.012 1.73e-02  1.292 1.000 0.00e+00 2.50e-14
   5 A N     H      600.13  160.00 0.808 0.015 2.21e-02  0.641 1.000 0.00e+00 1.64e-13
   6 A N     H      600.13  160.00 0.850 0.027 0.00e+00  1.861 1.000 0.00e+00 4.19e-01
   7 A N     H      600.13  160.00 0.870 0.004 4.22e-02  0.847 1.000 0.00e+00 2.27e-13
   8 A N     H      600.13  160.00 0.628 0.032 1.67e+00  0.000 0.829 0.00e+00 4.05e-14
   9 A N     H      600.13  160.00 0.654 0.063 1.37e+00  0.000 0.844 0.00e+00 1.44e-14
  10 A N     H      600.13  160.00 0.676 0.043 1.32e+00  0.000 0.852 0.00e+00 1.27e-14
  11 A N     H      600.13  160.00 0.575 0.045 1.47e+00  0.000 0.811 0.00e+00 1.11e-14
  12 A N     H      600.13  160.00 0.830 0.010 4.88e-02  0.000 1.000 0.00e+00 1.20e-03
  13 A N     H      600.13  160.00 0.866 0.032 2.94e-02  3.634 1.000 0.00e+00 3.47e-14
  14 A N     H      600.13  160.00 0.819 0.052 1.26e-02  4.083 1.000 0.00e+00 4.76e-13
  15 A N     H      600.13  160.00 0.876 0.009 2.35e-02  0.557 1.000 0.00e+00 2.05e-13
  17 A N     H      600.13  160.00 0.808 0.020 1.40e+00  0.000 0.877 0.00e+00 2.62e-15
  18 A N     H      600.13  160.00 0.849 0.007 4.16e-02  0.000 1.000 0.00e+00 1.44e-01
  20 A N     H      600.13  160.00 0.799 0.017 9.51e-01  0.000 0.872 0.00e+00 2.35e-13
  21 A N     H      600.13  160.00 0.864 0.019 1.48e+00  0.000 0.938 0.00e+00 1.93e-13
  22 A N     H      600.13  160.00 0.828 0.021 1.22e+00  0.000 0.888 0.00e+00 8.24e-13
  23 A N     H      600.13  160.00 0.877 0.018 0.00e+00  3.264 1.000 0.00e+00 5.37e-03
  25 A N     H      600.13  160.00 0.871 0.021 0.00e+00  5.438 1.000 0.00e+00 6.32e+00
  27 A N     H      600.13  160.00 0.896 0.008 0.00e+00  1.089 1.000 0.00e+00 3.83e-01
  28 A N     H      600.13  160.00 0.862 0.021 1.81e-02  1.829 1.000 0.00e+00 6.96e-14
  29 A N     H      600.13  160.00 0.819 0.020 3.05e-02  2.292 1.000 0.00e+00 1.31e-14
  30 A N     H      600.13  160.00 0.853 0.009 1.97e-02  1.368 1.000 0.00e+00 7.16e-14
  32 A N     H      600.13  160.00 0.828 0.014 1.26e-02  2.397 1.000 0.00e+00 1.51e-13
  33 A N     H      600.13  160.00 0.800 0.006 2.46e-02  1.765 1.000 0.00e+00 1.10e-14
  34 A N     H      600.13  160.00 0.824 0.016 1.40e-02  1.459 1.000 0.00e+00 5.09e-12
  35 A N     H      600.13  160.00 0.899 0.005 2.13e-02  0.000 1.000 0.00e+00 4.03e-01
  36 A N     H      600.13  160.00 0.835 0.009 2.05e-02  0.000 1.000 0.00e+00 8.53e-01
  39 A N     H      600.13  160.00 0.833 0.017 1.21e+00  0.000 0.888 0.00e+00 6.67e-13
  40 A N     H      600.13  160.00 0.830 0.023 1.16e+00  0.000 0.884 0.00e+00 3.51e-14
  41 A N     H      600.13  160.00 0.781 0.013 1.73e+00  0.000 0.876 0.00e+00 5.31e-13
  43 A N     H      600.13  160.00 0.853 0.016 4.75e-02  0.000 1.000 0.00e+00 4.90e-02
  44 A N     H      600.13  160.00 0.827 0.009 2.78e-02  0.706 1.000 0.00e+00 3.79e-13
  45 A N     H      600.13  160.00 0.918 0.022 6.55e-02  0.000 1.000 0.00e+00 1.88e+00
  46 A N     H      600.13  160.00 0.856 0.012 3.58e-02  0.000 1.000 0.00e+00 1.39e+00
  47 A N     H      600.13  160.00 0.832 0.010 4.20e-02  0.000 1.000 0.00e+00 2.20e-02
  48 A N     H      600.13  160.00 0.833 0.034 9.91e-01  0.000 0.878 0.00e+00 4.39e-14
  49 A N     H      600.13  160.00 0.736 0.013 8.85e-01  0.000 0.854 0.00e+00 2.01e-12
  50 A N     H      600.13  160.00 0.823 0.015 4.45e-02  1.365 1.000 0.00e+00 1.98e-15
  51 A N     H      600.13  160.00 0.810 0.014 2.57e-02  0.000 1.000 0.00e+00 1.06e-01
  52 A N     H      600.13  160.00 0.799 0.008 7.31e-01  0.000 0.841 0.00e+00 9.70e-16
  54 A N     H      600.13  160.00 0.814 0.002 2.16e-02  0.673 1.000 0.00e+00 1.16e-14
  55 A N     H      600.13  160.00 0.824 0.056 1.12e-02  1.853 1.000 0.00e+00 1.54e-14
  56 A N     H      600.13  160.00 0.824 0.021 1.48e+00  0.000 0.891 0.00e+00 8.92e-16
  57 A N     H      600.13  160.00 0.820 0.012 1.30e+00  0.000 0.892 0.00e+00 1.10e-13
  58 A N     H      600.13  160.00 0.876 0.010 7.57e-01  0.000 0.903 0.00e+00 1.99e-13
  59 A N     H      600.13  160.00 0.849 0.004 1.51e-02  0.000 1.000 0.00e+00 2.59e-02
  60 A N     H      600.13  160.00 0.831 0.010 1.17e+00  0.000 0.893 0.00e+00 1.58e-13
  61 A N     H      600.13  160.00 0.802 0.008 1.98e+00  0.000 0.869 0.00e+00 9.49e-15
  62 A N     H      600.13  160.00 0.671 0.030 8.74e-01  0.000 0.812 0.00e+00 1.61e-14
  63 A N     H      600.13  160.00 0.835 0.013 2.51e-02  0.630 1.000 0.00e+00 3.94e-12
  64 A N     H      600.13  160.00 0.817 0.013 2.47e+00  0.000 0.877 0.00e+00 3.61e-14
  65 A N     H      600.13  160.00 0.781 0.019 2.23e+00  0.000 0.857 0.00e+00 1.36e-14
  66 A N     H      600.13  160.00 0.824 0.011 2.62e-02  0.000 1.000 0.00e+00 6.02e-01
  67 A N     H      600.13  160.00 0.859 0.007 1.18e-02  0.000 1.000 0.00e+00 1.46e+00
  68 A N     H      600.13  160.00 0.809 0.010 1.22e-02  1.322 1.000 0.00e+00 6.35e-14
  69 A N     H      600.13  160.00 0.854 0.007 1.21e+00  0.000 0.896 0.00e+00 5.27e-13
  70 A N     H      600.13  160.00 0.883 0.008 2.40e-02  1.231 1.000 0.00e+00 1.61e-15
  71 A N     H      600.13  160.00 0.867 0.010 6.60e-01  0.000 0.920 0.00e+00 5.93e-15
  72 A N     H      600.13  160.00 0.724 0.028 1.41e+00  0.000 0.894 0.00e+00 9.94e-15
  73 A N     H      600.13  160.00 0.362 0.034 1.56e+00  0.000 0.811 0.00e+00 2.25e-13
  74 A N     H      600.13  160.00 0.309 0.051 1.19e+00  0.000 0.787 0.00e+00 2.30e-13
  75 A N     H      600.13  160.00 0.073 0.046 1.16e+00  0.000 0.680 0.00e+00 2.95e-15
  76 A N     H      600.13  160.00 0.036 0.027 9.87e-01  0.000 0.644 0.00e+00 1.43e-14


====Full Dynamics Results: Axially-Symmetric Solution====
<residue><chain><atom1><atom2><freq><csa><s2><s2_err><tau_loc><Rex><s2_fast><tau_fast><chi2>
   2 A N     H      600.13  160.00 0.832 0.010 2.90e-02  0.000 1.000 0.00e+00 4.88e-02
   3 A N     H      600.13  160.00 0.870 0.008 2.19e-02  0.000 1.000 0.00e+00 8.82e-04
   4 A N     H      600.13  160.00 0.869 0.015 2.21e-02  0.380 1.000 0.00e+00 1.32e-13
   5 A N     H      600.13  160.00 0.826 0.012 2.46e-02  0.000 1.000 0.00e+00 5.27e-01
   6 A N     H      600.13  160.00 0.934 0.009 0.00e+00  0.000 1.000 0.00e+00 2.39e+00
   7 A N     H      600.13  160.00 0.847 0.004 3.52e-02  1.398 1.000 0.00e+00 1.67e-13
   8 A N     H      600.13  160.00 0.690 0.034 1.31e+00  0.000 0.838 0.00e+00 1.63e-14
   9 A N     H      600.13  160.00 0.710 0.064 1.04e+00  0.000 0.850 0.00e+00 2.73e-14
  10 A N     H      600.13  160.00 0.666 0.042 1.37e+00  0.000 0.849 0.00e+00 3.34e-14
  11 A N     H      600.13  160.00 0.631 0.049 1.21e+00  0.000 0.818 0.00e+00 1.81e-15
  12 A N     H      600.13  160.00 0.837 0.011 5.10e-02  0.000 1.000 0.00e+00 1.17e+00
  13 A N     H      600.13  160.00 0.861 0.024 2.83e-02  3.700 1.000 0.00e+00 2.07e-14
  14 A N     H      600.13  160.00 0.866 0.030 1.77e-02  2.799 1.000 0.00e+00 1.87e-14
  15 A N     H      600.13  160.00 0.882 0.009 2.44e-02  0.000 1.000 0.00e+00 1.27e+00
  17 A N     H      600.13  160.00 0.856 0.011 2.74e-02  0.000 1.000 0.00e+00 7.81e-01
  18 A N     H      600.13  160.00 0.805 0.007 3.11e-02  1.012 1.000 0.00e+00 4.75e-14
  20 A N     H      600.13  160.00 0.819 0.004 3.48e-02  0.421 1.000 0.00e+00 2.64e-15
  21 A N     H      600.13  160.00 0.902 0.008 4.09e-02  0.428 1.000 0.00e+00 4.23e-15
  22 A N     H      600.13  160.00 0.867 0.009 3.06e-02  0.000 1.000 0.00e+00 2.25e-02
  23 A N     H      600.13  160.00 0.921 0.019 0.00e+00  2.078 1.000 0.00e+00 2.91e-02
  25 A N     H      600.13  160.00 0.946 0.023 0.00e+00  3.365 1.000 0.00e+00 5.17e+00
  27 A N     H      600.13  160.00 0.936 0.006 0.00e+00  0.000 1.000 0.00e+00 1.59e+00
  28 A N     H      600.13  160.00 0.928 0.018 3.67e-02  0.000 1.000 0.00e+00 8.01e-02
  29 A N     H      600.13  160.00 0.879 0.024 4.72e-02  0.640 1.000 0.00e+00 9.08e-14
  30 A N     H      600.13  160.00 0.901 0.008 2.99e-02  0.000 1.000 0.00e+00 2.85e-01
  32 A N     H      600.13  160.00 0.901 0.028 2.32e-02  0.408 1.000 0.00e+00 1.75e-12
  33 A N     H      600.13  160.00 0.856 0.006 3.50e-02  0.237 1.000 0.00e+00 2.00e-14
  34 A N     H      600.13  160.00 0.880 0.007 2.12e-02  0.000 1.000 0.00e+00 3.14e-01
  35 A N     H      600.13  160.00 0.909 0.005 2.46e-02  0.000 1.000 0.00e+00 4.81e-01
  36 A N     H      600.13  160.00 0.854 0.009 2.25e-02  0.000 1.000 0.00e+00 2.21e+01
  39 A N     H      600.13  160.00 0.839 0.017 1.09e+00  0.000 0.888 0.00e+00 1.44e-15
  40 A N     H      600.13  160.00 0.845 0.004 2.45e-02  0.438 1.000 0.00e+00 1.74e-13
  41 A N     H      600.13  160.00 0.843 0.012 7.71e-01  0.000 0.884 0.00e+00 5.46e-13
  43 A N     H      600.13  160.00 0.852 0.016 4.76e-02  0.000 1.000 0.00e+00 9.87e-01
  44 A N     H      600.13  160.00 0.854 0.007 3.37e-02  0.000 1.000 0.00e+00 2.31e-01
  45 A N     H      600.13  160.00 0.882 0.025 4.33e-02  1.267 1.000 0.00e+00 1.62e-12
  46 A N     H      600.13  160.00 0.850 0.012 3.44e-02  0.000 1.000 0.00e+00 2.85e-02
  47 A N     H      600.13  160.00 0.771 0.033 1.09e+00  0.000 0.863 0.00e+00 9.84e-15
  48 A N     H      600.13  160.00 0.821 0.069 2.01e-02  0.880 1.000 0.00e+00 1.46e-04
  49 A N     H      600.13  160.00 0.762 0.013 6.38e-01  0.000 0.854 0.00e+00 1.37e-13
  50 A N     H      600.13  160.00 0.873 0.009 6.43e-02  0.000 1.000 0.00e+00 4.64e-02
  51 A N     H      600.13  160.00 0.752 0.020 1.32e+00  0.000 0.831 0.00e+00 1.09e-14
  52 A N     H      600.13  160.00 0.838 0.006 2.81e-02  0.000 1.000 0.00e+00 2.02e+01
  54 A N     H      600.13  160.00 0.840 0.004 2.55e-02  0.000 1.000 0.00e+00 1.60e-01
  55 A N     H      600.13  160.00 0.891 0.013 1.93e-02  0.000 1.000 0.00e+00 5.23e-02
  56 A N     H      600.13  160.00 0.877 0.010 2.99e-02  0.000 1.000 0.00e+00 3.53e-01
  57 A N     H      600.13  160.00 0.857 0.005 3.16e-02  0.280 1.000 0.00e+00 1.42e-14
  58 A N     H      600.13  160.00 0.890 0.005 2.64e-02  0.000 1.000 0.00e+00 1.83e+00
  59 A N     H      600.13  160.00 0.843 0.005 1.41e-02  0.000 1.000 0.00e+00 6.54e-01
  60 A N     H      600.13  160.00 0.861 0.008 3.13e-02  0.212 1.000 0.00e+00 1.07e-12
  61 A N     H      600.13  160.00 0.865 0.005 1.73e-02  0.000 1.000 0.00e+00 4.14e+00
  62 A N     H      600.13  160.00 0.740 0.014 5.14e-02  0.000 1.000 0.00e+00 1.51e-01
  63 A N     H      600.13  160.00 0.855 0.007 2.90e-02  0.000 1.000 0.00e+00 1.13e+00
  64 A N     H      600.13  160.00 0.875 0.007 1.34e-02  0.000 1.000 0.00e+00 2.75e-01
  65 A N     H      600.13  160.00 0.854 0.008 1.68e-02  0.000 1.000 0.00e+00 1.77e-01
  66 A N     H      600.13  160.00 0.824 0.011 2.62e-02  0.000 1.000 0.00e+00 1.32e-01
  67 A N     H      600.13  160.00 0.851 0.012 1.16e-02  0.357 1.000 0.00e+00 8.30e-14
  68 A N     H      600.13  160.00 0.846 0.009 1.55e-02  0.319 1.000 0.00e+00 4.68e-14
  69 A N     H      600.13  160.00 0.865 0.007 8.98e-01  0.000 0.896 0.00e+00 7.61e-15
  70 A N     H      600.13  160.00 0.874 0.036 2.20e-02  1.424 1.000 0.00e+00 1.79e-13
  71 A N     H      600.13  160.00 0.850 0.013 4.08e-02  0.842 1.000 0.00e+00 3.30e-12
  72 A N     H      600.13  160.00 0.793 0.031 9.15e-01  0.000 0.902 0.00e+00 6.57e-14
  73 A N     H      600.13  160.00 0.388 0.036 1.51e+00  0.000 0.815 0.00e+00 3.56e-14
  74 A N     H      600.13  160.00 0.330 0.054 1.15e+00  0.000 0.789 0.00e+00 2.56e-13
  75 A N     H      600.13  160.00 0.079 0.050 1.16e+00  0.000 0.681 0.00e+00 2.67e-13
  76 A N     H      600.13  160.00 0.037 0.028 9.88e-01  0.000 0.644 0.00e+00 2.49e-14


====Full Dynamics Results: Anisotropic Solution====
<residue><chain><atom1><atom2><freq><csa><s2><s2_err><tau_loc><Rex><s2_fast><tau_fast><chi2>
   2 A N     H      600.13  160.00 0.833 0.010 2.92e-02  0.000 1.000 0.00e+00 2.96e-03
   3 A N     H      600.13  160.00 0.870 0.008 2.19e-02  0.000 1.000 0.00e+00 2.77e-03
   4 A N     H      600.13  160.00 0.868 0.012 2.21e-02  0.388 1.000 0.00e+00 1.18e-12
   5 A N     H      600.13  160.00 0.826 0.012 2.46e-02  0.000 1.000 0.00e+00 5.20e-01
   6 A N     H      600.13  160.00 0.934 0.009 0.00e+00  0.000 1.000 0.00e+00 2.40e+00
   7 A N     H      600.13  160.00 0.849 0.005 3.56e-02  1.354 1.000 0.00e+00 8.03e-14
   8 A N     H      600.13  160.00 0.689 0.034 1.31e+00  0.000 0.838 0.00e+00 3.30e-14
   9 A N     H      600.13  160.00 0.712 0.064 1.02e+00  0.000 0.850 0.00e+00 1.91e-15
  10 A N     H      600.13  160.00 0.665 0.042 1.38e+00  0.000 0.849 0.00e+00 4.98e-14
  11 A N     H      600.13  160.00 0.627 0.048 1.23e+00  0.000 0.818 0.00e+00 2.67e-14
  12 A N     H      600.13  160.00 0.837 0.011 5.11e-02  0.000 1.000 0.00e+00 1.32e+00
  13 A N     H      600.13  160.00 0.862 0.027 2.84e-02  3.689 1.000 0.00e+00 1.13e-13
  14 A N     H      600.13  160.00 0.866 0.030 1.77e-02  2.803 1.000 0.00e+00 2.91e-14
  15 A N     H      600.13  160.00 0.882 0.009 2.44e-02  0.000 1.000 0.00e+00 1.30e+00
  17 A N     H      600.13  160.00 0.856 0.011 2.74e-02  0.000 1.000 0.00e+00 4.85e-01
  18 A N     H      600.13  160.00 0.808 0.009 3.16e-02  0.939 1.000 0.00e+00 7.47e-14
  20 A N     H      600.13  160.00 0.820 0.005 3.51e-02  0.391 1.000 0.00e+00 6.17e-14
  21 A N     H      600.13  160.00 0.904 0.009 4.19e-02  0.372 1.000 0.00e+00 1.95e-14
  22 A N     H      600.13  160.00 0.867 0.009 3.05e-02  0.000 1.000 0.00e+00 4.57e-03
  23 A N     H      600.13  160.00 0.921 0.019 0.00e+00  2.071 1.000 0.00e+00 2.91e-02
  25 A N     H      600.13  160.00 0.946 0.023 0.00e+00  3.362 1.000 0.00e+00 5.17e+00
  27 A N     H      600.13  160.00 0.936 0.006 0.00e+00  0.000 1.000 0.00e+00 1.65e+00
  28 A N     H      600.13  160.00 0.924 0.018 5.14e-01  0.000 0.943 0.00e+00 4.82e-16
  29 A N     H      600.13  160.00 0.879 0.025 4.72e-02  0.641 1.000 0.00e+00 3.67e-13
  30 A N     H      600.13  160.00 0.901 0.008 2.99e-02  0.000 1.000 0.00e+00 2.65e-01
  32 A N     H      600.13  160.00 0.901 0.026 2.32e-02  0.407 1.000 0.00e+00 7.20e-14
  33 A N     H      600.13  160.00 0.856 0.006 3.50e-02  0.239 1.000 0.00e+00 3.64e-12
  34 A N     H      600.13  160.00 0.880 0.007 2.12e-02  0.000 1.000 0.00e+00 3.21e-01
  35 A N     H      600.13  160.00 0.909 0.005 2.47e-02  0.000 1.000 0.00e+00 4.94e-01
  36 A N     H      600.13  160.00 0.853 0.010 2.23e-02  0.000 1.000 0.00e+00 1.94e+01
  39 A N     H      600.13  160.00 0.839 0.017 1.08e+00  0.000 0.888 0.00e+00 5.59e-13
  40 A N     H      600.13  160.00 0.845 0.005 2.45e-02  0.443 1.000 0.00e+00 1.06e-15
  41 A N     H      600.13  160.00 0.844 0.012 7.40e-01  0.000 0.884 0.00e+00 5.64e-15
  43 A N     H      600.13  160.00 0.852 0.015 4.76e-02  0.000 1.000 0.00e+00 9.29e-01
  44 A N     H      600.13  160.00 0.854 0.007 3.38e-02  0.000 1.000 0.00e+00 2.92e-01
  45 A N     H      600.13  160.00 0.883 0.025 4.39e-02  1.228 1.000 0.00e+00 3.42e-13
  46 A N     H      600.13  160.00 0.849 0.012 3.44e-02  0.000 1.000 0.00e+00 1.07e-02
  47 A N     H      600.13  160.00 0.771 0.033 1.09e+00  0.000 0.863 0.00e+00 2.40e-13
  48 A N     H      600.13  160.00 0.823 0.068 2.02e-02  0.835 1.000 0.00e+00 5.84e-05
  49 A N     H      600.13  160.00 0.762 0.012 6.46e-01  0.000 0.854 0.00e+00 1.68e-14
  50 A N     H      600.13  160.00 0.873 0.009 6.43e-02  0.000 1.000 0.00e+00 5.07e-02
  51 A N     H      600.13  160.00 0.750 0.020 1.34e+00  0.000 0.831 0.00e+00 3.07e-14
  52 A N     H      600.13  160.00 0.837 0.010 2.78e-02  0.000 1.000 0.00e+00 1.78e+01
  54 A N     H      600.13  160.00 0.840 0.004 2.54e-02  0.000 1.000 0.00e+00 8.78e-02
  55 A N     H      600.13  160.00 0.891 0.013 1.93e-02  0.000 1.000 0.00e+00 5.38e-02
  56 A N     H      600.13  160.00 0.876 0.010 2.98e-02  0.000 1.000 0.00e+00 2.48e-01
  57 A N     H      600.13  160.00 0.856 0.005 3.14e-02  0.304 1.000 0.00e+00 9.84e-13
  58 A N     H      600.13  160.00 0.890 0.005 2.65e-02  0.000 1.000 0.00e+00 1.99e+00
  59 A N     H      600.13  160.00 0.843 0.005 1.40e-02  0.000 1.000 0.00e+00 7.90e-01
  60 A N     H      600.13  160.00 0.861 0.008 3.11e-02  0.229 1.000 0.00e+00 1.59e-14
  61 A N     H      600.13  160.00 0.865 0.006 1.74e-02  0.000 1.000 0.00e+00 3.50e+00
  62 A N     H      600.13  160.00 0.740 0.014 5.13e-02  0.000 1.000 0.00e+00 9.56e-02
  63 A N     H      600.13  160.00 0.855 0.007 2.90e-02  0.000 1.000 0.00e+00 1.22e+00
  64 A N     H      600.13  160.00 0.875 0.007 1.34e-02  0.000 1.000 0.00e+00 2.11e-01
  65 A N     H      600.13  160.00 0.854 0.008 1.67e-02  0.000 1.000 0.00e+00 8.27e-02
  66 A N     H      600.13  160.00 0.824 0.011 2.62e-02  0.000 1.000 0.00e+00 1.58e-01
  67 A N     H      600.13  160.00 0.850 0.010 1.16e-02  0.366 1.000 0.00e+00 6.63e-14
  68 A N     H      600.13  160.00 0.856 0.009 1.61e-02  0.000 1.000 0.00e+00 1.98e+00
  69 A N     H      600.13  160.00 0.864 0.007 9.36e-01  0.000 0.896 0.00e+00 6.54e-13
  70 A N     H      600.13  160.00 0.873 0.038 2.19e-02  1.446 1.000 0.00e+00 2.31e-14
  71 A N     H      600.13  160.00 0.850 0.013 4.05e-02  0.869 1.000 0.00e+00 1.08e-13
  72 A N     H      600.13  160.00 0.795 0.031 8.99e-01  0.000 0.902 0.00e+00 1.18e-13
  73 A N     H      600.13  160.00 0.389 0.036 1.51e+00  0.000 0.815 0.00e+00 4.47e-14
  74 A N     H      600.13  160.00 0.331 0.055 1.15e+00  0.000 0.789 0.00e+00 1.01e-12
  75 A N     H      600.13  160.00 0.079 0.050 1.16e+00  0.000 0.681 0.00e+00 4.22e-14
  76 A N     H      600.13  160.00 0.037 0.028 9.88e-01  0.000 0.644 0.00e+00 4.81e-13

=====ROBUST REGRESSION: Off=====

=====ORIENTATION SAMPLING=====
Number of rigid bonds = 42
Sampling Param Xi = 0.097 Vectors are uniformly distributed.
Sampling Tensor Components = [0.273, -0.006, -0.267].

=====ISOTROPIC MODEL=====
Diso = 1.91 +/- 0.00 *(10^7) 1/s
TAUc = 8.75 +/- 0.01 ns
Q = 0.713  chi^2 = 1197.067  chi^2/df = 29.197 (Rigid Only)
Akaike Information Criterion (AIC): Value = 1199.067

=====AXIALLY-SYMMETRIC MODEL (PROLATE)=====
D_perp = 1.73 +/- 0.01 *(10^7) 1/s
D_parallel = 2.42 +/- 0.02 *(10^7) 1/s
alpha = 36 +/- 1  deg
beta = 46 +/- 1  deg
Orientational Uncertainty = 2 deg
TAUc = 8.52 +/- 0.02 ns
anisotropy = 1.40 +/- 0.01
Q = 0.277  R = 0.956  chi^2 = 104.419  chi^2/df = 2.748 (Rigid Only)
Inertia Tensor Unique Axis Difference = 48 deg
ELM Predicted Tensor Unique Axis Difference = 55 deg
F-test (0.05): Axially-Symmetric model better than Isotropic? true, P = 3.58e-20, F = 132.55
Akaike Information Criterion (AIC): Value = 112.419,
   =>Axially-Symmetric model better than Isotropic? true

==Axially-Symmetric Diffusion Tensor==
    [  1.956   0.168   0.280]     [  0.013   0.008   0.009]
D = [  0.168   1.848   0.204] +/- [  0.008   0.011   0.009] *(10^7) 1/s
    [  0.280   0.204   2.065]     [  0.009   0.009   0.016]

==Axially-Symmetric Diffusion Tensor Sorted Eigendecomposition==
    [  -0.590    -0.566     0.576][   1.726     0.000     0.000][  -0.590     0.808     0.000]
D = [   0.808    -0.413     0.421][   0.000     1.726     0.000][  -0.566    -0.413     0.714] *(10^7) 1/s
    [   0.000     0.714     0.701][   0.000     0.000     2.418][   0.576     0.421     0.701]

=====FULLY ANISOTROPIC MODEL=====
Dx = 1.71 +/- 0.02 *(10^7) 1/s
Dy = 1.74 +/- 0.02 *(10^7) 1/s
Dz = 2.41 +/- 0.02 *(10^7) 1/s
alpha = 36 +/- 1  deg
beta = 45 +/- 1  deg
gamma = 92 +/- 47 deg
Orientational Uncertainty = 40 deg
TAUc = 8.53 +/- 0.02 ns
anisotropy = 1.40 +/- 0.01
rhombicity = 0.05 +/- 0.08
Q = 0.278  R = 0.956  chi^2 = 104.031  chi^2/df = 2.890 (Rigid Only)
Axially-Symmetric Tensor Primary Axis Difference = 0 deg
Inertia Tensor Primary Axis Difference = 48 deg
Inertia Tensor Orientational Difference = 48 deg
ELM Predicted Tensor Primary Axis Difference = 54 deg
ELM Predicted Tensor Orientational Difference = 55 deg
F-test (0.05): Anisotropic model better than Isotropic? true, P = 4.46e-18, F = 75.65
F-test (0.05): Anisotropic model better than Axially-Symmetric? false, P = 9.35e-01, F = 0.07
Akaike Information Criterion (AIC): Value = 116.031,
   =>Anisotropic model better than Isotropic? true
   =>Anisotropic model better than Axially-Symmteric? false

==Anistropic Diffusion Tensor==
    [  1.950   0.174   0.273]     [  0.019   0.012   0.015]
D = [  0.174   1.841   0.199] +/- [  0.012   0.020   0.017] *(10^7) 1/s
    [  0.273   0.199   2.073]     [  0.015   0.017   0.021]

==Anistropic Diffusion Tensor Sorted Eigendecomposition==
    [  -0.608    -0.551     0.572][   1.714     0.000     0.000][  -0.608     0.794     0.021]
D = [   0.794    -0.440     0.420][   0.000     1.737     0.000][  -0.551    -0.440     0.710] *(10^7) 1/s
    [   0.021     0.710     0.704][   0.000     0.000     2.413][   0.572     0.420     0.704]

====Full Rotdif Results: Isotropic Solution====
<residue><chain><atom1><atom2><freq><rho_exp><rho_pred><rho_error>
   2 A N     H      600.13  14.723  16.233   0.392
   3 A N     H      600.13  16.419  16.233   0.367
   4 A N     H      600.13  18.232  16.233   0.384
   5 A N     H      600.13  17.170  16.233   0.545
   6 A N     H      600.13  19.219  16.233   0.659
   7 A N     H      600.13  17.386  16.233   0.411
   8 A N     H      600.13  11.481  16.233   0.727
   9 A N     H      600.13  12.093  16.233   1.223
  10 A N     H      600.13  12.456  16.233   0.674
  11 A N     H      600.13  10.855  16.233   0.692
  12 A N     H      600.13  16.014  16.233   0.502
  13 A N     H      600.13  21.763  16.233   0.831
  14 A N     H      600.13  22.877  16.233   0.617
  15 A N     H      600.13  17.007  16.233   0.599
  17 A N     H      600.13  14.700  16.233   0.410
  18 A N     H      600.13  15.903  16.233   0.406
  20 A N     H      600.13  14.906  16.233   0.301
  21 A N     H      600.13  14.639  16.233   0.304
  22 A N     H      600.13  14.989  16.233   0.396
  23 A N     H      600.13  21.271  16.233   1.109
  25 A N     H      600.13  24.603  16.233   1.061
  27 A N     H      600.13  17.893  16.233   0.246
  28 A N     H      600.13  19.019  16.233   0.658
  29 A N     H      600.13  19.816  16.233   0.640
  30 A N     H      600.13  18.309  16.233   0.393
  32 A N     H      600.13  20.068  16.233   0.284
  33 A N     H      600.13  19.041  16.233   0.200
  34 A N     H      600.13  18.544  16.233   0.414
  35 A N     H      600.13  16.410  16.233   0.371
  36 A N     H      600.13  16.541  16.233   0.448
  39 A N     H      600.13  15.094  16.233   0.289
  40 A N     H      600.13  15.136  16.233   0.419
  41 A N     H      600.13  13.941  16.233   0.251
  43 A N     H      600.13  15.901  16.233   0.618
  44 A N     H      600.13  17.238  16.233   0.323
  45 A N     H      600.13  17.437  16.233   1.002
  46 A N     H      600.13  16.714  16.233   0.545
  47 A N     H      600.13  15.937  16.233   0.639
  48 A N     H      600.13  15.403  16.233   0.936
  49 A N     H      600.13  14.142  16.233   0.281
  50 A N     H      600.13  18.215  16.233   0.420
  51 A N     H      600.13  15.884  16.233   0.620
  52 A N     H      600.13  15.579  16.233   0.324
  54 A N     H      600.13  17.223  16.233   0.212
  55 A N     H      600.13  19.206  16.233   0.488
  56 A N     H      600.13  14.708  16.233   0.390
  57 A N     H      600.13  14.698  16.233   0.238
  58 A N     H      600.13  15.827  16.233   0.202
  59 A N     H      600.13  16.222  16.233   0.334
  60 A N     H      600.13  14.995  16.233   0.212
  61 A N     H      600.13  14.505  16.233   0.202
  62 A N     H      600.13  13.641  16.233   0.627
  63 A N     H      600.13  17.127  16.233   0.272
  64 A N     H      600.13  14.636  16.233   0.268
  65 A N     H      600.13  14.197  16.233   0.371
  66 A N     H      600.13  16.493  16.233   0.514
  67 A N     H      600.13  16.611  16.233   0.354
  68 A N     H      600.13  18.363  16.233   0.372
  69 A N     H      600.13  15.375  16.233   0.233
  70 A N     H      600.13  18.032  16.233   0.214
  71 A N     H      600.13  15.532  16.233   0.299
  72 A N     H      600.13  12.630  16.233   0.410
  73 A N     H      600.13   6.828  16.233   0.446
  74 A N     H      600.13   6.532  16.233   0.801
  75 A N     H      600.13   2.834  16.233   1.083
  76 A N     H      600.13   2.239  16.233   0.902


====Full Rotdif Results: Axially-Symmetric Solution====
<residue><chain><atom1><atom2><freq><rho_exp><rho_pred><rho_error>
   2 A N     H      600.13  14.723  14.654   0.392
   3 A N     H      600.13  16.419  16.442   0.367
   4 A N     H      600.13  18.232  17.634   0.384
   5 A N     H      600.13  17.170  16.797   0.545
   6 A N     H      600.13  19.219  18.342   0.659
   7 A N     H      600.13  17.386  15.254   0.411
   8 A N     H      600.13  11.481   9.638   0.727
   9 A N     H      600.13  12.093  10.423   1.223
  10 A N     H      600.13  12.456  10.447   0.674
  11 A N     H      600.13  10.855   8.982   0.692
  12 A N     H      600.13  16.014  16.596   0.502
  13 A N     H      600.13  21.763  16.037   0.831
  14 A N     H      600.13  22.877  18.288   0.617
  15 A N     H      600.13  17.007  16.347   0.599
  17 A N     H      600.13  14.700  14.355   0.410
  18 A N     H      600.13  15.903  14.334   0.406
  20 A N     H      600.13  14.906  14.279   0.301
  21 A N     H      600.13  14.639  14.054   0.304
  22 A N     H      600.13  14.989  15.064   0.396
  23 A N     H      600.13  21.271  18.061   1.109
  25 A N     H      600.13  24.603  19.449   1.061
  27 A N     H      600.13  17.893  18.124   0.246
  28 A N     H      600.13  19.019  19.220   0.658
  29 A N     H      600.13  19.816  18.799   0.640
  30 A N     H      600.13  18.309  18.114   0.393
  32 A N     H      600.13  20.068  19.418   0.284
  33 A N     H      600.13  19.041  18.671   0.200
  34 A N     H      600.13  18.544  18.327   0.414
  35 A N     H      600.13  16.410  16.677   0.371
  36 A N     H      600.13  16.541  14.626   0.448
  39 A N     H      600.13  15.094  13.350   0.289
  40 A N     H      600.13  15.136  14.488   0.419
  41 A N     H      600.13  13.941  12.655   0.251
  43 A N     H      600.13  15.901  15.325   0.618
  44 A N     H      600.13  17.238  17.416   0.323
  45 A N     H      600.13  17.437  15.564   1.002
  46 A N     H      600.13  16.714  16.645   0.545
  47 A N     H      600.13  15.937  13.600   0.639
  48 A N     H      600.13  15.403  14.065   0.936
  49 A N     H      600.13  14.142  12.644   0.281
  50 A N     H      600.13  18.215  18.162   0.420
  51 A N     H      600.13  15.884  12.792   0.620
  52 A N     H      600.13  15.579  14.239   0.324
  54 A N     H      600.13  17.223  17.328   0.212
  55 A N     H      600.13  19.206  19.106   0.488
  56 A N     H      600.13  14.708  14.954   0.390
  57 A N     H      600.13  14.698  14.300   0.238
  58 A N     H      600.13  15.827  16.113   0.202
  59 A N     H      600.13  16.222  15.962   0.334
  60 A N     H      600.13  14.995  14.694   0.212
  61 A N     H      600.13  14.505  14.110   0.202
  62 A N     H      600.13  13.641  13.934   0.627
  63 A N     H      600.13  17.127  17.439   0.272
  64 A N     H      600.13  14.636  14.783   0.268
  65 A N     H      600.13  14.197  14.362   0.371
  66 A N     H      600.13  16.493  16.328   0.514
  67 A N     H      600.13  16.611  16.056   0.354
  68 A N     H      600.13  18.363  17.844   0.372
  69 A N     H      600.13  15.375  13.905   0.233
  70 A N     H      600.13  18.032  15.873   0.214
  71 A N     H      600.13  15.532  14.300   0.299
  72 A N     H      600.13  12.630  11.559   0.410
  73 A N     H      600.13   6.828   5.762   0.446
  74 A N     H      600.13   6.532   5.429   0.801
  75 A N     H      600.13   2.834   2.415   1.083
  76 A N     H      600.13   2.239   1.970   0.902


====Full Rotdif Results: Anisotropic Solution====
<residue><chain><atom1><atom2><freq><rho_exp><rho_pred><rho_error>
   2 A N     H      600.13  14.723  14.763   0.392
   3 A N     H      600.13  16.419  16.450   0.367
   4 A N     H      600.13  18.232  17.622   0.384
   5 A N     H      600.13  17.170  16.799   0.545
   6 A N     H      600.13  19.219  18.341   0.659
   7 A N     H      600.13  17.386  15.322   0.411
   8 A N     H      600.13  11.481   9.633   0.727
   9 A N     H      600.13  12.093  10.437   1.223
  10 A N     H      600.13  12.456  10.442   0.674
  11 A N     H      600.13  10.855   8.965   0.692
  12 A N     H      600.13  16.014  16.629   0.502
  13 A N     H      600.13  21.763  16.055   0.831
  14 A N     H      600.13  22.877  18.281   0.617
  15 A N     H      600.13  17.007  16.340   0.599
  17 A N     H      600.13  14.700  14.431   0.410
  18 A N     H      600.13  15.903  14.448   0.406
  20 A N     H      600.13  14.906  14.326   0.301
  21 A N     H      600.13  14.639  14.133   0.304
  22 A N     H      600.13  14.989  15.031   0.396
  23 A N     H      600.13  21.271  18.070   1.109
  25 A N     H      600.13  24.603  19.453   1.061
  27 A N     H      600.13  17.893  18.131   0.246
  28 A N     H      600.13  19.019  18.294   0.658
  29 A N     H      600.13  19.816  18.797   0.640
  30 A N     H      600.13  18.309  18.122   0.393
  32 A N     H      600.13  20.068  19.419   0.284
  33 A N     H      600.13  19.041  18.667   0.200
  34 A N     H      600.13  18.544  18.325   0.414
  35 A N     H      600.13  16.410  16.680   0.371
  36 A N     H      600.13  16.541  14.742   0.448
  39 A N     H      600.13  15.094  13.361   0.289
  40 A N     H      600.13  15.136  14.480   0.419
  41 A N     H      600.13  13.941  12.693   0.251
  43 A N     H      600.13  15.901  15.343   0.618
  44 A N     H      600.13  17.238  17.436   0.323
  45 A N     H      600.13  17.437  15.623   1.002
  46 A N     H      600.13  16.714  16.681   0.545
  47 A N     H      600.13  15.937  13.601   0.639
  48 A N     H      600.13  15.403  14.141   0.936
  49 A N     H      600.13  14.142  12.630   0.281
  50 A N     H      600.13  18.215  18.158   0.420
  51 A N     H      600.13  15.884  12.767   0.620
  52 A N     H      600.13  15.579  14.317   0.324
  54 A N     H      600.13  17.223  17.306   0.212
  55 A N     H      600.13  19.206  19.104   0.488
  56 A N     H      600.13  14.708  14.916   0.390
  57 A N     H      600.13  14.698  14.263   0.238
  58 A N     H      600.13  15.827  16.125   0.202
  59 A N     H      600.13  16.222  15.935   0.334
  60 A N     H      600.13  14.995  14.668   0.212
  61 A N     H      600.13  14.505  14.142   0.202
  62 A N     H      600.13  13.641  13.883   0.627
  63 A N     H      600.13  17.127  17.450   0.272
  64 A N     H      600.13  14.636  14.765   0.268
  65 A N     H      600.13  14.197  14.312   0.371
  66 A N     H      600.13  16.493  16.310   0.514
  67 A N     H      600.13  16.611  16.041   0.354
  68 A N     H      600.13  18.363  17.860   0.372
  69 A N     H      600.13  15.375  13.863   0.233
  70 A N     H      600.13  18.032  15.840   0.214
  71 A N     H      600.13  15.532  14.261   0.299
  72 A N     H      600.13  12.630  11.574   0.410
  73 A N     H      600.13   6.828   5.763   0.446
  74 A N     H      600.13   6.532   5.430   0.801
  75 A N     H      600.13   2.834   2.415   1.083
  76 A N     H      600.13   2.239   1.970   0.902

====Full Dynamics Results: Isotropic Solution====
<residue><chain><atom1><atom2><freq><csa><s2><s2_err><tau_loc><Rex><s2_fast><tau_fast><chi2>
   2 A N     H      600.13  160.00 0.787 0.019 1.20e+00  0.000 0.858 0.00e+00 1.41e-15
   3 A N     H      600.13  160.00 0.868 0.007 2.12e-02  0.000 1.000 0.00e+00 5.20e-01
   4 A N     H      600.13  160.00 0.836 0.012 1.73e-02  1.292 1.000 0.00e+00 2.50e-14
   5 A N     H      600.13  160.00 0.808 0.015 2.21e-02  0.641 1.000 0.00e+00 1.64e-13
   6 A N     H      600.13  160.00 0.850 0.027 0.00e+00  1.861 1.000 0.00e+00 4.19e-01
   7 A N     H      600.13  160.00 0.870 0.004 4.22e-02  0.847 1.000 0.00e+00 2.27e-13
   8 A N     H      600.13  160.00 0.628 0.032 1.67e+00  0.000 0.829 0.00e+00 4.05e-14
   9 A N     H      600.13  160.00 0.654 0.063 1.37e+00  0.000 0.844 0.00e+00 1.44e-14
  10 A N     H      600.13  160.00 0.676 0.043 1.32e+00  0.000 0.852 0.00e+00 1.27e-14
  11 A N     H      600.13  160.00 0.575 0.045 1.47e+00  0.000 0.811 0.00e+00 1.11e-14
  12 A N     H      600.13  160.00 0.830 0.010 4.88e-02  0.000 1.000 0.00e+00 1.20e-03
  13 A N     H      600.13  160.00 0.866 0.032 2.94e-02  3.634 1.000 0.00e+00 3.47e-14
  14 A N     H      600.13  160.00 0.819 0.052 1.26e-02  4.083 1.000 0.00e+00 4.76e-13
  15 A N     H      600.13  160.00 0.876 0.009 2.35e-02  0.557 1.000 0.00e+00 2.05e-13
  17 A N     H      600.13  160.00 0.808 0.020 1.40e+00  0.000 0.877 0.00e+00 2.62e-15
  18 A N     H      600.13  160.00 0.849 0.007 4.16e-02  0.000 1.000 0.00e+00 1.44e-01
  20 A N     H      600.13  160.00 0.799 0.017 9.51e-01  0.000 0.872 0.00e+00 2.35e-13
  21 A N     H      600.13  160.00 0.864 0.019 1.48e+00  0.000 0.938 0.00e+00 1.93e-13
  22 A N     H      600.13  160.00 0.828 0.021 1.22e+00  0.000 0.888 0.00e+00 8.24e-13
  23 A N     H      600.13  160.00 0.877 0.018 0.00e+00  3.264 1.000 0.00e+00 5.37e-03
  25 A N     H      600.13  160.00 0.871 0.021 0.00e+00  5.438 1.000 0.00e+00 6.32e+00
  27 A N     H      600.13  160.00 0.896 0.008 0.00e+00  1.089 1.000 0.00e+00 3.83e-01
  28 A N     H      600.13  160.00 0.862 0.021 1.81e-02  1.829 1.000 0.00e+00 6.96e-14
  29 A N     H      600.13  160.00 0.819 0.020 3.05e-02  2.292 1.000 0.00e+00 1.31e-14
  30 A N     H      600.13  160.00 0.853 0.009 1.97e-02  1.368 1.000 0.00e+00 7.16e-14
  32 A N     H      600.13  160.00 0.828 0.014 1.26e-02  2.397 1.000 0.00e+00 1.51e-13
  33 A N     H      600.13  160.00 0.800 0.006 2.46e-02  1.765 1.000 0.00e+00 1.10e-14
  34 A N     H      600.13  160.00 0.824 0.016 1.40e-02  1.459 1.000 0.00e+00 5.09e-12
  35 A N     H      600.13  160.00 0.899 0.005 2.13e-02  0.000 1.000 0.00e+00 4.03e-01
  36 A N     H      600.13  160.00 0.835 0.009 2.05e-02  0.000 1.000 0.00e+00 8.53e-01
  39 A N     H      600.13  160.00 0.833 0.017 1.21e+00  0.000 0.888 0.00e+00 6.67e-13
  40 A N     H      600.13  160.00 0.830 0.023 1.16e+00  0.000 0.884 0.00e+00 3.51e-14
  41 A N     H      600.13  160.00 0.781 0.013 1.73e+00  0.000 0.876 0.00e+00 5.31e-13
  43 A N     H      600.13  160.00 0.853 0.016 4.75e-02  0.000 1.000 0.00e+00 4.90e-02
  44 A N     H      600.13  160.00 0.827 0.009 2.78e-02  0.706 1.000 0.00e+00 3.79e-13
  45 A N     H      600.13  160.00 0.918 0.022 6.55e-02  0.000 1.000 0.00e+00 1.88e+00
  46 A N     H      600.13  160.00 0.856 0.012 3.58e-02  0.000 1.000 0.00e+00 1.39e+00
  47 A N     H      600.13  160.00 0.832 0.010 4.20e-02  0.000 1.000 0.00e+00 2.20e-02
  48 A N     H      600.13  160.00 0.833 0.034 9.91e-01  0.000 0.878 0.00e+00 4.39e-14
  49 A N     H      600.13  160.00 0.736 0.013 8.85e-01  0.000 0.854 0.00e+00 2.01e-12
  50 A N     H      600.13  160.00 0.823 0.015 4.45e-02  1.365 1.000 0.00e+00 1.98e-15
  51 A N     H      600.13  160.00 0.810 0.014 2.57e-02  0.000 1.000 0.00e+00 1.06e-01
  52 A N     H      600.13  160.00 0.799 0.008 7.31e-01  0.000 0.841 0.00e+00 9.70e-16
  54 A N     H      600.13  160.00 0.814 0.002 2.16e-02  0.673 1.000 0.00e+00 1.16e-14
  55 A N     H      600.13  160.00 0.824 0.056 1.12e-02  1.853 1.000 0.00e+00 1.54e-14
  56 A N     H      600.13  160.00 0.824 0.021 1.48e+00  0.000 0.891 0.00e+00 8.92e-16
  57 A N     H      600.13  160.00 0.820 0.012 1.30e+00  0.000 0.892 0.00e+00 1.10e-13
  58 A N     H      600.13  160.00 0.876 0.010 7.57e-01  0.000 0.903 0.00e+00 1.99e-13
  59 A N     H      600.13  160.00 0.849 0.004 1.51e-02  0.000 1.000 0.00e+00 2.59e-02
  60 A N     H      600.13  160.00 0.831 0.010 1.17e+00  0.000 0.893 0.00e+00 1.58e-13
  61 A N     H      600.13  160.00 0.802 0.008 1.98e+00  0.000 0.869 0.00e+00 9.49e-15
  62 A N     H      600.13  160.00 0.671 0.030 8.74e-01  0.000 0.812 0.00e+00 1.61e-14
  63 A N     H      600.13  160.00 0.835 0.013 2.51e-02  0.630 1.000 0.00e+00 3.94e-12
  64 A N     H      600.13  160.00 0.817 0.013 2.47e+00  0.000 0.877 0.00e+00 3.61e-14
  65 A N     H      600.13  160.00 0.781 0.019 2.23e+00  0.000 0.857 0.00e+00 1.36e-14
  66 A N     H      600.13  160.00 0.824 0.011 2.62e-02  0.000 1.000 0.00e+00 6.02e-01
  67 A N     H      600.13  160.00 0.859 0.007 1.18e-02  0.000 1.000 0.00e+00 1.46e+00
  68 A N     H      600.13  160.00 0.809 0.010 1.22e-02  1.322 1.000 0.00e+00 6.35e-14
  69 A N     H      600.13  160.00 0.854 0.007 1.21e+00  0.000 0.896 0.00e+00 5.27e-13
  70 A N     H      600.13  160.00 0.883 0.008 2.40e-02  1.231 1.000 0.00e+00 1.61e-15
  71 A N     H      600.13  160.00 0.867 0.010 6.60e-01  0.000 0.920 0.00e+00 5.93e-15
  72 A N     H      600.13  160.00 0.724 0.028 1.41e+00  0.000 0.894 0.00e+00 9.94e-15
  73 A N     H      600.13  160.00 0.362 0.034 1.56e+00  0.000 0.811 0.00e+00 2.25e-13
  74 A N     H      600.13  160.00 0.309 0.051 1.19e+00  0.000 0.787 0.00e+00 2.30e-13
  75 A N     H      600.13  160.00 0.073 0.046 1.16e+00  0.000 0.680 0.00e+00 2.95e-15
  76 A N     H      600.13  160.00 0.036 0.027 9.87e-01  0.000 0.644 0.00e+00 1.43e-14


====Full Dynamics Results: Axially-Symmetric Solution====
<residue><chain><atom1><atom2><freq><csa><s2><s2_err><tau_loc><Rex><s2_fast><tau_fast><chi2>
   2 A N     H      600.13  160.00 0.832 0.010 2.90e-02  0.000 1.000 0.00e+00 4.88e-02
   3 A N     H      600.13  160.00 0.870 0.008 2.19e-02  0.000 1.000 0.00e+00 8.82e-04
   4 A N     H      600.13  160.00 0.869 0.015 2.21e-02  0.380 1.000 0.00e+00 1.32e-13
   5 A N     H      600.13  160.00 0.826 0.012 2.46e-02  0.000 1.000 0.00e+00 5.27e-01
   6 A N     H      600.13  160.00 0.934 0.009 0.00e+00  0.000 1.000 0.00e+00 2.39e+00
   7 A N     H      600.13  160.00 0.847 0.004 3.52e-02  1.398 1.000 0.00e+00 1.67e-13
   8 A N     H      600.13  160.00 0.690 0.034 1.31e+00  0.000 0.838 0.00e+00 1.63e-14
   9 A N     H      600.13  160.00 0.710 0.064 1.04e+00  0.000 0.850 0.00e+00 2.73e-14
  10 A N     H      600.13  160.00 0.666 0.042 1.37e+00  0.000 0.849 0.00e+00 3.34e-14
  11 A N     H      600.13  160.00 0.631 0.049 1.21e+00  0.000 0.818 0.00e+00 1.81e-15
  12 A N     H      600.13  160.00 0.837 0.011 5.10e-02  0.000 1.000 0.00e+00 1.17e+00
  13 A N     H      600.13  160.00 0.861 0.024 2.83e-02  3.700 1.000 0.00e+00 2.07e-14
  14 A N     H      600.13  160.00 0.866 0.030 1.77e-02  2.799 1.000 0.00e+00 1.87e-14
  15 A N     H      600.13  160.00 0.882 0.009 2.44e-02  0.000 1.000 0.00e+00 1.27e+00
  17 A N     H      600.13  160.00 0.856 0.011 2.74e-02  0.000 1.000 0.00e+00 7.81e-01
  18 A N     H      600.13  160.00 0.805 0.007 3.11e-02  1.012 1.000 0.00e+00 4.75e-14
  20 A N     H      600.13  160.00 0.819 0.004 3.48e-02  0.421 1.000 0.00e+00 2.64e-15
  21 A N     H      600.13  160.00 0.902 0.008 4.09e-02  0.428 1.000 0.00e+00 4.23e-15
  22 A N     H      600.13  160.00 0.867 0.009 3.06e-02  0.000 1.000 0.00e+00 2.25e-02
  23 A N     H      600.13  160.00 0.921 0.019 0.00e+00  2.078 1.000 0.00e+00 2.91e-02
  25 A N     H      600.13  160.00 0.946 0.023 0.00e+00  3.365 1.000 0.00e+00 5.17e+00
  27 A N     H      600.13  160.00 0.936 0.006 0.00e+00  0.000 1.000 0.00e+00 1.59e+00
  28 A N     H      600.13  160.00 0.928 0.018 3.67e-02  0.000 1.000 0.00e+00 8.01e-02
  29 A N     H      600.13  160.00 0.879 0.024 4.72e-02  0.640 1.000 0.00e+00 9.08e-14
  30 A N     H      600.13  160.00 0.901 0.008 2.99e-02  0.000 1.000 0.00e+00 2.85e-01
  32 A N     H      600.13  160.00 0.901 0.028 2.32e-02  0.408 1.000 0.00e+00 1.75e-12
  33 A N     H      600.13  160.00 0.856 0.006 3.50e-02  0.237 1.000 0.00e+00 2.00e-14
  34 A N     H      600.13  160.00 0.880 0.007 2.12e-02  0.000 1.000 0.00e+00 3.14e-01
  35 A N     H      600.13  160.00 0.909 0.005 2.46e-02  0.000 1.000 0.00e+00 4.81e-01
  36 A N     H      600.13  160.00 0.854 0.009 2.25e-02  0.000 1.000 0.00e+00 2.21e+01
  39 A N     H      600.13  160.00 0.839 0.017 1.09e+00  0.000 0.888 0.00e+00 1.44e-15
  40 A N     H      600.13  160.00 0.845 0.004 2.45e-02  0.438 1.000 0.00e+00 1.74e-13
  41 A N     H      600.13  160.00 0.843 0.012 7.71e-01  0.000 0.884 0.00e+00 5.46e-13
  43 A N     H      600.13  160.00 0.852 0.016 4.76e-02  0.000 1.000 0.00e+00 9.87e-01
  44 A N     H      600.13  160.00 0.854 0.007 3.37e-02  0.000 1.000 0.00e+00 2.31e-01
  45 A N     H      600.13  160.00 0.882 0.025 4.33e-02  1.267 1.000 0.00e+00 1.62e-12
  46 A N     H      600.13  160.00 0.850 0.012 3.44e-02  0.000 1.000 0.00e+00 2.85e-02
  47 A N     H      600.13  160.00 0.771 0.033 1.09e+00  0.000 0.863 0.00e+00 9.84e-15
  48 A N     H      600.13  160.00 0.821 0.069 2.01e-02  0.880 1.000 0.00e+00 1.46e-04
  49 A N     H      600.13  160.00 0.762 0.013 6.38e-01  0.000 0.854 0.00e+00 1.37e-13
  50 A N     H      600.13  160.00 0.873 0.009 6.43e-02  0.000 1.000 0.00e+00 4.64e-02
  51 A N     H      600.13  160.00 0.752 0.020 1.32e+00  0.000 0.831 0.00e+00 1.09e-14
  52 A N     H      600.13  160.00 0.838 0.006 2.81e-02  0.000 1.000 0.00e+00 2.02e+01
  54 A N     H      600.13  160.00 0.840 0.004 2.55e-02  0.000 1.000 0.00e+00 1.60e-01
  55 A N     H      600.13  160.00 0.891 0.013 1.93e-02  0.000 1.000 0.00e+00 5.23e-02
  56 A N     H      600.13  160.00 0.877 0.010 2.99e-02  0.000 1.000 0.00e+00 3.53e-01
  57 A N     H      600.13  160.00 0.857 0.005 3.16e-02  0.280 1.000 0.00e+00 1.42e-14
  58 A N     H      600.13  160.00 0.890 0.005 2.64e-02  0.000 1.000 0.00e+00 1.83e+00
  59 A N     H      600.13  160.00 0.843 0.005 1.41e-02  0.000 1.000 0.00e+00 6.54e-01
  60 A N     H      600.13  160.00 0.861 0.008 3.13e-02  0.212 1.000 0.00e+00 1.07e-12
  61 A N     H      600.13  160.00 0.865 0.005 1.73e-02  0.000 1.000 0.00e+00 4.14e+00
  62 A N     H      600.13  160.00 0.740 0.014 5.14e-02  0.000 1.000 0.00e+00 1.51e-01
  63 A N     H      600.13  160.00 0.855 0.007 2.90e-02  0.000 1.000 0.00e+00 1.13e+00
  64 A N     H      600.13  160.00 0.875 0.007 1.34e-02  0.000 1.000 0.00e+00 2.75e-01
  65 A N     H      600.13  160.00 0.854 0.008 1.68e-02  0.000 1.000 0.00e+00 1.77e-01
  66 A N     H      600.13  160.00 0.824 0.011 2.62e-02  0.000 1.000 0.00e+00 1.32e-01
  67 A N     H      600.13  160.00 0.851 0.012 1.16e-02  0.357 1.000 0.00e+00 8.30e-14
  68 A N     H      600.13  160.00 0.846 0.009 1.55e-02  0.319 1.000 0.00e+00 4.68e-14
  69 A N     H      600.13  160.00 0.865 0.007 8.98e-01  0.000 0.896 0.00e+00 7.61e-15
  70 A N     H      600.13  160.00 0.874 0.036 2.20e-02  1.424 1.000 0.00e+00 1.79e-13
  71 A N     H      600.13  160.00 0.850 0.013 4.08e-02  0.842 1.000 0.00e+00 3.30e-12
  72 A N     H      600.13  160.00 0.793 0.031 9.15e-01  0.000 0.902 0.00e+00 6.57e-14
  73 A N     H      600.13  160.00 0.388 0.036 1.51e+00  0.000 0.815 0.00e+00 3.56e-14
  74 A N     H      600.13  160.00 0.330 0.054 1.15e+00  0.000 0.789 0.00e+00 2.56e-13
  75 A N     H      600.13  160.00 0.079 0.050 1.16e+00  0.000 0.681 0.00e+00 2.67e-13
  76 A N     H      600.13  160.00 0.037 0.028 9.88e-01  0.000 0.644 0.00e+00 2.49e-14


====Full Dynamics Results: Anisotropic Solution====
<residue><chain><atom1><atom2><freq><csa><s2><s2_err><tau_loc><Rex><s2_fast><tau_fast><chi2>
   2 A N     H      600.13  160.00 0.833 0.010 2.92e-02  0.000 1.000 0.00e+00 2.96e-03
   3 A N     H      600.13  160.00 0.870 0.008 2.19e-02  0.000 1.000 0.00e+00 2.77e-03
   4 A N     H      600.13  160.00 0.868 0.012 2.21e-02  0.388 1.000 0.00e+00 1.18e-12
   5 A N     H      600.13  160.00 0.826 0.012 2.46e-02  0.000 1.000 0.00e+00 5.20e-01
   6 A N     H      600.13  160.00 0.934 0.009 0.00e+00  0.000 1.000 0.00e+00 2.40e+00
   7 A N     H      600.13  160.00 0.849 0.005 3.56e-02  1.354 1.000 0.00e+00 8.03e-14
   8 A N     H      600.13  160.00 0.689 0.034 1.31e+00  0.000 0.838 0.00e+00 3.30e-14
   9 A N     H      600.13  160.00 0.712 0.064 1.02e+00  0.000 0.850 0.00e+00 1.91e-15
  10 A N     H      600.13  160.00 0.665 0.042 1.38e+00  0.000 0.849 0.00e+00 4.98e-14
  11 A N     H      600.13  160.00 0.627 0.048 1.23e+00  0.000 0.818 0.00e+00 2.67e-14
  12 A N     H      600.13  160.00 0.837 0.011 5.11e-02  0.000 1.000 0.00e+00 1.32e+00
  13 A N     H      600.13  160.00 0.862 0.027 2.84e-02  3.689 1.000 0.00e+00 1.13e-13
  14 A N     H      600.13  160.00 0.866 0.030 1.77e-02  2.803 1.000 0.00e+00 2.91e-14
  15 A N     H      600.13  160.00 0.882 0.009 2.44e-02  0.000 1.000 0.00e+00 1.30e+00
  17 A N     H      600.13  160.00 0.856 0.011 2.74e-02  0.000 1.000 0.00e+00 4.85e-01
  18 A N     H      600.13  160.00 0.808 0.009 3.16e-02  0.939 1.000 0.00e+00 7.47e-14
  20 A N     H      600.13  160.00 0.820 0.005 3.51e-02  0.391 1.000 0.00e+00 6.17e-14
  21 A N     H      600.13  160.00 0.904 0.009 4.19e-02  0.372 1.000 0.00e+00 1.95e-14
  22 A N     H      600.13  160.00 0.867 0.009 3.05e-02  0.000 1.000 0.00e+00 4.57e-03
  23 A N     H      600.13  160.00 0.921 0.019 0.00e+00  2.071 1.000 0.00e+00 2.91e-02
  25 A N     H      600.13  160.00 0.946 0.023 0.00e+00  3.362 1.000 0.00e+00 5.17e+00
  27 A N     H      600.13  160.00 0.936 0.006 0.00e+00  0.000 1.000 0.00e+00 1.65e+00
  28 A N     H      600.13  160.00 0.924 0.018 5.14e-01  0.000 0.943 0.00e+00 4.82e-16
  29 A N     H      600.13  160.00 0.879 0.025 4.72e-02  0.641 1.000 0.00e+00 3.67e-13
  30 A N     H      600.13  160.00 0.901 0.008 2.99e-02  0.000 1.000 0.00e+00 2.65e-01
  32 A N     H      600.13  160.00 0.901 0.026 2.32e-02  0.407 1.000 0.00e+00 7.20e-14
  33 A N     H      600.13  160.00 0.856 0.006 3.50e-02  0.239 1.000 0.00e+00 3.64e-12
  34 A N     H      600.13  160.00 0.880 0.007 2.12e-02  0.000 1.000 0.00e+00 3.21e-01
  35 A N     H      600.13  160.00 0.909 0.005 2.47e-02  0.000 1.000 0.00e+00 4.94e-01
  36 A N     H      600.13  160.00 0.853 0.010 2.23e-02  0.000 1.000 0.00e+00 1.94e+01
  39 A N     H      600.13  160.00 0.839 0.017 1.08e+00  0.000 0.888 0.00e+00 5.59e-13
  40 A N     H      600.13  160.00 0.845 0.005 2.45e-02  0.443 1.000 0.00e+00 1.06e-15
  41 A N     H      600.13  160.00 0.844 0.012 7.40e-01  0.000 0.884 0.00e+00 5.64e-15
  43 A N     H      600.13  160.00 0.852 0.015 4.76e-02  0.000 1.000 0.00e+00 9.29e-01
  44 A N     H      600.13  160.00 0.854 0.007 3.38e-02  0.000 1.000 0.00e+00 2.92e-01
  45 A N     H      600.13  160.00 0.883 0.025 4.39e-02  1.228 1.000 0.00e+00 3.42e-13
  46 A N     H      600.13  160.00 0.849 0.012 3.44e-02  0.000 1.000 0.00e+00 1.07e-02
  47 A N     H      600.13  160.00 0.771 0.033 1.09e+00  0.000 0.863 0.00e+00 2.40e-13
  48 A N     H      600.13  160.00 0.823 0.068 2.02e-02  0.835 1.000 0.00e+00 5.84e-05
  49 A N     H      600.13  160.00 0.762 0.012 6.46e-01  0.000 0.854 0.00e+00 1.68e-14
  50 A N     H      600.13  160.00 0.873 0.009 6.43e-02  0.000 1.000 0.00e+00 5.07e-02
  51 A N     H      600.13  160.00 0.750 0.020 1.34e+00  0.000 0.831 0.00e+00 3.07e-14
  52 A N     H      600.13  160.00 0.837 0.010 2.78e-02  0.000 1.000 0.00e+00 1.78e+01
  54 A N     H      600.13  160.00 0.840 0.004 2.54e-02  0.000 1.000 0.00e+00 8.78e-02
  55 A N     H      600.13  160.00 0.891 0.013 1.93e-02  0.000 1.000 0.00e+00 5.38e-02
  56 A N     H      600.13  160.00 0.876 0.010 2.98e-02  0.000 1.000 0.00e+00 2.48e-01
  57 A N     H      600.13  160.00 0.856 0.005 3.14e-02  0.304 1.000 0.00e+00 9.84e-13
  58 A N     H      600.13  160.00 0.890 0.005 2.65e-02  0.000 1.000 0.00e+00 1.99e+00
  59 A N     H      600.13  160.00 0.843 0.005 1.40e-02  0.000 1.000 0.00e+00 7.90e-01
  60 A N     H      600.13  160.00 0.861 0.008 3.11e-02  0.229 1.000 0.00e+00 1.59e-14
  61 A N     H      600.13  160.00 0.865 0.006 1.74e-02  0.000 1.000 0.00e+00 3.50e+00
  62 A N     H      600.13  160.00 0.740 0.014 5.13e-02  0.000 1.000 0.00e+00 9.56e-02
  63 A N     H      600.13  160.00 0.855 0.007 2.90e-02  0.000 1.000 0.00e+00 1.22e+00
  64 A N     H      600.13  160.00 0.875 0.007 1.34e-02  0.000 1.000 0.00e+00 2.11e-01
  65 A N     H      600.13  160.00 0.854 0.008 1.67e-02  0.000 1.000 0.00e+00 8.27e-02
  66 A N     H      600.13  160.00 0.824 0.011 2.62e-02  0.000 1.000 0.00e+00 1.58e-01
  67 A N     H      600.13  160.00 0.850 0.010 1.16e-02  0.366 1.000 0.00e+00 6.63e-14
  68 A N     H      600.13  160.00 0.856 0.009 1.61e-02  0.000 1.000 0.00e+00 1.98e+00
  69 A N     H      600.13  160.00 0.864 0.007 9.36e-01  0.000 0.896 0.00e+00 6.54e-13
  70 A N     H      600.13  160.00 0.873 0.038 2.19e-02  1.446 1.000 0.00e+00 2.31e-14
  71 A N     H      600.13  160.00 0.850 0.013 4.05e-02  0.869 1.000 0.00e+00 1.08e-13
  72 A N     H      600.13  160.00 0.795 0.031 8.99e-01  0.000 0.902 0.00e+00 1.18e-13
  73 A N     H      600.13  160.00 0.389 0.036 1.51e+00  0.000 0.815 0.00e+00 4.47e-14
  74 A N     H      600.13  160.00 0.331 0.055 1.15e+00  0.000 0.789 0.00e+00 1.01e-12
  75 A N     H      600.13  160.00 0.079 0.050 1.16e+00  0.000 0.681 0.00e+00 4.22e-14
  76 A N     H      600.13  160.00 0.037 0.028 9.88e-01  0.000 0.644 0.00e+00 4.81e-13

Saving anisotropic tensor axes, if computed, to "/opt/genapp/rotdif/output/html5/results/users/lcoplan/Run_Ub_1/out_ani.py" and
	axially symmetric tensor, if computed, axes to "/opt/genapp/rotdif/output/html5/results/users/lcoplan/Run_Ub_1/out_axial.py"...done.
