Options:
temp = 298.0
robust = false
relax = GB3_600_Curated_cuts.txt
elm = false
axes = true
axesl = 5.0
pdb = 1P7F.pdb
out = out
help = false
nostat = true
nodynamics = true
nogui = true
model = 1
wr = 1.4
dock = false
sr = 2.2

Extracting experimental data....done.
Parsing pdb file....done.
TEST: Computing results....
 Percent 95.0%
done.
=====ROBUST REGRESSION: Off=====

=====ORIENTATION SAMPLING=====
Number of rigid bonds = 40
Sampling Param Xi = 0.142 Vectors are uniformly distributed.
Sampling Tensor Components = [0.376, -0.170, -0.206].

=====ISOTROPIC MODEL=====
Diso = 5.00 +/- NaN *(10^7) 1/s
TAUc = 3.33 +/- NaN ns
Q = 0.724  chi^2 = 361.784  chi^2/df = 9.277 (Rigid Only)
Akaike Information Criterion (AIC): Value = 363.784

=====AXIALLY-SYMMETRIC MODEL (PROLATE)=====
D_perp = 4.45 +/- NaN *(10^7) 1/s
D_parallel = 6.06 +/- NaN *(10^7) 1/s
alpha = 97 +/- NaN  deg
beta = 63 +/- NaN  deg
Orientational Uncertainty = NaN deg
TAUc = 3.34 +/- NaN ns
anisotropy = 1.36 +/- NaN
Q = 0.243  R = 0.940  chi^2 = 38.880  chi^2/df = 1.080 (Rigid Only)
Inertia Tensor Unique Axis Difference = 8 deg
ELM Predicted Tensor Unique Axis Difference = 7 deg
F-test (0.05): Axially-Symmetric model better than Isotropic? true, P = 1.69e-17, F = 99.66
Akaike Information Criterion (AIC): Value = 46.880,
   =>Axially-Symmetric model better than Isotropic? true

==Axially-Symmetric Diffusion Tensor==
    [  4.471  -0.156  -0.080]     [    NaN     NaN     NaN]
D = [ -0.156   5.713   0.643] +/- [    NaN     NaN     NaN] *(10^7) 1/s
    [ -0.080   0.643   4.780]     [    NaN     NaN     NaN]

==Axially-Symmetric Diffusion Tensor Sorted Eigendecomposition==
    [  -0.992     0.055    -0.110][   4.452     0.000     0.000][  -0.992    -0.123     0.000]
D = [  -0.123    -0.448     0.885][   0.000     4.452     0.000][   0.055    -0.448     0.892] *(10^7) 1/s
    [  -0.000     0.892     0.452][   0.000     0.000     6.060][  -0.110     0.885     0.452]

=====FULLY ANISOTROPIC MODEL=====
Dx = 4.37 +/- NaN *(10^7) 1/s
Dy = 4.53 +/- NaN *(10^7) 1/s
Dz = 6.03 +/- NaN *(10^7) 1/s
alpha = 97 +/- NaN  deg
beta = 65 +/- NaN  deg
gamma = 89 +/- NaN deg
Orientational Uncertainty = NaN deg
TAUc = 3.35 +/- NaN ns
anisotropy = 1.36 +/- NaN
rhombicity = 0.15 +/- NaN
Q = 0.244  R = 0.939  chi^2 = 35.490  chi^2/df = 1.044 (Rigid Only)
Axially-Symmetric Tensor Primary Axis Difference = 2 deg
Inertia Tensor Primary Axis Difference = 6 deg
Inertia Tensor Orientational Difference = 25 deg
ELM Predicted Tensor Primary Axis Difference = 5 deg
ELM Predicted Tensor Orientational Difference = 16 deg
F-test (0.05): Anisotropic model better than Isotropic? true, P = 3.66e-16, F = 62.52
F-test (0.05): Anisotropic model better than Axially-Symmetric? false, P = 2.12e-01, F = 1.62
Akaike Information Criterion (AIC): Value = 47.490,
   =>Anisotropic model better than Isotropic? true
   =>Anisotropic model better than Axially-Symmteric? false

==Anistropic Diffusion Tensor==
    [  4.385  -0.164  -0.071]     [    NaN     NaN     NaN]
D = [ -0.164   5.747   0.562] +/- [    NaN     NaN     NaN] *(10^7) 1/s
    [ -0.071   0.562   4.786]     [    NaN     NaN     NaN]

==Anistropic Diffusion Tensor Sorted Eigendecomposition==
    [  -0.994     0.026    -0.109][   4.366     0.000     0.000][  -0.994    -0.110    -0.021]
D = [  -0.110    -0.415     0.903][   0.000     4.527     0.000][   0.026    -0.415     0.909] *(10^7) 1/s
    [  -0.021     0.909     0.416][   0.000     0.000     6.025][  -0.109     0.903     0.416]

====Full Rotdif Results: Isotropic Solution====
<residue><chain><atom1><atom2><freq><rho_exp><rho_pred><rho_error>
   3 A N     H      600.00   3.296   3.495   0.061
   4 A N     H      600.00   3.433   3.495   0.053
   5 A N     H      600.00   3.461   3.495   0.099
   6 A N     H      600.00   3.358   3.495   0.059
   7 A N     H      600.00   3.291   3.495   0.084
   8 A N     H      600.00   3.410   3.495   0.057
   9 A N     H      600.00   3.381   3.495   0.051
  10 A N     H      600.00   3.433   3.495   0.043
  11 A N     H      600.00   3.577   3.495   0.051
  13 A N     H      600.00   3.505   3.495   0.056
  14 A N     H      600.00   3.252   3.495   0.153
  16 A N     H      600.00   3.334   3.495   0.164
  17 A N     H      600.00   3.400   3.495   0.066
  18 A N     H      600.00   3.390   3.495   0.146
  19 A N     H      600.00   3.341   3.495   0.054
  20 A N     H      600.00   3.233   3.495   0.091
  21 A N     H      600.00   3.447   3.495   0.037
  22 A N     H      600.00   3.738   3.495   0.191
  23 A N     H      600.00   3.641   3.495   0.072
  24 A N     H      600.00   3.896   3.495   0.121
  26 A N     H      600.00   3.535   3.495   0.186
  28 A N     H      600.00   3.955   3.495   0.286
  29 A N     H      600.00   3.882   3.495   0.246
  30 A N     H      600.00   3.770   3.495   0.159
  31 A N     H      600.00   4.209   3.495   0.161
  32 A N     H      600.00   4.009   3.495   0.173
  33 A N     H      600.00   3.706   3.495   0.172
  34 A N     H      600.00   3.800   3.495   0.046
  36 A N     H      600.00   4.051   3.495   0.170
  37 A N     H      600.00   3.649   3.495   0.075
  38 A N     H      600.00   3.638   3.495   0.042
  40 A N     H      600.00   3.866   3.495   0.037
  42 A N     H      600.00   3.465   3.495   0.108
  43 A N     H      600.00   3.516   3.495   0.088
  44 A N     H      600.00   3.353   3.495   0.049
  45 A N     H      600.00   3.302   3.495   0.040
  46 A N     H      600.00   3.191   3.495   0.098
  47 A N     H      600.00   3.344   3.495   0.036
  48 A N     H      600.00   3.589   3.495   0.030
  50 A N     H      600.00   3.354   3.495   0.047


====Full Rotdif Results: Axially-Symmetric Solution====
<residue><chain><atom1><atom2><freq><rho_exp><rho_pred><rho_error>
   3 A N     H      600.00   3.296   3.341   0.061
   4 A N     H      600.00   3.433   3.379   0.053
   5 A N     H      600.00   3.461   3.338   0.099
   6 A N     H      600.00   3.358   3.406   0.059
   7 A N     H      600.00   3.291   3.336   0.084
   8 A N     H      600.00   3.410   3.466   0.057
   9 A N     H      600.00   3.381   3.367   0.051
  10 A N     H      600.00   3.433   3.391   0.043
  11 A N     H      600.00   3.577   3.598   0.051
  13 A N     H      600.00   3.505   3.442   0.056
  14 A N     H      600.00   3.252   3.371   0.153
  16 A N     H      600.00   3.334   3.369   0.164
  17 A N     H      600.00   3.400   3.360   0.066
  18 A N     H      600.00   3.390   3.386   0.146
  19 A N     H      600.00   3.341   3.370   0.054
  20 A N     H      600.00   3.233   3.368   0.091
  21 A N     H      600.00   3.447   3.355   0.037
  22 A N     H      600.00   3.738   3.644   0.191
  23 A N     H      600.00   3.641   3.616   0.072
  24 A N     H      600.00   3.896   3.966   0.121
  26 A N     H      600.00   3.535   3.657   0.186
  28 A N     H      600.00   3.955   4.019   0.286
  29 A N     H      600.00   3.882   3.775   0.246
  30 A N     H      600.00   3.770   3.759   0.159
  31 A N     H      600.00   4.209   3.973   0.161
  32 A N     H      600.00   4.009   4.011   0.173
  33 A N     H      600.00   3.706   3.853   0.172
  34 A N     H      600.00   3.800   3.836   0.046
  36 A N     H      600.00   4.051   3.977   0.170
  37 A N     H      600.00   3.649   3.634   0.075
  38 A N     H      600.00   3.638   3.699   0.042
  40 A N     H      600.00   3.866   3.790   0.037
  42 A N     H      600.00   3.465   3.572   0.108
  43 A N     H      600.00   3.516   3.345   0.088
  44 A N     H      600.00   3.353   3.384   0.049
  45 A N     H      600.00   3.302   3.336   0.040
  46 A N     H      600.00   3.191   3.375   0.098
  47 A N     H      600.00   3.344   3.347   0.036
  48 A N     H      600.00   3.589   3.604   0.030
  50 A N     H      600.00   3.354   3.396   0.047


====Full Rotdif Results: Anisotropic Solution====
<residue><chain><atom1><atom2><freq><rho_exp><rho_pred><rho_error>
   3 A N     H      600.00   3.296   3.345   0.061
   4 A N     H      600.00   3.433   3.361   0.053
   5 A N     H      600.00   3.461   3.321   0.099
   6 A N     H      600.00   3.358   3.391   0.059
   7 A N     H      600.00   3.291   3.344   0.084
   8 A N     H      600.00   3.410   3.471   0.057
   9 A N     H      600.00   3.381   3.367   0.051
  10 A N     H      600.00   3.433   3.425   0.043
  11 A N     H      600.00   3.577   3.606   0.051
  13 A N     H      600.00   3.505   3.425   0.056
  14 A N     H      600.00   3.252   3.355   0.153
  16 A N     H      600.00   3.334   3.348   0.164
  17 A N     H      600.00   3.400   3.347   0.066
  18 A N     H      600.00   3.390   3.394   0.146
  19 A N     H      600.00   3.341   3.376   0.054
  20 A N     H      600.00   3.233   3.414   0.091
  21 A N     H      600.00   3.447   3.396   0.037
  22 A N     H      600.00   3.737   3.660   0.191
  23 A N     H      600.00   3.641   3.617   0.072
  24 A N     H      600.00   3.896   3.971   0.121
  26 A N     H      600.00   3.535   3.669   0.186
  28 A N     H      600.00   3.955   4.030   0.286
  29 A N     H      600.00   3.882   3.809   0.246
  30 A N     H      600.00   3.770   3.763   0.159
  31 A N     H      600.00   4.209   3.969   0.161
  32 A N     H      600.00   4.009   4.033   0.173
  33 A N     H      600.00   3.706   3.873   0.172
  34 A N     H      600.00   3.800   3.833   0.046
  36 A N     H      600.00   4.051   3.998   0.170
  37 A N     H      600.00   3.649   3.628   0.075
  38 A N     H      600.00   3.638   3.702   0.042
  40 A N     H      600.00   3.866   3.787   0.037
  42 A N     H      600.00   3.465   3.585   0.108
  43 A N     H      600.00   3.516   3.371   0.088
  44 A N     H      600.00   3.353   3.370   0.049
  45 A N     H      600.00   3.302   3.316   0.040
  46 A N     H      600.00   3.191   3.354   0.098
  47 A N     H      600.00   3.344   3.336   0.036
  48 A N     H      600.00   3.589   3.597   0.030
  50 A N     H      600.00   3.354   3.376   0.047

=====ROBUST REGRESSION: Off=====

=====ORIENTATION SAMPLING=====
Number of rigid bonds = 40
Sampling Param Xi = 0.142 Vectors are uniformly distributed.
Sampling Tensor Components = [0.376, -0.170, -0.206].

=====ISOTROPIC MODEL=====
Diso = 5.00 +/- NaN *(10^7) 1/s
TAUc = 3.33 +/- NaN ns
Q = 0.724  chi^2 = 361.784  chi^2/df = 9.277 (Rigid Only)
Akaike Information Criterion (AIC): Value = 363.784

=====AXIALLY-SYMMETRIC MODEL (PROLATE)=====
D_perp = 4.45 +/- NaN *(10^7) 1/s
D_parallel = 6.06 +/- NaN *(10^7) 1/s
alpha = 97 +/- NaN  deg
beta = 63 +/- NaN  deg
Orientational Uncertainty = NaN deg
TAUc = 3.34 +/- NaN ns
anisotropy = 1.36 +/- NaN
Q = 0.243  R = 0.940  chi^2 = 38.880  chi^2/df = 1.080 (Rigid Only)
Inertia Tensor Unique Axis Difference = 8 deg
ELM Predicted Tensor Unique Axis Difference = 7 deg
F-test (0.05): Axially-Symmetric model better than Isotropic? true, P = 1.69e-17, F = 99.66
Akaike Information Criterion (AIC): Value = 46.880,
   =>Axially-Symmetric model better than Isotropic? true

==Axially-Symmetric Diffusion Tensor==
    [  4.471  -0.156  -0.080]     [    NaN     NaN     NaN]
D = [ -0.156   5.713   0.643] +/- [    NaN     NaN     NaN] *(10^7) 1/s
    [ -0.080   0.643   4.780]     [    NaN     NaN     NaN]

==Axially-Symmetric Diffusion Tensor Sorted Eigendecomposition==
    [  -0.992     0.055    -0.110][   4.452     0.000     0.000][  -0.992    -0.123     0.000]
D = [  -0.123    -0.448     0.885][   0.000     4.452     0.000][   0.055    -0.448     0.892] *(10^7) 1/s
    [  -0.000     0.892     0.452][   0.000     0.000     6.060][  -0.110     0.885     0.452]

=====FULLY ANISOTROPIC MODEL=====
Dx = 4.37 +/- NaN *(10^7) 1/s
Dy = 4.53 +/- NaN *(10^7) 1/s
Dz = 6.03 +/- NaN *(10^7) 1/s
alpha = 97 +/- NaN  deg
beta = 65 +/- NaN  deg
gamma = 89 +/- NaN deg
Orientational Uncertainty = NaN deg
TAUc = 3.35 +/- NaN ns
anisotropy = 1.36 +/- NaN
rhombicity = 0.15 +/- NaN
Q = 0.244  R = 0.939  chi^2 = 35.490  chi^2/df = 1.044 (Rigid Only)
Axially-Symmetric Tensor Primary Axis Difference = 2 deg
Inertia Tensor Primary Axis Difference = 6 deg
Inertia Tensor Orientational Difference = 25 deg
ELM Predicted Tensor Primary Axis Difference = 5 deg
ELM Predicted Tensor Orientational Difference = 16 deg
F-test (0.05): Anisotropic model better than Isotropic? true, P = 3.66e-16, F = 62.52
F-test (0.05): Anisotropic model better than Axially-Symmetric? false, P = 2.12e-01, F = 1.62
Akaike Information Criterion (AIC): Value = 47.490,
   =>Anisotropic model better than Isotropic? true
   =>Anisotropic model better than Axially-Symmteric? false

==Anistropic Diffusion Tensor==
    [  4.385  -0.164  -0.071]     [    NaN     NaN     NaN]
D = [ -0.164   5.747   0.562] +/- [    NaN     NaN     NaN] *(10^7) 1/s
    [ -0.071   0.562   4.786]     [    NaN     NaN     NaN]

==Anistropic Diffusion Tensor Sorted Eigendecomposition==
    [  -0.994     0.026    -0.109][   4.366     0.000     0.000][  -0.994    -0.110    -0.021]
D = [  -0.110    -0.415     0.903][   0.000     4.527     0.000][   0.026    -0.415     0.909] *(10^7) 1/s
    [  -0.021     0.909     0.416][   0.000     0.000     6.025][  -0.109     0.903     0.416]

====Full Rotdif Results: Isotropic Solution====
<residue><chain><atom1><atom2><freq><rho_exp><rho_pred><rho_error>
   3 A N     H      600.00   3.296   3.495   0.061
   4 A N     H      600.00   3.433   3.495   0.053
   5 A N     H      600.00   3.461   3.495   0.099
   6 A N     H      600.00   3.358   3.495   0.059
   7 A N     H      600.00   3.291   3.495   0.084
   8 A N     H      600.00   3.410   3.495   0.057
   9 A N     H      600.00   3.381   3.495   0.051
  10 A N     H      600.00   3.433   3.495   0.043
  11 A N     H      600.00   3.577   3.495   0.051
  13 A N     H      600.00   3.505   3.495   0.056
  14 A N     H      600.00   3.252   3.495   0.153
  16 A N     H      600.00   3.334   3.495   0.164
  17 A N     H      600.00   3.400   3.495   0.066
  18 A N     H      600.00   3.390   3.495   0.146
  19 A N     H      600.00   3.341   3.495   0.054
  20 A N     H      600.00   3.233   3.495   0.091
  21 A N     H      600.00   3.447   3.495   0.037
  22 A N     H      600.00   3.738   3.495   0.191
  23 A N     H      600.00   3.641   3.495   0.072
  24 A N     H      600.00   3.896   3.495   0.121
  26 A N     H      600.00   3.535   3.495   0.186
  28 A N     H      600.00   3.955   3.495   0.286
  29 A N     H      600.00   3.882   3.495   0.246
  30 A N     H      600.00   3.770   3.495   0.159
  31 A N     H      600.00   4.209   3.495   0.161
  32 A N     H      600.00   4.009   3.495   0.173
  33 A N     H      600.00   3.706   3.495   0.172
  34 A N     H      600.00   3.800   3.495   0.046
  36 A N     H      600.00   4.051   3.495   0.170
  37 A N     H      600.00   3.649   3.495   0.075
  38 A N     H      600.00   3.638   3.495   0.042
  40 A N     H      600.00   3.866   3.495   0.037
  42 A N     H      600.00   3.465   3.495   0.108
  43 A N     H      600.00   3.516   3.495   0.088
  44 A N     H      600.00   3.353   3.495   0.049
  45 A N     H      600.00   3.302   3.495   0.040
  46 A N     H      600.00   3.191   3.495   0.098
  47 A N     H      600.00   3.344   3.495   0.036
  48 A N     H      600.00   3.589   3.495   0.030
  50 A N     H      600.00   3.354   3.495   0.047


====Full Rotdif Results: Axially-Symmetric Solution====
<residue><chain><atom1><atom2><freq><rho_exp><rho_pred><rho_error>
   3 A N     H      600.00   3.296   3.341   0.061
   4 A N     H      600.00   3.433   3.379   0.053
   5 A N     H      600.00   3.461   3.338   0.099
   6 A N     H      600.00   3.358   3.406   0.059
   7 A N     H      600.00   3.291   3.336   0.084
   8 A N     H      600.00   3.410   3.466   0.057
   9 A N     H      600.00   3.381   3.367   0.051
  10 A N     H      600.00   3.433   3.391   0.043
  11 A N     H      600.00   3.577   3.598   0.051
  13 A N     H      600.00   3.505   3.442   0.056
  14 A N     H      600.00   3.252   3.371   0.153
  16 A N     H      600.00   3.334   3.369   0.164
  17 A N     H      600.00   3.400   3.360   0.066
  18 A N     H      600.00   3.390   3.386   0.146
  19 A N     H      600.00   3.341   3.370   0.054
  20 A N     H      600.00   3.233   3.368   0.091
  21 A N     H      600.00   3.447   3.355   0.037
  22 A N     H      600.00   3.738   3.644   0.191
  23 A N     H      600.00   3.641   3.616   0.072
  24 A N     H      600.00   3.896   3.966   0.121
  26 A N     H      600.00   3.535   3.657   0.186
  28 A N     H      600.00   3.955   4.019   0.286
  29 A N     H      600.00   3.882   3.775   0.246
  30 A N     H      600.00   3.770   3.759   0.159
  31 A N     H      600.00   4.209   3.973   0.161
  32 A N     H      600.00   4.009   4.011   0.173
  33 A N     H      600.00   3.706   3.853   0.172
  34 A N     H      600.00   3.800   3.836   0.046
  36 A N     H      600.00   4.051   3.977   0.170
  37 A N     H      600.00   3.649   3.634   0.075
  38 A N     H      600.00   3.638   3.699   0.042
  40 A N     H      600.00   3.866   3.790   0.037
  42 A N     H      600.00   3.465   3.572   0.108
  43 A N     H      600.00   3.516   3.345   0.088
  44 A N     H      600.00   3.353   3.384   0.049
  45 A N     H      600.00   3.302   3.336   0.040
  46 A N     H      600.00   3.191   3.375   0.098
  47 A N     H      600.00   3.344   3.347   0.036
  48 A N     H      600.00   3.589   3.604   0.030
  50 A N     H      600.00   3.354   3.396   0.047


====Full Rotdif Results: Anisotropic Solution====
<residue><chain><atom1><atom2><freq><rho_exp><rho_pred><rho_error>
   3 A N     H      600.00   3.296   3.345   0.061
   4 A N     H      600.00   3.433   3.361   0.053
   5 A N     H      600.00   3.461   3.321   0.099
   6 A N     H      600.00   3.358   3.391   0.059
   7 A N     H      600.00   3.291   3.344   0.084
   8 A N     H      600.00   3.410   3.471   0.057
   9 A N     H      600.00   3.381   3.367   0.051
  10 A N     H      600.00   3.433   3.425   0.043
  11 A N     H      600.00   3.577   3.606   0.051
  13 A N     H      600.00   3.505   3.425   0.056
  14 A N     H      600.00   3.252   3.355   0.153
  16 A N     H      600.00   3.334   3.348   0.164
  17 A N     H      600.00   3.400   3.347   0.066
  18 A N     H      600.00   3.390   3.394   0.146
  19 A N     H      600.00   3.341   3.376   0.054
  20 A N     H      600.00   3.233   3.414   0.091
  21 A N     H      600.00   3.447   3.396   0.037
  22 A N     H      600.00   3.737   3.660   0.191
  23 A N     H      600.00   3.641   3.617   0.072
  24 A N     H      600.00   3.896   3.971   0.121
  26 A N     H      600.00   3.535   3.669   0.186
  28 A N     H      600.00   3.955   4.030   0.286
  29 A N     H      600.00   3.882   3.809   0.246
  30 A N     H      600.00   3.770   3.763   0.159
  31 A N     H      600.00   4.209   3.969   0.161
  32 A N     H      600.00   4.009   4.033   0.173
  33 A N     H      600.00   3.706   3.873   0.172
  34 A N     H      600.00   3.800   3.833   0.046
  36 A N     H      600.00   4.051   3.998   0.170
  37 A N     H      600.00   3.649   3.628   0.075
  38 A N     H      600.00   3.638   3.702   0.042
  40 A N     H      600.00   3.866   3.787   0.037
  42 A N     H      600.00   3.465   3.585   0.108
  43 A N     H      600.00   3.516   3.371   0.088
  44 A N     H      600.00   3.353   3.370   0.049
  45 A N     H      600.00   3.302   3.316   0.040
  46 A N     H      600.00   3.191   3.354   0.098
  47 A N     H      600.00   3.344   3.336   0.036
  48 A N     H      600.00   3.589   3.597   0.030
  50 A N     H      600.00   3.354   3.376   0.047

Saving anisotropic tensor axes, if computed, to "/opt/genapp/rotdif/output/html5/results/users/fushman/no_project_specified/out_ani.py" and
	axially symmetric tensor, if computed, axes to "/opt/genapp/rotdif/output/html5/results/users/fushman/no_project_specified/out_axial.py"...done.
