Options:
temp = 298.0
robust = false
relax = input.ascii
elm = false
axes = true
axesl = 5.0
pdb = 1nfk.pdb
out = out
help = false
nostat = true
nodynamics = true
nogui = true
model = 1
wr = 1.4
dock = false
sr = 2.2

Extracting experimental data....done.
Parsing pdb file....done.
TEST: Computing results....
 Percent 95.0%
done.
=====ROBUST REGRESSION: Off=====

=====ORIENTATION SAMPLING=====
Number of rigid bonds = 73
Sampling Param Xi = 0.045 Vectors are uniformly distributed.
Sampling Tensor Components = [0.166, 0.030, -0.197].

=====ISOTROPIC MODEL=====
Diso = 1.31 +/- NaN *(10^7) 1/s
TAUc = 12.69 +/- NaN ns
Q = 1.115  chi^2 = 2899.321  chi^2/df = 40.268 (Rigid Only)
Akaike Information Criterion (AIC): Value = 2901.321

=====AXIALLY-SYMMETRIC MODEL (OBLATE)=====
D_perp = 1.52 +/- NaN *(10^7) 1/s
D_parallel = 0.87 +/- NaN *(10^7) 1/s
alpha = 83 +/- NaN  deg
beta = 169 +/- NaN  deg
Orientational Uncertainty = NaN deg
TAUc = 12.76 +/- NaN ns
anisotropy = 0.57 +/- NaN
Q = 0.905  R = 0.234  chi^2 = 1770.190  chi^2/df = 25.655 (Rigid Only)
Inertia Tensor Unique Axis Difference = 74 deg
ELM Predicted Tensor Unique Axis Difference = 74 deg
F-test (0.05): Axially-Symmetric model better than Isotropic? true, P = 1.73e-07, F = 14.67
Akaike Information Criterion (AIC): Value = 1778.190,
   =>Axially-Symmetric model better than Isotropic? true

==Axially-Symmetric Diffusion Tensor==
    [  1.514  -0.072  -0.014]     [    NaN     NaN     NaN]
D = [ -0.072   0.905  -0.120] +/- [    NaN     NaN     NaN] *(10^7) 1/s
    [ -0.014  -0.120   1.499]     [    NaN     NaN     NaN]

==Axially-Symmetric Diffusion Tensor Sorted Eigendecomposition==
    [  -0.114    -0.993     0.022][   0.873     0.000     0.000][  -0.114    -0.975    -0.189]
D = [  -0.975     0.116     0.188][   0.000     1.522     0.000][  -0.993     0.116    -0.000] *(10^7) 1/s
    [  -0.189     0.000    -0.982][   0.000     0.000     1.522][   0.022     0.188    -0.982]

=====FULLY ANISOTROPIC MODEL=====
Dx = 0.84 +/- NaN *(10^7) 1/s
Dy = 1.35 +/- NaN *(10^7) 1/s
Dz = 1.73 +/- NaN *(10^7) 1/s
alpha = 51 +/- NaN  deg
beta = 168 +/- NaN  deg
gamma = 144 +/- NaN deg
Orientational Uncertainty = NaN deg
TAUc = 12.78 +/- NaN ns
anisotropy = 0.54 +/- NaN
rhombicity = 0.82 +/- NaN
Q = 0.898  R = 0.182  chi^2 = 1599.380  chi^2/df = 23.871 (Rigid Only)
Axially-Symmetric Tensor Primary Axis Difference = 4 deg
Inertia Tensor Primary Axis Difference = 77 deg
Inertia Tensor Orientational Difference = 83 deg
ELM Predicted Tensor Primary Axis Difference = 77 deg
ELM Predicted Tensor Orientational Difference = 82 deg
F-test (0.05): Anisotropic model better than Isotropic? true, P = 1.08e-07, F = 10.89
F-test (0.05): Anisotropic model better than Axially-Symmetric? true, P = 3.34e-02, F = 3.58
Akaike Information Criterion (AIC): Value = 1611.380,
   =>Anisotropic model better than Isotropic? true
   =>Anisotropic model better than Axially-Symmteric? true

==Anistropic Diffusion Tensor==
    [  1.351  -0.014  -0.052]     [    NaN     NaN     NaN]
D = [ -0.014   0.863  -0.144] +/- [    NaN     NaN     NaN] *(10^7) 1/s
    [ -0.052  -0.144   1.700]     [    NaN     NaN     NaN]

==Anistropic Diffusion Tensor Sorted Eigendecomposition==
    [   0.043     0.991     0.128][   0.838     0.000     0.000][   0.043     0.985     0.167]
D = [   0.985    -0.063     0.160][   0.000     1.345     0.000][   0.991    -0.063     0.120] *(10^7) 1/s
    [   0.167     0.120    -0.979][   0.000     0.000     1.730][   0.128     0.160    -0.979]

====Full Rotdif Results: Isotropic Solution====
<residue><chain><atom1><atom2><freq><rho_exp><rho_pred><rho_error>
 248 A N     H      800.00  47.421  57.040   1.347
 249 A N     H      800.00  62.099  57.040   3.381
 250 A N     H      800.00  89.260  57.040   9.839
 252 A N     H      800.00  65.320  57.040   3.182
 254 A N     H      800.00  83.060  57.040   2.714
 256 A N     H      800.00  75.847  57.040   3.880
 257 A N     H      800.00  97.965  57.040   4.539
 258 A N     H      800.00  76.879  57.040   4.108
 260 A N     H      800.00  56.320  57.040   5.695
 261 A N     H      800.00  81.573  57.040   4.219
 262 A N     H      800.00  63.536  57.040   3.714
 263 A N     H      800.00  75.555  57.040   6.226
 264 A N     H      800.00  93.126  57.040   7.311
 265 A N     H      800.00  70.847  57.040   4.199
 266 A N     H      800.00  69.425  57.040   5.142
 268 A N     H      800.00  68.388  57.040   4.643
 269 A N     H      800.00  74.622  57.040   5.729
 270 A N     H      800.00  62.646  57.040   3.247
 271 A N     H      800.00  89.963  57.040   8.096
 272 A N     H      800.00  69.675  57.040   7.112
 276 A N     H      800.00  52.625  57.040   2.098
 278 A N     H      800.00  61.720  57.040   2.110
 279 A N     H      800.00  61.339  57.040   4.178
 280 A N     H      800.00  68.744  57.040   4.889
 282 A N     H      800.00  70.355  57.040   6.330
 283 A N     H      800.00  83.518  57.040   5.573
 284 A N     H      800.00  84.002  57.040   7.883
 285 A N     H      800.00  80.719  57.040   3.317
 288 A N     H      800.00  49.101  57.040   1.544
 289 A N     H      800.00  44.220  57.040   1.118
 290 A N     H      800.00  33.113  57.040   0.721
 291 A N     H      800.00  61.949  57.040   1.345
 292 A N     H      800.00  59.190  57.040   3.531
 293 A N     H      800.00  81.936  57.040   3.214
 294 A N     H      800.00  60.032  57.040   4.096
 295 A N     H      800.00  77.581  57.040   4.367
 296 A N     H      800.00  71.342  57.040   8.389
 297 A N     H      800.00  78.092  57.040   5.719
 299 A N     H      800.00  93.245  57.040   6.642
 301 A N     H      800.00  62.747  57.040   2.688
 302 A N     H      800.00  76.112  57.040   3.344
 303 A N     H      800.00  76.288  57.040   3.493
 306 A N     H      800.00  65.389  57.040   6.039
 308 A N     H      800.00  77.893  57.040   2.668
 309 A N     H      800.00  72.358  57.040   4.849
 310 A N     H      800.00  65.292  57.040   5.173
 311 A N     H      800.00  66.784  57.040   2.031
 312 A N     H      800.00  72.877  57.040   5.820
 313 A N     H      800.00  82.381  57.040   6.778
 315 A N     H      800.00  68.689  57.040   2.518
 316 A N     H      800.00  83.749  57.040   6.982
 319 A N     H      800.00  86.559  57.040   4.760
 320 A N     H      800.00  88.995  57.040   3.968
 321 A N     H      800.00 103.596  57.040   9.933
 322 A N     H      800.00  75.294  57.040   5.205
 323 A N     H      800.00  81.083  57.040   3.237
 325 A N     H      800.00  89.988  57.040   6.904
 326 A N     H      800.00 109.576  57.040   4.535
 327 A N     H      800.00 115.099  57.040   8.710
 328 A N     H      800.00  82.009  57.040   5.998
 329 A N     H      800.00  65.549  57.040   4.025
 333 A N     H      800.00  71.355  57.040   6.514
 334 A N     H      800.00  91.485  57.040   7.505
 335 A N     H      800.00  80.883  57.040   6.559
 336 A N     H      800.00  50.625  57.040   1.687
 338 A N     H      800.00  81.950  57.040   2.768
 339 A N     H      800.00  65.210  57.040   2.650
 340 A N     H      800.00  77.013  57.040   6.294
 343 A N     H      800.00  85.404  57.040   3.207
 345 A N     H      800.00  92.947  57.040   5.992
 346 A N     H      800.00  98.215  57.040   7.024
 348 A N     H      800.00  89.131  57.040   6.850
 350 A N     H      800.00  79.602  57.040   6.181


====Full Rotdif Results: Axially-Symmetric Solution====
<residue><chain><atom1><atom2><freq><rho_exp><rho_pred><rho_error>
 248 A N     H      800.00  47.421  68.225   1.347
 249 A N     H      800.00  62.099  67.480   3.381
 250 A N     H      800.00  89.260  64.225   9.839
 252 A N     H      800.00  65.320  69.331   3.182
 254 A N     H      800.00  83.060  62.685   2.714
 256 A N     H      800.00  75.847  69.422   3.880
 257 A N     H      800.00  97.965  65.255   4.539
 258 A N     H      800.00  76.879  62.769   4.108
 260 A N     H      800.00  56.320  59.341   5.695
 261 A N     H      800.00  81.573  63.975   4.219
 262 A N     H      800.00  63.536  64.384   3.714
 263 A N     H      800.00  75.555  61.652   6.226
 264 A N     H      800.00  93.126  67.810   7.311
 265 A N     H      800.00  70.847  63.170   4.199
 266 A N     H      800.00  69.425  68.594   5.142
 268 A N     H      800.00  68.388  69.274   4.643
 269 A N     H      800.00  74.622  61.369   5.729
 270 A N     H      800.00  62.646  66.802   3.247
 271 A N     H      800.00  89.963  55.496   8.096
 272 A N     H      800.00  69.675  51.901   7.112
 276 A N     H      800.00  52.625  43.718   2.098
 278 A N     H      800.00  61.720  66.842   2.110
 279 A N     H      800.00  61.339  65.476   4.178
 280 A N     H      800.00  68.744  65.923   4.889
 282 A N     H      800.00  70.355  67.359   6.330
 283 A N     H      800.00  83.518  65.415   5.573
 284 A N     H      800.00  84.002  69.378   7.883
 285 A N     H      800.00  80.719  63.255   3.317
 288 A N     H      800.00  49.101  66.488   1.544
 289 A N     H      800.00  44.220  43.734   1.118
 290 A N     H      800.00  33.113  43.347   0.721
 291 A N     H      800.00  61.949  56.151   1.345
 292 A N     H      800.00  59.190  69.828   3.531
 293 A N     H      800.00  81.936  50.650   3.214
 294 A N     H      800.00  60.032  55.352   4.096
 295 A N     H      800.00  77.581  53.093   4.367
 296 A N     H      800.00  71.342  59.626   8.389
 297 A N     H      800.00  78.092  60.308   5.719
 299 A N     H      800.00  93.245  68.911   6.642
 301 A N     H      800.00  62.747  53.759   2.688
 302 A N     H      800.00  76.112  63.417   3.344
 303 A N     H      800.00  76.288  69.888   3.493
 306 A N     H      800.00  65.389  59.912   6.039
 308 A N     H      800.00  77.893  67.264   2.668
 309 A N     H      800.00  72.358  66.536   4.849
 310 A N     H      800.00  65.292  60.469   5.173
 311 A N     H      800.00  66.784  69.702   2.031
 312 A N     H      800.00  72.877  68.325   5.820
 313 A N     H      800.00  82.381  69.863   6.778
 315 A N     H      800.00  68.689  68.618   2.518
 316 A N     H      800.00  83.749  68.307   6.982
 319 A N     H      800.00  86.559  68.583   4.760
 320 A N     H      800.00  88.995  56.557   3.968
 321 A N     H      800.00 103.596  65.493   9.933
 322 A N     H      800.00  75.294  68.979   5.205
 323 A N     H      800.00  81.083  54.255   3.237
 325 A N     H      800.00  89.988  68.394   6.904
 326 A N     H      800.00 109.576  57.717   4.535
 327 A N     H      800.00 115.099  63.706   8.710
 328 A N     H      800.00  82.009  65.502   5.998
 329 A N     H      800.00  65.549  63.700   4.025
 333 A N     H      800.00  71.355  69.053   6.514
 334 A N     H      800.00  91.485  67.192   7.505
 335 A N     H      800.00  80.883  64.409   6.559
 336 A N     H      800.00  50.625  69.725   1.687
 338 A N     H      800.00  81.950  57.133   2.768
 339 A N     H      800.00  65.210  66.488   2.650
 340 A N     H      800.00  77.013  55.654   6.294
 343 A N     H      800.00  85.404  64.613   3.207
 345 A N     H      800.00  92.947  66.516   5.992
 346 A N     H      800.00  98.215  64.633   7.024
 348 A N     H      800.00  89.131  63.274   6.850
 350 A N     H      800.00  79.602  60.886   6.181


====Full Rotdif Results: Anisotropic Solution====
<residue><chain><atom1><atom2><freq><rho_exp><rho_pred><rho_error>
 248 A N     H      800.00  47.421  62.479   1.347
 249 A N     H      800.00  62.099  78.482   3.381
 250 A N     H      800.00  89.260  71.718   9.839
 252 A N     H      800.00  65.320  71.309   3.182
 254 A N     H      800.00  83.060  65.587   2.714
 256 A N     H      800.00  75.847  62.996   3.880
 257 A N     H      800.00  97.965  71.879   4.539
 258 A N     H      800.00  76.879  65.525   4.108
 260 A N     H      800.00  56.320  58.154   5.695
 261 A N     H      800.00  81.573  62.671   4.219
 262 A N     H      800.00  63.536  63.800   3.714
 263 A N     H      800.00  75.555  69.066   6.226
 264 A N     H      800.00  93.126  73.343   7.311
 265 A N     H      800.00  70.847  60.673   4.199
 266 A N     H      800.00  69.425  63.618   5.142
 268 A N     H      800.00  68.388  73.863   4.643
 269 A N     H      800.00  74.622  64.656   5.729
 270 A N     H      800.00  62.646  77.493   3.247
 271 A N     H      800.00  89.963  55.953   8.096
 272 A N     H      800.00  69.675  53.428   7.112
 276 A N     H      800.00  52.625  43.177   2.098
 278 A N     H      800.00  61.720  73.019   2.110
 279 A N     H      800.00  61.339  75.906   4.178
 280 A N     H      800.00  68.744  76.732   4.889
 282 A N     H      800.00  70.355  76.337   6.330
 283 A N     H      800.00  83.518  64.063   5.573
 284 A N     H      800.00  84.002  65.992   7.883
 285 A N     H      800.00  80.719  59.455   3.317
 288 A N     H      800.00  49.101  62.644   1.544
 289 A N     H      800.00  44.220  43.445   1.118
 290 A N     H      800.00  33.113  43.208   0.721
 291 A N     H      800.00  61.949  53.671   1.345
 292 A N     H      800.00  59.190  75.447   3.531
 293 A N     H      800.00  81.936  53.454   3.214
 294 A N     H      800.00  60.032  59.012   4.096
 295 A N     H      800.00  77.581  57.036   4.367
 296 A N     H      800.00  71.342  65.614   8.389
 297 A N     H      800.00  78.092  54.794   5.719
 299 A N     H      800.00  93.245  62.052   6.642
 301 A N     H      800.00  62.747  55.716   2.688
 302 A N     H      800.00  76.112  59.205   3.344
 303 A N     H      800.00  76.288  68.071   3.493
 306 A N     H      800.00  65.389  66.258   6.039
 308 A N     H      800.00  77.893  68.088   2.668
 309 A N     H      800.00  72.358  70.470   4.849
 310 A N     H      800.00  65.292  63.293   5.173
 311 A N     H      800.00  66.784  73.439   2.031
 312 A N     H      800.00  72.877  61.909   5.820
 313 A N     H      800.00  82.381  61.990   6.778
 315 A N     H      800.00  68.689  68.693   2.518
 316 A N     H      800.00  83.749  61.840   6.982
 319 A N     H      800.00  86.559  77.174   4.760
 320 A N     H      800.00  88.995  54.353   3.968
 321 A N     H      800.00 103.596  68.916   9.933
 322 A N     H      800.00  75.294  62.955   5.205
 323 A N     H      800.00  81.083  50.731   3.237
 325 A N     H      800.00  89.988  80.160   6.904
 326 A N     H      800.00 109.576  62.739   4.535
 327 A N     H      800.00 115.099  59.780   8.710
 328 A N     H      800.00  82.009  62.584   5.998
 329 A N     H      800.00  65.549  68.708   4.025
 333 A N     H      800.00  71.355  80.862   6.514
 334 A N     H      800.00  91.485  67.205   7.505
 335 A N     H      800.00  80.883  60.443   6.559
 336 A N     H      800.00  50.625  62.348   1.687
 338 A N     H      800.00  81.950  60.787   2.768
 339 A N     H      800.00  65.210  74.921   2.650
 340 A N     H      800.00  77.013  60.713   6.294
 343 A N     H      800.00  85.404  67.904   3.207
 345 A N     H      800.00  92.947  61.986   5.992
 346 A N     H      800.00  98.215  70.359   7.024
 348 A N     H      800.00  89.131  71.584   6.850
 350 A N     H      800.00  79.602  57.387   6.181

=====ROBUST REGRESSION: Off=====

=====ORIENTATION SAMPLING=====
Number of rigid bonds = 73
Sampling Param Xi = 0.045 Vectors are uniformly distributed.
Sampling Tensor Components = [0.166, 0.030, -0.197].

=====ISOTROPIC MODEL=====
Diso = 1.31 +/- NaN *(10^7) 1/s
TAUc = 12.69 +/- NaN ns
Q = 1.115  chi^2 = 2899.321  chi^2/df = 40.268 (Rigid Only)
Akaike Information Criterion (AIC): Value = 2901.321

=====AXIALLY-SYMMETRIC MODEL (OBLATE)=====
D_perp = 1.52 +/- NaN *(10^7) 1/s
D_parallel = 0.87 +/- NaN *(10^7) 1/s
alpha = 83 +/- NaN  deg
beta = 169 +/- NaN  deg
Orientational Uncertainty = NaN deg
TAUc = 12.76 +/- NaN ns
anisotropy = 0.57 +/- NaN
Q = 0.905  R = 0.234  chi^2 = 1770.190  chi^2/df = 25.655 (Rigid Only)
Inertia Tensor Unique Axis Difference = 74 deg
ELM Predicted Tensor Unique Axis Difference = 74 deg
F-test (0.05): Axially-Symmetric model better than Isotropic? true, P = 1.73e-07, F = 14.67
Akaike Information Criterion (AIC): Value = 1778.190,
   =>Axially-Symmetric model better than Isotropic? true

==Axially-Symmetric Diffusion Tensor==
    [  1.514  -0.072  -0.014]     [    NaN     NaN     NaN]
D = [ -0.072   0.905  -0.120] +/- [    NaN     NaN     NaN] *(10^7) 1/s
    [ -0.014  -0.120   1.499]     [    NaN     NaN     NaN]

==Axially-Symmetric Diffusion Tensor Sorted Eigendecomposition==
    [  -0.114    -0.993     0.022][   0.873     0.000     0.000][  -0.114    -0.975    -0.189]
D = [  -0.975     0.116     0.188][   0.000     1.522     0.000][  -0.993     0.116    -0.000] *(10^7) 1/s
    [  -0.189     0.000    -0.982][   0.000     0.000     1.522][   0.022     0.188    -0.982]

=====FULLY ANISOTROPIC MODEL=====
Dx = 0.84 +/- NaN *(10^7) 1/s
Dy = 1.35 +/- NaN *(10^7) 1/s
Dz = 1.73 +/- NaN *(10^7) 1/s
alpha = 51 +/- NaN  deg
beta = 168 +/- NaN  deg
gamma = 144 +/- NaN deg
Orientational Uncertainty = NaN deg
TAUc = 12.78 +/- NaN ns
anisotropy = 0.54 +/- NaN
rhombicity = 0.82 +/- NaN
Q = 0.898  R = 0.182  chi^2 = 1599.380  chi^2/df = 23.871 (Rigid Only)
Axially-Symmetric Tensor Primary Axis Difference = 4 deg
Inertia Tensor Primary Axis Difference = 77 deg
Inertia Tensor Orientational Difference = 83 deg
ELM Predicted Tensor Primary Axis Difference = 77 deg
ELM Predicted Tensor Orientational Difference = 82 deg
F-test (0.05): Anisotropic model better than Isotropic? true, P = 1.08e-07, F = 10.89
F-test (0.05): Anisotropic model better than Axially-Symmetric? true, P = 3.34e-02, F = 3.58
Akaike Information Criterion (AIC): Value = 1611.380,
   =>Anisotropic model better than Isotropic? true
   =>Anisotropic model better than Axially-Symmteric? true

==Anistropic Diffusion Tensor==
    [  1.351  -0.014  -0.052]     [    NaN     NaN     NaN]
D = [ -0.014   0.863  -0.144] +/- [    NaN     NaN     NaN] *(10^7) 1/s
    [ -0.052  -0.144   1.700]     [    NaN     NaN     NaN]

==Anistropic Diffusion Tensor Sorted Eigendecomposition==
    [   0.043     0.991     0.128][   0.838     0.000     0.000][   0.043     0.985     0.167]
D = [   0.985    -0.063     0.160][   0.000     1.345     0.000][   0.991    -0.063     0.120] *(10^7) 1/s
    [   0.167     0.120    -0.979][   0.000     0.000     1.730][   0.128     0.160    -0.979]

====Full Rotdif Results: Isotropic Solution====
<residue><chain><atom1><atom2><freq><rho_exp><rho_pred><rho_error>
 248 A N     H      800.00  47.421  57.040   1.347
 249 A N     H      800.00  62.099  57.040   3.381
 250 A N     H      800.00  89.260  57.040   9.839
 252 A N     H      800.00  65.320  57.040   3.182
 254 A N     H      800.00  83.060  57.040   2.714
 256 A N     H      800.00  75.847  57.040   3.880
 257 A N     H      800.00  97.965  57.040   4.539
 258 A N     H      800.00  76.879  57.040   4.108
 260 A N     H      800.00  56.320  57.040   5.695
 261 A N     H      800.00  81.573  57.040   4.219
 262 A N     H      800.00  63.536  57.040   3.714
 263 A N     H      800.00  75.555  57.040   6.226
 264 A N     H      800.00  93.126  57.040   7.311
 265 A N     H      800.00  70.847  57.040   4.199
 266 A N     H      800.00  69.425  57.040   5.142
 268 A N     H      800.00  68.388  57.040   4.643
 269 A N     H      800.00  74.622  57.040   5.729
 270 A N     H      800.00  62.646  57.040   3.247
 271 A N     H      800.00  89.963  57.040   8.096
 272 A N     H      800.00  69.675  57.040   7.112
 276 A N     H      800.00  52.625  57.040   2.098
 278 A N     H      800.00  61.720  57.040   2.110
 279 A N     H      800.00  61.339  57.040   4.178
 280 A N     H      800.00  68.744  57.040   4.889
 282 A N     H      800.00  70.355  57.040   6.330
 283 A N     H      800.00  83.518  57.040   5.573
 284 A N     H      800.00  84.002  57.040   7.883
 285 A N     H      800.00  80.719  57.040   3.317
 288 A N     H      800.00  49.101  57.040   1.544
 289 A N     H      800.00  44.220  57.040   1.118
 290 A N     H      800.00  33.113  57.040   0.721
 291 A N     H      800.00  61.949  57.040   1.345
 292 A N     H      800.00  59.190  57.040   3.531
 293 A N     H      800.00  81.936  57.040   3.214
 294 A N     H      800.00  60.032  57.040   4.096
 295 A N     H      800.00  77.581  57.040   4.367
 296 A N     H      800.00  71.342  57.040   8.389
 297 A N     H      800.00  78.092  57.040   5.719
 299 A N     H      800.00  93.245  57.040   6.642
 301 A N     H      800.00  62.747  57.040   2.688
 302 A N     H      800.00  76.112  57.040   3.344
 303 A N     H      800.00  76.288  57.040   3.493
 306 A N     H      800.00  65.389  57.040   6.039
 308 A N     H      800.00  77.893  57.040   2.668
 309 A N     H      800.00  72.358  57.040   4.849
 310 A N     H      800.00  65.292  57.040   5.173
 311 A N     H      800.00  66.784  57.040   2.031
 312 A N     H      800.00  72.877  57.040   5.820
 313 A N     H      800.00  82.381  57.040   6.778
 315 A N     H      800.00  68.689  57.040   2.518
 316 A N     H      800.00  83.749  57.040   6.982
 319 A N     H      800.00  86.559  57.040   4.760
 320 A N     H      800.00  88.995  57.040   3.968
 321 A N     H      800.00 103.596  57.040   9.933
 322 A N     H      800.00  75.294  57.040   5.205
 323 A N     H      800.00  81.083  57.040   3.237
 325 A N     H      800.00  89.988  57.040   6.904
 326 A N     H      800.00 109.576  57.040   4.535
 327 A N     H      800.00 115.099  57.040   8.710
 328 A N     H      800.00  82.009  57.040   5.998
 329 A N     H      800.00  65.549  57.040   4.025
 333 A N     H      800.00  71.355  57.040   6.514
 334 A N     H      800.00  91.485  57.040   7.505
 335 A N     H      800.00  80.883  57.040   6.559
 336 A N     H      800.00  50.625  57.040   1.687
 338 A N     H      800.00  81.950  57.040   2.768
 339 A N     H      800.00  65.210  57.040   2.650
 340 A N     H      800.00  77.013  57.040   6.294
 343 A N     H      800.00  85.404  57.040   3.207
 345 A N     H      800.00  92.947  57.040   5.992
 346 A N     H      800.00  98.215  57.040   7.024
 348 A N     H      800.00  89.131  57.040   6.850
 350 A N     H      800.00  79.602  57.040   6.181


====Full Rotdif Results: Axially-Symmetric Solution====
<residue><chain><atom1><atom2><freq><rho_exp><rho_pred><rho_error>
 248 A N     H      800.00  47.421  68.225   1.347
 249 A N     H      800.00  62.099  67.480   3.381
 250 A N     H      800.00  89.260  64.225   9.839
 252 A N     H      800.00  65.320  69.331   3.182
 254 A N     H      800.00  83.060  62.685   2.714
 256 A N     H      800.00  75.847  69.422   3.880
 257 A N     H      800.00  97.965  65.255   4.539
 258 A N     H      800.00  76.879  62.769   4.108
 260 A N     H      800.00  56.320  59.341   5.695
 261 A N     H      800.00  81.573  63.975   4.219
 262 A N     H      800.00  63.536  64.384   3.714
 263 A N     H      800.00  75.555  61.652   6.226
 264 A N     H      800.00  93.126  67.810   7.311
 265 A N     H      800.00  70.847  63.170   4.199
 266 A N     H      800.00  69.425  68.594   5.142
 268 A N     H      800.00  68.388  69.274   4.643
 269 A N     H      800.00  74.622  61.369   5.729
 270 A N     H      800.00  62.646  66.802   3.247
 271 A N     H      800.00  89.963  55.496   8.096
 272 A N     H      800.00  69.675  51.901   7.112
 276 A N     H      800.00  52.625  43.718   2.098
 278 A N     H      800.00  61.720  66.842   2.110
 279 A N     H      800.00  61.339  65.476   4.178
 280 A N     H      800.00  68.744  65.923   4.889
 282 A N     H      800.00  70.355  67.359   6.330
 283 A N     H      800.00  83.518  65.415   5.573
 284 A N     H      800.00  84.002  69.378   7.883
 285 A N     H      800.00  80.719  63.255   3.317
 288 A N     H      800.00  49.101  66.488   1.544
 289 A N     H      800.00  44.220  43.734   1.118
 290 A N     H      800.00  33.113  43.347   0.721
 291 A N     H      800.00  61.949  56.151   1.345
 292 A N     H      800.00  59.190  69.828   3.531
 293 A N     H      800.00  81.936  50.650   3.214
 294 A N     H      800.00  60.032  55.352   4.096
 295 A N     H      800.00  77.581  53.093   4.367
 296 A N     H      800.00  71.342  59.626   8.389
 297 A N     H      800.00  78.092  60.308   5.719
 299 A N     H      800.00  93.245  68.911   6.642
 301 A N     H      800.00  62.747  53.759   2.688
 302 A N     H      800.00  76.112  63.417   3.344
 303 A N     H      800.00  76.288  69.888   3.493
 306 A N     H      800.00  65.389  59.912   6.039
 308 A N     H      800.00  77.893  67.264   2.668
 309 A N     H      800.00  72.358  66.536   4.849
 310 A N     H      800.00  65.292  60.469   5.173
 311 A N     H      800.00  66.784  69.702   2.031
 312 A N     H      800.00  72.877  68.325   5.820
 313 A N     H      800.00  82.381  69.863   6.778
 315 A N     H      800.00  68.689  68.618   2.518
 316 A N     H      800.00  83.749  68.307   6.982
 319 A N     H      800.00  86.559  68.583   4.760
 320 A N     H      800.00  88.995  56.557   3.968
 321 A N     H      800.00 103.596  65.493   9.933
 322 A N     H      800.00  75.294  68.979   5.205
 323 A N     H      800.00  81.083  54.255   3.237
 325 A N     H      800.00  89.988  68.394   6.904
 326 A N     H      800.00 109.576  57.717   4.535
 327 A N     H      800.00 115.099  63.706   8.710
 328 A N     H      800.00  82.009  65.502   5.998
 329 A N     H      800.00  65.549  63.700   4.025
 333 A N     H      800.00  71.355  69.053   6.514
 334 A N     H      800.00  91.485  67.192   7.505
 335 A N     H      800.00  80.883  64.409   6.559
 336 A N     H      800.00  50.625  69.725   1.687
 338 A N     H      800.00  81.950  57.133   2.768
 339 A N     H      800.00  65.210  66.488   2.650
 340 A N     H      800.00  77.013  55.654   6.294
 343 A N     H      800.00  85.404  64.613   3.207
 345 A N     H      800.00  92.947  66.516   5.992
 346 A N     H      800.00  98.215  64.633   7.024
 348 A N     H      800.00  89.131  63.274   6.850
 350 A N     H      800.00  79.602  60.886   6.181


====Full Rotdif Results: Anisotropic Solution====
<residue><chain><atom1><atom2><freq><rho_exp><rho_pred><rho_error>
 248 A N     H      800.00  47.421  62.479   1.347
 249 A N     H      800.00  62.099  78.482   3.381
 250 A N     H      800.00  89.260  71.718   9.839
 252 A N     H      800.00  65.320  71.309   3.182
 254 A N     H      800.00  83.060  65.587   2.714
 256 A N     H      800.00  75.847  62.996   3.880
 257 A N     H      800.00  97.965  71.879   4.539
 258 A N     H      800.00  76.879  65.525   4.108
 260 A N     H      800.00  56.320  58.154   5.695
 261 A N     H      800.00  81.573  62.671   4.219
 262 A N     H      800.00  63.536  63.800   3.714
 263 A N     H      800.00  75.555  69.066   6.226
 264 A N     H      800.00  93.126  73.343   7.311
 265 A N     H      800.00  70.847  60.673   4.199
 266 A N     H      800.00  69.425  63.618   5.142
 268 A N     H      800.00  68.388  73.863   4.643
 269 A N     H      800.00  74.622  64.656   5.729
 270 A N     H      800.00  62.646  77.493   3.247
 271 A N     H      800.00  89.963  55.953   8.096
 272 A N     H      800.00  69.675  53.428   7.112
 276 A N     H      800.00  52.625  43.177   2.098
 278 A N     H      800.00  61.720  73.019   2.110
 279 A N     H      800.00  61.339  75.906   4.178
 280 A N     H      800.00  68.744  76.732   4.889
 282 A N     H      800.00  70.355  76.337   6.330
 283 A N     H      800.00  83.518  64.063   5.573
 284 A N     H      800.00  84.002  65.992   7.883
 285 A N     H      800.00  80.719  59.455   3.317
 288 A N     H      800.00  49.101  62.644   1.544
 289 A N     H      800.00  44.220  43.445   1.118
 290 A N     H      800.00  33.113  43.208   0.721
 291 A N     H      800.00  61.949  53.671   1.345
 292 A N     H      800.00  59.190  75.447   3.531
 293 A N     H      800.00  81.936  53.454   3.214
 294 A N     H      800.00  60.032  59.012   4.096
 295 A N     H      800.00  77.581  57.036   4.367
 296 A N     H      800.00  71.342  65.614   8.389
 297 A N     H      800.00  78.092  54.794   5.719
 299 A N     H      800.00  93.245  62.052   6.642
 301 A N     H      800.00  62.747  55.716   2.688
 302 A N     H      800.00  76.112  59.205   3.344
 303 A N     H      800.00  76.288  68.071   3.493
 306 A N     H      800.00  65.389  66.258   6.039
 308 A N     H      800.00  77.893  68.088   2.668
 309 A N     H      800.00  72.358  70.470   4.849
 310 A N     H      800.00  65.292  63.293   5.173
 311 A N     H      800.00  66.784  73.439   2.031
 312 A N     H      800.00  72.877  61.909   5.820
 313 A N     H      800.00  82.381  61.990   6.778
 315 A N     H      800.00  68.689  68.693   2.518
 316 A N     H      800.00  83.749  61.840   6.982
 319 A N     H      800.00  86.559  77.174   4.760
 320 A N     H      800.00  88.995  54.353   3.968
 321 A N     H      800.00 103.596  68.916   9.933
 322 A N     H      800.00  75.294  62.955   5.205
 323 A N     H      800.00  81.083  50.731   3.237
 325 A N     H      800.00  89.988  80.160   6.904
 326 A N     H      800.00 109.576  62.739   4.535
 327 A N     H      800.00 115.099  59.780   8.710
 328 A N     H      800.00  82.009  62.584   5.998
 329 A N     H      800.00  65.549  68.708   4.025
 333 A N     H      800.00  71.355  80.862   6.514
 334 A N     H      800.00  91.485  67.205   7.505
 335 A N     H      800.00  80.883  60.443   6.559
 336 A N     H      800.00  50.625  62.348   1.687
 338 A N     H      800.00  81.950  60.787   2.768
 339 A N     H      800.00  65.210  74.921   2.650
 340 A N     H      800.00  77.013  60.713   6.294
 343 A N     H      800.00  85.404  67.904   3.207
 345 A N     H      800.00  92.947  61.986   5.992
 346 A N     H      800.00  98.215  70.359   7.024
 348 A N     H      800.00  89.131  71.584   6.850
 350 A N     H      800.00  79.602  57.387   6.181

Saving anisotropic tensor axes, if computed, to "/opt/genapp/rotdif/output/html5/results/users/manish123/no_project_specified/ROTDIF_p50ddhetero/out_ani.py" and
	axially symmetric tensor, if computed, axes to "/opt/genapp/rotdif/output/html5/results/users/manish123/no_project_specified/ROTDIF_p50ddhetero/out_axial.py"...done.
