Options:
temp = 298.0
robust = false
relax = input_new_800.txt
elm = false
axes = true
axesl = 5.0
pdb = 1nfk.pdb
out = out
help = false
nostat = false
nodynamics = true
nogui = true
model = 1
wr = 1.4
dock = false
sr = 2.2

Extracting experimental data....done.
Parsing pdb file....done.
TEST: Computing results....
 Percent 10.3%

 Percent 20.5%

 Percent 30.7%

 Percent 40.8%

 Percent 51.0%

 Percent 61.2%

 Percent 71.4%

 Percent 81.6%

 Percent 91.7%
done.
=====ROBUST REGRESSION: Off=====

=====ORIENTATION SAMPLING=====
Number of rigid bonds = 73
Sampling Param Xi = 0.053 Vectors are uniformly distributed.
Sampling Tensor Components = [0.181, 0.032, -0.212].

=====ISOTROPIC MODEL=====
Diso = 1.31 +/- 0.01 *(10^7) 1/s
TAUc = 12.69 +/- 0.06 ns
Q = 1.115  chi^2 = 2899.321  chi^2/df = 40.268 (Rigid Only)
Akaike Information Criterion (AIC): Value = 2901.321

=====AXIALLY-SYMMETRIC MODEL (OBLATE)=====
D_perp = 1.67 +/- 0.02 *(10^7) 1/s
D_parallel = 0.65 +/- 0.02 *(10^7) 1/s
alpha = 167 +/- 1  deg
beta = 14 +/- 1  deg
Orientational Uncertainty = 1 deg
TAUc = 12.54 +/- 0.07 ns
anisotropy = 0.39 +/- 0.02
Q = 1.088  R = 0.021  chi^2 = 1959.207  chi^2/df = 28.394 (Rigid Only)
Inertia Tensor Unique Axis Difference = 49 deg
ELM Predicted Tensor Unique Axis Difference = 49 deg
F-test (0.05): Axially-Symmetric model better than Isotropic? true, P = 5.26e-06, F = 11.04
Akaike Information Criterion (AIC): Value = 1967.207,
   =>Axially-Symmetric model better than Isotropic? true

==Axially-Symmetric Diffusion Tensor==
    [  0.760   0.218  -0.235]     [  0.022   0.018   0.016]
D = [  0.218   1.619   0.056] +/- [  0.018   0.017   0.006] *(10^7) 1/s
    [ -0.235   0.056   1.610]     [  0.016   0.006   0.021]

==Axially-Symmetric Diffusion Tensor Sorted Eigendecomposition==
    [  -0.943    -0.233    -0.237][   0.647     0.000     0.000][  -0.943     0.226    -0.243]
D = [   0.226    -0.973     0.057][   0.000     1.671     0.000][  -0.233    -0.973     0.000] *(10^7) 1/s
    [  -0.243     0.000     0.970][   0.000     0.000     1.671][  -0.237     0.057     0.970]

=====FULLY ANISOTROPIC MODEL=====
Dx = 0.67 +/- 0.03 *(10^7) 1/s
Dy = 1.59 +/- 0.03 *(10^7) 1/s
Dz = 1.72 +/- 0.03 *(10^7) 1/s
alpha = 45 +/- 16  deg
beta = 155 +/- 7  deg
gamma = 56 +/- 16 deg
Orientational Uncertainty = 9 deg
TAUc = 12.54 +/- 0.06 ns
anisotropy = 0.41 +/- 0.02
rhombicity = 0.20 +/- 0.06
Q = 1.072  R = 0.031  chi^2 = 1946.316  chi^2/df = 29.049 (Rigid Only)
Axially-Symmetric Tensor Primary Axis Difference = 1 deg
Inertia Tensor Primary Axis Difference = 50 deg
Inertia Tensor Orientational Difference = 50 deg
ELM Predicted Tensor Primary Axis Difference = 50 deg
ELM Predicted Tensor Orientational Difference = 50 deg
F-test (0.05): Anisotropic model better than Isotropic? true, P = 5.04e-05, F = 6.56
F-test (0.05): Anisotropic model better than Axially-Symmetric? false, P = 8.02e-01, F = 0.22
Akaike Information Criterion (AIC): Value = 1958.316,
   =>Anisotropic model better than Isotropic? true
   =>Anisotropic model better than Axially-Symmteric? true

==Anistropic Diffusion Tensor==
    [  0.788   0.219  -0.243]     [  0.025   0.022   0.016]
D = [  0.219   1.551   0.016] +/- [  0.022   0.030   0.018] *(10^7) 1/s
    [ -0.243   0.016   1.647]     [  0.016   0.018   0.028]

==Anistropic Diffusion Tensor Sorted Eigendecomposition==
    [  -0.942     0.144     0.305][   0.671     0.000     0.000][  -0.942     0.239    -0.238]
D = [   0.239     0.923     0.302][   0.000     1.591     0.000][   0.144     0.923     0.357] *(10^7) 1/s
    [  -0.238     0.357    -0.903][   0.000     0.000     1.724][   0.305     0.302    -0.903]

====Full Rotdif Results: Isotropic Solution====
<residue><chain><atom1><atom2><freq><rho_exp><rho_pred><rho_error>
 248 B N     H      800.00  47.421  57.040   1.347
 249 B N     H      800.00  62.099  57.040   3.381
 250 B N     H      800.00  89.260  57.040   9.839
 252 B N     H      800.00  65.320  57.040   3.182
 254 B N     H      800.00  83.060  57.040   2.714
 256 B N     H      800.00  75.847  57.040   3.880
 257 B N     H      800.00  97.965  57.040   4.539
 258 B N     H      800.00  76.879  57.040   4.108
 260 B N     H      800.00  56.320  57.040   5.695
 261 B N     H      800.00  81.573  57.040   4.219
 262 B N     H      800.00  63.536  57.040   3.714
 263 B N     H      800.00  75.555  57.040   6.226
 264 B N     H      800.00  93.126  57.040   7.311
 265 B N     H      800.00  70.847  57.040   4.199
 266 B N     H      800.00  69.425  57.040   5.142
 268 B N     H      800.00  68.388  57.040   4.643
 269 B N     H      800.00  74.622  57.040   5.729
 270 B N     H      800.00  62.646  57.040   3.247
 271 B N     H      800.00  89.963  57.040   8.096
 272 B N     H      800.00  69.675  57.040   7.112
 276 B N     H      800.00  52.625  57.040   2.098
 278 B N     H      800.00  61.720  57.040   2.110
 279 B N     H      800.00  61.339  57.040   4.178
 280 B N     H      800.00  68.744  57.040   4.889
 282 B N     H      800.00  70.355  57.040   6.330
 283 B N     H      800.00  83.518  57.040   5.573
 284 B N     H      800.00  84.002  57.040   7.883
 285 B N     H      800.00  80.719  57.040   3.317
 288 B N     H      800.00  49.101  57.040   1.544
 289 B N     H      800.00  44.220  57.040   1.118
 290 B N     H      800.00  33.113  57.040   0.721
 291 B N     H      800.00  61.949  57.040   1.345
 292 B N     H      800.00  59.190  57.040   3.531
 293 B N     H      800.00  81.936  57.040   3.214
 294 B N     H      800.00  60.032  57.040   4.096
 295 B N     H      800.00  77.581  57.040   4.367
 296 B N     H      800.00  71.342  57.040   8.389
 297 B N     H      800.00  78.092  57.040   5.719
 299 B N     H      800.00  93.245  57.040   6.642
 301 B N     H      800.00  62.747  57.040   2.688
 302 B N     H      800.00  76.112  57.040   3.344
 303 B N     H      800.00  76.288  57.040   3.493
 306 B N     H      800.00  65.389  57.040   6.039
 308 B N     H      800.00  77.893  57.040   2.668
 309 B N     H      800.00  72.358  57.040   4.849
 310 B N     H      800.00  65.292  57.040   5.173
 311 B N     H      800.00  66.784  57.040   2.031
 312 B N     H      800.00  72.877  57.040   5.820
 313 B N     H      800.00  82.381  57.040   6.778
 315 B N     H      800.00  68.689  57.040   2.518
 316 B N     H      800.00  83.749  57.040   6.982
 319 B N     H      800.00  86.559  57.040   4.760
 320 B N     H      800.00  88.995  57.040   3.968
 321 B N     H      800.00 103.596  57.040   9.933
 322 B N     H      800.00  75.294  57.040   5.205
 323 B N     H      800.00  81.083  57.040   3.237
 325 B N     H      800.00  89.988  57.040   6.904
 326 B N     H      800.00 109.576  57.040   4.535
 327 B N     H      800.00 115.099  57.040   8.710
 328 B N     H      800.00  82.009  57.040   5.998
 329 B N     H      800.00  65.549  57.040   4.025
 333 B N     H      800.00  71.355  57.040   6.514
 334 B N     H      800.00  91.485  57.040   7.505
 335 B N     H      800.00  80.883  57.040   6.559
 336 B N     H      800.00  50.625  57.040   1.687
 338 B N     H      800.00  81.950  57.040   2.768
 339 B N     H      800.00  65.210  57.040   2.650
 340 B N     H      800.00  77.013  57.040   6.294
 343 B N     H      800.00  85.404  57.040   3.207
 345 B N     H      800.00  92.947  57.040   5.992
 346 B N     H      800.00  98.215  57.040   7.024
 348 B N     H      800.00  89.131  57.040   6.850
 350 B N     H      800.00  79.602  57.040   6.181


====Full Rotdif Results: Axially-Symmetric Solution====
<residue><chain><atom1><atom2><freq><rho_exp><rho_pred><rho_error>
 248 B N     H      800.00  47.421  55.424   1.347
 249 B N     H      800.00  62.099  76.785   3.381
 250 B N     H      800.00  89.260  66.270   9.839
 252 B N     H      800.00  65.320  75.189   3.182
 254 B N     H      800.00  83.060  71.731   2.714
 256 B N     H      800.00  75.847  68.001   3.880
 257 B N     H      800.00  97.965  65.015   4.539
 258 B N     H      800.00  76.879  59.654   4.108
 260 B N     H      800.00  56.320  74.189   5.695
 261 B N     H      800.00  81.573  72.529   4.219
 262 B N     H      800.00  63.536  58.880   3.714
 263 B N     H      800.00  75.555  52.559   6.226
 264 B N     H      800.00  93.126  70.972   7.311
 265 B N     H      800.00  70.847  77.005   4.199
 266 B N     H      800.00  69.425  69.141   5.142
 268 B N     H      800.00  68.388  73.892   4.643
 269 B N     H      800.00  74.622  74.835   5.729
 270 B N     H      800.00  62.646  73.515   3.247
 271 B N     H      800.00  89.963  48.576   8.096
 272 B N     H      800.00  69.675  41.771   7.112
 276 B N     H      800.00  52.625  45.980   2.098
 278 B N     H      800.00  61.720  71.435   2.110
 279 B N     H      800.00  61.339  67.655   4.178
 280 B N     H      800.00  68.744  57.673   4.889
 282 B N     H      800.00  70.355  53.774   6.330
 283 B N     H      800.00  83.518  42.226   5.573
 284 B N     H      800.00  84.002  51.904   7.883
 285 B N     H      800.00  80.719  60.387   3.317
 288 B N     H      800.00  49.101  63.065   1.544
 289 B N     H      800.00  44.220  55.514   1.118
 290 B N     H      800.00  33.113  46.898   0.721
 291 B N     H      800.00  61.949  51.186   1.345
 292 B N     H      800.00  59.190  66.306   3.531
 293 B N     H      800.00  81.936  52.681   3.214
 294 B N     H      800.00  60.032  51.081   4.096
 295 B N     H      800.00  77.581  46.498   4.367
 296 B N     H      800.00  71.342  63.429   8.389
 297 B N     H      800.00  78.092  76.612   5.719
 299 B N     H      800.00  93.245  55.153   6.642
 301 B N     H      800.00  62.747  41.092   2.688
 302 B N     H      800.00  76.112  46.498   3.344
 303 B N     H      800.00  76.288  65.449   3.493
 306 B N     H      800.00  65.389  51.211   6.039
 308 B N     H      800.00  77.893  71.227   2.668
 309 B N     H      800.00  72.358  76.943   4.849
 310 B N     H      800.00  65.292  76.943   5.173
 311 B N     H      800.00  66.784  65.824   2.031
 312 B N     H      800.00  72.877  70.240   5.820
 313 B N     H      800.00  82.381  69.467   6.778
 315 B N     H      800.00  68.689  65.633   2.518
 316 B N     H      800.00  83.749  76.658   6.982
 319 B N     H      800.00  86.559  57.608   4.760
 320 B N     H      800.00  88.995  70.104   3.968
 321 B N     H      800.00 103.596  45.169   9.933
 322 B N     H      800.00  75.294  66.759   5.205
 323 B N     H      800.00  81.083  74.806   3.237
 325 B N     H      800.00  89.988  74.986   6.904
 326 B N     H      800.00 109.576  70.700   4.535
 327 B N     H      800.00 115.099  49.018   8.710
 328 B N     H      800.00  82.009  43.492   5.998
 329 B N     H      800.00  65.549  49.134   4.025
 333 B N     H      800.00  71.355  73.429   6.514
 334 B N     H      800.00  91.485  58.062   7.505
 335 B N     H      800.00  80.883  41.055   6.559
 336 B N     H      800.00  50.625  44.534   1.687
 338 B N     H      800.00  81.950  70.971   2.768
 339 B N     H      800.00  65.210  74.235   2.650
 340 B N     H      800.00  77.013  52.974   6.294
 343 B N     H      800.00  85.404  57.602   3.207
 345 B N     H      800.00  92.947  51.245   5.992
 346 B N     H      800.00  98.215  52.375   7.024
 348 B N     H      800.00  89.131  72.792   6.850
 350 B N     H      800.00  79.602  67.499   6.181


====Full Rotdif Results: Anisotropic Solution====
<residue><chain><atom1><atom2><freq><rho_exp><rho_pred><rho_error>
 248 B N     H      800.00  47.421  55.113   1.347
 249 B N     H      800.00  62.099  79.059   3.381
 250 B N     H      800.00  89.260  68.208   9.839
 252 B N     H      800.00  65.320  73.950   3.182
 254 B N     H      800.00  83.060  68.811   2.714
 256 B N     H      800.00  75.847  65.359   3.880
 257 B N     H      800.00  97.965  67.021   4.539
 258 B N     H      800.00  76.879  61.350   4.108
 260 B N     H      800.00  56.320  70.163   5.695
 261 B N     H      800.00  81.573  69.129   4.219
 262 B N     H      800.00  63.536  60.310   3.714
 263 B N     H      800.00  75.555  53.816   6.226
 264 B N     H      800.00  93.126  73.358   7.311
 265 B N     H      800.00  70.847  75.681   4.199
 266 B N     H      800.00  69.425  66.443   5.142
 268 B N     H      800.00  68.388  73.663   4.643
 269 B N     H      800.00  74.622  72.171   5.729
 270 B N     H      800.00  62.646  74.973   3.247
 271 B N     H      800.00  89.963  49.509   8.096
 272 B N     H      800.00  69.675  42.529   7.112
 276 B N     H      800.00  52.625  45.626   2.098
 278 B N     H      800.00  61.720  73.891   2.110
 279 B N     H      800.00  61.339  69.800   4.178
 280 B N     H      800.00  68.744  59.192   4.889
 282 B N     H      800.00  70.355  54.848   6.330
 283 B N     H      800.00  83.518  42.887   5.573
 284 B N     H      800.00  84.002  51.512   7.883
 285 B N     H      800.00  80.719  58.952   3.317
 288 B N     H      800.00  49.101  63.906   1.544
 289 B N     H      800.00  44.220  54.200   1.118
 290 B N     H      800.00  33.113  47.082   0.721
 291 B N     H      800.00  61.949  52.095   1.345
 292 B N     H      800.00  59.190  68.469   3.531
 293 B N     H      800.00  81.936  53.846   3.214
 294 B N     H      800.00  60.032  52.131   4.096
 295 B N     H      800.00  77.581  47.516   4.367
 296 B N     H      800.00  71.342  64.210   8.389
 297 B N     H      800.00  78.092  72.421   5.719
 299 B N     H      800.00  93.245  55.081   6.642
 301 B N     H      800.00  62.747  41.908   2.688
 302 B N     H      800.00  76.112  47.062   3.344
 303 B N     H      800.00  76.288  64.147   3.493
 306 B N     H      800.00  65.389  52.486   6.039
 308 B N     H      800.00  77.893  69.342   2.668
 309 B N     H      800.00  72.358  75.787   4.849
 310 B N     H      800.00  65.292  74.634   5.173
 311 B N     H      800.00  66.784  65.206   2.031
 312 B N     H      800.00  72.877  67.251   5.820
 313 B N     H      800.00  82.381  67.406   6.778
 315 B N     H      800.00  68.689  65.111   2.518
 316 B N     H      800.00  83.749  73.215   6.982
 319 B N     H      800.00  86.559  58.402   4.760
 320 B N     H      800.00  88.995  67.575   3.968
 321 B N     H      800.00 103.596  46.121   9.933
 322 B N     H      800.00  75.294  67.983   5.205
 323 B N     H      800.00  81.083  75.121   3.237
 325 B N     H      800.00  89.988  77.621   6.904
 326 B N     H      800.00 109.576  71.275   4.535
 327 B N     H      800.00 115.099  49.563   8.710
 328 B N     H      800.00  82.009  43.937   5.998
 329 B N     H      800.00  65.549  49.750   4.025
 333 B N     H      800.00  71.355  76.067   6.514
 334 B N     H      800.00  91.485  59.037   7.505
 335 B N     H      800.00  80.883  41.599   6.559
 336 B N     H      800.00  50.625  45.048   1.687
 338 B N     H      800.00  81.950  70.305   2.768
 339 B N     H      800.00  65.210  76.386   2.650
 340 B N     H      800.00  77.013  53.448   6.294
 343 B N     H      800.00  85.404  58.392   3.207
 345 B N     H      800.00  92.947  52.435   5.992
 346 B N     H      800.00  98.215  53.644   7.024
 348 B N     H      800.00  89.131  73.899   6.850
 350 B N     H      800.00  79.602  67.607   6.181

=====ROBUST REGRESSION: Off=====

=====ORIENTATION SAMPLING=====
Number of rigid bonds = 73
Sampling Param Xi = 0.053 Vectors are uniformly distributed.
Sampling Tensor Components = [0.181, 0.032, -0.212].

=====ISOTROPIC MODEL=====
Diso = 1.31 +/- 0.01 *(10^7) 1/s
TAUc = 12.69 +/- 0.06 ns
Q = 1.115  chi^2 = 2899.321  chi^2/df = 40.268 (Rigid Only)
Akaike Information Criterion (AIC): Value = 2901.321

=====AXIALLY-SYMMETRIC MODEL (OBLATE)=====
D_perp = 1.67 +/- 0.02 *(10^7) 1/s
D_parallel = 0.65 +/- 0.02 *(10^7) 1/s
alpha = 167 +/- 1  deg
beta = 14 +/- 1  deg
Orientational Uncertainty = 1 deg
TAUc = 12.54 +/- 0.07 ns
anisotropy = 0.39 +/- 0.02
Q = 1.088  R = 0.021  chi^2 = 1959.207  chi^2/df = 28.394 (Rigid Only)
Inertia Tensor Unique Axis Difference = 49 deg
ELM Predicted Tensor Unique Axis Difference = 49 deg
F-test (0.05): Axially-Symmetric model better than Isotropic? true, P = 5.26e-06, F = 11.04
Akaike Information Criterion (AIC): Value = 1967.207,
   =>Axially-Symmetric model better than Isotropic? true

==Axially-Symmetric Diffusion Tensor==
    [  0.760   0.218  -0.235]     [  0.022   0.018   0.016]
D = [  0.218   1.619   0.056] +/- [  0.018   0.017   0.006] *(10^7) 1/s
    [ -0.235   0.056   1.610]     [  0.016   0.006   0.021]

==Axially-Symmetric Diffusion Tensor Sorted Eigendecomposition==
    [  -0.943    -0.233    -0.237][   0.647     0.000     0.000][  -0.943     0.226    -0.243]
D = [   0.226    -0.973     0.057][   0.000     1.671     0.000][  -0.233    -0.973     0.000] *(10^7) 1/s
    [  -0.243     0.000     0.970][   0.000     0.000     1.671][  -0.237     0.057     0.970]

=====FULLY ANISOTROPIC MODEL=====
Dx = 0.67 +/- 0.03 *(10^7) 1/s
Dy = 1.59 +/- 0.03 *(10^7) 1/s
Dz = 1.72 +/- 0.03 *(10^7) 1/s
alpha = 45 +/- 16  deg
beta = 155 +/- 7  deg
gamma = 56 +/- 16 deg
Orientational Uncertainty = 9 deg
TAUc = 12.54 +/- 0.06 ns
anisotropy = 0.41 +/- 0.02
rhombicity = 0.20 +/- 0.06
Q = 1.072  R = 0.031  chi^2 = 1946.316  chi^2/df = 29.049 (Rigid Only)
Axially-Symmetric Tensor Primary Axis Difference = 1 deg
Inertia Tensor Primary Axis Difference = 50 deg
Inertia Tensor Orientational Difference = 50 deg
ELM Predicted Tensor Primary Axis Difference = 50 deg
ELM Predicted Tensor Orientational Difference = 50 deg
F-test (0.05): Anisotropic model better than Isotropic? true, P = 5.04e-05, F = 6.56
F-test (0.05): Anisotropic model better than Axially-Symmetric? false, P = 8.02e-01, F = 0.22
Akaike Information Criterion (AIC): Value = 1958.316,
   =>Anisotropic model better than Isotropic? true
   =>Anisotropic model better than Axially-Symmteric? true

==Anistropic Diffusion Tensor==
    [  0.788   0.219  -0.243]     [  0.025   0.022   0.016]
D = [  0.219   1.551   0.016] +/- [  0.022   0.030   0.018] *(10^7) 1/s
    [ -0.243   0.016   1.647]     [  0.016   0.018   0.028]

==Anistropic Diffusion Tensor Sorted Eigendecomposition==
    [  -0.942     0.144     0.305][   0.671     0.000     0.000][  -0.942     0.239    -0.238]
D = [   0.239     0.923     0.302][   0.000     1.591     0.000][   0.144     0.923     0.357] *(10^7) 1/s
    [  -0.238     0.357    -0.903][   0.000     0.000     1.724][   0.305     0.302    -0.903]

====Full Rotdif Results: Isotropic Solution====
<residue><chain><atom1><atom2><freq><rho_exp><rho_pred><rho_error>
 248 B N     H      800.00  47.421  57.040   1.347
 249 B N     H      800.00  62.099  57.040   3.381
 250 B N     H      800.00  89.260  57.040   9.839
 252 B N     H      800.00  65.320  57.040   3.182
 254 B N     H      800.00  83.060  57.040   2.714
 256 B N     H      800.00  75.847  57.040   3.880
 257 B N     H      800.00  97.965  57.040   4.539
 258 B N     H      800.00  76.879  57.040   4.108
 260 B N     H      800.00  56.320  57.040   5.695
 261 B N     H      800.00  81.573  57.040   4.219
 262 B N     H      800.00  63.536  57.040   3.714
 263 B N     H      800.00  75.555  57.040   6.226
 264 B N     H      800.00  93.126  57.040   7.311
 265 B N     H      800.00  70.847  57.040   4.199
 266 B N     H      800.00  69.425  57.040   5.142
 268 B N     H      800.00  68.388  57.040   4.643
 269 B N     H      800.00  74.622  57.040   5.729
 270 B N     H      800.00  62.646  57.040   3.247
 271 B N     H      800.00  89.963  57.040   8.096
 272 B N     H      800.00  69.675  57.040   7.112
 276 B N     H      800.00  52.625  57.040   2.098
 278 B N     H      800.00  61.720  57.040   2.110
 279 B N     H      800.00  61.339  57.040   4.178
 280 B N     H      800.00  68.744  57.040   4.889
 282 B N     H      800.00  70.355  57.040   6.330
 283 B N     H      800.00  83.518  57.040   5.573
 284 B N     H      800.00  84.002  57.040   7.883
 285 B N     H      800.00  80.719  57.040   3.317
 288 B N     H      800.00  49.101  57.040   1.544
 289 B N     H      800.00  44.220  57.040   1.118
 290 B N     H      800.00  33.113  57.040   0.721
 291 B N     H      800.00  61.949  57.040   1.345
 292 B N     H      800.00  59.190  57.040   3.531
 293 B N     H      800.00  81.936  57.040   3.214
 294 B N     H      800.00  60.032  57.040   4.096
 295 B N     H      800.00  77.581  57.040   4.367
 296 B N     H      800.00  71.342  57.040   8.389
 297 B N     H      800.00  78.092  57.040   5.719
 299 B N     H      800.00  93.245  57.040   6.642
 301 B N     H      800.00  62.747  57.040   2.688
 302 B N     H      800.00  76.112  57.040   3.344
 303 B N     H      800.00  76.288  57.040   3.493
 306 B N     H      800.00  65.389  57.040   6.039
 308 B N     H      800.00  77.893  57.040   2.668
 309 B N     H      800.00  72.358  57.040   4.849
 310 B N     H      800.00  65.292  57.040   5.173
 311 B N     H      800.00  66.784  57.040   2.031
 312 B N     H      800.00  72.877  57.040   5.820
 313 B N     H      800.00  82.381  57.040   6.778
 315 B N     H      800.00  68.689  57.040   2.518
 316 B N     H      800.00  83.749  57.040   6.982
 319 B N     H      800.00  86.559  57.040   4.760
 320 B N     H      800.00  88.995  57.040   3.968
 321 B N     H      800.00 103.596  57.040   9.933
 322 B N     H      800.00  75.294  57.040   5.205
 323 B N     H      800.00  81.083  57.040   3.237
 325 B N     H      800.00  89.988  57.040   6.904
 326 B N     H      800.00 109.576  57.040   4.535
 327 B N     H      800.00 115.099  57.040   8.710
 328 B N     H      800.00  82.009  57.040   5.998
 329 B N     H      800.00  65.549  57.040   4.025
 333 B N     H      800.00  71.355  57.040   6.514
 334 B N     H      800.00  91.485  57.040   7.505
 335 B N     H      800.00  80.883  57.040   6.559
 336 B N     H      800.00  50.625  57.040   1.687
 338 B N     H      800.00  81.950  57.040   2.768
 339 B N     H      800.00  65.210  57.040   2.650
 340 B N     H      800.00  77.013  57.040   6.294
 343 B N     H      800.00  85.404  57.040   3.207
 345 B N     H      800.00  92.947  57.040   5.992
 346 B N     H      800.00  98.215  57.040   7.024
 348 B N     H      800.00  89.131  57.040   6.850
 350 B N     H      800.00  79.602  57.040   6.181


====Full Rotdif Results: Axially-Symmetric Solution====
<residue><chain><atom1><atom2><freq><rho_exp><rho_pred><rho_error>
 248 B N     H      800.00  47.421  55.424   1.347
 249 B N     H      800.00  62.099  76.785   3.381
 250 B N     H      800.00  89.260  66.270   9.839
 252 B N     H      800.00  65.320  75.189   3.182
 254 B N     H      800.00  83.060  71.731   2.714
 256 B N     H      800.00  75.847  68.001   3.880
 257 B N     H      800.00  97.965  65.015   4.539
 258 B N     H      800.00  76.879  59.654   4.108
 260 B N     H      800.00  56.320  74.189   5.695
 261 B N     H      800.00  81.573  72.529   4.219
 262 B N     H      800.00  63.536  58.880   3.714
 263 B N     H      800.00  75.555  52.559   6.226
 264 B N     H      800.00  93.126  70.972   7.311
 265 B N     H      800.00  70.847  77.005   4.199
 266 B N     H      800.00  69.425  69.141   5.142
 268 B N     H      800.00  68.388  73.892   4.643
 269 B N     H      800.00  74.622  74.835   5.729
 270 B N     H      800.00  62.646  73.515   3.247
 271 B N     H      800.00  89.963  48.576   8.096
 272 B N     H      800.00  69.675  41.771   7.112
 276 B N     H      800.00  52.625  45.980   2.098
 278 B N     H      800.00  61.720  71.435   2.110
 279 B N     H      800.00  61.339  67.655   4.178
 280 B N     H      800.00  68.744  57.673   4.889
 282 B N     H      800.00  70.355  53.774   6.330
 283 B N     H      800.00  83.518  42.226   5.573
 284 B N     H      800.00  84.002  51.904   7.883
 285 B N     H      800.00  80.719  60.387   3.317
 288 B N     H      800.00  49.101  63.065   1.544
 289 B N     H      800.00  44.220  55.514   1.118
 290 B N     H      800.00  33.113  46.898   0.721
 291 B N     H      800.00  61.949  51.186   1.345
 292 B N     H      800.00  59.190  66.306   3.531
 293 B N     H      800.00  81.936  52.681   3.214
 294 B N     H      800.00  60.032  51.081   4.096
 295 B N     H      800.00  77.581  46.498   4.367
 296 B N     H      800.00  71.342  63.429   8.389
 297 B N     H      800.00  78.092  76.612   5.719
 299 B N     H      800.00  93.245  55.153   6.642
 301 B N     H      800.00  62.747  41.092   2.688
 302 B N     H      800.00  76.112  46.498   3.344
 303 B N     H      800.00  76.288  65.449   3.493
 306 B N     H      800.00  65.389  51.211   6.039
 308 B N     H      800.00  77.893  71.227   2.668
 309 B N     H      800.00  72.358  76.943   4.849
 310 B N     H      800.00  65.292  76.943   5.173
 311 B N     H      800.00  66.784  65.824   2.031
 312 B N     H      800.00  72.877  70.240   5.820
 313 B N     H      800.00  82.381  69.467   6.778
 315 B N     H      800.00  68.689  65.633   2.518
 316 B N     H      800.00  83.749  76.658   6.982
 319 B N     H      800.00  86.559  57.608   4.760
 320 B N     H      800.00  88.995  70.104   3.968
 321 B N     H      800.00 103.596  45.169   9.933
 322 B N     H      800.00  75.294  66.759   5.205
 323 B N     H      800.00  81.083  74.806   3.237
 325 B N     H      800.00  89.988  74.986   6.904
 326 B N     H      800.00 109.576  70.700   4.535
 327 B N     H      800.00 115.099  49.018   8.710
 328 B N     H      800.00  82.009  43.492   5.998
 329 B N     H      800.00  65.549  49.134   4.025
 333 B N     H      800.00  71.355  73.429   6.514
 334 B N     H      800.00  91.485  58.062   7.505
 335 B N     H      800.00  80.883  41.055   6.559
 336 B N     H      800.00  50.625  44.534   1.687
 338 B N     H      800.00  81.950  70.971   2.768
 339 B N     H      800.00  65.210  74.235   2.650
 340 B N     H      800.00  77.013  52.974   6.294
 343 B N     H      800.00  85.404  57.602   3.207
 345 B N     H      800.00  92.947  51.245   5.992
 346 B N     H      800.00  98.215  52.375   7.024
 348 B N     H      800.00  89.131  72.792   6.850
 350 B N     H      800.00  79.602  67.499   6.181


====Full Rotdif Results: Anisotropic Solution====
<residue><chain><atom1><atom2><freq><rho_exp><rho_pred><rho_error>
 248 B N     H      800.00  47.421  55.113   1.347
 249 B N     H      800.00  62.099  79.059   3.381
 250 B N     H      800.00  89.260  68.208   9.839
 252 B N     H      800.00  65.320  73.950   3.182
 254 B N     H      800.00  83.060  68.811   2.714
 256 B N     H      800.00  75.847  65.359   3.880
 257 B N     H      800.00  97.965  67.021   4.539
 258 B N     H      800.00  76.879  61.350   4.108
 260 B N     H      800.00  56.320  70.163   5.695
 261 B N     H      800.00  81.573  69.129   4.219
 262 B N     H      800.00  63.536  60.310   3.714
 263 B N     H      800.00  75.555  53.816   6.226
 264 B N     H      800.00  93.126  73.358   7.311
 265 B N     H      800.00  70.847  75.681   4.199
 266 B N     H      800.00  69.425  66.443   5.142
 268 B N     H      800.00  68.388  73.663   4.643
 269 B N     H      800.00  74.622  72.171   5.729
 270 B N     H      800.00  62.646  74.973   3.247
 271 B N     H      800.00  89.963  49.509   8.096
 272 B N     H      800.00  69.675  42.529   7.112
 276 B N     H      800.00  52.625  45.626   2.098
 278 B N     H      800.00  61.720  73.891   2.110
 279 B N     H      800.00  61.339  69.800   4.178
 280 B N     H      800.00  68.744  59.192   4.889
 282 B N     H      800.00  70.355  54.848   6.330
 283 B N     H      800.00  83.518  42.887   5.573
 284 B N     H      800.00  84.002  51.512   7.883
 285 B N     H      800.00  80.719  58.952   3.317
 288 B N     H      800.00  49.101  63.906   1.544
 289 B N     H      800.00  44.220  54.200   1.118
 290 B N     H      800.00  33.113  47.082   0.721
 291 B N     H      800.00  61.949  52.095   1.345
 292 B N     H      800.00  59.190  68.469   3.531
 293 B N     H      800.00  81.936  53.846   3.214
 294 B N     H      800.00  60.032  52.131   4.096
 295 B N     H      800.00  77.581  47.516   4.367
 296 B N     H      800.00  71.342  64.210   8.389
 297 B N     H      800.00  78.092  72.421   5.719
 299 B N     H      800.00  93.245  55.081   6.642
 301 B N     H      800.00  62.747  41.908   2.688
 302 B N     H      800.00  76.112  47.062   3.344
 303 B N     H      800.00  76.288  64.147   3.493
 306 B N     H      800.00  65.389  52.486   6.039
 308 B N     H      800.00  77.893  69.342   2.668
 309 B N     H      800.00  72.358  75.787   4.849
 310 B N     H      800.00  65.292  74.634   5.173
 311 B N     H      800.00  66.784  65.206   2.031
 312 B N     H      800.00  72.877  67.251   5.820
 313 B N     H      800.00  82.381  67.406   6.778
 315 B N     H      800.00  68.689  65.111   2.518
 316 B N     H      800.00  83.749  73.215   6.982
 319 B N     H      800.00  86.559  58.402   4.760
 320 B N     H      800.00  88.995  67.575   3.968
 321 B N     H      800.00 103.596  46.121   9.933
 322 B N     H      800.00  75.294  67.983   5.205
 323 B N     H      800.00  81.083  75.121   3.237
 325 B N     H      800.00  89.988  77.621   6.904
 326 B N     H      800.00 109.576  71.275   4.535
 327 B N     H      800.00 115.099  49.563   8.710
 328 B N     H      800.00  82.009  43.937   5.998
 329 B N     H      800.00  65.549  49.750   4.025
 333 B N     H      800.00  71.355  76.067   6.514
 334 B N     H      800.00  91.485  59.037   7.505
 335 B N     H      800.00  80.883  41.599   6.559
 336 B N     H      800.00  50.625  45.048   1.687
 338 B N     H      800.00  81.950  70.305   2.768
 339 B N     H      800.00  65.210  76.386   2.650
 340 B N     H      800.00  77.013  53.448   6.294
 343 B N     H      800.00  85.404  58.392   3.207
 345 B N     H      800.00  92.947  52.435   5.992
 346 B N     H      800.00  98.215  53.644   7.024
 348 B N     H      800.00  89.131  73.899   6.850
 350 B N     H      800.00  79.602  67.607   6.181

Saving anisotropic tensor axes, if computed, to "/opt/genapp/rotdif/output/html5/results/users/manish123/p50het_2march19/ROTDIF_p50het/out_ani.py" and
	axially symmetric tensor, if computed, axes to "/opt/genapp/rotdif/output/html5/results/users/manish123/p50het_2march19/ROTDIF_p50het/out_axial.py"...done.
