Options:
temp = 298.0
robust = false
relax = input_2field.txt
elm = false
axes = false
axesl = 5.0
pdb = 1nfk.pdb
out = out
help = false
nostat = true
nodynamics = true
nogui = true
model = 1
wr = 1.4
dock = false
sr = 2.2

Extracting experimental data....done.
Parsing pdb file....done.
TEST: Computing results....
 Percent 95.0%
done.
=====ROBUST REGRESSION: Off=====

=====ORIENTATION SAMPLING=====
Number of rigid bonds = 73
Sampling Param Xi = 0.045 Vectors are uniformly distributed.
Sampling Tensor Components = [0.166, 0.030, -0.197].

=====ISOTROPIC MODEL=====
Diso = 1.21 +/- NaN *(10^7) 1/s
TAUc = 13.79 +/- NaN ns
Q = 1.372  chi^2 = 10362.893  chi^2/df = 71.468 (Rigid Only)
Akaike Information Criterion (AIC): Value = 10364.893

=====AXIALLY-SYMMETRIC MODEL (PROLATE)=====
D_perp = 0.96 +/- NaN *(10^7) 1/s
D_parallel = 1.70 +/- NaN *(10^7) 1/s
alpha = 78 +/- NaN  deg
beta = 163 +/- NaN  deg
Orientational Uncertainty = NaN deg
TAUc = 13.84 +/- NaN ns
anisotropy = 1.78 +/- NaN
Q = 1.332  R = 0.114  chi^2 = 8174.524  chi^2/df = 57.567 (Rigid Only)
Inertia Tensor Unique Axis Difference = 53 deg
ELM Predicted Tensor Unique Axis Difference = 52 deg
F-test (0.05): Axially-Symmetric model better than Isotropic? true, P = 2.18e-07, F = 12.67
Akaike Information Criterion (AIC): Value = 8182.524,
   =>Axially-Symmetric model better than Isotropic? true

==Axially-Symmetric Diffusion Tensor==
    [  0.959   0.013  -0.044]     [    NaN     NaN     NaN]
D = [  0.013   1.015  -0.200] +/- [    NaN     NaN     NaN] *(10^7) 1/s
    [ -0.044  -0.200   1.638]     [    NaN     NaN     NaN]

==Axially-Symmetric Diffusion Tensor Sorted Eigendecomposition==
    [  -0.977     0.204     0.061][   0.956     0.000     0.000][  -0.977     0.213    -0.000]
D = [   0.213     0.936     0.281][   0.000     0.956     0.000][   0.204     0.936     0.288] *(10^7) 1/s
    [  -0.000     0.288    -0.958][   0.000     0.000     1.699][   0.061     0.281    -0.958]

=====FULLY ANISOTROPIC MODEL=====
Dx = 0.78 +/- NaN *(10^7) 1/s
Dy = 1.16 +/- NaN *(10^7) 1/s
Dz = 1.68 +/- NaN *(10^7) 1/s
alpha = 73 +/- NaN  deg
beta = 167 +/- NaN  deg
gamma = 154 +/- NaN deg
Orientational Uncertainty = NaN deg
TAUc = 13.82 +/- NaN ns
anisotropy = 1.73 +/- NaN
rhombicity = 0.81 +/- NaN
Q = 1.250  R = 0.176  chi^2 = 7653.498  chi^2/df = 54.668 (Rigid Only)
Axially-Symmetric Tensor Primary Axis Difference = 4 deg
Inertia Tensor Primary Axis Difference = 54 deg
Inertia Tensor Orientational Difference = 91 deg
ELM Predicted Tensor Primary Axis Difference = 53 deg
ELM Predicted Tensor Orientational Difference = 91 deg
F-test (0.05): Anisotropic model better than Isotropic? true, P = 3.92e-08, F = 9.91
F-test (0.05): Anisotropic model better than Axially-Symmetric? true, P = 9.95e-03, F = 4.77
Akaike Information Criterion (AIC): Value = 7665.498,
   =>Anisotropic model better than Isotropic? true
   =>Anisotropic model better than Axially-Symmteric? true

==Anistropic Diffusion Tensor==
    [  1.153   0.066  -0.019]     [    NaN     NaN     NaN]
D = [  0.066   0.828  -0.179] +/- [    NaN     NaN     NaN] *(10^7) 1/s
    [ -0.019  -0.179   1.636]     [    NaN     NaN     NaN]

==Anistropic Diffusion Tensor Sorted Eigendecomposition==
    [  -0.162     0.985     0.063][   0.780     0.000     0.000][  -0.162     0.967     0.198]
D = [   0.967     0.146     0.211][   0.000     1.161     0.000][   0.985     0.146     0.095] *(10^7) 1/s
    [   0.198     0.095    -0.976][   0.000     0.000     1.676][   0.063     0.211    -0.976]

====Full Rotdif Results: Isotropic Solution====
<residue><chain><atom1><atom2><freq><rho_exp><rho_pred><rho_error>
 248 A N     H      600.00  43.466  38.373   1.416
 248 A N     H      800.00  47.421  67.182   1.347
 249 A N     H      600.00  63.341  38.373   3.399
 249 A N     H      800.00  62.099  67.182   3.381
 250 A N     H      600.00  85.718  38.373   9.568
 250 A N     H      800.00  89.260  67.182   9.839
 252 A N     H      600.00  63.916  38.373   3.458
 252 A N     H      800.00  65.320  67.182   3.182
 254 A N     H      600.00  79.122  38.373   2.615
 254 A N     H      800.00  83.060  67.182   2.714
 256 A N     H      600.00  74.131  38.373   2.719
 256 A N     H      800.00  75.847  67.182   3.880
 257 A N     H      600.00  86.146  38.373   3.696
 257 A N     H      800.00  97.965  67.182   4.539
 258 A N     H      600.00  84.057  38.373   3.494
 258 A N     H      800.00  76.879  67.182   4.108
 260 A N     H      600.00  63.416  38.373   5.522
 260 A N     H      800.00  56.320  67.182   5.695
 261 A N     H      600.00  74.678  38.373   3.256
 261 A N     H      800.00  81.573  67.182   4.219
 262 A N     H      600.00  61.758  38.373   3.165
 262 A N     H      800.00  63.536  67.182   3.714
 263 A N     H      600.00  86.118  38.373   7.541
 263 A N     H      800.00  75.555  67.182   6.226
 264 A N     H      600.00  90.828  38.373   6.525
 264 A N     H      800.00  93.126  67.182   7.311
 265 A N     H      600.00  84.242  38.373   4.425
 265 A N     H      800.00  70.847  67.182   4.199
 266 A N     H      600.00  73.332  38.373   4.576
 266 A N     H      800.00  69.425  67.182   5.142
 268 A N     H      600.00  57.922  38.373   3.557
 268 A N     H      800.00  68.388  67.182   4.643
 269 A N     H      600.00  71.296  38.373   5.667
 269 A N     H      800.00  74.622  67.182   5.729
 270 A N     H      600.00  73.008  38.373   2.386
 270 A N     H      800.00  62.646  67.182   3.247
 271 A N     H      600.00  86.249  38.373   7.065
 271 A N     H      800.00  89.963  67.182   8.096
 272 A N     H      600.00  77.729  38.373   5.907
 272 A N     H      800.00  69.675  67.182   7.112
 276 A N     H      600.00  68.360  38.373   2.499
 276 A N     H      800.00  52.625  67.182   2.098
 278 A N     H      600.00  56.065  38.373   1.813
 278 A N     H      800.00  61.720  67.182   2.110
 279 A N     H      600.00  60.795  38.373   4.476
 279 A N     H      800.00  61.339  67.182   4.178
 280 A N     H      600.00  66.808  38.373   5.395
 280 A N     H      800.00  68.744  67.182   4.889
 282 A N     H      600.00  65.773  38.373   5.376
 282 A N     H      800.00  70.355  67.182   6.330
 283 A N     H      600.00  78.493  38.373   4.627
 283 A N     H      800.00  83.518  67.182   5.573
 284 A N     H      600.00  83.978  38.373   7.130
 284 A N     H      800.00  84.002  67.182   7.883
 285 A N     H      600.00  77.482  38.373   3.482
 285 A N     H      800.00  80.719  67.182   3.317
 288 A N     H      600.00  41.309  38.373   1.543
 288 A N     H      800.00  49.101  67.182   1.544
 289 A N     H      600.00  43.508  38.373   1.145
 289 A N     H      800.00  44.219  67.182   1.118
 290 A N     H      600.00  31.419  38.373   0.725
 290 A N     H      800.00  33.113  67.182   0.721
 291 A N     H      600.00  52.234  38.373   1.391
 291 A N     H      800.00  61.949  67.182   1.345
 292 A N     H      600.00  57.448  38.373   3.318
 292 A N     H      800.00  59.190  67.182   3.531
 293 A N     H      600.00  69.923  38.373   2.612
 293 A N     H      800.00  81.936  67.182   3.214
 294 A N     H      600.00  69.392  38.373   3.205
 294 A N     H      800.00  60.032  67.182   4.096
 295 A N     H      600.00  67.680  38.373   3.320
 295 A N     H      800.00  77.581  67.182   4.367
 296 A N     H      600.00  80.857  38.373  10.558
 296 A N     H      800.00  71.342  67.182   8.389
 297 A N     H      600.00  74.417  38.373   5.254
 297 A N     H      800.00  78.092  67.182   5.719
 299 A N     H      600.00  95.177  38.373   6.938
 299 A N     H      800.00  93.245  67.182   6.642
 301 A N     H      600.00  62.582  38.373   2.640
 301 A N     H      800.00  62.747  67.182   2.688
 302 A N     H      600.00  73.358  38.373   2.191
 302 A N     H      800.00  76.112  67.182   3.344
 303 A N     H      600.00  68.018  38.373   2.894
 303 A N     H      800.00  76.288  67.182   3.493
 306 A N     H      600.00  65.300  38.373   4.075
 306 A N     H      800.00  65.389  67.182   6.039
 308 A N     H      600.00  76.153  38.373   2.168
 308 A N     H      800.00  77.893  67.182   2.668
 309 A N     H      600.00  72.742  38.373   4.476
 309 A N     H      800.00  72.358  67.182   4.849
 310 A N     H      600.00  65.027  38.373   4.493
 310 A N     H      800.00  65.292  67.182   5.173
 311 A N     H      600.00  65.822  38.373   1.714
 311 A N     H      800.00  66.784  67.182   2.031
 312 A N     H      600.00  70.407  38.373   6.201
 312 A N     H      800.00  72.877  67.182   5.820
 313 A N     H      600.00  86.183  38.373   7.078
 313 A N     H      800.00  82.381  67.182   6.778
 315 A N     H      600.00  71.068  38.373   2.165
 315 A N     H      800.00  68.689  67.182   2.518
 316 A N     H      600.00  76.946  38.373   5.308
 316 A N     H      800.00  83.749  67.182   6.982
 319 A N     H      600.00  71.217  38.373   4.076
 319 A N     H      800.00  86.559  67.182   4.760
 320 A N     H      600.00  77.443  38.373   2.730
 320 A N     H      800.00  88.995  67.182   3.968
 321 A N     H      600.00  73.990  38.373   4.030
 321 A N     H      800.00 103.596  67.182   9.933
 322 A N     H      600.00  81.159  38.373   5.581
 322 A N     H      800.00  75.294  67.182   5.205
 323 A N     H      600.00  71.677  38.373   2.913
 323 A N     H      800.00  81.083  67.182   3.237
 325 A N     H      600.00  77.011  38.373   5.346
 325 A N     H      800.00  89.988  67.182   6.904
 326 A N     H      600.00  89.389  38.373   3.797
 326 A N     H      800.00 109.576  67.182   4.535
 327 A N     H      600.00 112.467  38.373   9.023
 327 A N     H      800.00 115.099  67.182   8.710
 328 A N     H      600.00  75.736  38.373   5.209
 328 A N     H      800.00  82.009  67.182   5.998
 329 A N     H      600.00  61.145  38.373   3.631
 329 A N     H      800.00  65.549  67.182   4.025
 333 A N     H      600.00  67.844  38.373   5.308
 333 A N     H      800.00  71.355  67.182   6.514
 334 A N     H      600.00  76.454  38.373   5.713
 334 A N     H      800.00  91.485  67.182   7.505
 335 A N     H      600.00  86.555  38.373   6.516
 335 A N     H      800.00  80.883  67.182   6.559
 336 A N     H      600.00  29.528  38.373   0.636
 336 A N     H      800.00  50.625  67.182   1.687
 338 A N     H      600.00  72.396  38.373   1.995
 338 A N     H      800.00  81.949  67.182   2.768
 339 A N     H      600.00  66.346  38.373   2.838
 339 A N     H      800.00  65.210  67.182   2.650
 340 A N     H      600.00  48.794  38.373   4.072
 340 A N     H      800.00  77.013  67.182   6.294
 343 A N     H      600.00  74.421  38.373   2.816
 343 A N     H      800.00  85.404  67.182   3.207
 345 A N     H      600.00  85.262  38.373   5.525
 345 A N     H      800.00  92.947  67.182   5.992
 346 A N     H      600.00  89.901  38.373   5.667
 346 A N     H      800.00  98.215  67.182   7.024
 348 A N     H      600.00  86.655  38.373   5.399
 348 A N     H      800.00  89.131  67.182   6.850
 350 A N     H      600.00  74.773  38.373   5.801
 350 A N     H      800.00  79.602  67.182   6.181


====Full Rotdif Results: Axially-Symmetric Solution====
<residue><chain><atom1><atom2><freq><rho_exp><rho_pred><rho_error>
 248 A N     H      600.00  43.466  33.597   1.416
 248 A N     H      800.00  47.421  58.584   1.347
 249 A N     H      600.00  63.340  57.833   3.399
 249 A N     H      800.00  62.099 101.765   3.381
 250 A N     H      600.00  85.718  51.417   9.568
 250 A N     H      800.00  89.260  90.331   9.839
 252 A N     H      600.00  63.916  47.351   3.458
 252 A N     H      800.00  65.320  83.087   3.182
 254 A N     H      600.00  79.122  49.575   2.615
 254 A N     H      800.00  83.060  87.048   2.714
 256 A N     H      600.00  74.131  35.954   2.719
 256 A N     H      800.00  75.847  62.785   3.880
 257 A N     H      600.00  86.146  49.196   3.696
 257 A N     H      800.00  97.965  86.374   4.539
 258 A N     H      600.00  84.057  42.505   3.494
 258 A N     H      800.00  76.879  74.454   4.108
 260 A N     H      600.00  63.416  42.468   5.522
 260 A N     H      800.00  56.320  74.388   5.695
 261 A N     H      600.00  74.678  37.283   3.256
 261 A N     H      800.00  81.573  65.151   4.219
 262 A N     H      600.00  61.758  38.057   3.165
 262 A N     H      800.00  63.536  66.531   3.714
 263 A N     H      600.00  86.118  47.190   7.541
 263 A N     H      800.00  75.555  82.800   6.226
 264 A N     H      600.00  90.828  46.840   6.525
 264 A N     H      800.00  93.126  82.176   7.311
 265 A N     H      600.00  84.242  36.028   4.425
 265 A N     H      800.00  70.847  62.917   4.199
 266 A N     H      600.00  73.332  38.122   4.576
 266 A N     H      800.00  69.425  66.646   5.142
 268 A N     H      600.00  57.922  51.010   3.557
 268 A N     H      800.00  68.388  89.606   4.643
 269 A N     H      600.00  71.296  49.946   5.667
 269 A N     H      800.00  74.622  87.710   5.729
 270 A N     H      600.00  73.008  58.458   2.386
 270 A N     H      800.00  62.646 102.879   3.247
 271 A N     H      600.00  86.249  37.513   7.065
 271 A N     H      800.00  89.963  65.563   8.096
 272 A N     H      600.00  77.729  36.342   5.907
 272 A N     H      800.00  69.675  63.475   7.112
 276 A N     H      600.00  68.360  33.219   2.499
 276 A N     H      800.00  52.625  57.911   2.098
 278 A N     H      600.00  56.065  48.031   1.813
 278 A N     H      800.00  61.720  84.299   2.110
 279 A N     H      600.00  60.795  51.964   4.476
 279 A N     H      800.00  61.339  91.307   4.178
 280 A N     H      600.00  66.808  52.685   5.395
 280 A N     H      800.00  68.744  92.590   4.889
 282 A N     H      600.00  65.773  52.109   5.376
 282 A N     H      800.00  70.355  91.564   6.330
 283 A N     H      600.00  78.493  37.834   4.627
 283 A N     H      800.00  83.518  66.133   5.573
 284 A N     H      600.00  83.978  38.216   7.130
 284 A N     H      800.00  84.002  66.814   7.883
 285 A N     H      600.00  77.482  33.840   3.482
 285 A N     H      800.00  80.719  59.017   3.317
 288 A N     H      600.00  41.309  39.732   1.543
 288 A N     H      800.00  49.101  69.515   1.544
 289 A N     H      600.00  43.508  33.315   1.145
 289 A N     H      800.00  44.220  58.082   1.118
 290 A N     H      600.00  31.419  33.241   0.725
 290 A N     H      800.00  33.113  57.950   0.721
 291 A N     H      600.00  52.234  34.551   1.391
 291 A N     H      800.00  61.949  60.284   1.345
 292 A N     H      600.00  57.448  51.573   3.318
 292 A N     H      800.00  59.190  90.609   3.531
 293 A N     H      600.00  69.923  38.102   2.612
 293 A N     H      800.00  81.936  66.610   3.214
 294 A N     H      600.00  69.392  40.192   3.205
 294 A N     H      800.00  60.032  70.333   4.096
 295 A N     H      600.00  67.680  40.208   3.320
 295 A N     H      800.00  77.581  70.363   4.367
 296 A N     H      600.00  80.857  44.467  10.558
 296 A N     H      800.00  71.342  77.949   8.389
 297 A N     H      600.00  74.417  35.343   5.254
 297 A N     H      800.00  78.092  61.697   5.719
 299 A N     H      600.00  95.177  33.183   6.938
 299 A N     H      800.00  93.245  57.846   6.642
 301 A N     H      600.00  62.582  37.408   2.640
 301 A N     H      800.00  62.747  65.374   2.688
 302 A N     H      600.00  73.358  33.313   2.191
 302 A N     H      800.00  76.112  58.079   3.344
 303 A N     H      600.00  68.018  41.326   2.894
 303 A N     H      800.00  76.288  72.354   3.493
 306 A N     H      600.00  65.300  45.176   4.075
 306 A N     H      800.00  65.389  79.213   6.039
 308 A N     H      600.00  76.153  46.489   2.168
 308 A N     H      800.00  77.893  81.552   2.668
 309 A N     H      600.00  72.742  51.113   4.476
 309 A N     H      800.00  72.358  89.789   4.849
 310 A N     H      600.00  65.027  49.082   4.493
 310 A N     H      800.00  65.292  86.170   5.173
 311 A N     H      600.00  65.822  49.324   1.714
 311 A N     H      800.00  66.784  86.602   2.031
 312 A N     H      600.00  70.407  36.121   6.201
 312 A N     H      800.00  72.877  63.081   5.820
 313 A N     H      600.00  86.183  33.280   7.078
 313 A N     H      800.00  82.381  58.020   6.778
 315 A N     H      600.00  71.068  45.103   2.165
 315 A N     H      800.00  68.689  79.083   2.518
 316 A N     H      600.00  76.946  33.815   5.308
 316 A N     H      800.00  83.749  58.973   6.982
 319 A N     H      600.00  71.217  51.640   4.076
 319 A N     H      800.00  86.559  90.730   4.760
 320 A N     H      600.00  77.443  33.180   2.730
 320 A N     H      800.00  88.995  57.841   3.968
 321 A N     H      600.00  73.990  42.531   4.030
 321 A N     H      800.00 103.596  74.500   9.933
 322 A N     H      600.00  81.159  34.562   5.581
 322 A N     H      800.00  75.294  60.305   5.205
 323 A N     H      600.00  71.677  33.418   2.913
 323 A N     H      800.00  81.083  58.266   3.237
 325 A N     H      600.00  77.011  54.767   5.346
 325 A N     H      800.00  89.988  96.300   6.904
 326 A N     H      600.00  89.389  48.752   3.797
 326 A N     H      800.00 109.576  85.582   4.535
 327 A N     H      600.00 112.467  33.703   9.023
 327 A N     H      800.00 115.099  58.773   8.710
 328 A N     H      600.00  75.736  36.010   5.209
 328 A N     H      800.00  82.009  62.884   5.998
 329 A N     H      600.00  61.145  44.925   3.631
 329 A N     H      800.00  65.549  78.765   4.025
 333 A N     H      600.00  67.844  55.069   5.308
 333 A N     H      800.00  71.355  96.840   6.514
 334 A N     H      600.00  76.454  39.224   5.713
 334 A N     H      800.00  91.485  68.610   7.505
 335 A N     H      600.00  86.555  34.200   6.516
 335 A N     H      800.00  80.883  59.659   6.559
 336 A N     H      600.00  29.528  33.167   0.636
 336 A N     H      800.00  50.625  57.819   1.687
 338 A N     H      600.00  72.396  49.057   1.995
 338 A N     H      800.00  81.949  86.126   2.768
 339 A N     H      600.00  66.346  49.073   2.838
 339 A N     H      800.00  65.210  86.155   2.650
 340 A N     H      600.00  48.794  42.378   4.072
 340 A N     H      800.00  77.013  74.228   6.294
 343 A N     H      600.00  74.421  43.166   2.816
 343 A N     H      800.00  85.404  75.632   3.207
 345 A N     H      600.00  85.262  34.057   5.525
 345 A N     H      800.00  92.947  59.404   5.992
 346 A N     H      600.00  89.901  47.635   5.667
 346 A N     H      800.00  98.215  83.592   7.024
 348 A N     H      600.00  86.655  55.107   5.399
 348 A N     H      800.00  89.131  96.908   6.850
 350 A N     H      600.00  74.773  33.169   5.801
 350 A N     H      800.00  79.602  57.822   6.181


====Full Rotdif Results: Anisotropic Solution====
<residue><chain><atom1><atom2><freq><rho_exp><rho_pred><rho_error>
 248 A N     H      600.00  43.466  39.466   1.416
 248 A N     H      800.00  47.421  68.945   1.347
 249 A N     H      600.00  63.341  56.376   3.399
 249 A N     H      800.00  62.099  99.124   3.381
 250 A N     H      600.00  85.718  51.064   9.568
 250 A N     H      800.00  89.260  89.657   9.839
 252 A N     H      600.00  63.916  48.726   3.458
 252 A N     H      800.00  65.320  85.484   3.182
 254 A N     H      600.00  79.122  45.883   2.615
 254 A N     H      800.00  83.060  80.472   2.714
 256 A N     H      600.00  74.131  39.719   2.719
 256 A N     H      800.00  75.847  69.427   3.880
 257 A N     H      600.00  86.146  50.305   3.696
 257 A N     H      800.00  97.965  88.292   4.539
 258 A N     H      600.00  84.057  45.156   3.494
 258 A N     H      800.00  76.879  79.111   4.108
 260 A N     H      600.00  63.416  39.044   5.522
 260 A N     H      800.00  56.320  68.308   5.695
 261 A N     H      600.00  74.678  38.129   3.256
 261 A N     H      800.00  81.573  66.652   4.219
 262 A N     H      600.00  61.758  38.978   3.165
 262 A N     H      800.00  63.536  68.164   3.714
 263 A N     H      600.00  86.118  48.113   7.541
 263 A N     H      800.00  75.555  84.426   6.226
 264 A N     H      600.00  90.828  49.662   6.525
 264 A N     H      800.00  93.126  87.133   7.311
 265 A N     H      600.00  84.242  36.694   4.425
 265 A N     H      800.00  70.847  64.100   4.199
 266 A N     H      600.00  73.332  40.725   4.576
 266 A N     H      800.00  69.425  71.232   5.142
 268 A N     H      600.00  57.922  51.454   3.557
 268 A N     H      800.00  68.388  90.349   4.643
 269 A N     H      600.00  71.296  45.578   5.667
 269 A N     H      800.00  74.622  79.934   5.729
 270 A N     H      600.00  73.008  56.102   2.386
 270 A N     H      800.00  62.646  98.643   3.247
 271 A N     H      600.00  86.249  39.239   7.065
 271 A N     H      800.00  89.963  68.593   8.096
 272 A N     H      600.00  77.729  37.202   5.907
 272 A N     H      800.00  69.675  65.005   7.112
 276 A N     H      600.00  68.360  29.101   2.499
 276 A N     H      800.00  52.625  50.650   2.098
 278 A N     H      600.00  56.065  50.188   1.813
 278 A N     H      800.00  61.720  88.075   2.110
 279 A N     H      600.00  60.795  51.677   4.476
 279 A N     H      800.00  61.339  90.781   4.178
 280 A N     H      600.00  66.808  52.461   5.395
 280 A N     H      800.00  68.744  92.175   4.889
 282 A N     H      600.00  65.773  53.841   5.376
 282 A N     H      800.00  70.355  94.603   6.330
 283 A N     H      600.00  78.493  43.117   4.627
 283 A N     H      800.00  83.518  75.463   5.573
 284 A N     H      600.00  83.978  43.275   7.130
 284 A N     H      800.00  84.002  75.742   7.883
 285 A N     H      600.00  77.482  39.446   3.482
 285 A N     H      800.00  80.719  68.916   3.317
 288 A N     H      600.00  41.309  40.547   1.543
 288 A N     H      800.00  49.101  70.936   1.544
 289 A N     H      600.00  43.508  29.418   1.145
 289 A N     H      800.00  44.220  51.213   1.118
 290 A N     H      600.00  31.419  29.640   0.725
 290 A N     H      800.00  33.113  51.603   0.721
 291 A N     H      600.00  52.234  32.909   1.391
 291 A N     H      800.00  61.949  57.397   1.345
 292 A N     H      600.00  57.448  52.773   3.318
 292 A N     H      800.00  59.190  92.691   3.531
 293 A N     H      600.00  69.923  36.520   2.612
 293 A N     H      800.00  81.936  63.828   3.214
 294 A N     H      600.00  69.392  40.971   3.205
 294 A N     H      800.00  60.032  71.718   4.096
 295 A N     H      600.00  67.680  38.878   3.320
 295 A N     H      800.00  77.581  68.023   4.367
 296 A N     H      600.00  80.857  43.142  10.558
 296 A N     H      800.00  71.342  75.610   8.389
 297 A N     H      600.00  74.417  34.318   5.254
 297 A N     H      800.00  78.092  59.879   5.719
 299 A N     H      600.00  95.177  39.026   6.938
 299 A N     H      800.00  93.245  68.161   6.642
 301 A N     H      600.00  62.582  38.763   2.640
 301 A N     H      800.00  62.747  67.777   2.688
 302 A N     H      600.00  73.358  38.905   2.191
 302 A N     H      800.00  76.112  67.949   3.344
 303 A N     H      600.00  68.018  45.106   2.894
 303 A N     H      800.00  76.288  79.016   3.493
 306 A N     H      600.00  65.300  46.072   4.075
 306 A N     H      800.00  65.389  80.796   6.039
 308 A N     H      600.00  76.153  46.237   2.168
 308 A N     H      800.00  77.893  81.069   2.668
 309 A N     H      600.00  72.742  49.243   4.476
 309 A N     H      800.00  72.358  86.434   4.849
 310 A N     H      600.00  65.027  44.519   4.493
 310 A N     H      800.00  65.292  78.053   5.173
 311 A N     H      600.00  65.822  50.782   1.714
 311 A N     H      800.00  66.784  89.144   2.031
 312 A N     H      600.00  70.407  38.897   6.201
 312 A N     H      800.00  72.877  67.977   5.820
 313 A N     H      600.00  86.183  38.149   7.078
 313 A N     H      800.00  82.381  66.614   6.778
 315 A N     H      600.00  71.068  46.251   2.165
 315 A N     H      800.00  68.689  81.081   2.518
 316 A N     H      600.00  76.946  37.167   5.308
 316 A N     H      800.00  83.749  64.895   6.982
 319 A N     H      600.00  71.217  53.165   4.076
 319 A N     H      800.00  86.559  93.384   4.760
 320 A N     H      600.00  77.443  37.147   2.730
 320 A N     H      800.00  88.995  64.846   3.968
 321 A N     H      600.00  73.990  43.319   4.030
 321 A N     H      800.00 103.596  75.891   9.933
 322 A N     H      600.00  81.159  40.271   5.581
 322 A N     H      800.00  75.294  70.381   5.205
 323 A N     H      600.00  71.677  31.249   2.913
 323 A N     H      800.00  81.083  54.446   3.237
 325 A N     H      600.00  77.011  54.878   5.346
 325 A N     H      800.00  89.988  96.469   6.904
 326 A N     H      600.00  89.389  45.540   3.797
 326 A N     H      800.00 109.576  79.854   4.535
 327 A N     H      600.00 112.467  39.233   9.023
 327 A N     H      800.00 115.099  68.533   8.710
 328 A N     H      600.00  75.736  41.626   5.209
 328 A N     H      800.00  82.009  72.801   5.998
 329 A N     H      600.00  61.145  47.896   3.631
 329 A N     H      800.00  65.549  84.009   4.025
 333 A N     H      600.00  67.844  55.358   5.308
 333 A N     H      800.00  71.355  97.318   6.514
 334 A N     H      600.00  76.454  43.986   5.713
 334 A N     H      800.00  91.485  77.007   7.505
 335 A N     H      600.00  86.555  39.941   6.516
 335 A N     H      800.00  80.883  69.796   6.559
 336 A N     H      600.00  29.528  38.618   0.636
 336 A N     H      800.00  50.625  67.441   1.687
 338 A N     H      600.00  72.396  43.637   1.995
 338 A N     H      800.00  81.949  76.490   2.768
 339 A N     H      600.00  66.346  49.325   2.838
 339 A N     H      800.00  65.210  86.587   2.650
 340 A N     H      600.00  48.794  40.765   4.072
 340 A N     H      800.00  77.013  71.384   6.294
 343 A N     H      600.00  74.421  46.998   2.816
 343 A N     H      800.00  85.404  82.396   3.207
 345 A N     H      600.00  85.262  39.846   5.525
 345 A N     H      800.00  92.947  69.622   5.992
 346 A N     H      600.00  89.901  49.087   5.667
 346 A N     H      800.00  98.215  86.121   7.024
 348 A N     H      600.00  86.655  52.012   5.399
 348 A N     H      800.00  89.131  91.368   6.850
 350 A N     H      600.00  74.773  38.345   5.801
 350 A N     H      800.00  79.602  66.960   6.181

=====ROBUST REGRESSION: Off=====

=====ORIENTATION SAMPLING=====
Number of rigid bonds = 73
Sampling Param Xi = 0.045 Vectors are uniformly distributed.
Sampling Tensor Components = [0.166, 0.030, -0.197].

=====ISOTROPIC MODEL=====
Diso = 1.21 +/- NaN *(10^7) 1/s
TAUc = 13.79 +/- NaN ns
Q = 1.372  chi^2 = 10362.893  chi^2/df = 71.468 (Rigid Only)
Akaike Information Criterion (AIC): Value = 10364.893

=====AXIALLY-SYMMETRIC MODEL (PROLATE)=====
D_perp = 0.96 +/- NaN *(10^7) 1/s
D_parallel = 1.70 +/- NaN *(10^7) 1/s
alpha = 78 +/- NaN  deg
beta = 163 +/- NaN  deg
Orientational Uncertainty = NaN deg
TAUc = 13.84 +/- NaN ns
anisotropy = 1.78 +/- NaN
Q = 1.332  R = 0.114  chi^2 = 8174.524  chi^2/df = 57.567 (Rigid Only)
Inertia Tensor Unique Axis Difference = 53 deg
ELM Predicted Tensor Unique Axis Difference = 52 deg
F-test (0.05): Axially-Symmetric model better than Isotropic? true, P = 2.18e-07, F = 12.67
Akaike Information Criterion (AIC): Value = 8182.524,
   =>Axially-Symmetric model better than Isotropic? true

==Axially-Symmetric Diffusion Tensor==
    [  0.959   0.013  -0.044]     [    NaN     NaN     NaN]
D = [  0.013   1.015  -0.200] +/- [    NaN     NaN     NaN] *(10^7) 1/s
    [ -0.044  -0.200   1.638]     [    NaN     NaN     NaN]

==Axially-Symmetric Diffusion Tensor Sorted Eigendecomposition==
    [  -0.977     0.204     0.061][   0.956     0.000     0.000][  -0.977     0.213    -0.000]
D = [   0.213     0.936     0.281][   0.000     0.956     0.000][   0.204     0.936     0.288] *(10^7) 1/s
    [  -0.000     0.288    -0.958][   0.000     0.000     1.699][   0.061     0.281    -0.958]

=====FULLY ANISOTROPIC MODEL=====
Dx = 0.78 +/- NaN *(10^7) 1/s
Dy = 1.16 +/- NaN *(10^7) 1/s
Dz = 1.68 +/- NaN *(10^7) 1/s
alpha = 73 +/- NaN  deg
beta = 167 +/- NaN  deg
gamma = 154 +/- NaN deg
Orientational Uncertainty = NaN deg
TAUc = 13.82 +/- NaN ns
anisotropy = 1.73 +/- NaN
rhombicity = 0.81 +/- NaN
Q = 1.250  R = 0.176  chi^2 = 7653.498  chi^2/df = 54.668 (Rigid Only)
Axially-Symmetric Tensor Primary Axis Difference = 4 deg
Inertia Tensor Primary Axis Difference = 54 deg
Inertia Tensor Orientational Difference = 91 deg
ELM Predicted Tensor Primary Axis Difference = 53 deg
ELM Predicted Tensor Orientational Difference = 91 deg
F-test (0.05): Anisotropic model better than Isotropic? true, P = 3.92e-08, F = 9.91
F-test (0.05): Anisotropic model better than Axially-Symmetric? true, P = 9.95e-03, F = 4.77
Akaike Information Criterion (AIC): Value = 7665.498,
   =>Anisotropic model better than Isotropic? true
   =>Anisotropic model better than Axially-Symmteric? true

==Anistropic Diffusion Tensor==
    [  1.153   0.066  -0.019]     [    NaN     NaN     NaN]
D = [  0.066   0.828  -0.179] +/- [    NaN     NaN     NaN] *(10^7) 1/s
    [ -0.019  -0.179   1.636]     [    NaN     NaN     NaN]

==Anistropic Diffusion Tensor Sorted Eigendecomposition==
    [  -0.162     0.985     0.063][   0.780     0.000     0.000][  -0.162     0.967     0.198]
D = [   0.967     0.146     0.211][   0.000     1.161     0.000][   0.985     0.146     0.095] *(10^7) 1/s
    [   0.198     0.095    -0.976][   0.000     0.000     1.676][   0.063     0.211    -0.976]

====Full Rotdif Results: Isotropic Solution====
<residue><chain><atom1><atom2><freq><rho_exp><rho_pred><rho_error>
 248 A N     H      600.00  43.466  38.373   1.416
 248 A N     H      800.00  47.421  67.182   1.347
 249 A N     H      600.00  63.341  38.373   3.399
 249 A N     H      800.00  62.099  67.182   3.381
 250 A N     H      600.00  85.718  38.373   9.568
 250 A N     H      800.00  89.260  67.182   9.839
 252 A N     H      600.00  63.916  38.373   3.458
 252 A N     H      800.00  65.320  67.182   3.182
 254 A N     H      600.00  79.122  38.373   2.615
 254 A N     H      800.00  83.060  67.182   2.714
 256 A N     H      600.00  74.131  38.373   2.719
 256 A N     H      800.00  75.847  67.182   3.880
 257 A N     H      600.00  86.146  38.373   3.696
 257 A N     H      800.00  97.965  67.182   4.539
 258 A N     H      600.00  84.057  38.373   3.494
 258 A N     H      800.00  76.879  67.182   4.108
 260 A N     H      600.00  63.416  38.373   5.522
 260 A N     H      800.00  56.320  67.182   5.695
 261 A N     H      600.00  74.678  38.373   3.256
 261 A N     H      800.00  81.573  67.182   4.219
 262 A N     H      600.00  61.758  38.373   3.165
 262 A N     H      800.00  63.536  67.182   3.714
 263 A N     H      600.00  86.118  38.373   7.541
 263 A N     H      800.00  75.555  67.182   6.226
 264 A N     H      600.00  90.828  38.373   6.525
 264 A N     H      800.00  93.126  67.182   7.311
 265 A N     H      600.00  84.242  38.373   4.425
 265 A N     H      800.00  70.847  67.182   4.199
 266 A N     H      600.00  73.332  38.373   4.576
 266 A N     H      800.00  69.425  67.182   5.142
 268 A N     H      600.00  57.922  38.373   3.557
 268 A N     H      800.00  68.388  67.182   4.643
 269 A N     H      600.00  71.296  38.373   5.667
 269 A N     H      800.00  74.622  67.182   5.729
 270 A N     H      600.00  73.008  38.373   2.386
 270 A N     H      800.00  62.646  67.182   3.247
 271 A N     H      600.00  86.249  38.373   7.065
 271 A N     H      800.00  89.963  67.182   8.096
 272 A N     H      600.00  77.729  38.373   5.907
 272 A N     H      800.00  69.675  67.182   7.112
 276 A N     H      600.00  68.360  38.373   2.499
 276 A N     H      800.00  52.625  67.182   2.098
 278 A N     H      600.00  56.065  38.373   1.813
 278 A N     H      800.00  61.720  67.182   2.110
 279 A N     H      600.00  60.795  38.373   4.476
 279 A N     H      800.00  61.339  67.182   4.178
 280 A N     H      600.00  66.808  38.373   5.395
 280 A N     H      800.00  68.744  67.182   4.889
 282 A N     H      600.00  65.773  38.373   5.376
 282 A N     H      800.00  70.355  67.182   6.330
 283 A N     H      600.00  78.493  38.373   4.627
 283 A N     H      800.00  83.518  67.182   5.573
 284 A N     H      600.00  83.978  38.373   7.130
 284 A N     H      800.00  84.002  67.182   7.883
 285 A N     H      600.00  77.482  38.373   3.482
 285 A N     H      800.00  80.719  67.182   3.317
 288 A N     H      600.00  41.309  38.373   1.543
 288 A N     H      800.00  49.101  67.182   1.544
 289 A N     H      600.00  43.508  38.373   1.145
 289 A N     H      800.00  44.219  67.182   1.118
 290 A N     H      600.00  31.419  38.373   0.725
 290 A N     H      800.00  33.113  67.182   0.721
 291 A N     H      600.00  52.234  38.373   1.391
 291 A N     H      800.00  61.949  67.182   1.345
 292 A N     H      600.00  57.448  38.373   3.318
 292 A N     H      800.00  59.190  67.182   3.531
 293 A N     H      600.00  69.923  38.373   2.612
 293 A N     H      800.00  81.936  67.182   3.214
 294 A N     H      600.00  69.392  38.373   3.205
 294 A N     H      800.00  60.032  67.182   4.096
 295 A N     H      600.00  67.680  38.373   3.320
 295 A N     H      800.00  77.581  67.182   4.367
 296 A N     H      600.00  80.857  38.373  10.558
 296 A N     H      800.00  71.342  67.182   8.389
 297 A N     H      600.00  74.417  38.373   5.254
 297 A N     H      800.00  78.092  67.182   5.719
 299 A N     H      600.00  95.177  38.373   6.938
 299 A N     H      800.00  93.245  67.182   6.642
 301 A N     H      600.00  62.582  38.373   2.640
 301 A N     H      800.00  62.747  67.182   2.688
 302 A N     H      600.00  73.358  38.373   2.191
 302 A N     H      800.00  76.112  67.182   3.344
 303 A N     H      600.00  68.018  38.373   2.894
 303 A N     H      800.00  76.288  67.182   3.493
 306 A N     H      600.00  65.300  38.373   4.075
 306 A N     H      800.00  65.389  67.182   6.039
 308 A N     H      600.00  76.153  38.373   2.168
 308 A N     H      800.00  77.893  67.182   2.668
 309 A N     H      600.00  72.742  38.373   4.476
 309 A N     H      800.00  72.358  67.182   4.849
 310 A N     H      600.00  65.027  38.373   4.493
 310 A N     H      800.00  65.292  67.182   5.173
 311 A N     H      600.00  65.822  38.373   1.714
 311 A N     H      800.00  66.784  67.182   2.031
 312 A N     H      600.00  70.407  38.373   6.201
 312 A N     H      800.00  72.877  67.182   5.820
 313 A N     H      600.00  86.183  38.373   7.078
 313 A N     H      800.00  82.381  67.182   6.778
 315 A N     H      600.00  71.068  38.373   2.165
 315 A N     H      800.00  68.689  67.182   2.518
 316 A N     H      600.00  76.946  38.373   5.308
 316 A N     H      800.00  83.749  67.182   6.982
 319 A N     H      600.00  71.217  38.373   4.076
 319 A N     H      800.00  86.559  67.182   4.760
 320 A N     H      600.00  77.443  38.373   2.730
 320 A N     H      800.00  88.995  67.182   3.968
 321 A N     H      600.00  73.990  38.373   4.030
 321 A N     H      800.00 103.596  67.182   9.933
 322 A N     H      600.00  81.159  38.373   5.581
 322 A N     H      800.00  75.294  67.182   5.205
 323 A N     H      600.00  71.677  38.373   2.913
 323 A N     H      800.00  81.083  67.182   3.237
 325 A N     H      600.00  77.011  38.373   5.346
 325 A N     H      800.00  89.988  67.182   6.904
 326 A N     H      600.00  89.389  38.373   3.797
 326 A N     H      800.00 109.576  67.182   4.535
 327 A N     H      600.00 112.467  38.373   9.023
 327 A N     H      800.00 115.099  67.182   8.710
 328 A N     H      600.00  75.736  38.373   5.209
 328 A N     H      800.00  82.009  67.182   5.998
 329 A N     H      600.00  61.145  38.373   3.631
 329 A N     H      800.00  65.549  67.182   4.025
 333 A N     H      600.00  67.844  38.373   5.308
 333 A N     H      800.00  71.355  67.182   6.514
 334 A N     H      600.00  76.454  38.373   5.713
 334 A N     H      800.00  91.485  67.182   7.505
 335 A N     H      600.00  86.555  38.373   6.516
 335 A N     H      800.00  80.883  67.182   6.559
 336 A N     H      600.00  29.528  38.373   0.636
 336 A N     H      800.00  50.625  67.182   1.687
 338 A N     H      600.00  72.396  38.373   1.995
 338 A N     H      800.00  81.949  67.182   2.768
 339 A N     H      600.00  66.346  38.373   2.838
 339 A N     H      800.00  65.210  67.182   2.650
 340 A N     H      600.00  48.794  38.373   4.072
 340 A N     H      800.00  77.013  67.182   6.294
 343 A N     H      600.00  74.421  38.373   2.816
 343 A N     H      800.00  85.404  67.182   3.207
 345 A N     H      600.00  85.262  38.373   5.525
 345 A N     H      800.00  92.947  67.182   5.992
 346 A N     H      600.00  89.901  38.373   5.667
 346 A N     H      800.00  98.215  67.182   7.024
 348 A N     H      600.00  86.655  38.373   5.399
 348 A N     H      800.00  89.131  67.182   6.850
 350 A N     H      600.00  74.773  38.373   5.801
 350 A N     H      800.00  79.602  67.182   6.181


====Full Rotdif Results: Axially-Symmetric Solution====
<residue><chain><atom1><atom2><freq><rho_exp><rho_pred><rho_error>
 248 A N     H      600.00  43.466  33.597   1.416
 248 A N     H      800.00  47.421  58.584   1.347
 249 A N     H      600.00  63.340  57.833   3.399
 249 A N     H      800.00  62.099 101.765   3.381
 250 A N     H      600.00  85.718  51.417   9.568
 250 A N     H      800.00  89.260  90.331   9.839
 252 A N     H      600.00  63.916  47.351   3.458
 252 A N     H      800.00  65.320  83.087   3.182
 254 A N     H      600.00  79.122  49.575   2.615
 254 A N     H      800.00  83.060  87.048   2.714
 256 A N     H      600.00  74.131  35.954   2.719
 256 A N     H      800.00  75.847  62.785   3.880
 257 A N     H      600.00  86.146  49.196   3.696
 257 A N     H      800.00  97.965  86.374   4.539
 258 A N     H      600.00  84.057  42.505   3.494
 258 A N     H      800.00  76.879  74.454   4.108
 260 A N     H      600.00  63.416  42.468   5.522
 260 A N     H      800.00  56.320  74.388   5.695
 261 A N     H      600.00  74.678  37.283   3.256
 261 A N     H      800.00  81.573  65.151   4.219
 262 A N     H      600.00  61.758  38.057   3.165
 262 A N     H      800.00  63.536  66.531   3.714
 263 A N     H      600.00  86.118  47.190   7.541
 263 A N     H      800.00  75.555  82.800   6.226
 264 A N     H      600.00  90.828  46.840   6.525
 264 A N     H      800.00  93.126  82.176   7.311
 265 A N     H      600.00  84.242  36.028   4.425
 265 A N     H      800.00  70.847  62.917   4.199
 266 A N     H      600.00  73.332  38.122   4.576
 266 A N     H      800.00  69.425  66.646   5.142
 268 A N     H      600.00  57.922  51.010   3.557
 268 A N     H      800.00  68.388  89.606   4.643
 269 A N     H      600.00  71.296  49.946   5.667
 269 A N     H      800.00  74.622  87.710   5.729
 270 A N     H      600.00  73.008  58.458   2.386
 270 A N     H      800.00  62.646 102.879   3.247
 271 A N     H      600.00  86.249  37.513   7.065
 271 A N     H      800.00  89.963  65.563   8.096
 272 A N     H      600.00  77.729  36.342   5.907
 272 A N     H      800.00  69.675  63.475   7.112
 276 A N     H      600.00  68.360  33.219   2.499
 276 A N     H      800.00  52.625  57.911   2.098
 278 A N     H      600.00  56.065  48.031   1.813
 278 A N     H      800.00  61.720  84.299   2.110
 279 A N     H      600.00  60.795  51.964   4.476
 279 A N     H      800.00  61.339  91.307   4.178
 280 A N     H      600.00  66.808  52.685   5.395
 280 A N     H      800.00  68.744  92.590   4.889
 282 A N     H      600.00  65.773  52.109   5.376
 282 A N     H      800.00  70.355  91.564   6.330
 283 A N     H      600.00  78.493  37.834   4.627
 283 A N     H      800.00  83.518  66.133   5.573
 284 A N     H      600.00  83.978  38.216   7.130
 284 A N     H      800.00  84.002  66.814   7.883
 285 A N     H      600.00  77.482  33.840   3.482
 285 A N     H      800.00  80.719  59.017   3.317
 288 A N     H      600.00  41.309  39.732   1.543
 288 A N     H      800.00  49.101  69.515   1.544
 289 A N     H      600.00  43.508  33.315   1.145
 289 A N     H      800.00  44.220  58.082   1.118
 290 A N     H      600.00  31.419  33.241   0.725
 290 A N     H      800.00  33.113  57.950   0.721
 291 A N     H      600.00  52.234  34.551   1.391
 291 A N     H      800.00  61.949  60.284   1.345
 292 A N     H      600.00  57.448  51.573   3.318
 292 A N     H      800.00  59.190  90.609   3.531
 293 A N     H      600.00  69.923  38.102   2.612
 293 A N     H      800.00  81.936  66.610   3.214
 294 A N     H      600.00  69.392  40.192   3.205
 294 A N     H      800.00  60.032  70.333   4.096
 295 A N     H      600.00  67.680  40.208   3.320
 295 A N     H      800.00  77.581  70.363   4.367
 296 A N     H      600.00  80.857  44.467  10.558
 296 A N     H      800.00  71.342  77.949   8.389
 297 A N     H      600.00  74.417  35.343   5.254
 297 A N     H      800.00  78.092  61.697   5.719
 299 A N     H      600.00  95.177  33.183   6.938
 299 A N     H      800.00  93.245  57.846   6.642
 301 A N     H      600.00  62.582  37.408   2.640
 301 A N     H      800.00  62.747  65.374   2.688
 302 A N     H      600.00  73.358  33.313   2.191
 302 A N     H      800.00  76.112  58.079   3.344
 303 A N     H      600.00  68.018  41.326   2.894
 303 A N     H      800.00  76.288  72.354   3.493
 306 A N     H      600.00  65.300  45.176   4.075
 306 A N     H      800.00  65.389  79.213   6.039
 308 A N     H      600.00  76.153  46.489   2.168
 308 A N     H      800.00  77.893  81.552   2.668
 309 A N     H      600.00  72.742  51.113   4.476
 309 A N     H      800.00  72.358  89.789   4.849
 310 A N     H      600.00  65.027  49.082   4.493
 310 A N     H      800.00  65.292  86.170   5.173
 311 A N     H      600.00  65.822  49.324   1.714
 311 A N     H      800.00  66.784  86.602   2.031
 312 A N     H      600.00  70.407  36.121   6.201
 312 A N     H      800.00  72.877  63.081   5.820
 313 A N     H      600.00  86.183  33.280   7.078
 313 A N     H      800.00  82.381  58.020   6.778
 315 A N     H      600.00  71.068  45.103   2.165
 315 A N     H      800.00  68.689  79.083   2.518
 316 A N     H      600.00  76.946  33.815   5.308
 316 A N     H      800.00  83.749  58.973   6.982
 319 A N     H      600.00  71.217  51.640   4.076
 319 A N     H      800.00  86.559  90.730   4.760
 320 A N     H      600.00  77.443  33.180   2.730
 320 A N     H      800.00  88.995  57.841   3.968
 321 A N     H      600.00  73.990  42.531   4.030
 321 A N     H      800.00 103.596  74.500   9.933
 322 A N     H      600.00  81.159  34.562   5.581
 322 A N     H      800.00  75.294  60.305   5.205
 323 A N     H      600.00  71.677  33.418   2.913
 323 A N     H      800.00  81.083  58.266   3.237
 325 A N     H      600.00  77.011  54.767   5.346
 325 A N     H      800.00  89.988  96.300   6.904
 326 A N     H      600.00  89.389  48.752   3.797
 326 A N     H      800.00 109.576  85.582   4.535
 327 A N     H      600.00 112.467  33.703   9.023
 327 A N     H      800.00 115.099  58.773   8.710
 328 A N     H      600.00  75.736  36.010   5.209
 328 A N     H      800.00  82.009  62.884   5.998
 329 A N     H      600.00  61.145  44.925   3.631
 329 A N     H      800.00  65.549  78.765   4.025
 333 A N     H      600.00  67.844  55.069   5.308
 333 A N     H      800.00  71.355  96.840   6.514
 334 A N     H      600.00  76.454  39.224   5.713
 334 A N     H      800.00  91.485  68.610   7.505
 335 A N     H      600.00  86.555  34.200   6.516
 335 A N     H      800.00  80.883  59.659   6.559
 336 A N     H      600.00  29.528  33.167   0.636
 336 A N     H      800.00  50.625  57.819   1.687
 338 A N     H      600.00  72.396  49.057   1.995
 338 A N     H      800.00  81.949  86.126   2.768
 339 A N     H      600.00  66.346  49.073   2.838
 339 A N     H      800.00  65.210  86.155   2.650
 340 A N     H      600.00  48.794  42.378   4.072
 340 A N     H      800.00  77.013  74.228   6.294
 343 A N     H      600.00  74.421  43.166   2.816
 343 A N     H      800.00  85.404  75.632   3.207
 345 A N     H      600.00  85.262  34.057   5.525
 345 A N     H      800.00  92.947  59.404   5.992
 346 A N     H      600.00  89.901  47.635   5.667
 346 A N     H      800.00  98.215  83.592   7.024
 348 A N     H      600.00  86.655  55.107   5.399
 348 A N     H      800.00  89.131  96.908   6.850
 350 A N     H      600.00  74.773  33.169   5.801
 350 A N     H      800.00  79.602  57.822   6.181


====Full Rotdif Results: Anisotropic Solution====
<residue><chain><atom1><atom2><freq><rho_exp><rho_pred><rho_error>
 248 A N     H      600.00  43.466  39.466   1.416
 248 A N     H      800.00  47.421  68.945   1.347
 249 A N     H      600.00  63.341  56.376   3.399
 249 A N     H      800.00  62.099  99.124   3.381
 250 A N     H      600.00  85.718  51.064   9.568
 250 A N     H      800.00  89.260  89.657   9.839
 252 A N     H      600.00  63.916  48.726   3.458
 252 A N     H      800.00  65.320  85.484   3.182
 254 A N     H      600.00  79.122  45.883   2.615
 254 A N     H      800.00  83.060  80.472   2.714
 256 A N     H      600.00  74.131  39.719   2.719
 256 A N     H      800.00  75.847  69.427   3.880
 257 A N     H      600.00  86.146  50.305   3.696
 257 A N     H      800.00  97.965  88.292   4.539
 258 A N     H      600.00  84.057  45.156   3.494
 258 A N     H      800.00  76.879  79.111   4.108
 260 A N     H      600.00  63.416  39.044   5.522
 260 A N     H      800.00  56.320  68.308   5.695
 261 A N     H      600.00  74.678  38.129   3.256
 261 A N     H      800.00  81.573  66.652   4.219
 262 A N     H      600.00  61.758  38.978   3.165
 262 A N     H      800.00  63.536  68.164   3.714
 263 A N     H      600.00  86.118  48.113   7.541
 263 A N     H      800.00  75.555  84.426   6.226
 264 A N     H      600.00  90.828  49.662   6.525
 264 A N     H      800.00  93.126  87.133   7.311
 265 A N     H      600.00  84.242  36.694   4.425
 265 A N     H      800.00  70.847  64.100   4.199
 266 A N     H      600.00  73.332  40.725   4.576
 266 A N     H      800.00  69.425  71.232   5.142
 268 A N     H      600.00  57.922  51.454   3.557
 268 A N     H      800.00  68.388  90.349   4.643
 269 A N     H      600.00  71.296  45.578   5.667
 269 A N     H      800.00  74.622  79.934   5.729
 270 A N     H      600.00  73.008  56.102   2.386
 270 A N     H      800.00  62.646  98.643   3.247
 271 A N     H      600.00  86.249  39.239   7.065
 271 A N     H      800.00  89.963  68.593   8.096
 272 A N     H      600.00  77.729  37.202   5.907
 272 A N     H      800.00  69.675  65.005   7.112
 276 A N     H      600.00  68.360  29.101   2.499
 276 A N     H      800.00  52.625  50.650   2.098
 278 A N     H      600.00  56.065  50.188   1.813
 278 A N     H      800.00  61.720  88.075   2.110
 279 A N     H      600.00  60.795  51.677   4.476
 279 A N     H      800.00  61.339  90.781   4.178
 280 A N     H      600.00  66.808  52.461   5.395
 280 A N     H      800.00  68.744  92.175   4.889
 282 A N     H      600.00  65.773  53.841   5.376
 282 A N     H      800.00  70.355  94.603   6.330
 283 A N     H      600.00  78.493  43.117   4.627
 283 A N     H      800.00  83.518  75.463   5.573
 284 A N     H      600.00  83.978  43.275   7.130
 284 A N     H      800.00  84.002  75.742   7.883
 285 A N     H      600.00  77.482  39.446   3.482
 285 A N     H      800.00  80.719  68.916   3.317
 288 A N     H      600.00  41.309  40.547   1.543
 288 A N     H      800.00  49.101  70.936   1.544
 289 A N     H      600.00  43.508  29.418   1.145
 289 A N     H      800.00  44.220  51.213   1.118
 290 A N     H      600.00  31.419  29.640   0.725
 290 A N     H      800.00  33.113  51.603   0.721
 291 A N     H      600.00  52.234  32.909   1.391
 291 A N     H      800.00  61.949  57.397   1.345
 292 A N     H      600.00  57.448  52.773   3.318
 292 A N     H      800.00  59.190  92.691   3.531
 293 A N     H      600.00  69.923  36.520   2.612
 293 A N     H      800.00  81.936  63.828   3.214
 294 A N     H      600.00  69.392  40.971   3.205
 294 A N     H      800.00  60.032  71.718   4.096
 295 A N     H      600.00  67.680  38.878   3.320
 295 A N     H      800.00  77.581  68.023   4.367
 296 A N     H      600.00  80.857  43.142  10.558
 296 A N     H      800.00  71.342  75.610   8.389
 297 A N     H      600.00  74.417  34.318   5.254
 297 A N     H      800.00  78.092  59.879   5.719
 299 A N     H      600.00  95.177  39.026   6.938
 299 A N     H      800.00  93.245  68.161   6.642
 301 A N     H      600.00  62.582  38.763   2.640
 301 A N     H      800.00  62.747  67.777   2.688
 302 A N     H      600.00  73.358  38.905   2.191
 302 A N     H      800.00  76.112  67.949   3.344
 303 A N     H      600.00  68.018  45.106   2.894
 303 A N     H      800.00  76.288  79.016   3.493
 306 A N     H      600.00  65.300  46.072   4.075
 306 A N     H      800.00  65.389  80.796   6.039
 308 A N     H      600.00  76.153  46.237   2.168
 308 A N     H      800.00  77.893  81.069   2.668
 309 A N     H      600.00  72.742  49.243   4.476
 309 A N     H      800.00  72.358  86.434   4.849
 310 A N     H      600.00  65.027  44.519   4.493
 310 A N     H      800.00  65.292  78.053   5.173
 311 A N     H      600.00  65.822  50.782   1.714
 311 A N     H      800.00  66.784  89.144   2.031
 312 A N     H      600.00  70.407  38.897   6.201
 312 A N     H      800.00  72.877  67.977   5.820
 313 A N     H      600.00  86.183  38.149   7.078
 313 A N     H      800.00  82.381  66.614   6.778
 315 A N     H      600.00  71.068  46.251   2.165
 315 A N     H      800.00  68.689  81.081   2.518
 316 A N     H      600.00  76.946  37.167   5.308
 316 A N     H      800.00  83.749  64.895   6.982
 319 A N     H      600.00  71.217  53.165   4.076
 319 A N     H      800.00  86.559  93.384   4.760
 320 A N     H      600.00  77.443  37.147   2.730
 320 A N     H      800.00  88.995  64.846   3.968
 321 A N     H      600.00  73.990  43.319   4.030
 321 A N     H      800.00 103.596  75.891   9.933
 322 A N     H      600.00  81.159  40.271   5.581
 322 A N     H      800.00  75.294  70.381   5.205
 323 A N     H      600.00  71.677  31.249   2.913
 323 A N     H      800.00  81.083  54.446   3.237
 325 A N     H      600.00  77.011  54.878   5.346
 325 A N     H      800.00  89.988  96.469   6.904
 326 A N     H      600.00  89.389  45.540   3.797
 326 A N     H      800.00 109.576  79.854   4.535
 327 A N     H      600.00 112.467  39.233   9.023
 327 A N     H      800.00 115.099  68.533   8.710
 328 A N     H      600.00  75.736  41.626   5.209
 328 A N     H      800.00  82.009  72.801   5.998
 329 A N     H      600.00  61.145  47.896   3.631
 329 A N     H      800.00  65.549  84.009   4.025
 333 A N     H      600.00  67.844  55.358   5.308
 333 A N     H      800.00  71.355  97.318   6.514
 334 A N     H      600.00  76.454  43.986   5.713
 334 A N     H      800.00  91.485  77.007   7.505
 335 A N     H      600.00  86.555  39.941   6.516
 335 A N     H      800.00  80.883  69.796   6.559
 336 A N     H      600.00  29.528  38.618   0.636
 336 A N     H      800.00  50.625  67.441   1.687
 338 A N     H      600.00  72.396  43.637   1.995
 338 A N     H      800.00  81.949  76.490   2.768
 339 A N     H      600.00  66.346  49.325   2.838
 339 A N     H      800.00  65.210  86.587   2.650
 340 A N     H      600.00  48.794  40.765   4.072
 340 A N     H      800.00  77.013  71.384   6.294
 343 A N     H      600.00  74.421  46.998   2.816
 343 A N     H      800.00  85.404  82.396   3.207
 345 A N     H      600.00  85.262  39.846   5.525
 345 A N     H      800.00  92.947  69.622   5.992
 346 A N     H      600.00  89.901  49.087   5.667
 346 A N     H      800.00  98.215  86.121   7.024
 348 A N     H      600.00  86.655  52.012   5.399
 348 A N     H      800.00  89.131  91.368   6.850
 350 A N     H      600.00  74.773  38.345   5.801
 350 A N     H      800.00  79.602  66.960   6.181

