Options:
temp = 298.0
robust = false
relax = p50ddhomo_800Mhz2.txt
elm = false
axes = true
axesl = 5.0
pdb = p50homo.pdb
out = out
help = false
nostat = false
nodynamics = true
nogui = true
model = 1
wr = 1.4
dock = false
sr = 2.2

Extracting experimental data....done.
Parsing pdb file....done.
TEST: Computing results....
 Percent 10.3%

 Percent 20.5%

 Percent 30.7%

 Percent 40.8%

 Percent 51.0%

 Percent 61.2%

 Percent 71.4%

 Percent 81.6%

 Percent 91.7%
done.
=====ROBUST REGRESSION: Off=====

=====ORIENTATION SAMPLING=====
Number of rigid bonds = 152
Sampling Param Xi = 0.037 Vectors are uniformly distributed.
Sampling Tensor Components = [0.145, 0.038, -0.183].

=====ISOTROPIC MODEL=====
Diso = 1.22 +/- 0.00 *(10^7) 1/s
TAUc = 13.65 +/- 0.05 ns
Q = 1.115  chi^2 = 6244.579  chi^2/df = 41.355 (Rigid Only)
Akaike Information Criterion (AIC): Value = 6246.579

=====AXIALLY-SYMMETRIC MODEL (PROLATE)=====
D_perp = 1.03 +/- 0.01 *(10^7) 1/s
D_parallel = 1.58 +/- 0.02 *(10^7) 1/s
alpha = 39 +/- 3  deg
beta = 152 +/- 1  deg
Orientational Uncertainty = 4 deg
TAUc = 13.73 +/- 0.05 ns
anisotropy = 1.54 +/- 0.03
Q = 1.015  R = 0.137  chi^2 = 5079.630  chi^2/df = 34.322 (Rigid Only)
Inertia Tensor Unique Axis Difference = 55 deg
ELM Predicted Tensor Unique Axis Difference = 53 deg
F-test (0.05): Axially-Symmetric model better than Isotropic? true, P = 1.00e-06, F = 11.31
Akaike Information Criterion (AIC): Value = 5087.630,
   =>Axially-Symmetric model better than Isotropic? true

==Axially-Symmetric Diffusion Tensor==
    [  1.101   0.059  -0.176]     [  0.012   0.007   0.013]
D = [  0.059   1.078  -0.145] +/- [  0.007   0.010   0.013] *(10^7) 1/s
    [ -0.176  -0.145   1.463]     [  0.013   0.013   0.016]

==Axially-Symmetric Diffusion Tensor Sorted Eigendecomposition==
    [  -0.636     0.683     0.359][   1.029     0.000     0.000][  -0.636     0.772     0.000]
D = [   0.772     0.563     0.296][   0.000     1.029     0.000][   0.683     0.563     0.465] *(10^7) 1/s
    [   0.000     0.465    -0.885][   0.000     0.000     1.583][   0.359     0.296    -0.885]

=====FULLY ANISOTROPIC MODEL=====
Dx = 0.99 +/- 0.01 *(10^7) 1/s
Dy = 1.08 +/- 0.02 *(10^7) 1/s
Dz = 1.58 +/- 0.02 *(10^7) 1/s
alpha = 40 +/- 4  deg
beta = 153 +/- 2  deg
gamma = 128 +/- 9 deg
Orientational Uncertainty = 10 deg
TAUc = 13.72 +/- 0.05 ns
anisotropy = 1.53 +/- 0.03
rhombicity = 0.25 +/- 0.07
Q = 1.005  R = 0.149  chi^2 = 5053.122  chi^2/df = 34.610 (Rigid Only)
Axially-Symmetric Tensor Primary Axis Difference = 1 deg
Inertia Tensor Primary Axis Difference = 55 deg
Inertia Tensor Orientational Difference = 88 deg
ELM Predicted Tensor Primary Axis Difference = 54 deg
ELM Predicted Tensor Orientational Difference = 89 deg
F-test (0.05): Anisotropic model better than Isotropic? true, P = 8.48e-06, F = 6.88
F-test (0.05): Anisotropic model better than Axially-Symmetric? false, P = 6.83e-01, F = 0.38
Akaike Information Criterion (AIC): Value = 5065.122,
   =>Anisotropic model better than Isotropic? true
   =>Anisotropic model better than Axially-Symmteric? true

==Anistropic Diffusion Tensor==
    [  1.139   0.058  -0.155]     [  0.016   0.016   0.014]
D = [  0.058   1.038  -0.154] +/- [  0.016   0.015   0.015] *(10^7) 1/s
    [ -0.155  -0.154   1.468]     [  0.014   0.015   0.017]

==Anistropic Diffusion Tensor Sorted Eigendecomposition==
    [  -0.080     0.933     0.352][   0.988     0.000     0.000][  -0.080     0.956     0.281]
D = [   0.956    -0.027     0.291][   0.000     1.077     0.000][   0.933    -0.027     0.360] *(10^7) 1/s
    [   0.281     0.360    -0.890][   0.000     0.000     1.580][   0.352     0.291    -0.890]

====Full Rotdif Results: Isotropic Solution====
<residue><chain><atom1><atom2><freq><rho_exp><rho_pred><rho_error>
 248 A N     H      800.00  50.922  65.795   1.415
 249 A N     H      800.00  60.933  65.795   5.088
 250 A N     H      800.00 134.705  65.795  16.806
 255 A N     H      800.00 105.086  65.795   3.146
 256 A N     H      800.00  74.353  65.795   3.658
 257 A N     H      800.00 127.319  65.795   6.283
 258 A N     H      800.00 114.166  65.795   6.392
 259 A N     H      800.00  89.635  65.795   4.755
 260 A N     H      800.00  71.113  65.795   6.288
 261 A N     H      800.00  95.939  65.795   4.113
 262 A N     H      800.00  73.094  65.795   3.527
 263 A N     H      800.00 103.093  65.795   8.670
 264 A N     H      800.00  93.607  65.795   7.052
 265 A N     H      800.00  67.559  65.795   3.790
 266 A N     H      800.00  85.259  65.795   6.750
 267 A N     H      800.00  85.181  65.795   7.275
 268 A N     H      800.00  82.528  65.795   4.875
 269 A N     H      800.00  91.418  65.795   6.475
 271 A N     H      800.00 103.948  65.795   9.307
 272 A N     H      800.00  85.376  65.795   7.094
 273 A N     H      800.00 104.849  65.795   6.422
 276 A N     H      800.00  67.661  65.795   2.409
 278 A N     H      800.00  79.165  65.795   2.822
 279 A N     H      800.00  68.972  65.795   4.169
 280 A N     H      800.00  87.305  65.795   6.434
 281 A N     H      800.00  80.599  65.795   6.793
 282 A N     H      800.00  80.207  65.795   7.984
 283 A N     H      800.00 104.017  65.795   6.330
 284 A N     H      800.00  92.291  65.795   7.396
 285 A N     H      800.00  98.138  65.795   5.207
 286 A N     H      800.00  60.057  65.795   1.886
 288 A N     H      800.00  52.456  65.795   1.555
 289 A N     H      800.00  53.540  65.795   1.182
 290 A N     H      800.00  41.873  65.795   0.850
 292 A N     H      800.00  72.568  65.795   4.593
 293 A N     H      800.00  95.963  65.795   3.640
 294 A N     H      800.00  81.173  65.795   4.651
 295 A N     H      800.00  90.364  65.795   4.728
 296 A N     H      800.00  95.862  65.795  10.098
 297 A N     H      800.00  97.673  65.795   6.678
 299 A N     H      800.00 126.613  65.795  10.046
 302 A N     H      800.00  93.597  65.795   4.684
 303 A N     H      800.00  82.793  65.795   3.827
 304 A N     H      800.00  93.223  65.795  13.376
 305 A N     H      800.00  62.786  65.795   3.970
 307 A N     H      800.00  85.308  65.795   4.329
 309 A N     H      800.00  89.282  65.795   6.789
 310 A N     H      800.00  84.218  65.795   5.555
 312 A N     H      800.00 103.210  65.795   8.778
 313 A N     H      800.00 120.498  65.795  10.654
 315 A N     H      800.00  82.005  65.795   3.552
 316 A N     H      800.00  79.085  65.795   5.653
 317 A N     H      800.00  86.132  65.795   6.410
 319 A N     H      800.00 117.453  65.795   7.628
 320 A N     H      800.00  96.811  65.795   2.776
 321 A N     H      800.00  98.308  65.795   8.650
 322 A N     H      800.00  89.481  65.795   4.847
 323 A N     H      800.00 102.067  65.795   3.868
 325 A N     H      800.00  91.582  65.795   5.659
 326 A N     H      800.00 123.876  65.795   4.735
 327 A N     H      800.00 148.660  65.795  11.084
 328 A N     H      800.00 110.107  65.795   8.001
 329 A N     H      800.00  83.323  65.795   4.942
 330 A N     H      800.00  77.106  65.795   3.758
 333 A N     H      800.00  83.712  65.795   6.599
 334 A N     H      800.00  98.614  65.795   7.165
 335 A N     H      800.00 111.672  65.795   9.041
 336 A N     H      800.00  55.746  65.795   1.485
 337 A N     H      800.00 107.959  65.795   7.684
 339 A N     H      800.00  85.495  65.795   3.331
 340 A N     H      800.00  76.123  65.795   5.555
 343 A N     H      800.00 112.708  65.795   4.367
 345 A N     H      800.00  88.422  65.795   4.464
 346 A N     H      800.00 124.729  65.795   9.519
 348 A N     H      800.00 110.618  65.795   6.544
 350 A N     H      800.00  85.235  65.795   5.707
 248 B N     H      800.00  50.922  65.795   1.415
 249 B N     H      800.00  60.933  65.795   5.088
 250 B N     H      800.00 134.705  65.795  16.806
 255 B N     H      800.00 105.086  65.795   3.146
 256 B N     H      800.00  74.353  65.795   3.658
 257 B N     H      800.00 127.319  65.795   6.283
 258 B N     H      800.00 114.166  65.795   6.392
 259 B N     H      800.00  89.635  65.795   4.755
 260 B N     H      800.00  71.113  65.795   6.288
 261 B N     H      800.00  95.939  65.795   4.113
 262 B N     H      800.00  73.094  65.795   3.527
 263 B N     H      800.00 103.093  65.795   8.670
 264 B N     H      800.00  93.607  65.795   7.052
 265 B N     H      800.00  67.559  65.795   3.790
 266 B N     H      800.00  85.259  65.795   6.750
 267 B N     H      800.00  85.181  65.795   7.275
 268 B N     H      800.00  82.528  65.795   4.875
 269 B N     H      800.00  91.418  65.795   6.475
 271 B N     H      800.00 103.948  65.795   9.307
 272 B N     H      800.00  85.376  65.795   7.094
 273 B N     H      800.00 104.849  65.795   6.422
 276 B N     H      800.00  67.661  65.795   2.409
 278 B N     H      800.00  79.165  65.795   2.822
 279 B N     H      800.00  68.972  65.795   4.169
 280 B N     H      800.00  87.305  65.795   6.434
 281 B N     H      800.00  80.599  65.795   6.793
 282 B N     H      800.00  80.207  65.795   7.984
 283 B N     H      800.00 104.017  65.795   6.330
 284 B N     H      800.00  92.291  65.795   7.396
 285 B N     H      800.00  98.138  65.795   5.207
 286 B N     H      800.00  60.057  65.795   1.886
 288 B N     H      800.00  52.456  65.795   1.555
 289 B N     H      800.00  53.540  65.795   1.182
 290 B N     H      800.00  41.873  65.795   0.850
 292 B N     H      800.00  72.568  65.795   4.593
 293 B N     H      800.00  95.963  65.795   3.640
 294 B N     H      800.00  81.173  65.795   4.651
 295 B N     H      800.00  90.364  65.795   4.728
 296 B N     H      800.00  95.862  65.795  10.098
 297 B N     H      800.00  97.673  65.795   6.678
 299 B N     H      800.00 126.613  65.795  10.046
 302 B N     H      800.00  93.597  65.795   4.684
 303 B N     H      800.00  82.793  65.795   3.827
 304 B N     H      800.00  93.223  65.795  13.376
 305 B N     H      800.00  62.786  65.795   3.970
 307 B N     H      800.00  85.308  65.795   4.329
 309 B N     H      800.00  89.282  65.795   6.789
 310 B N     H      800.00  84.218  65.795   5.555
 312 B N     H      800.00 103.210  65.795   8.778
 313 B N     H      800.00 120.498  65.795  10.654
 315 B N     H      800.00  82.005  65.795   3.552
 316 B N     H      800.00  79.085  65.795   5.653
 317 B N     H      800.00  86.132  65.795   6.410
 319 B N     H      800.00 117.453  65.795   7.628
 320 B N     H      800.00  96.811  65.795   2.776
 321 B N     H      800.00  98.308  65.795   8.650
 322 B N     H      800.00  89.481  65.795   4.847
 323 B N     H      800.00 102.067  65.795   3.868
 325 B N     H      800.00  91.582  65.795   5.659
 326 B N     H      800.00 123.876  65.795   4.735
 327 B N     H      800.00 148.660  65.795  11.084
 328 B N     H      800.00 110.107  65.795   8.001
 329 B N     H      800.00  83.323  65.795   4.942
 330 B N     H      800.00  77.106  65.795   3.758
 333 B N     H      800.00  83.712  65.795   6.599
 334 B N     H      800.00  98.614  65.795   7.165
 335 B N     H      800.00 111.672  65.795   9.041
 336 B N     H      800.00  55.746  65.795   1.485
 337 B N     H      800.00 107.959  65.795   7.684
 339 B N     H      800.00  85.495  65.795   3.331
 340 B N     H      800.00  76.123  65.795   5.555
 343 B N     H      800.00 112.708  65.795   4.367
 345 B N     H      800.00  88.422  65.795   4.464
 346 B N     H      800.00 124.729  65.795   9.519
 348 B N     H      800.00 110.618  65.795   6.544
 350 B N     H      800.00  85.235  65.795   5.707


====Full Rotdif Results: Axially-Symmetric Solution====
<residue><chain><atom1><atom2><freq><rho_exp><rho_pred><rho_error>
 248 A N     H      800.00  50.922  63.837   1.415
 249 A N     H      800.00  60.933  91.194   5.088
 250 A N     H      800.00 134.705  88.859  16.806
 255 A N     H      800.00 105.086  59.313   3.146
 256 A N     H      800.00  74.353  59.072   3.658
 257 A N     H      800.00 127.319  88.077   6.283
 258 A N     H      800.00 114.166  80.844   6.392
 259 A N     H      800.00  89.635  81.918   4.755
 260 A N     H      800.00  71.113  65.466   6.288
 261 A N     H      800.00  95.939  69.915   4.113
 262 A N     H      800.00  73.094  71.219   3.527
 263 A N     H      800.00 103.093  70.245   8.670
 264 A N     H      800.00  93.607  86.613   7.052
 265 A N     H      800.00  67.559  67.616   3.790
 266 A N     H      800.00  85.259  60.274   6.750
 267 A N     H      800.00  85.181  59.567   7.275
 268 A N     H      800.00  82.528  71.355   4.875
 269 A N     H      800.00  91.418  73.919   6.475
 271 A N     H      800.00 103.948  71.712   9.307
 272 A N     H      800.00  85.376  60.004   7.094
 273 A N     H      800.00 104.849  76.629   6.422
 276 A N     H      800.00  67.661  58.785   2.409
 278 A N     H      800.00  79.165  87.588   2.822
 279 A N     H      800.00  68.972  81.053   4.169
 280 A N     H      800.00  87.305  81.539   6.434
 281 A N     H      800.00  80.599  62.621   6.793
 282 A N     H      800.00  80.207  73.584   7.984
 283 A N     H      800.00 104.017  59.990   6.330
 284 A N     H      800.00  92.291  60.114   7.396
 285 A N     H      800.00  98.138  58.956   5.207
 286 A N     H      800.00  60.057  84.521   1.886
 288 A N     H      800.00  52.456  61.636   1.555
 289 A N     H      800.00  53.540  58.830   1.182
 290 A N     H      800.00  41.873  58.759   0.850
 292 A N     H      800.00  72.568  71.724   4.593
 293 A N     H      800.00  95.963  62.867   3.640
 294 A N     H      800.00  81.173  63.360   4.651
 295 A N     H      800.00  90.364  65.150   4.728
 296 A N     H      800.00  95.862  73.855  10.098
 297 A N     H      800.00  97.673  59.205   6.678
 299 A N     H      800.00 126.613  60.490  10.046
 302 A N     H      800.00  93.597  62.350   4.684
 303 A N     H      800.00  82.793  62.271   3.827
 304 A N     H      800.00  93.223  76.789  13.376
 305 A N     H      800.00  62.786  77.142   3.970
 307 A N     H      800.00  85.308  87.676   4.329
 309 A N     H      800.00  89.282  72.633   6.789
 310 A N     H      800.00  84.218  73.240   5.555
 312 A N     H      800.00 103.210  59.199   8.778
 313 A N     H      800.00 120.498  59.810  10.654
 315 A N     H      800.00  82.005  65.732   3.552
 316 A N     H      800.00  79.085  63.897   5.653
 317 A N     H      800.00  86.132  69.189   6.410
 319 A N     H      800.00 117.453  90.398   7.628
 320 A N     H      800.00  96.811  60.850   2.776
 321 A N     H      800.00  98.308  77.153   8.650
 322 A N     H      800.00  89.481  58.763   4.847
 323 A N     H      800.00 102.067  60.530   3.868
 325 A N     H      800.00  91.581  86.266   5.659
 326 A N     H      800.00 123.876  82.633   4.735
 327 A N     H      800.00 148.660  64.110  11.084
 328 A N     H      800.00 110.107  59.062   8.001
 329 A N     H      800.00  83.323  66.201   4.942
 330 A N     H      800.00  77.106  71.032   3.758
 333 A N     H      800.00  83.712  87.783   6.599
 334 A N     H      800.00  98.614  76.700   7.165
 335 A N     H      800.00 111.672  58.810   9.041
 336 A N     H      800.00  55.746  60.983   1.485
 337 A N     H      800.00 107.959  91.250   7.684
 339 A N     H      800.00  85.495  82.609   3.331
 340 A N     H      800.00  76.123  68.868   5.555
 343 A N     H      800.00 112.708  64.229   4.367
 345 A N     H      800.00  88.422  65.455   4.464
 346 A N     H      800.00 124.729  86.672   9.519
 348 A N     H      800.00 110.618  87.608   6.544
 350 A N     H      800.00  85.235  60.526   5.707
 248 B N     H      800.00  50.922  62.537   1.415
 249 B N     H      800.00  60.933  88.640   5.088
 250 B N     H      800.00 134.705  85.463  16.806
 255 B N     H      800.00 105.086  58.769   3.146
 256 B N     H      800.00  74.353  58.807   3.658
 257 B N     H      800.00 127.319  84.721   6.283
 258 B N     H      800.00 114.166  81.379   6.392
 259 B N     H      800.00  89.635  73.441   4.755
 260 B N     H      800.00  71.113  60.264   6.288
 261 B N     H      800.00  95.939  59.166   4.113
 262 B N     H      800.00  73.094  78.046   3.527
 263 B N     H      800.00 103.093  71.915   8.670
 264 B N     H      800.00  93.607  88.554   7.052
 265 B N     H      800.00  67.559  71.236   3.790
 266 B N     H      800.00  85.259  59.136   6.750
 267 B N     H      800.00  85.181  62.003   7.275
 268 B N     H      800.00  82.528  72.504   4.875
 269 B N     H      800.00  91.418  65.603   6.475
 271 B N     H      800.00 103.948  71.821   9.307
 272 B N     H      800.00  85.376  63.242   7.094
 273 B N     H      800.00 104.849  79.247   6.422
 276 B N     H      800.00  67.661  60.082   2.409
 278 B N     H      800.00  79.165  86.572   2.822
 279 B N     H      800.00  68.972  83.464   4.169
 280 B N     H      800.00  87.305  75.829   6.434
 281 B N     H      800.00  80.599  66.181   6.793
 282 B N     H      800.00  80.207  69.120   7.984
 283 B N     H      800.00 104.017  60.345   6.330
 284 B N     H      800.00  92.291  58.762   7.396
 285 B N     H      800.00  98.138  59.040   5.207
 286 B N     H      800.00  60.058  63.464   1.886
 288 B N     H      800.00  52.456  78.306   1.555
 289 B N     H      800.00  53.540  61.061   1.182
 290 B N     H      800.00  41.873  59.095   0.850
 292 B N     H      800.00  72.568  82.395   4.593
 293 B N     H      800.00  95.963  71.682   3.640
 294 B N     H      800.00  81.173  67.859   4.651
 295 B N     H      800.00  90.364  67.166   4.728
 296 B N     H      800.00  95.862  75.211  10.098
 297 B N     H      800.00  97.673  59.385   6.678
 299 B N     H      800.00 126.613  64.074  10.046
 302 B N     H      800.00  93.597  63.759   4.684
 303 B N     H      800.00  82.793  62.247   3.827
 304 B N     H      800.00  93.223  73.611  13.376
 305 B N     H      800.00  62.786  78.412   3.970
 307 B N     H      800.00  85.308  89.084   4.329
 309 B N     H      800.00  89.282  71.151   6.789
 310 B N     H      800.00  84.218  67.118   5.555
 312 B N     H      800.00 103.210  58.854   8.778
 313 B N     H      800.00 120.498  62.745  10.654
 315 B N     H      800.00  82.005  65.923   3.552
 316 B N     H      800.00  79.085  62.393   5.653
 317 B N     H      800.00  86.132  86.946   6.410
 319 B N     H      800.00 117.453  75.790   7.628
 320 B N     H      800.00  96.811  60.318   2.776
 321 B N     H      800.00  98.308  69.085   8.650
 322 B N     H      800.00  89.481  79.250   4.847
 323 B N     H      800.00 102.067  77.525   3.868
 325 B N     H      800.00  91.581  90.903   5.659
 326 B N     H      800.00 123.876  79.282   4.735
 327 B N     H      800.00 148.660  65.188  11.084
 328 B N     H      800.00 110.107  59.116   8.001
 329 B N     H      800.00  83.323  63.343   4.942
 330 B N     H      800.00  77.106  72.911   3.758
 333 B N     H      800.00  83.712  88.282   6.599
 334 B N     H      800.00  98.614  73.804   7.165
 335 B N     H      800.00 111.672  59.415   9.041
 336 B N     H      800.00  55.746  61.808   1.485
 337 B N     H      800.00 107.959  88.671   7.684
 339 B N     H      800.00  85.495  86.522   3.331
 340 B N     H      800.00  76.123  68.498   5.555
 343 B N     H      800.00 112.708  68.788   4.367
 345 B N     H      800.00  88.422  73.380   4.464
 346 B N     H      800.00 124.729  74.729   9.519
 348 B N     H      800.00 110.618  82.503   6.544
 350 B N     H      800.00  85.235  70.146   5.707


====Full Rotdif Results: Anisotropic Solution====
<residue><chain><atom1><atom2><freq><rho_exp><rho_pred><rho_error>
 248 A N     H      800.00  50.922  65.574   1.415
 249 A N     H      800.00  60.933  90.685   5.088
 250 A N     H      800.00 134.705  88.090  16.806
 255 A N     H      800.00 105.086  60.180   3.146
 256 A N     H      800.00  74.353  61.016   3.658
 257 A N     H      800.00 127.319  87.523   6.283
 258 A N     H      800.00 114.166  80.690   6.392
 259 A N     H      800.00  89.635  81.793   4.755
 260 A N     H      800.00  71.113  65.572   6.288
 261 A N     H      800.00  95.939  69.422   4.113
 262 A N     H      800.00  73.094  70.682   3.527
 263 A N     H      800.00 103.093  70.447   8.670
 264 A N     H      800.00  93.607  86.433   7.052
 265 A N     H      800.00  67.559  67.199   3.790
 266 A N     H      800.00  85.259  62.066   6.750
 267 A N     H      800.00  85.181  60.529   7.275
 268 A N     H      800.00  82.528  72.862   4.875
 269 A N     H      800.00  91.418  73.873   6.475
 271 A N     H      800.00 103.948  71.378   9.307
 272 A N     H      800.00  85.376  59.876   7.094
 273 A N     H      800.00 104.849  77.192   6.422
 276 A N     H      800.00  67.661  56.700   2.409
 278 A N     H      800.00  79.165  87.250   2.822
 279 A N     H      800.00  68.972  80.401   4.169
 280 A N     H      800.00  87.305  80.966   6.434
 281 A N     H      800.00  80.599  61.902   6.793
 282 A N     H      800.00  80.207  74.585   7.984
 283 A N     H      800.00 104.017  61.905   6.330
 284 A N     H      800.00  92.291  62.320   7.396
 285 A N     H      800.00  98.138  60.726   5.207
 286 A N     H      800.00  60.057  85.011   1.886
 288 A N     H      800.00  52.456  63.042   1.555
 289 A N     H      800.00  53.540  56.792   1.182
 290 A N     H      800.00  41.873  56.807   0.850
 292 A N     H      800.00  72.568  73.319   4.593
 293 A N     H      800.00  95.963  61.741   3.640
 294 A N     H      800.00  81.173  63.304   4.651
 295 A N     H      800.00  90.364  64.141   4.728
 296 A N     H      800.00  95.862  72.560  10.098
 297 A N     H      800.00  97.673  59.595   6.678
 299 A N     H      800.00 126.613  62.487  10.046
 302 A N     H      800.00  93.597  63.898   4.684
 303 A N     H      800.00  82.793  64.371   3.827
 304 A N     H      800.00  93.223  75.834  13.376
 305 A N     H      800.00  62.786  78.170   3.970
 307 A N     H      800.00  85.308  87.429   4.329
 309 A N     H      800.00  89.282  73.575   6.789
 310 A N     H      800.00  84.218  73.081   5.555
 312 A N     H      800.00 103.210  60.912   8.778
 313 A N     H      800.00 120.498  61.686  10.654
 315 A N     H      800.00  82.005  67.399   3.552
 316 A N     H      800.00  79.085  64.887   5.653
 317 A N     H      800.00  86.132  68.544   6.410
 319 A N     H      800.00 117.453  89.945   7.628
 320 A N     H      800.00  96.811  61.718   2.776
 321 A N     H      800.00  98.308  76.332   8.650
 322 A N     H      800.00  89.481  60.943   4.847
 323 A N     H      800.00 102.067  59.486   3.868
 325 A N     H      800.00  91.581  85.715   5.659
 326 A N     H      800.00 123.876  81.330   4.735
 327 A N     H      800.00 148.660  65.552  11.084
 328 A N     H      800.00 110.107  61.041   8.001
 329 A N     H      800.00  83.323  67.335   4.942
 330 A N     H      800.00  77.106  71.209   3.758
 333 A N     H      800.00  83.712  87.232   6.599
 334 A N     H      800.00  98.614  77.365   7.165
 335 A N     H      800.00 111.672  60.697   9.041
 336 A N     H      800.00  55.746  62.880   1.485
 337 A N     H      800.00 107.959  90.788   7.684
 339 A N     H      800.00  85.495  81.702   3.331
 340 A N     H      800.00  76.123  67.661   5.555
 343 A N     H      800.00 112.708  65.707   4.367
 345 A N     H      800.00  88.422  67.004   4.464
 346 A N     H      800.00 124.729  86.177   9.519
 348 A N     H      800.00 110.618  86.797   6.544
 350 A N     H      800.00  85.235  61.952   5.707
 248 B N     H      800.00  50.922  62.925   1.415
 249 B N     H      800.00  60.933  88.105   5.088
 250 B N     H      800.00 134.705  85.229  16.806
 255 B N     H      800.00 105.086  57.517   3.146
 256 B N     H      800.00  74.353  58.053   3.658
 257 B N     H      800.00 127.319  84.713   6.283
 258 B N     H      800.00 114.166  81.667   6.392
 259 B N     H      800.00  89.635  72.340   4.755
 260 B N     H      800.00  71.113  58.269   6.288
 261 B N     H      800.00  95.939  57.913   4.113
 262 B N     H      800.00  73.094  78.449   3.527
 263 B N     H      800.00 103.093  73.171   8.670
 264 B N     H      800.00  93.607  88.188   7.052
 265 B N     H      800.00  67.559  69.462   3.790
 266 B N     H      800.00  85.259  58.397   6.750
 267 B N     H      800.00  85.181  60.469   7.275
 268 B N     H      800.00  82.528  72.104   4.875
 269 B N     H      800.00  91.418  63.863   6.475
 271 B N     H      800.00 103.948  72.567   9.307
 272 B N     H      800.00  85.376  64.967   7.094
 273 B N     H      800.00 104.849  79.003   6.422
 276 B N     H      800.00  67.661  59.963   2.409
 278 B N     H      800.00  79.165  86.651   2.822
 279 B N     H      800.00  68.972  83.753   4.169
 280 B N     H      800.00  87.305  76.763   6.434
 281 B N     H      800.00  80.599  67.211   6.793
 282 B N     H      800.00  80.207  70.732   7.984
 283 B N     H      800.00 104.017  62.403   6.330
 284 B N     H      800.00  92.291  59.586   7.396
 285 B N     H      800.00  98.138  58.978   5.207
 286 B N     H      800.00  60.058  61.552   1.886
 288 B N     H      800.00  52.456  77.741   1.555
 289 B N     H      800.00  53.540  59.957   1.182
 290 B N     H      800.00  41.873  60.549   0.850
 292 B N     H      800.00  72.568  83.090   4.593
 293 B N     H      800.00  95.963  72.757   3.640
 294 B N     H      800.00  81.173  69.628   4.651
 295 B N     H      800.00  90.364  68.868   4.728
 296 B N     H      800.00  95.862  74.795  10.098
 297 B N     H      800.00  97.673  57.753   6.678
 299 B N     H      800.00 126.613  64.516  10.046
 302 B N     H      800.00  93.597  65.071   4.684
 303 B N     H      800.00  82.793  62.196   3.827
 304 B N     H      800.00  93.223  72.246  13.376
 305 B N     H      800.00  62.786  79.063   3.970
 307 B N     H      800.00  85.308  88.307   4.329
 309 B N     H      800.00  89.282  70.055   6.789
 310 B N     H      800.00  84.218  65.624   5.555
 312 B N     H      800.00 103.210  57.952   8.778
 313 B N     H      800.00 120.498  61.753  10.654
 315 B N     H      800.00  82.005  66.138   3.552
 316 B N     H      800.00  79.085  60.552   5.653
 317 B N     H      800.00  86.132  87.181   6.410
 319 B N     H      800.00 117.453  75.567   7.628
 320 B N     H      800.00  96.811  59.610   2.776
 321 B N     H      800.00  98.308  70.374   8.650
 322 B N     H      800.00  89.481  78.936   4.847
 323 B N     H      800.00 102.067  76.291   3.868
 325 B N     H      800.00  91.581  90.401   5.659
 326 B N     H      800.00 123.876  78.281   4.735
 327 B N     H      800.00 148.660  66.276  11.084
 328 B N     H      800.00 110.107  60.912   8.001
 329 B N     H      800.00  83.323  65.038   4.942
 330 B N     H      800.00  77.106  74.438   3.758
 333 B N     H      800.00  83.712  88.261   6.599
 334 B N     H      800.00  98.614  74.194   7.165
 335 B N     H      800.00 111.672  61.251   9.041
 336 B N     H      800.00  55.746  63.291   1.485
 337 B N     H      800.00 107.959  88.353   7.684
 339 B N     H      800.00  85.495  85.931   3.331
 340 B N     H      800.00  76.123  68.714   5.555
 343 B N     H      800.00 112.708  70.042   4.367
 345 B N     H      800.00  88.422  74.341   4.464
 346 B N     H      800.00 124.729  75.593   9.519
 348 B N     H      800.00 110.618  81.617   6.544
 350 B N     H      800.00  85.235  70.431   5.707

=====ROBUST REGRESSION: Off=====

=====ORIENTATION SAMPLING=====
Number of rigid bonds = 152
Sampling Param Xi = 0.037 Vectors are uniformly distributed.
Sampling Tensor Components = [0.145, 0.038, -0.183].

=====ISOTROPIC MODEL=====
Diso = 1.22 +/- 0.00 *(10^7) 1/s
TAUc = 13.65 +/- 0.05 ns
Q = 1.115  chi^2 = 6244.579  chi^2/df = 41.355 (Rigid Only)
Akaike Information Criterion (AIC): Value = 6246.579

=====AXIALLY-SYMMETRIC MODEL (PROLATE)=====
D_perp = 1.03 +/- 0.01 *(10^7) 1/s
D_parallel = 1.58 +/- 0.02 *(10^7) 1/s
alpha = 39 +/- 3  deg
beta = 152 +/- 1  deg
Orientational Uncertainty = 4 deg
TAUc = 13.73 +/- 0.05 ns
anisotropy = 1.54 +/- 0.03
Q = 1.015  R = 0.137  chi^2 = 5079.630  chi^2/df = 34.322 (Rigid Only)
Inertia Tensor Unique Axis Difference = 55 deg
ELM Predicted Tensor Unique Axis Difference = 53 deg
F-test (0.05): Axially-Symmetric model better than Isotropic? true, P = 1.00e-06, F = 11.31
Akaike Information Criterion (AIC): Value = 5087.630,
   =>Axially-Symmetric model better than Isotropic? true

==Axially-Symmetric Diffusion Tensor==
    [  1.101   0.059  -0.176]     [  0.012   0.007   0.013]
D = [  0.059   1.078  -0.145] +/- [  0.007   0.010   0.013] *(10^7) 1/s
    [ -0.176  -0.145   1.463]     [  0.013   0.013   0.016]

==Axially-Symmetric Diffusion Tensor Sorted Eigendecomposition==
    [  -0.636     0.683     0.359][   1.029     0.000     0.000][  -0.636     0.772     0.000]
D = [   0.772     0.563     0.296][   0.000     1.029     0.000][   0.683     0.563     0.465] *(10^7) 1/s
    [   0.000     0.465    -0.885][   0.000     0.000     1.583][   0.359     0.296    -0.885]

=====FULLY ANISOTROPIC MODEL=====
Dx = 0.99 +/- 0.01 *(10^7) 1/s
Dy = 1.08 +/- 0.02 *(10^7) 1/s
Dz = 1.58 +/- 0.02 *(10^7) 1/s
alpha = 40 +/- 4  deg
beta = 153 +/- 2  deg
gamma = 128 +/- 9 deg
Orientational Uncertainty = 10 deg
TAUc = 13.72 +/- 0.05 ns
anisotropy = 1.53 +/- 0.03
rhombicity = 0.25 +/- 0.07
Q = 1.005  R = 0.149  chi^2 = 5053.122  chi^2/df = 34.610 (Rigid Only)
Axially-Symmetric Tensor Primary Axis Difference = 1 deg
Inertia Tensor Primary Axis Difference = 55 deg
Inertia Tensor Orientational Difference = 88 deg
ELM Predicted Tensor Primary Axis Difference = 54 deg
ELM Predicted Tensor Orientational Difference = 89 deg
F-test (0.05): Anisotropic model better than Isotropic? true, P = 8.48e-06, F = 6.88
F-test (0.05): Anisotropic model better than Axially-Symmetric? false, P = 6.83e-01, F = 0.38
Akaike Information Criterion (AIC): Value = 5065.122,
   =>Anisotropic model better than Isotropic? true
   =>Anisotropic model better than Axially-Symmteric? true

==Anistropic Diffusion Tensor==
    [  1.139   0.058  -0.155]     [  0.016   0.016   0.014]
D = [  0.058   1.038  -0.154] +/- [  0.016   0.015   0.015] *(10^7) 1/s
    [ -0.155  -0.154   1.468]     [  0.014   0.015   0.017]

==Anistropic Diffusion Tensor Sorted Eigendecomposition==
    [  -0.080     0.933     0.352][   0.988     0.000     0.000][  -0.080     0.956     0.281]
D = [   0.956    -0.027     0.291][   0.000     1.077     0.000][   0.933    -0.027     0.360] *(10^7) 1/s
    [   0.281     0.360    -0.890][   0.000     0.000     1.580][   0.352     0.291    -0.890]

====Full Rotdif Results: Isotropic Solution====
<residue><chain><atom1><atom2><freq><rho_exp><rho_pred><rho_error>
 248 A N     H      800.00  50.922  65.795   1.415
 249 A N     H      800.00  60.933  65.795   5.088
 250 A N     H      800.00 134.705  65.795  16.806
 255 A N     H      800.00 105.086  65.795   3.146
 256 A N     H      800.00  74.353  65.795   3.658
 257 A N     H      800.00 127.319  65.795   6.283
 258 A N     H      800.00 114.166  65.795   6.392
 259 A N     H      800.00  89.635  65.795   4.755
 260 A N     H      800.00  71.113  65.795   6.288
 261 A N     H      800.00  95.939  65.795   4.113
 262 A N     H      800.00  73.094  65.795   3.527
 263 A N     H      800.00 103.093  65.795   8.670
 264 A N     H      800.00  93.607  65.795   7.052
 265 A N     H      800.00  67.559  65.795   3.790
 266 A N     H      800.00  85.259  65.795   6.750
 267 A N     H      800.00  85.181  65.795   7.275
 268 A N     H      800.00  82.528  65.795   4.875
 269 A N     H      800.00  91.418  65.795   6.475
 271 A N     H      800.00 103.948  65.795   9.307
 272 A N     H      800.00  85.376  65.795   7.094
 273 A N     H      800.00 104.849  65.795   6.422
 276 A N     H      800.00  67.661  65.795   2.409
 278 A N     H      800.00  79.165  65.795   2.822
 279 A N     H      800.00  68.972  65.795   4.169
 280 A N     H      800.00  87.305  65.795   6.434
 281 A N     H      800.00  80.599  65.795   6.793
 282 A N     H      800.00  80.207  65.795   7.984
 283 A N     H      800.00 104.017  65.795   6.330
 284 A N     H      800.00  92.291  65.795   7.396
 285 A N     H      800.00  98.138  65.795   5.207
 286 A N     H      800.00  60.057  65.795   1.886
 288 A N     H      800.00  52.456  65.795   1.555
 289 A N     H      800.00  53.540  65.795   1.182
 290 A N     H      800.00  41.873  65.795   0.850
 292 A N     H      800.00  72.568  65.795   4.593
 293 A N     H      800.00  95.963  65.795   3.640
 294 A N     H      800.00  81.173  65.795   4.651
 295 A N     H      800.00  90.364  65.795   4.728
 296 A N     H      800.00  95.862  65.795  10.098
 297 A N     H      800.00  97.673  65.795   6.678
 299 A N     H      800.00 126.613  65.795  10.046
 302 A N     H      800.00  93.597  65.795   4.684
 303 A N     H      800.00  82.793  65.795   3.827
 304 A N     H      800.00  93.223  65.795  13.376
 305 A N     H      800.00  62.786  65.795   3.970
 307 A N     H      800.00  85.308  65.795   4.329
 309 A N     H      800.00  89.282  65.795   6.789
 310 A N     H      800.00  84.218  65.795   5.555
 312 A N     H      800.00 103.210  65.795   8.778
 313 A N     H      800.00 120.498  65.795  10.654
 315 A N     H      800.00  82.005  65.795   3.552
 316 A N     H      800.00  79.085  65.795   5.653
 317 A N     H      800.00  86.132  65.795   6.410
 319 A N     H      800.00 117.453  65.795   7.628
 320 A N     H      800.00  96.811  65.795   2.776
 321 A N     H      800.00  98.308  65.795   8.650
 322 A N     H      800.00  89.481  65.795   4.847
 323 A N     H      800.00 102.067  65.795   3.868
 325 A N     H      800.00  91.582  65.795   5.659
 326 A N     H      800.00 123.876  65.795   4.735
 327 A N     H      800.00 148.660  65.795  11.084
 328 A N     H      800.00 110.107  65.795   8.001
 329 A N     H      800.00  83.323  65.795   4.942
 330 A N     H      800.00  77.106  65.795   3.758
 333 A N     H      800.00  83.712  65.795   6.599
 334 A N     H      800.00  98.614  65.795   7.165
 335 A N     H      800.00 111.672  65.795   9.041
 336 A N     H      800.00  55.746  65.795   1.485
 337 A N     H      800.00 107.959  65.795   7.684
 339 A N     H      800.00  85.495  65.795   3.331
 340 A N     H      800.00  76.123  65.795   5.555
 343 A N     H      800.00 112.708  65.795   4.367
 345 A N     H      800.00  88.422  65.795   4.464
 346 A N     H      800.00 124.729  65.795   9.519
 348 A N     H      800.00 110.618  65.795   6.544
 350 A N     H      800.00  85.235  65.795   5.707
 248 B N     H      800.00  50.922  65.795   1.415
 249 B N     H      800.00  60.933  65.795   5.088
 250 B N     H      800.00 134.705  65.795  16.806
 255 B N     H      800.00 105.086  65.795   3.146
 256 B N     H      800.00  74.353  65.795   3.658
 257 B N     H      800.00 127.319  65.795   6.283
 258 B N     H      800.00 114.166  65.795   6.392
 259 B N     H      800.00  89.635  65.795   4.755
 260 B N     H      800.00  71.113  65.795   6.288
 261 B N     H      800.00  95.939  65.795   4.113
 262 B N     H      800.00  73.094  65.795   3.527
 263 B N     H      800.00 103.093  65.795   8.670
 264 B N     H      800.00  93.607  65.795   7.052
 265 B N     H      800.00  67.559  65.795   3.790
 266 B N     H      800.00  85.259  65.795   6.750
 267 B N     H      800.00  85.181  65.795   7.275
 268 B N     H      800.00  82.528  65.795   4.875
 269 B N     H      800.00  91.418  65.795   6.475
 271 B N     H      800.00 103.948  65.795   9.307
 272 B N     H      800.00  85.376  65.795   7.094
 273 B N     H      800.00 104.849  65.795   6.422
 276 B N     H      800.00  67.661  65.795   2.409
 278 B N     H      800.00  79.165  65.795   2.822
 279 B N     H      800.00  68.972  65.795   4.169
 280 B N     H      800.00  87.305  65.795   6.434
 281 B N     H      800.00  80.599  65.795   6.793
 282 B N     H      800.00  80.207  65.795   7.984
 283 B N     H      800.00 104.017  65.795   6.330
 284 B N     H      800.00  92.291  65.795   7.396
 285 B N     H      800.00  98.138  65.795   5.207
 286 B N     H      800.00  60.057  65.795   1.886
 288 B N     H      800.00  52.456  65.795   1.555
 289 B N     H      800.00  53.540  65.795   1.182
 290 B N     H      800.00  41.873  65.795   0.850
 292 B N     H      800.00  72.568  65.795   4.593
 293 B N     H      800.00  95.963  65.795   3.640
 294 B N     H      800.00  81.173  65.795   4.651
 295 B N     H      800.00  90.364  65.795   4.728
 296 B N     H      800.00  95.862  65.795  10.098
 297 B N     H      800.00  97.673  65.795   6.678
 299 B N     H      800.00 126.613  65.795  10.046
 302 B N     H      800.00  93.597  65.795   4.684
 303 B N     H      800.00  82.793  65.795   3.827
 304 B N     H      800.00  93.223  65.795  13.376
 305 B N     H      800.00  62.786  65.795   3.970
 307 B N     H      800.00  85.308  65.795   4.329
 309 B N     H      800.00  89.282  65.795   6.789
 310 B N     H      800.00  84.218  65.795   5.555
 312 B N     H      800.00 103.210  65.795   8.778
 313 B N     H      800.00 120.498  65.795  10.654
 315 B N     H      800.00  82.005  65.795   3.552
 316 B N     H      800.00  79.085  65.795   5.653
 317 B N     H      800.00  86.132  65.795   6.410
 319 B N     H      800.00 117.453  65.795   7.628
 320 B N     H      800.00  96.811  65.795   2.776
 321 B N     H      800.00  98.308  65.795   8.650
 322 B N     H      800.00  89.481  65.795   4.847
 323 B N     H      800.00 102.067  65.795   3.868
 325 B N     H      800.00  91.582  65.795   5.659
 326 B N     H      800.00 123.876  65.795   4.735
 327 B N     H      800.00 148.660  65.795  11.084
 328 B N     H      800.00 110.107  65.795   8.001
 329 B N     H      800.00  83.323  65.795   4.942
 330 B N     H      800.00  77.106  65.795   3.758
 333 B N     H      800.00  83.712  65.795   6.599
 334 B N     H      800.00  98.614  65.795   7.165
 335 B N     H      800.00 111.672  65.795   9.041
 336 B N     H      800.00  55.746  65.795   1.485
 337 B N     H      800.00 107.959  65.795   7.684
 339 B N     H      800.00  85.495  65.795   3.331
 340 B N     H      800.00  76.123  65.795   5.555
 343 B N     H      800.00 112.708  65.795   4.367
 345 B N     H      800.00  88.422  65.795   4.464
 346 B N     H      800.00 124.729  65.795   9.519
 348 B N     H      800.00 110.618  65.795   6.544
 350 B N     H      800.00  85.235  65.795   5.707


====Full Rotdif Results: Axially-Symmetric Solution====
<residue><chain><atom1><atom2><freq><rho_exp><rho_pred><rho_error>
 248 A N     H      800.00  50.922  63.837   1.415
 249 A N     H      800.00  60.933  91.194   5.088
 250 A N     H      800.00 134.705  88.859  16.806
 255 A N     H      800.00 105.086  59.313   3.146
 256 A N     H      800.00  74.353  59.072   3.658
 257 A N     H      800.00 127.319  88.077   6.283
 258 A N     H      800.00 114.166  80.844   6.392
 259 A N     H      800.00  89.635  81.918   4.755
 260 A N     H      800.00  71.113  65.466   6.288
 261 A N     H      800.00  95.939  69.915   4.113
 262 A N     H      800.00  73.094  71.219   3.527
 263 A N     H      800.00 103.093  70.245   8.670
 264 A N     H      800.00  93.607  86.613   7.052
 265 A N     H      800.00  67.559  67.616   3.790
 266 A N     H      800.00  85.259  60.274   6.750
 267 A N     H      800.00  85.181  59.567   7.275
 268 A N     H      800.00  82.528  71.355   4.875
 269 A N     H      800.00  91.418  73.919   6.475
 271 A N     H      800.00 103.948  71.712   9.307
 272 A N     H      800.00  85.376  60.004   7.094
 273 A N     H      800.00 104.849  76.629   6.422
 276 A N     H      800.00  67.661  58.785   2.409
 278 A N     H      800.00  79.165  87.588   2.822
 279 A N     H      800.00  68.972  81.053   4.169
 280 A N     H      800.00  87.305  81.539   6.434
 281 A N     H      800.00  80.599  62.621   6.793
 282 A N     H      800.00  80.207  73.584   7.984
 283 A N     H      800.00 104.017  59.990   6.330
 284 A N     H      800.00  92.291  60.114   7.396
 285 A N     H      800.00  98.138  58.956   5.207
 286 A N     H      800.00  60.057  84.521   1.886
 288 A N     H      800.00  52.456  61.636   1.555
 289 A N     H      800.00  53.540  58.830   1.182
 290 A N     H      800.00  41.873  58.759   0.850
 292 A N     H      800.00  72.568  71.724   4.593
 293 A N     H      800.00  95.963  62.867   3.640
 294 A N     H      800.00  81.173  63.360   4.651
 295 A N     H      800.00  90.364  65.150   4.728
 296 A N     H      800.00  95.862  73.855  10.098
 297 A N     H      800.00  97.673  59.205   6.678
 299 A N     H      800.00 126.613  60.490  10.046
 302 A N     H      800.00  93.597  62.350   4.684
 303 A N     H      800.00  82.793  62.271   3.827
 304 A N     H      800.00  93.223  76.789  13.376
 305 A N     H      800.00  62.786  77.142   3.970
 307 A N     H      800.00  85.308  87.676   4.329
 309 A N     H      800.00  89.282  72.633   6.789
 310 A N     H      800.00  84.218  73.240   5.555
 312 A N     H      800.00 103.210  59.199   8.778
 313 A N     H      800.00 120.498  59.810  10.654
 315 A N     H      800.00  82.005  65.732   3.552
 316 A N     H      800.00  79.085  63.897   5.653
 317 A N     H      800.00  86.132  69.189   6.410
 319 A N     H      800.00 117.453  90.398   7.628
 320 A N     H      800.00  96.811  60.850   2.776
 321 A N     H      800.00  98.308  77.153   8.650
 322 A N     H      800.00  89.481  58.763   4.847
 323 A N     H      800.00 102.067  60.530   3.868
 325 A N     H      800.00  91.581  86.266   5.659
 326 A N     H      800.00 123.876  82.633   4.735
 327 A N     H      800.00 148.660  64.110  11.084
 328 A N     H      800.00 110.107  59.062   8.001
 329 A N     H      800.00  83.323  66.201   4.942
 330 A N     H      800.00  77.106  71.032   3.758
 333 A N     H      800.00  83.712  87.783   6.599
 334 A N     H      800.00  98.614  76.700   7.165
 335 A N     H      800.00 111.672  58.810   9.041
 336 A N     H      800.00  55.746  60.983   1.485
 337 A N     H      800.00 107.959  91.250   7.684
 339 A N     H      800.00  85.495  82.609   3.331
 340 A N     H      800.00  76.123  68.868   5.555
 343 A N     H      800.00 112.708  64.229   4.367
 345 A N     H      800.00  88.422  65.455   4.464
 346 A N     H      800.00 124.729  86.672   9.519
 348 A N     H      800.00 110.618  87.608   6.544
 350 A N     H      800.00  85.235  60.526   5.707
 248 B N     H      800.00  50.922  62.537   1.415
 249 B N     H      800.00  60.933  88.640   5.088
 250 B N     H      800.00 134.705  85.463  16.806
 255 B N     H      800.00 105.086  58.769   3.146
 256 B N     H      800.00  74.353  58.807   3.658
 257 B N     H      800.00 127.319  84.721   6.283
 258 B N     H      800.00 114.166  81.379   6.392
 259 B N     H      800.00  89.635  73.441   4.755
 260 B N     H      800.00  71.113  60.264   6.288
 261 B N     H      800.00  95.939  59.166   4.113
 262 B N     H      800.00  73.094  78.046   3.527
 263 B N     H      800.00 103.093  71.915   8.670
 264 B N     H      800.00  93.607  88.554   7.052
 265 B N     H      800.00  67.559  71.236   3.790
 266 B N     H      800.00  85.259  59.136   6.750
 267 B N     H      800.00  85.181  62.003   7.275
 268 B N     H      800.00  82.528  72.504   4.875
 269 B N     H      800.00  91.418  65.603   6.475
 271 B N     H      800.00 103.948  71.821   9.307
 272 B N     H      800.00  85.376  63.242   7.094
 273 B N     H      800.00 104.849  79.247   6.422
 276 B N     H      800.00  67.661  60.082   2.409
 278 B N     H      800.00  79.165  86.572   2.822
 279 B N     H      800.00  68.972  83.464   4.169
 280 B N     H      800.00  87.305  75.829   6.434
 281 B N     H      800.00  80.599  66.181   6.793
 282 B N     H      800.00  80.207  69.120   7.984
 283 B N     H      800.00 104.017  60.345   6.330
 284 B N     H      800.00  92.291  58.762   7.396
 285 B N     H      800.00  98.138  59.040   5.207
 286 B N     H      800.00  60.058  63.464   1.886
 288 B N     H      800.00  52.456  78.306   1.555
 289 B N     H      800.00  53.540  61.061   1.182
 290 B N     H      800.00  41.873  59.095   0.850
 292 B N     H      800.00  72.568  82.395   4.593
 293 B N     H      800.00  95.963  71.682   3.640
 294 B N     H      800.00  81.173  67.859   4.651
 295 B N     H      800.00  90.364  67.166   4.728
 296 B N     H      800.00  95.862  75.211  10.098
 297 B N     H      800.00  97.673  59.385   6.678
 299 B N     H      800.00 126.613  64.074  10.046
 302 B N     H      800.00  93.597  63.759   4.684
 303 B N     H      800.00  82.793  62.247   3.827
 304 B N     H      800.00  93.223  73.611  13.376
 305 B N     H      800.00  62.786  78.412   3.970
 307 B N     H      800.00  85.308  89.084   4.329
 309 B N     H      800.00  89.282  71.151   6.789
 310 B N     H      800.00  84.218  67.118   5.555
 312 B N     H      800.00 103.210  58.854   8.778
 313 B N     H      800.00 120.498  62.745  10.654
 315 B N     H      800.00  82.005  65.923   3.552
 316 B N     H      800.00  79.085  62.393   5.653
 317 B N     H      800.00  86.132  86.946   6.410
 319 B N     H      800.00 117.453  75.790   7.628
 320 B N     H      800.00  96.811  60.318   2.776
 321 B N     H      800.00  98.308  69.085   8.650
 322 B N     H      800.00  89.481  79.250   4.847
 323 B N     H      800.00 102.067  77.525   3.868
 325 B N     H      800.00  91.581  90.903   5.659
 326 B N     H      800.00 123.876  79.282   4.735
 327 B N     H      800.00 148.660  65.188  11.084
 328 B N     H      800.00 110.107  59.116   8.001
 329 B N     H      800.00  83.323  63.343   4.942
 330 B N     H      800.00  77.106  72.911   3.758
 333 B N     H      800.00  83.712  88.282   6.599
 334 B N     H      800.00  98.614  73.804   7.165
 335 B N     H      800.00 111.672  59.415   9.041
 336 B N     H      800.00  55.746  61.808   1.485
 337 B N     H      800.00 107.959  88.671   7.684
 339 B N     H      800.00  85.495  86.522   3.331
 340 B N     H      800.00  76.123  68.498   5.555
 343 B N     H      800.00 112.708  68.788   4.367
 345 B N     H      800.00  88.422  73.380   4.464
 346 B N     H      800.00 124.729  74.729   9.519
 348 B N     H      800.00 110.618  82.503   6.544
 350 B N     H      800.00  85.235  70.146   5.707


====Full Rotdif Results: Anisotropic Solution====
<residue><chain><atom1><atom2><freq><rho_exp><rho_pred><rho_error>
 248 A N     H      800.00  50.922  65.574   1.415
 249 A N     H      800.00  60.933  90.685   5.088
 250 A N     H      800.00 134.705  88.090  16.806
 255 A N     H      800.00 105.086  60.180   3.146
 256 A N     H      800.00  74.353  61.016   3.658
 257 A N     H      800.00 127.319  87.523   6.283
 258 A N     H      800.00 114.166  80.690   6.392
 259 A N     H      800.00  89.635  81.793   4.755
 260 A N     H      800.00  71.113  65.572   6.288
 261 A N     H      800.00  95.939  69.422   4.113
 262 A N     H      800.00  73.094  70.682   3.527
 263 A N     H      800.00 103.093  70.447   8.670
 264 A N     H      800.00  93.607  86.433   7.052
 265 A N     H      800.00  67.559  67.199   3.790
 266 A N     H      800.00  85.259  62.066   6.750
 267 A N     H      800.00  85.181  60.529   7.275
 268 A N     H      800.00  82.528  72.862   4.875
 269 A N     H      800.00  91.418  73.873   6.475
 271 A N     H      800.00 103.948  71.378   9.307
 272 A N     H      800.00  85.376  59.876   7.094
 273 A N     H      800.00 104.849  77.192   6.422
 276 A N     H      800.00  67.661  56.700   2.409
 278 A N     H      800.00  79.165  87.250   2.822
 279 A N     H      800.00  68.972  80.401   4.169
 280 A N     H      800.00  87.305  80.966   6.434
 281 A N     H      800.00  80.599  61.902   6.793
 282 A N     H      800.00  80.207  74.585   7.984
 283 A N     H      800.00 104.017  61.905   6.330
 284 A N     H      800.00  92.291  62.320   7.396
 285 A N     H      800.00  98.138  60.726   5.207
 286 A N     H      800.00  60.057  85.011   1.886
 288 A N     H      800.00  52.456  63.042   1.555
 289 A N     H      800.00  53.540  56.792   1.182
 290 A N     H      800.00  41.873  56.807   0.850
 292 A N     H      800.00  72.568  73.319   4.593
 293 A N     H      800.00  95.963  61.741   3.640
 294 A N     H      800.00  81.173  63.304   4.651
 295 A N     H      800.00  90.364  64.141   4.728
 296 A N     H      800.00  95.862  72.560  10.098
 297 A N     H      800.00  97.673  59.595   6.678
 299 A N     H      800.00 126.613  62.487  10.046
 302 A N     H      800.00  93.597  63.898   4.684
 303 A N     H      800.00  82.793  64.371   3.827
 304 A N     H      800.00  93.223  75.834  13.376
 305 A N     H      800.00  62.786  78.170   3.970
 307 A N     H      800.00  85.308  87.429   4.329
 309 A N     H      800.00  89.282  73.575   6.789
 310 A N     H      800.00  84.218  73.081   5.555
 312 A N     H      800.00 103.210  60.912   8.778
 313 A N     H      800.00 120.498  61.686  10.654
 315 A N     H      800.00  82.005  67.399   3.552
 316 A N     H      800.00  79.085  64.887   5.653
 317 A N     H      800.00  86.132  68.544   6.410
 319 A N     H      800.00 117.453  89.945   7.628
 320 A N     H      800.00  96.811  61.718   2.776
 321 A N     H      800.00  98.308  76.332   8.650
 322 A N     H      800.00  89.481  60.943   4.847
 323 A N     H      800.00 102.067  59.486   3.868
 325 A N     H      800.00  91.581  85.715   5.659
 326 A N     H      800.00 123.876  81.330   4.735
 327 A N     H      800.00 148.660  65.552  11.084
 328 A N     H      800.00 110.107  61.041   8.001
 329 A N     H      800.00  83.323  67.335   4.942
 330 A N     H      800.00  77.106  71.209   3.758
 333 A N     H      800.00  83.712  87.232   6.599
 334 A N     H      800.00  98.614  77.365   7.165
 335 A N     H      800.00 111.672  60.697   9.041
 336 A N     H      800.00  55.746  62.880   1.485
 337 A N     H      800.00 107.959  90.788   7.684
 339 A N     H      800.00  85.495  81.702   3.331
 340 A N     H      800.00  76.123  67.661   5.555
 343 A N     H      800.00 112.708  65.707   4.367
 345 A N     H      800.00  88.422  67.004   4.464
 346 A N     H      800.00 124.729  86.177   9.519
 348 A N     H      800.00 110.618  86.797   6.544
 350 A N     H      800.00  85.235  61.952   5.707
 248 B N     H      800.00  50.922  62.925   1.415
 249 B N     H      800.00  60.933  88.105   5.088
 250 B N     H      800.00 134.705  85.229  16.806
 255 B N     H      800.00 105.086  57.517   3.146
 256 B N     H      800.00  74.353  58.053   3.658
 257 B N     H      800.00 127.319  84.713   6.283
 258 B N     H      800.00 114.166  81.667   6.392
 259 B N     H      800.00  89.635  72.340   4.755
 260 B N     H      800.00  71.113  58.269   6.288
 261 B N     H      800.00  95.939  57.913   4.113
 262 B N     H      800.00  73.094  78.449   3.527
 263 B N     H      800.00 103.093  73.171   8.670
 264 B N     H      800.00  93.607  88.188   7.052
 265 B N     H      800.00  67.559  69.462   3.790
 266 B N     H      800.00  85.259  58.397   6.750
 267 B N     H      800.00  85.181  60.469   7.275
 268 B N     H      800.00  82.528  72.104   4.875
 269 B N     H      800.00  91.418  63.863   6.475
 271 B N     H      800.00 103.948  72.567   9.307
 272 B N     H      800.00  85.376  64.967   7.094
 273 B N     H      800.00 104.849  79.003   6.422
 276 B N     H      800.00  67.661  59.963   2.409
 278 B N     H      800.00  79.165  86.651   2.822
 279 B N     H      800.00  68.972  83.753   4.169
 280 B N     H      800.00  87.305  76.763   6.434
 281 B N     H      800.00  80.599  67.211   6.793
 282 B N     H      800.00  80.207  70.732   7.984
 283 B N     H      800.00 104.017  62.403   6.330
 284 B N     H      800.00  92.291  59.586   7.396
 285 B N     H      800.00  98.138  58.978   5.207
 286 B N     H      800.00  60.058  61.552   1.886
 288 B N     H      800.00  52.456  77.741   1.555
 289 B N     H      800.00  53.540  59.957   1.182
 290 B N     H      800.00  41.873  60.549   0.850
 292 B N     H      800.00  72.568  83.090   4.593
 293 B N     H      800.00  95.963  72.757   3.640
 294 B N     H      800.00  81.173  69.628   4.651
 295 B N     H      800.00  90.364  68.868   4.728
 296 B N     H      800.00  95.862  74.795  10.098
 297 B N     H      800.00  97.673  57.753   6.678
 299 B N     H      800.00 126.613  64.516  10.046
 302 B N     H      800.00  93.597  65.071   4.684
 303 B N     H      800.00  82.793  62.196   3.827
 304 B N     H      800.00  93.223  72.246  13.376
 305 B N     H      800.00  62.786  79.063   3.970
 307 B N     H      800.00  85.308  88.307   4.329
 309 B N     H      800.00  89.282  70.055   6.789
 310 B N     H      800.00  84.218  65.624   5.555
 312 B N     H      800.00 103.210  57.952   8.778
 313 B N     H      800.00 120.498  61.753  10.654
 315 B N     H      800.00  82.005  66.138   3.552
 316 B N     H      800.00  79.085  60.552   5.653
 317 B N     H      800.00  86.132  87.181   6.410
 319 B N     H      800.00 117.453  75.567   7.628
 320 B N     H      800.00  96.811  59.610   2.776
 321 B N     H      800.00  98.308  70.374   8.650
 322 B N     H      800.00  89.481  78.936   4.847
 323 B N     H      800.00 102.067  76.291   3.868
 325 B N     H      800.00  91.581  90.401   5.659
 326 B N     H      800.00 123.876  78.281   4.735
 327 B N     H      800.00 148.660  66.276  11.084
 328 B N     H      800.00 110.107  60.912   8.001
 329 B N     H      800.00  83.323  65.038   4.942
 330 B N     H      800.00  77.106  74.438   3.758
 333 B N     H      800.00  83.712  88.261   6.599
 334 B N     H      800.00  98.614  74.194   7.165
 335 B N     H      800.00 111.672  61.251   9.041
 336 B N     H      800.00  55.746  63.291   1.485
 337 B N     H      800.00 107.959  88.353   7.684
 339 B N     H      800.00  85.495  85.931   3.331
 340 B N     H      800.00  76.123  68.714   5.555
 343 B N     H      800.00 112.708  70.042   4.367
 345 B N     H      800.00  88.422  74.341   4.464
 346 B N     H      800.00 124.729  75.593   9.519
 348 B N     H      800.00 110.618  81.617   6.544
 350 B N     H      800.00  85.235  70.431   5.707

Saving anisotropic tensor axes, if computed, to "/opt/genapp/rotdif/output/html5/results/users/manish123/p50homo/ROTDIF_p50homo/out_ani.py" and
	axially symmetric tensor, if computed, axes to "/opt/genapp/rotdif/output/html5/results/users/manish123/p50homo/ROTDIF_p50homo/out_axial.py"...done.
