Options:
temp = 298.0
robust = false
relax = p50ddhomo_800Mhz3.txt
elm = false
axes = true
axesl = 5.0
pdb = p50homo.pdb
out = out
help = false
nostat = false
nodynamics = false
nogui = true
model = 1
wr = 1.4
dock = false
sr = 2.2

Extracting experimental data....done.
Parsing pdb file....done.
TEST: Computing results....
 Percent 10.3%

 Percent 20.5%

 Percent 30.7%

 Percent 40.8%

 Percent 51.0%

 Percent 61.2%

 Percent 71.4%

 Percent 81.6%

 Percent 91.7%
done.
=====ROBUST REGRESSION: Off=====

=====ORIENTATION SAMPLING=====
Number of rigid bonds = 76
Sampling Param Xi = 0.046 Vectors are uniformly distributed.
Sampling Tensor Components = [0.143, 0.068, -0.211].

=====ISOTROPIC MODEL=====
Diso = 1.22 +/- 0.01 *(10^7) 1/s
TAUc = 13.65 +/- 0.06 ns
Q = 1.115  chi^2 = 3122.289  chi^2/df = 41.631 (Rigid Only)
Akaike Information Criterion (AIC): Value = 3124.289

=====AXIALLY-SYMMETRIC MODEL (OBLATE)=====
D_perp = 1.45 +/- 0.02 *(10^7) 1/s
D_parallel = 0.77 +/- 0.02 *(10^7) 1/s
alpha = 115 +/- 2  deg
beta = 174 +/- 1  deg
Orientational Uncertainty = 3 deg
TAUc = 13.61 +/- 0.06 ns
anisotropy = 0.53 +/- 0.02
Q = 1.039  R = 0.760  chi^2 = 2350.431  chi^2/df = 32.645 (Rigid Only)
Inertia Tensor Unique Axis Difference = 89 deg
ELM Predicted Tensor Unique Axis Difference = 89 deg
F-test (0.05): Axially-Symmetric model better than Isotropic? true, P = 1.28e-04, F = 7.88
Akaike Information Criterion (AIC): Value = 2358.431,
   =>Axially-Symmetric model better than Isotropic? true

==Axially-Symmetric Diffusion Tensor==
    [  1.329   0.263   0.030]     [  0.018   0.027   0.009]
D = [  0.263   0.899  -0.064] +/- [  0.027   0.019   0.015] *(10^7) 1/s
    [  0.030  -0.064   1.446]     [  0.009   0.015   0.016]

==Axially-Symmetric Diffusion Tensor Sorted Eigendecomposition==
    [   0.426    -0.904    -0.045][   0.767     0.000     0.000][   0.426    -0.899    -0.104]
D = [  -0.899    -0.428     0.094][   0.000     1.454     0.000][  -0.904    -0.428     0.000] *(10^7) 1/s
    [  -0.104     0.000    -0.995][   0.000     0.000     1.454][  -0.045     0.094    -0.995]

=====FULLY ANISOTROPIC MODEL=====
Dx = 0.83 +/- 0.02 *(10^7) 1/s
Dy = 1.29 +/- 0.03 *(10^7) 1/s
Dz = 1.53 +/- 0.02 *(10^7) 1/s
alpha = 28 +/- 10  deg
beta = 164 +/- 5  deg
gamma = 103 +/- 20 deg
Orientational Uncertainty = 6 deg
TAUc = 13.68 +/- 0.06 ns
anisotropy = 0.59 +/- 0.02
rhombicity = 0.63 +/- 0.11
Q = 1.053  R = 0.751  chi^2 = 2284.744  chi^2/df = 32.639 (Rigid Only)
Axially-Symmetric Tensor Primary Axis Difference = 11 deg
Inertia Tensor Primary Axis Difference = 88 deg
Inertia Tensor Orientational Difference = 106 deg
ELM Predicted Tensor Primary Axis Difference = 88 deg
ELM Predicted Tensor Orientational Difference = 105 deg
F-test (0.05): Anisotropic model better than Isotropic? true, P = 4.56e-04, F = 5.13
F-test (0.05): Anisotropic model better than Axially-Symmetric? false, P = 3.71e-01, F = 1.01
Akaike Information Criterion (AIC): Value = 2296.744,
   =>Anisotropic model better than Isotropic? true
   =>Anisotropic model better than Axially-Symmteric? true

==Anistropic Diffusion Tensor==
    [  1.273   0.122  -0.049]     [  0.020   0.027   0.020]
D = [  0.122   0.869  -0.057] +/- [  0.027   0.020   0.022] *(10^7) 1/s
    [ -0.049  -0.057   1.513]     [  0.020   0.022   0.023]

==Anistropic Diffusion Tensor Sorted Eigendecomposition==
    [  -0.260     0.935     0.241][   0.832     0.000     0.000][  -0.260     0.964     0.062]
D = [   0.964     0.235     0.127][   0.000     1.289     0.000][   0.935     0.235     0.266] *(10^7) 1/s
    [   0.062     0.266    -0.962][   0.000     0.000     1.533][   0.241     0.127    -0.962]

====Potential Rigid Bonds with High Rex (>10% of R2) or Low S2 (<0.75) ====
<residue><chain><atom1><atom2><CSA><Radius><Rex><S2>
 248 A N H 160.00 1.02 2.19 0.73
 250 A N H 160.00 1.02 8.19 0.85
 255 A N H 160.00 1.02 8.38 0.85
 257 A N H 160.00 1.02 7.16 0.93
 258 A N H 160.00 1.02 6.09 0.97
 259 A N H 160.00 1.02 7.20 0.89
 260 A N H 160.00 1.02 6.83 0.89
 261 A N H 160.00 1.02 6.52 0.98
 262 A N H 160.00 1.02 4.52 0.91
 264 A N H 160.00 1.02 5.57 0.92
 267 A N H 160.00 1.02 7.50 0.95
 268 A N H 160.00 1.02 5.82 0.91
 269 A N H 160.00 1.02 5.35 1.00
 271 A N H 160.00 1.02 7.49 0.97
 272 A N H 160.00 1.02 5.94 0.95
 273 A N H 160.00 1.02 7.49 0.92
 276 A N H 160.00 1.02 3.89 0.94
 281 A N H 160.00 1.02 7.83 0.88
 283 A N H 160.00 1.02 5.38 0.99
 284 A N H 160.00 1.02 7.89 0.90
 285 A N H 160.00 1.02 4.71 0.89
 288 A N H 160.00 1.02 4.09 0.72
 289 A N H 160.00 1.02 2.74 0.83
 290 A N H 160.00 1.02 2.36 0.74
 293 A N H 160.00 1.02 5.51 0.91
 295 A N H 160.00 1.02 3.80 0.95
 297 A N H 160.00 1.02 8.12 0.95
 299 A N H 160.00 1.02 8.70 0.86
 302 A N H 160.00 1.02 5.57 0.95
 303 A N H 160.00 1.02 4.86 0.94
 307 A N H 160.00 1.02 4.38 0.92
 310 A N H 160.00 1.02 5.12 0.97
 312 A N H 160.00 1.02 7.18 0.92
 313 A N H 160.00 1.02 8.11 0.82
 319 A N H 160.00 1.02 4.85 0.83
 320 A N H 160.00 1.02 5.26 0.95
 322 A N H 160.00 1.02 6.05 0.93
 323 A N H 160.00 1.02 7.87 0.76
 326 A N H 160.00 1.02 7.37 0.71
 327 A N H 160.00 1.02 10.74 0.79
 328 A N H 160.00 1.02 6.67 0.96
 330 A N H 160.00 1.02 5.29 0.86
 333 A N H 160.00 1.02 5.45 0.89
 334 A N H 160.00 1.02 5.45 0.94
 335 A N H 160.00 1.02 6.72 0.92
 337 A N H 160.00 1.02 5.64 0.97
 339 A N H 160.00 1.02 4.16 0.91
 340 A N H 160.00 1.02 5.42 0.91
 343 A N H 160.00 1.02 5.74 0.78
 346 A N H 160.00 1.02 6.77 0.86
 348 A N H 160.00 1.02 6.87 1.00

====Full Rotdif Results: Isotropic Solution====
<residue><chain><atom1><atom2><freq><rho_exp><rho_pred><rho_error>
 248 A N     H      800.00  50.922  65.795   1.415
 249 A N     H      800.00  60.933  65.795   5.088
 250 A N     H      800.00 134.705  65.795  16.806
 255 A N     H      800.00 105.086  65.795   3.146
 256 A N     H      800.00  74.353  65.795   3.658
 257 A N     H      800.00 127.319  65.795   6.283
 258 A N     H      800.00 114.166  65.795   6.392
 259 A N     H      800.00  89.635  65.795   4.755
 260 A N     H      800.00  71.113  65.795   6.288
 261 A N     H      800.00  95.939  65.795   4.113
 262 A N     H      800.00  73.094  65.795   3.527
 263 A N     H      800.00 103.093  65.795   8.670
 264 A N     H      800.00  93.607  65.795   7.052
 265 A N     H      800.00  67.559  65.795   3.790
 266 A N     H      800.00  85.259  65.795   6.750
 267 A N     H      800.00  85.181  65.795   7.275
 268 A N     H      800.00  82.528  65.795   4.875
 269 A N     H      800.00  91.418  65.795   6.475
 271 A N     H      800.00 103.948  65.795   9.307
 272 A N     H      800.00  85.376  65.795   7.094
 273 A N     H      800.00 104.849  65.795   6.422
 276 A N     H      800.00  67.661  65.795   2.409
 278 A N     H      800.00  79.165  65.795   2.822
 279 A N     H      800.00  68.972  65.795   4.169
 280 A N     H      800.00  87.305  65.795   6.434
 281 A N     H      800.00  80.599  65.795   6.793
 282 A N     H      800.00  80.207  65.795   7.984
 283 A N     H      800.00 104.017  65.795   6.330
 284 A N     H      800.00  92.291  65.795   7.396
 285 A N     H      800.00  98.138  65.795   5.207
 286 A N     H      800.00  60.057  65.795   1.886
 288 A N     H      800.00  52.456  65.795   1.555
 289 A N     H      800.00  53.540  65.795   1.182
 290 A N     H      800.00  41.873  65.795   0.850
 292 A N     H      800.00  72.568  65.795   4.593
 293 A N     H      800.00  95.963  65.795   3.640
 294 A N     H      800.00  81.173  65.795   4.651
 295 A N     H      800.00  90.364  65.795   4.728
 296 A N     H      800.00  95.862  65.795  10.098
 297 A N     H      800.00  97.673  65.795   6.678
 299 A N     H      800.00 126.613  65.795  10.046
 302 A N     H      800.00  93.597  65.795   4.684
 303 A N     H      800.00  82.793  65.795   3.827
 304 A N     H      800.00  93.223  65.795  13.376
 305 A N     H      800.00  62.786  65.795   3.970
 307 A N     H      800.00  85.308  65.795   4.329
 309 A N     H      800.00  89.282  65.795   6.789
 310 A N     H      800.00  84.218  65.795   5.555
 312 A N     H      800.00 103.210  65.795   8.778
 313 A N     H      800.00 120.498  65.795  10.654
 315 A N     H      800.00  82.005  65.795   3.552
 316 A N     H      800.00  79.085  65.795   5.653
 317 A N     H      800.00  86.132  65.795   6.410
 319 A N     H      800.00 117.453  65.795   7.628
 320 A N     H      800.00  96.811  65.795   2.776
 321 A N     H      800.00  98.308  65.795   8.650
 322 A N     H      800.00  89.481  65.795   4.847
 323 A N     H      800.00 102.067  65.795   3.868
 325 A N     H      800.00  91.582  65.795   5.659
 326 A N     H      800.00 123.876  65.795   4.735
 327 A N     H      800.00 148.660  65.795  11.084
 328 A N     H      800.00 110.107  65.795   8.001
 329 A N     H      800.00  83.323  65.795   4.942
 330 A N     H      800.00  77.106  65.795   3.758
 333 A N     H      800.00  83.712  65.795   6.599
 334 A N     H      800.00  98.614  65.795   7.165
 335 A N     H      800.00 111.672  65.795   9.041
 336 A N     H      800.00  55.746  65.795   1.485
 337 A N     H      800.00 107.959  65.795   7.684
 339 A N     H      800.00  85.495  65.795   3.331
 340 A N     H      800.00  76.123  65.795   5.555
 343 A N     H      800.00 112.708  65.795   4.367
 345 A N     H      800.00  88.422  65.795   4.464
 346 A N     H      800.00 124.729  65.795   9.519
 348 A N     H      800.00 110.618  65.795   6.544
 350 A N     H      800.00  85.235  65.795   5.707


====Full Rotdif Results: Axially-Symmetric Solution====
<residue><chain><atom1><atom2><freq><rho_exp><rho_pred><rho_error>
 248 A N     H      800.00  50.922  42.360   1.415
 249 A N     H      800.00  60.933  54.847   5.088
 250 A N     H      800.00 134.705  79.225  16.806
 255 A N     H      800.00 105.086  54.274   3.146
 256 A N     H      800.00  74.353  61.283   3.658
 257 A N     H      800.00 127.319  81.210   6.283
 258 A N     H      800.00 114.166  81.277   6.392
 259 A N     H      800.00  89.635  58.497   4.755
 260 A N     H      800.00  71.113  43.775   6.288
 261 A N     H      800.00  95.939  60.183   4.113
 262 A N     H      800.00  73.094  51.629   3.527
 263 A N     H      800.00 103.093  78.152   8.670
 264 A N     H      800.00  93.607  65.637   7.052
 265 A N     H      800.00  67.559  57.046   3.790
 266 A N     H      800.00  85.259  63.684   6.750
 267 A N     H      800.00  85.181  56.199   7.275
 268 A N     H      800.00  82.528  55.937   4.875
 269 A N     H      800.00  91.418  64.415   6.475
 271 A N     H      800.00 103.948  68.336   9.307
 272 A N     H      800.00  85.376  59.426   7.094
 273 A N     H      800.00 104.849  65.196   6.422
 276 A N     H      800.00  67.661  49.141   2.409
 278 A N     H      800.00  79.165  72.902   2.822
 279 A N     H      800.00  68.972  52.118   4.169
 280 A N     H      800.00  87.305  72.899   6.434
 281 A N     H      800.00  80.599  48.370   6.793
 282 A N     H      800.00  80.207  61.997   7.984
 283 A N     H      800.00 104.017  80.748   6.330
 284 A N     H      800.00  92.291  56.678   7.396
 285 A N     H      800.00  98.138  78.587   5.207
 286 A N     H      800.00  60.057  59.975   1.886
 288 A N     H      800.00  52.456  35.793   1.555
 289 A N     H      800.00  53.540  41.467   1.182
 290 A N     H      800.00  41.873  33.060   0.850
 292 A N     H      800.00  72.568  56.936   4.593
 293 A N     H      800.00  95.963  65.032   3.640
 294 A N     H      800.00  81.173  66.439   4.651
 295 A N     H      800.00  90.364  67.572   4.728
 296 A N     H      800.00  95.862  66.850  10.098
 297 A N     H      800.00  97.673  52.471   6.678
 299 A N     H      800.00 126.613  74.005  10.046
 302 A N     H      800.00  93.597  67.707   4.684
 303 A N     H      800.00  82.793  59.972   3.827
 304 A N     H      800.00  93.223  64.625  13.376
 305 A N     H      800.00  62.786  53.858   3.970
 307 A N     H      800.00  85.308  63.287   4.329
 309 A N     H      800.00  89.282  68.981   6.789
 310 A N     H      800.00  84.218  63.288   5.555
 312 A N     H      800.00 103.210  62.117   8.778
 313 A N     H      800.00 120.498  67.909  10.654
 315 A N     H      800.00  82.005  66.384   3.552
 316 A N     H      800.00  79.085  61.269   5.653
 317 A N     H      800.00  86.132  72.105   6.410
 319 A N     H      800.00 117.453  80.081   7.628
 320 A N     H      800.00  96.811  72.583   2.776
 321 A N     H      800.00  98.308  63.729   8.650
 322 A N     H      800.00  89.481  60.998   4.847
 323 A N     H      800.00 102.067  48.163   3.868
 325 A N     H      800.00  91.582  69.237   5.659
 326 A N     H      800.00 123.876  70.993   4.735
 327 A N     H      800.00 148.660  80.896  11.084
 328 A N     H      800.00 110.107  80.271   8.001
 329 A N     H      800.00  83.323  81.237   4.942
 330 A N     H      800.00  77.106  54.177   3.758
 333 A N     H      800.00  83.712  57.336   6.599
 334 A N     H      800.00  98.614  70.353   7.165
 335 A N     H      800.00 111.672  80.549   9.041
 336 A N     H      800.00  55.746  50.518   1.485
 337 A N     H      800.00 107.959  81.158   7.684
 339 A N     H      800.00  85.495  62.359   3.331
 340 A N     H      800.00  76.123  51.562   5.555
 343 A N     H      800.00 112.708  77.703   4.367
 345 A N     H      800.00  88.422  77.826   4.464
 346 A N     H      800.00 124.729  80.246   9.519
 348 A N     H      800.00 110.618  76.180   6.544
 350 A N     H      800.00  85.235  73.452   5.707


====Full Rotdif Results: Anisotropic Solution====
<residue><chain><atom1><atom2><freq><rho_exp><rho_pred><rho_error>
 248 A N     H      800.00  50.922  41.688   1.415
 249 A N     H      800.00  60.933  58.582   5.088
 250 A N     H      800.00 134.705  79.705  16.806
 255 A N     H      800.00 105.086  57.493   3.146
 256 A N     H      800.00  74.353  61.485   3.658
 257 A N     H      800.00 127.319  81.645   6.283
 258 A N     H      800.00 114.166  78.005   6.392
 259 A N     H      800.00  89.635  57.652   4.755
 260 A N     H      800.00  71.113  44.300   6.288
 261 A N     H      800.00  95.939  63.157   4.113
 262 A N     H      800.00  73.094  53.593   3.527
 263 A N     H      800.00 103.093  79.053   8.670
 264 A N     H      800.00  93.607  65.827   7.052
 265 A N     H      800.00  67.559  60.899   3.790
 266 A N     H      800.00  85.259  64.316   6.750
 267 A N     H      800.00  85.181  51.718   7.275
 268 A N     H      800.00  82.528  56.100   4.875
 269 A N     H      800.00  91.418  66.356   6.475
 271 A N     H      800.00 103.948  65.438   9.307
 272 A N     H      800.00  85.376  57.494   7.094
 273 A N     H      800.00 104.849  66.068   6.422
 276 A N     H      800.00  67.661  49.446   2.409
 278 A N     H      800.00  79.165  72.801   2.822
 279 A N     H      800.00  68.972  53.189   4.169
 280 A N     H      800.00  87.305  74.721   6.434
 281 A N     H      800.00  80.599  47.758   6.793
 282 A N     H      800.00  80.207  61.996   7.984
 283 A N     H      800.00 104.017  74.280   6.330
 284 A N     H      800.00  92.291  55.770   7.396
 285 A N     H      800.00  98.138  70.343   5.207
 286 A N     H      800.00  60.057  60.048   1.886
 288 A N     H      800.00  52.456  36.206   1.555
 289 A N     H      800.00  53.540  41.544   1.182
 290 A N     H      800.00  41.873  32.841   0.850
 292 A N     H      800.00  72.568  56.969   4.593
 293 A N     H      800.00  95.963  64.919   3.640
 294 A N     H      800.00  81.173  65.240   4.651
 295 A N     H      800.00  90.364  68.645   4.728
 296 A N     H      800.00  95.862  73.828  10.098
 297 A N     H      800.00  97.673  56.228   6.678
 299 A N     H      800.00 126.613  71.012  10.046
 302 A N     H      800.00  93.597  65.086   4.684
 303 A N     H      800.00  82.793  59.564   3.827
 304 A N     H      800.00  93.223  65.389  13.376
 305 A N     H      800.00  62.786  54.071   3.970
 307 A N     H      800.00  85.308  64.180   4.329
 309 A N     H      800.00  89.282  71.099   6.789
 310 A N     H      800.00  84.218  59.259   5.555
 312 A N     H      800.00 103.210  63.489   8.778
 313 A N     H      800.00 120.498  67.843  10.654
 315 A N     H      800.00  82.005  66.586   3.552
 316 A N     H      800.00  79.085  63.176   5.653
 317 A N     H      800.00  86.132  74.447   6.410
 319 A N     H      800.00 117.453  83.862   7.628
 320 A N     H      800.00  96.811  68.182   2.776
 321 A N     H      800.00  98.308  71.944   8.650
 322 A N     H      800.00  89.481  59.863   4.847
 323 A N     H      800.00 102.067  53.681   3.868
 325 A N     H      800.00  91.581  71.227   5.659
 326 A N     H      800.00 123.876  69.524   4.735
 327 A N     H      800.00 148.660  73.290  11.084
 328 A N     H      800.00 110.107  73.200   8.001
 329 A N     H      800.00  83.323  78.576   4.942
 330 A N     H      800.00  77.106  54.156   3.758
 333 A N     H      800.00  83.712  58.983   6.599
 334 A N     H      800.00  98.614  69.676   7.165
 335 A N     H      800.00 111.672  72.382   9.041
 336 A N     H      800.00  55.746  50.893   1.485
 337 A N     H      800.00 107.959  77.139   7.684
 339 A N     H      800.00  85.495  64.564   3.331
 340 A N     H      800.00  76.123  52.432   5.555
 343 A N     H      800.00 112.708  73.949   4.367
 345 A N     H      800.00  88.422  72.913   4.464
 346 A N     H      800.00 124.729  79.849   9.519
 348 A N     H      800.00 110.618  77.456   6.544
 350 A N     H      800.00  85.235  71.685   5.707

====Full Dynamics Results: Isotropic Solution====
<residue><chain><atom1><atom2><freq><csa><s2><s2_err><tau_loc><Rex><s2_fast><tau_fast><chi2>
 248 A N     H      800.00  160.00 0.736 0.013 5.99e-01  4.758 1.000 0.00e+00 3.99e-14
 249 A N     H      800.00  160.00 0.901 0.035 4.50e+00  4.224 1.000 0.00e+00 2.17e-07
 250 A N     H      800.00  160.00 0.771 0.114 9.71e-03 18.386 1.000 0.00e+00 4.67e-11
 255 A N     H      800.00  160.00 0.901 0.037 5.32e-02 12.723 1.000 0.00e+00 2.16e-15
 256 A N     H      800.00  160.00 0.932 0.015 3.64e-01  4.788 1.000 0.00e+00 5.24e-16
 257 A N     H      800.00  160.00 0.839 0.032 0.00e+00 17.219 1.000 0.00e+00 1.46e+00
 258 A N     H      800.00  160.00 0.898 0.040 0.00e+00 14.525 1.000 0.00e+00 8.24e-01
 259 A N     H      800.00  160.00 0.925 0.020 4.50e+00 14.335 1.000 0.00e+00 1.17e+00
 260 A N     H      800.00  160.00 0.856 0.036 4.50e+00 11.714 1.000 0.00e+00 1.22e+00
 261 A N     H      800.00  160.00 1.000 0.008 0.00e+00 11.679 1.000 0.00e+00 2.00e+00
 262 A N     H      800.00  160.00 0.914 0.018 4.50e+00  8.595 1.000 0.00e+00 1.53e+00
 263 A N     H      800.00  160.00 0.914 0.054 0.00e+00 11.541 1.000 0.00e+00 6.69e-03
 264 A N     H      800.00  160.00 0.955 0.021 7.26e-01 12.078 1.000 0.00e+00 6.46e-16
 265 A N     H      800.00  160.00 0.947 0.016 4.79e-01  2.464 1.000 0.00e+00 9.68e-15
 266 A N     H      800.00  160.00 0.972 0.026 3.55e-01  7.363 1.000 0.00e+00 5.79e-17
 267 A N     H      800.00  160.00 0.919 0.036 4.50e+00 12.858 1.000 0.00e+00 7.37e-02
 268 A N     H      800.00  160.00 0.924 0.019 1.25e+00 11.621 1.000 0.00e+00 2.32e-16
 269 A N     H      800.00  160.00 1.000 0.028 0.00e+00  9.703 1.000 0.00e+00 1.53e+00
 271 A N     H      800.00  160.00 1.000 0.029 0.00e+00 13.673 1.000 0.00e+00 1.77e+00
 272 A N     H      800.00  160.00 0.952 0.027 1.85e+00 11.035 1.000 0.00e+00 5.23e-16
 273 A N     H      800.00  160.00 0.948 0.015 3.77e-01 14.876 1.000 0.00e+00 9.53e-16
 276 A N     H      800.00  160.00 0.899 0.013 7.05e-01  5.481 1.000 0.00e+00 1.45e-15
 278 A N     H      800.00  160.00 0.899 0.021 9.87e-02  5.100 1.000 0.00e+00 5.17e-15
 279 A N     H      800.00  160.00 0.889 0.022 4.50e+00  8.347 1.000 0.00e+00 1.48e-02
 280 A N     H      800.00  160.00 0.950 0.040 4.82e-02  7.197 1.000 0.00e+00 5.04e-15
 281 A N     H      800.00  160.00 0.882 0.028 1.30e+00 14.305 1.000 0.00e+00 7.60e-16
 282 A N     H      800.00  160.00 0.950 0.032 1.51e+00  9.001 1.000 0.00e+00 1.99e-17
 283 A N     H      800.00  160.00 0.940 0.043 0.00e+00 12.253 1.000 0.00e+00 3.50e-01
 284 A N     H      800.00  160.00 0.913 0.028 8.90e-01 15.027 1.000 0.00e+00 2.80e-16
 285 A N     H      800.00  160.00 0.858 0.033 4.41e-02 10.225 1.000 0.00e+00 1.68e-15
 286 A N     H      800.00  160.00 0.862 0.012 3.90e-01  1.966 1.000 0.00e+00 3.34e-15
 288 A N     H      800.00  160.00 0.714 0.014 6.81e-01  7.232 1.000 0.00e+00 4.08e-14
 289 A N     H      800.00  160.00 0.798 0.011 6.20e-01  3.711 1.000 0.00e+00 5.73e-14
 290 A N     H      800.00  160.00 0.716 0.011 7.70e-01  3.183 1.000 0.00e+00 9.02e-15
 292 A N     H      800.00  160.00 0.897 0.022 6.86e-01  7.346 1.000 0.00e+00 9.47e-15
 293 A N     H      800.00  160.00 0.920 0.044 3.18e-02  9.719 1.000 0.00e+00 1.02e-14
 294 A N     H      800.00  160.00 0.965 0.020 4.36e-01  6.389 1.000 0.00e+00 4.04e-16
 295 A N     H      800.00  160.00 0.936 0.037 0.00e+00  7.654 1.000 0.00e+00 6.64e-01
 296 A N     H      800.00  160.00 1.000 0.037 0.00e+00 11.419 1.000 0.00e+00 4.88e+00
 297 A N     H      800.00  160.00 1.000 0.019 0.00e+00 11.852 1.000 0.00e+00 5.35e-01
 299 A N     H      800.00  160.00 0.837 0.048 0.00e+00 16.936 1.000 0.00e+00 2.28e+00
 302 A N     H      800.00  160.00 0.963 0.017 5.16e-01 11.023 1.000 0.00e+00 4.16e-15
 303 A N     H      800.00  160.00 0.948 0.017 1.11e+00  9.599 1.000 0.00e+00 5.69e-15
 304 A N     H      800.00  160.00 0.943 0.074 0.00e+00  8.665 1.000 0.00e+00 2.54e-01
 305 A N     H      800.00  160.00 0.908 0.025 2.50e+00  5.636 1.000 0.00e+00 1.00e-17
 307 A N     H      800.00  160.00 0.955 0.016 1.17e+00 10.113 1.000 0.00e+00 2.25e-15
 309 A N     H      800.00  160.00 1.000 0.028 0.00e+00  8.335 1.000 0.00e+00 5.02e-02
 310 A N     H      800.00  160.00 0.966 0.022 1.53e+00  9.143 1.000 0.00e+00 8.68e-16
 312 A N     H      800.00  160.00 0.935 0.045 4.70e-02 12.258 1.000 0.00e+00 1.29e-14
 313 A N     H      800.00  160.00 0.820 0.059 0.00e+00 14.972 1.000 0.00e+00 1.32e+00
 315 A N     H      800.00  160.00 0.981 0.019 2.93e-01  5.905 1.000 0.00e+00 6.23e-16
 316 A N     H      800.00  160.00 0.958 0.022 4.07e-01  5.845 1.000 0.00e+00 1.38e-15
 317 A N     H      800.00  160.00 0.965 0.042 0.00e+00  6.584 1.000 0.00e+00 1.09e-01
 319 A N     H      800.00  160.00 0.770 0.040 0.00e+00 12.814 1.000 0.00e+00 2.18e+01
 320 A N     H      800.00  160.00 0.939 0.023 9.09e-02 10.557 1.000 0.00e+00 7.48e-14
 321 A N     H      800.00  160.00 0.792 0.050 4.72e-02 10.029 1.000 0.00e+00 9.15e-14
 322 A N     H      800.00  160.00 0.933 0.018 6.64e-01 11.634 1.000 0.00e+00 1.57e-15
 323 A N     H      800.00  160.00 0.830 0.038 3.12e-02 10.930 1.000 0.00e+00 2.67e-14
 325 A N     H      800.00  160.00 0.977 0.023 3.31e-01  9.339 1.000 0.00e+00 9.08e-17
 326 A N     H      800.00  160.00 0.689 0.039 1.52e-02 14.356 1.000 0.00e+00 3.61e-15
 327 A N     H      800.00  160.00 0.756 0.045 0.00e+00 21.005 1.000 0.00e+00 8.04e-01
 328 A N     H      800.00  160.00 0.925 0.049 0.00e+00 14.161 1.000 0.00e+00 2.21e+00
 329 A N     H      800.00  160.00 0.965 0.036 0.00e+00  5.747 1.000 0.00e+00 4.03e-02
 330 A N     H      800.00  160.00 0.900 0.019 4.50e+00 10.927 1.000 0.00e+00 1.59e-02
 333 A N     H      800.00  160.00 0.922 0.026 1.19e+00 12.127 1.000 0.00e+00 4.05e-16
 334 A N     H      800.00  160.00 0.966 0.029 1.79e-01 11.461 1.000 0.00e+00 8.37e-17
 335 A N     H      800.00  160.00 0.891 0.057 0.00e+00 13.934 1.000 0.00e+00 3.39e-01
 336 A N     H      800.00  160.00 0.805 0.012 2.98e-01  0.000 0.947 0.00e+00 1.11e-13
 337 A N     H      800.00  160.00 0.965 0.039 0.00e+00 13.663 1.000 0.00e+00 2.57e-01
 339 A N     H      800.00  160.00 0.938 0.015 5.18e-01  9.231 1.000 0.00e+00 5.62e-15
 340 A N     H      800.00  160.00 0.917 0.025 1.74e+00 10.344 1.000 0.00e+00 2.79e-17
 343 A N     H      800.00  160.00 0.728 0.023 3.67e-02 13.102 1.000 0.00e+00 8.64e-16
 345 A N     H      800.00  160.00 0.852 0.033 2.43e-02  6.959 1.000 0.00e+00 2.19e-15
 346 A N     H      800.00  160.00 0.802 0.048 0.00e+00 15.484 1.000 0.00e+00 9.81e+00
 348 A N     H      800.00  160.00 0.976 0.031 0.00e+00 14.791 1.000 0.00e+00 1.28e-03
 350 A N     H      800.00  160.00 0.988 0.034 0.00e+00  6.411 1.000 0.00e+00 2.80e-01


====Full Dynamics Results: Axially-Symmetric Solution====
<residue><chain><atom1><atom2><freq><csa><s2><s2_err><tau_loc><Rex><s2_fast><tau_fast><chi2>
 248 A N     H      800.00  160.00 0.720 0.012 6.38e-01  3.607 1.000 0.00e+00 1.87e-13
 249 A N     H      800.00  160.00 0.865 0.030 4.54e+00  2.493 1.000 0.00e+00 4.63e-03
 250 A N     H      800.00  160.00 0.839 0.087 1.38e-02 14.673 1.000 0.00e+00 3.61e-12
 255 A N     H      800.00  160.00 0.825 0.067 2.89e-02 15.895 1.000 0.00e+00 4.66e-15
 256 A N     H      800.00  160.00 0.935 0.015 3.35e-01  4.512 1.000 0.00e+00 4.90e-14
 257 A N     H      800.00  160.00 0.919 0.034 0.00e+00 12.847 1.000 0.00e+00 1.47e+00
 258 A N     H      800.00  160.00 0.984 0.033 0.00e+00  9.822 1.000 0.00e+00 8.35e-01
 259 A N     H      800.00  160.00 0.884 0.020 4.57e+00 12.458 1.000 0.00e+00 1.34e+00
 260 A N     H      800.00  160.00 0.902 0.033 3.78e+00 12.379 1.000 0.00e+00 1.25e+00
 261 A N     H      800.00  160.00 0.996 0.018 0.00e+00 12.613 1.000 0.00e+00 4.36e-02
 262 A N     H      800.00  160.00 0.938 0.017 3.94e+00  8.824 1.000 0.00e+00 1.53e+00
 263 A N     H      800.00  160.00 0.983 0.041 0.00e+00  7.722 1.000 0.00e+00 6.03e-03
 264 A N     H      800.00  160.00 0.929 0.022 1.09e+00  9.974 1.000 0.00e+00 1.51e-15
 265 A N     H      800.00  160.00 0.945 0.027 1.01e-01  3.704 1.000 0.00e+00 4.79e-15
 266 A N     H      800.00  160.00 0.974 0.030 1.62e-01  7.359 1.000 0.00e+00 1.16e-17
 267 A N     H      800.00  160.00 1.000 0.030 0.00e+00 13.163 1.000 0.00e+00 1.32e+00
 268 A N     H      800.00  160.00 0.911 0.019 1.39e+00 10.414 1.000 0.00e+00 7.33e-15
 269 A N     H      800.00  160.00 1.000 0.034 0.00e+00  9.756 1.000 0.00e+00 1.33e+00
 271 A N     H      800.00  160.00 0.957 0.024 1.21e+00 12.301 1.000 0.00e+00 9.30e-17
 272 A N     H      800.00  160.00 0.937 0.028 2.16e+00  9.828 1.000 0.00e+00 1.41e-16
 273 A N     H      800.00  160.00 0.930 0.017 5.82e-01 13.617 1.000 0.00e+00 6.19e-15
 276 A N     H      800.00  160.00 0.944 0.013 2.55e-01  7.023 1.000 0.00e+00 1.48e-15
 278 A N     H      800.00  160.00 0.918 0.011 3.59e-01  2.010 1.000 0.00e+00 2.86e-15
 279 A N     H      800.00  160.00 0.866 0.022 4.41e+00  7.050 1.000 0.00e+00 3.26e-02
 280 A N     H      800.00  160.00 0.972 0.022 5.19e-01  4.681 1.000 0.00e+00 9.65e-17
 281 A N     H      800.00  160.00 0.877 0.028 1.33e+00 13.655 1.000 0.00e+00 6.46e-17
 282 A N     H      800.00  160.00 0.922 0.034 1.99e+00  6.868 1.000 0.00e+00 3.30e-16
 283 A N     H      800.00  160.00 1.000 0.021 0.00e+00  8.170 1.000 0.00e+00 6.47e-01
 284 A N     H      800.00  160.00 0.897 0.028 1.02e+00 13.680 1.000 0.00e+00 8.38e-17
 285 A N     H      800.00  160.00 0.934 0.022 1.16e-01  5.904 1.000 0.00e+00 3.46e-16
 286 A N     H      800.00  160.00 0.841 0.008 5.00e-01  0.000 1.000 0.00e+00 4.08e-01
 288 A N     H      800.00  160.00 0.724 0.013 6.56e-01  7.445 1.000 0.00e+00 7.10e-15
 289 A N     H      800.00  160.00 0.835 0.011 4.82e-01  4.896 1.000 0.00e+00 3.53e-14
 290 A N     H      800.00  160.00 0.741 0.011 7.05e-01  4.101 1.000 0.00e+00 1.54e-14
 292 A N     H      800.00  160.00 0.878 0.022 8.04e-01  5.906 1.000 0.00e+00 4.53e-16
 293 A N     H      800.00  160.00 0.911 0.043 2.85e-02  9.758 1.000 0.00e+00 5.41e-15
 294 A N     H      800.00  160.00 0.948 0.018 7.26e-01  5.065 1.000 0.00e+00 2.67e-16
 295 A N     H      800.00  160.00 0.940 0.037 0.00e+00  7.092 1.000 0.00e+00 6.59e-01
 296 A N     H      800.00  160.00 1.000 0.038 0.00e+00 11.034 1.000 0.00e+00 4.88e+00
 297 A N     H      800.00  160.00 0.924 0.047 0.00e+00 15.737 1.000 0.00e+00 1.35e-01
 299 A N     H      800.00  160.00 0.867 0.051 1.05e-02 14.793 1.000 0.00e+00 5.35e-10
 302 A N     H      800.00  160.00 0.935 0.017 9.21e-01  8.982 1.000 0.00e+00 1.20e-16
 303 A N     H      800.00  160.00 0.937 0.016 1.28e+00  8.483 1.000 0.00e+00 1.22e-15
 304 A N     H      800.00  160.00 0.927 0.078 0.00e+00  9.039 1.000 0.00e+00 2.49e-01
 305 A N     H      800.00  160.00 0.875 0.027 2.91e+00  3.720 1.000 0.00e+00 1.46e-15
 307 A N     H      800.00  160.00 0.931 0.017 1.58e+00  8.115 1.000 0.00e+00 6.96e-16
 309 A N     H      800.00  160.00 1.000 0.023 0.00e+00  7.574 1.000 0.00e+00 2.06e-01
 310 A N     H      800.00  160.00 1.000 0.020 0.00e+00  8.758 1.000 0.00e+00 1.53e+00
 312 A N     H      800.00  160.00 0.907 0.054 3.23e-02 13.193 1.000 0.00e+00 1.39e-12
 313 A N     H      800.00  160.00 0.825 0.061 0.00e+00 14.386 1.000 0.00e+00 1.32e+00
 315 A N     H      800.00  160.00 0.977 0.016 4.55e-01  5.288 1.000 0.00e+00 2.35e-15
 316 A N     H      800.00  160.00 0.962 0.028 1.60e-01  6.147 1.000 0.00e+00 1.11e-15
 317 A N     H      800.00  160.00 0.999 0.033 0.00e+00  4.526 1.000 0.00e+00 1.10e-01
 319 A N     H      800.00  160.00 0.811 0.043 1.85e-02  9.579 1.000 0.00e+00 1.12e-15
 320 A N     H      800.00  160.00 0.942 0.010 5.15e-01  7.881 1.000 0.00e+00 2.52e-16
 321 A N     H      800.00  160.00 0.789 0.051 4.64e-02  9.837 1.000 0.00e+00 3.83e-11
 322 A N     H      800.00  160.00 0.917 0.019 8.18e-01 10.332 1.000 0.00e+00 5.95e-16
 323 A N     H      800.00  160.00 0.720 0.126 1.86e-02 15.577 1.000 0.00e+00 1.18e-14
 325 A N     H      800.00  160.00 0.952 0.019 8.48e-01  7.583 1.000 0.00e+00 4.83e-16
 326 A N     H      800.00  160.00 0.716 0.060 1.67e-02 12.742 1.000 0.00e+00 1.48e-13
 327 A N     H      800.00  160.00 0.827 0.050 0.00e+00 17.144 1.000 0.00e+00 8.15e-01
 328 A N     H      800.00  160.00 1.000 0.029 0.00e+00  9.821 1.000 0.00e+00 2.22e+00
 329 A N     H      800.00  160.00 1.000 0.008 0.00e+00  2.154 1.000 0.00e+00 1.46e+00
 330 A N     H      800.00  160.00 0.870 0.020 4.48e+00  9.396 1.000 0.00e+00 3.62e-02
 333 A N     H      800.00  160.00 0.900 0.026 1.41e+00 10.325 1.000 0.00e+00 1.86e-16
 334 A N     H      800.00  160.00 0.942 0.021 6.81e-01  9.450 1.000 0.00e+00 4.43e-16
 335 A N     H      800.00  160.00 0.972 0.046 0.00e+00  9.488 1.000 0.00e+00 3.33e-01
 336 A N     H      800.00  160.00 0.764 0.011 3.91e-01  0.000 0.922 0.00e+00 1.18e-13
 337 A N     H      800.00  160.00 1.000 0.018 0.00e+00 10.092 1.000 0.00e+00 1.33e+00
 339 A N     H      800.00  160.00 0.925 0.015 6.52e-01  8.164 1.000 0.00e+00 1.11e-15
 340 A N     H      800.00  160.00 0.918 0.024 1.74e+00  9.987 1.000 0.00e+00 7.53e-16
 343 A N     H      800.00  160.00 0.798 0.026 5.07e-02  9.236 1.000 0.00e+00 2.86e-14
 345 A N     H      800.00  160.00 0.921 0.034 4.68e-02  3.155 1.000 0.00e+00 3.01e-17
 346 A N     H      800.00  160.00 0.854 0.065 1.79e-02 11.926 1.000 0.00e+00 6.80e-16
 348 A N     H      800.00  160.00 1.000 0.013 0.00e+00 12.258 1.000 0.00e+00 6.10e-01
 350 A N     H      800.00  160.00 0.971 0.008 1.68e+00  3.924 1.000 0.00e+00 2.68e-15


====Full Dynamics Results: Anisotropic Solution====
<residue><chain><atom1><atom2><freq><csa><s2><s2_err><tau_loc><Rex><s2_fast><tau_fast><chi2>
 248 A N     H      800.00  160.00 0.726 0.012 6.24e-01  3.889 1.000 0.00e+00 3.97e-14
 249 A N     H      800.00  160.00 0.893 0.029 3.05e+00  0.000 1.000 0.00e+00 1.96e+00
 250 A N     H      800.00  160.00 0.846 0.086 1.45e-02 14.547 1.000 0.00e+00 2.86e-10
 255 A N     H      800.00  160.00 0.846 0.059 3.31e-02 14.893 1.000 0.00e+00 1.21e-15
 256 A N     H      800.00  160.00 0.935 0.015 3.37e-01  4.443 1.000 0.00e+00 2.07e-14
 257 A N     H      800.00  160.00 0.926 0.036 0.00e+00 12.724 1.000 0.00e+00 1.48e+00
 258 A N     H      800.00  160.00 0.968 0.036 0.00e+00 10.816 1.000 0.00e+00 8.35e-01
 259 A N     H      800.00  160.00 0.890 0.020 4.49e+00 12.790 1.000 0.00e+00 1.33e+00
 260 A N     H      800.00  160.00 0.891 0.034 3.86e+00 12.143 1.000 0.00e+00 1.28e+00
 261 A N     H      800.00  160.00 0.978 0.014 2.33e+00 11.586 1.000 0.00e+00 1.56e-17
 262 A N     H      800.00  160.00 0.909 0.017 4.19e+00  8.040 1.000 0.00e+00 1.64e+00
 263 A N     H      800.00  160.00 0.993 0.038 0.00e+00  7.443 1.000 0.00e+00 5.58e-03
 264 A N     H      800.00  160.00 0.924 0.022 1.14e+00  9.907 1.000 0.00e+00 3.67e-16
 265 A N     H      800.00  160.00 0.950 0.016 4.40e-01  2.331 1.000 0.00e+00 9.18e-16
 266 A N     H      800.00  160.00 0.975 0.027 2.33e-01  7.138 1.000 0.00e+00 1.76e-16
 267 A N     H      800.00  160.00 0.951 0.031 3.87e+00 13.322 1.000 0.00e+00 6.25e-02
 268 A N     H      800.00  160.00 0.908 0.019 1.43e+00 10.350 1.000 0.00e+00 2.14e-14
 269 A N     H      800.00  160.00 1.000 0.028 0.00e+00  9.505 1.000 0.00e+00 1.52e+00
 271 A N     H      800.00  160.00 0.971 0.025 8.80e-01 13.303 1.000 0.00e+00 1.17e-15
 272 A N     H      800.00  160.00 0.950 0.026 1.90e+00 10.559 1.000 0.00e+00 1.78e-16
 273 A N     H      800.00  160.00 0.922 0.017 6.57e-01 13.317 1.000 0.00e+00 8.09e-15
 276 A N     H      800.00  160.00 0.942 0.013 2.99e-01  6.904 1.000 0.00e+00 2.98e-16
 278 A N     H      800.00  160.00 0.914 0.011 3.95e-01  2.039 1.000 0.00e+00 1.02e-14
 279 A N     H      800.00  160.00 0.843 0.023 4.59e+00  6.605 1.000 0.00e+00 3.64e-02
 280 A N     H      800.00  160.00 0.957 0.018 8.24e-01  4.087 1.000 0.00e+00 8.91e-16
 281 A N     H      800.00  160.00 0.880 0.028 1.31e+00 13.915 1.000 0.00e+00 3.71e-17
 282 A N     H      800.00  160.00 0.918 0.034 2.04e+00  6.868 1.000 0.00e+00 6.12e-17
 283 A N     H      800.00  160.00 0.986 0.035 0.00e+00  9.557 1.000 0.00e+00 3.49e-01
 284 A N     H      800.00  160.00 0.903 0.028 9.73e-01 14.029 1.000 0.00e+00 1.55e-15
 285 A N     H      800.00  160.00 0.886 0.033 5.62e-02  8.376 1.000 0.00e+00 3.30e-16
 286 A N     H      800.00  160.00 0.829 0.007 5.40e-01  0.000 1.000 0.00e+00 6.81e-02
 288 A N     H      800.00  160.00 0.720 0.013 6.66e-01  7.261 1.000 0.00e+00 3.17e-15
 289 A N     H      800.00  160.00 0.834 0.011 4.87e-01  4.865 1.000 0.00e+00 3.46e-15
 290 A N     H      800.00  160.00 0.744 0.011 6.98e-01  4.203 1.000 0.00e+00 4.86e-15
 292 A N     H      800.00  160.00 0.875 0.021 8.22e-01  5.894 1.000 0.00e+00 8.02e-16
 293 A N     H      800.00  160.00 0.913 0.044 2.91e-02  9.793 1.000 0.00e+00 1.25e-15
 294 A N     H      800.00  160.00 0.953 0.017 6.50e-01  5.477 1.000 0.00e+00 3.78e-16
 295 A N     H      800.00  160.00 0.950 0.036 0.00e+00  6.752 1.000 0.00e+00 6.64e-01
 296 A N     H      800.00  160.00 1.000 0.023 0.00e+00  9.969 1.000 0.00e+00 5.59e+00
 297 A N     H      800.00  160.00 0.953 0.043 0.00e+00 14.423 1.000 0.00e+00 1.38e-01
 299 A N     H      800.00  160.00 0.858 0.050 0.00e+00 15.460 1.000 0.00e+00 2.27e+00
 302 A N     H      800.00  160.00 0.950 0.016 7.17e-01  9.892 1.000 0.00e+00 9.10e-16
 303 A N     H      800.00  160.00 0.939 0.016 1.25e+00  8.634 1.000 0.00e+00 7.53e-16
 304 A N     H      800.00  160.00 0.937 0.077 0.00e+00  8.795 1.000 0.00e+00 2.52e-01
 305 A N     H      800.00  160.00 0.867 0.027 2.98e+00  3.631 1.000 0.00e+00 1.99e-16
 307 A N     H      800.00  160.00 0.922 0.016 1.70e+00  7.785 1.000 0.00e+00 9.93e-17
 309 A N     H      800.00  160.00 1.000 0.017 0.00e+00  7.305 1.000 0.00e+00 5.81e-01
 310 A N     H      800.00  160.00 0.969 0.021 1.45e+00  9.103 1.000 0.00e+00 1.88e-16
 312 A N     H      800.00  160.00 0.915 0.050 3.55e-02 12.754 1.000 0.00e+00 8.80e-15
 313 A N     H      800.00  160.00 0.823 0.060 0.00e+00 14.405 1.000 0.00e+00 1.31e+00
 315 A N     H      800.00  160.00 0.974 0.014 5.52e-01  5.219 1.000 0.00e+00 2.47e-16
 316 A N     H      800.00  160.00 0.958 0.022 3.99e-01  5.475 1.000 0.00e+00 6.99e-16
 317 A N     H      800.00  160.00 1.000 0.028 0.00e+00  4.210 1.000 0.00e+00 2.11e-01
 319 A N     H      800.00  160.00 0.834 0.044 2.12e-02  8.618 1.000 0.00e+00 1.01e-16
 320 A N     H      800.00  160.00 0.953 0.019 1.36e-01  9.342 1.000 0.00e+00 1.36e-14
 321 A N     H      800.00  160.00 0.840 0.049 6.32e-02  7.533 1.000 0.00e+00 8.68e-13
 322 A N     H      800.00  160.00 0.925 0.019 7.40e-01 10.744 1.000 0.00e+00 5.23e-16
 323 A N     H      800.00  160.00 0.758 0.085 2.16e-02 13.992 1.000 0.00e+00 1.64e-14
 325 A N     H      800.00  160.00 0.938 0.018 1.06e+00  6.907 1.000 0.00e+00 8.49e-15
 326 A N     H      800.00  160.00 0.713 0.050 1.65e-02 13.093 1.000 0.00e+00 7.76e-15
 327 A N     H      800.00  160.00 0.788 0.049 0.00e+00 19.089 1.000 0.00e+00 8.04e-01
 328 A N     H      800.00  160.00 0.963 0.043 0.00e+00 11.845 1.000 0.00e+00 2.21e+00
 329 A N     H      800.00  160.00 1.000 0.011 0.00e+00  2.650 1.000 0.00e+00 8.72e-01
 330 A N     H      800.00  160.00 0.864 0.019 4.50e+00  9.405 1.000 0.00e+00 3.82e-02
 333 A N     H      800.00  160.00 0.887 0.026 1.52e+00  9.680 1.000 0.00e+00 4.24e-16
 334 A N     H      800.00  160.00 0.944 0.021 6.61e-01  9.677 1.000 0.00e+00 2.34e-15
 335 A N     H      800.00  160.00 0.922 0.056 0.00e+00 11.950 1.000 0.00e+00 3.40e-01
 336 A N     H      800.00  160.00 0.770 0.011 3.72e-01  0.000 0.925 0.00e+00 2.36e-12
 337 A N     H      800.00  160.00 0.966 0.019 1.89e+00 10.029 1.000 0.00e+00 5.65e-16
 339 A N     H      800.00  160.00 0.908 0.014 8.04e-01  7.385 1.000 0.00e+00 1.66e-15
 340 A N     H      800.00  160.00 0.908 0.025 1.85e+00  9.634 1.000 0.00e+00 4.37e-17
 343 A N     H      800.00  160.00 0.781 0.025 4.63e-02 10.208 1.000 0.00e+00 3.11e-15
 345 A N     H      800.00  160.00 0.892 0.037 3.37e-02  4.594 1.000 0.00e+00 6.61e-16
 346 A N     H      800.00  160.00 0.856 0.066 1.82e-02 12.032 1.000 0.00e+00 5.37e-14
 348 A N     H      800.00  160.00 1.000 0.010 0.00e+00 12.202 1.000 0.00e+00 1.17e+00
 350 A N     H      800.00  160.00 1.000 0.026 0.00e+00  4.854 1.000 0.00e+00 3.85e-01

=====ROBUST REGRESSION: Off=====

=====ORIENTATION SAMPLING=====
Number of rigid bonds = 76
Sampling Param Xi = 0.046 Vectors are uniformly distributed.
Sampling Tensor Components = [0.143, 0.068, -0.211].

=====ISOTROPIC MODEL=====
Diso = 1.22 +/- 0.01 *(10^7) 1/s
TAUc = 13.65 +/- 0.06 ns
Q = 1.115  chi^2 = 3122.289  chi^2/df = 41.631 (Rigid Only)
Akaike Information Criterion (AIC): Value = 3124.289

=====AXIALLY-SYMMETRIC MODEL (OBLATE)=====
D_perp = 1.45 +/- 0.02 *(10^7) 1/s
D_parallel = 0.77 +/- 0.02 *(10^7) 1/s
alpha = 115 +/- 2  deg
beta = 174 +/- 1  deg
Orientational Uncertainty = 3 deg
TAUc = 13.61 +/- 0.06 ns
anisotropy = 0.53 +/- 0.02
Q = 1.039  R = 0.760  chi^2 = 2350.431  chi^2/df = 32.645 (Rigid Only)
Inertia Tensor Unique Axis Difference = 89 deg
ELM Predicted Tensor Unique Axis Difference = 89 deg
F-test (0.05): Axially-Symmetric model better than Isotropic? true, P = 1.28e-04, F = 7.88
Akaike Information Criterion (AIC): Value = 2358.431,
   =>Axially-Symmetric model better than Isotropic? true

==Axially-Symmetric Diffusion Tensor==
    [  1.329   0.263   0.030]     [  0.018   0.027   0.009]
D = [  0.263   0.899  -0.064] +/- [  0.027   0.019   0.015] *(10^7) 1/s
    [  0.030  -0.064   1.446]     [  0.009   0.015   0.016]

==Axially-Symmetric Diffusion Tensor Sorted Eigendecomposition==
    [   0.426    -0.904    -0.045][   0.767     0.000     0.000][   0.426    -0.899    -0.104]
D = [  -0.899    -0.428     0.094][   0.000     1.454     0.000][  -0.904    -0.428     0.000] *(10^7) 1/s
    [  -0.104     0.000    -0.995][   0.000     0.000     1.454][  -0.045     0.094    -0.995]

=====FULLY ANISOTROPIC MODEL=====
Dx = 0.83 +/- 0.02 *(10^7) 1/s
Dy = 1.29 +/- 0.03 *(10^7) 1/s
Dz = 1.53 +/- 0.02 *(10^7) 1/s
alpha = 28 +/- 10  deg
beta = 164 +/- 5  deg
gamma = 103 +/- 20 deg
Orientational Uncertainty = 6 deg
TAUc = 13.68 +/- 0.06 ns
anisotropy = 0.59 +/- 0.02
rhombicity = 0.63 +/- 0.11
Q = 1.053  R = 0.751  chi^2 = 2284.744  chi^2/df = 32.639 (Rigid Only)
Axially-Symmetric Tensor Primary Axis Difference = 11 deg
Inertia Tensor Primary Axis Difference = 88 deg
Inertia Tensor Orientational Difference = 106 deg
ELM Predicted Tensor Primary Axis Difference = 88 deg
ELM Predicted Tensor Orientational Difference = 105 deg
F-test (0.05): Anisotropic model better than Isotropic? true, P = 4.56e-04, F = 5.13
F-test (0.05): Anisotropic model better than Axially-Symmetric? false, P = 3.71e-01, F = 1.01
Akaike Information Criterion (AIC): Value = 2296.744,
   =>Anisotropic model better than Isotropic? true
   =>Anisotropic model better than Axially-Symmteric? true

==Anistropic Diffusion Tensor==
    [  1.273   0.122  -0.049]     [  0.020   0.027   0.020]
D = [  0.122   0.869  -0.057] +/- [  0.027   0.020   0.022] *(10^7) 1/s
    [ -0.049  -0.057   1.513]     [  0.020   0.022   0.023]

==Anistropic Diffusion Tensor Sorted Eigendecomposition==
    [  -0.260     0.935     0.241][   0.832     0.000     0.000][  -0.260     0.964     0.062]
D = [   0.964     0.235     0.127][   0.000     1.289     0.000][   0.935     0.235     0.266] *(10^7) 1/s
    [   0.062     0.266    -0.962][   0.000     0.000     1.533][   0.241     0.127    -0.962]

====Potential Rigid Bonds with High Rex (>10% of R2) or Low S2 (<0.75) ====
<residue><chain><atom1><atom2><CSA><Radius><Rex><S2>
 248 A N H 160.00 1.02 2.19 0.73
 250 A N H 160.00 1.02 8.19 0.85
 255 A N H 160.00 1.02 8.38 0.85
 257 A N H 160.00 1.02 7.16 0.93
 258 A N H 160.00 1.02 6.09 0.97
 259 A N H 160.00 1.02 7.20 0.89
 260 A N H 160.00 1.02 6.83 0.89
 261 A N H 160.00 1.02 6.52 0.98
 262 A N H 160.00 1.02 4.52 0.91
 264 A N H 160.00 1.02 5.57 0.92
 267 A N H 160.00 1.02 7.50 0.95
 268 A N H 160.00 1.02 5.82 0.91
 269 A N H 160.00 1.02 5.35 1.00
 271 A N H 160.00 1.02 7.49 0.97
 272 A N H 160.00 1.02 5.94 0.95
 273 A N H 160.00 1.02 7.49 0.92
 276 A N H 160.00 1.02 3.89 0.94
 281 A N H 160.00 1.02 7.83 0.88
 283 A N H 160.00 1.02 5.38 0.99
 284 A N H 160.00 1.02 7.89 0.90
 285 A N H 160.00 1.02 4.71 0.89
 288 A N H 160.00 1.02 4.09 0.72
 289 A N H 160.00 1.02 2.74 0.83
 290 A N H 160.00 1.02 2.36 0.74
 293 A N H 160.00 1.02 5.51 0.91
 295 A N H 160.00 1.02 3.80 0.95
 297 A N H 160.00 1.02 8.12 0.95
 299 A N H 160.00 1.02 8.70 0.86
 302 A N H 160.00 1.02 5.57 0.95
 303 A N H 160.00 1.02 4.86 0.94
 307 A N H 160.00 1.02 4.38 0.92
 310 A N H 160.00 1.02 5.12 0.97
 312 A N H 160.00 1.02 7.18 0.92
 313 A N H 160.00 1.02 8.11 0.82
 319 A N H 160.00 1.02 4.85 0.83
 320 A N H 160.00 1.02 5.26 0.95
 322 A N H 160.00 1.02 6.05 0.93
 323 A N H 160.00 1.02 7.87 0.76
 326 A N H 160.00 1.02 7.37 0.71
 327 A N H 160.00 1.02 10.74 0.79
 328 A N H 160.00 1.02 6.67 0.96
 330 A N H 160.00 1.02 5.29 0.86
 333 A N H 160.00 1.02 5.45 0.89
 334 A N H 160.00 1.02 5.45 0.94
 335 A N H 160.00 1.02 6.72 0.92
 337 A N H 160.00 1.02 5.64 0.97
 339 A N H 160.00 1.02 4.16 0.91
 340 A N H 160.00 1.02 5.42 0.91
 343 A N H 160.00 1.02 5.74 0.78
 346 A N H 160.00 1.02 6.77 0.86
 348 A N H 160.00 1.02 6.87 1.00

====Full Rotdif Results: Isotropic Solution====
<residue><chain><atom1><atom2><freq><rho_exp><rho_pred><rho_error>
 248 A N     H      800.00  50.922  65.795   1.415
 249 A N     H      800.00  60.933  65.795   5.088
 250 A N     H      800.00 134.705  65.795  16.806
 255 A N     H      800.00 105.086  65.795   3.146
 256 A N     H      800.00  74.353  65.795   3.658
 257 A N     H      800.00 127.319  65.795   6.283
 258 A N     H      800.00 114.166  65.795   6.392
 259 A N     H      800.00  89.635  65.795   4.755
 260 A N     H      800.00  71.113  65.795   6.288
 261 A N     H      800.00  95.939  65.795   4.113
 262 A N     H      800.00  73.094  65.795   3.527
 263 A N     H      800.00 103.093  65.795   8.670
 264 A N     H      800.00  93.607  65.795   7.052
 265 A N     H      800.00  67.559  65.795   3.790
 266 A N     H      800.00  85.259  65.795   6.750
 267 A N     H      800.00  85.181  65.795   7.275
 268 A N     H      800.00  82.528  65.795   4.875
 269 A N     H      800.00  91.418  65.795   6.475
 271 A N     H      800.00 103.948  65.795   9.307
 272 A N     H      800.00  85.376  65.795   7.094
 273 A N     H      800.00 104.849  65.795   6.422
 276 A N     H      800.00  67.661  65.795   2.409
 278 A N     H      800.00  79.165  65.795   2.822
 279 A N     H      800.00  68.972  65.795   4.169
 280 A N     H      800.00  87.305  65.795   6.434
 281 A N     H      800.00  80.599  65.795   6.793
 282 A N     H      800.00  80.207  65.795   7.984
 283 A N     H      800.00 104.017  65.795   6.330
 284 A N     H      800.00  92.291  65.795   7.396
 285 A N     H      800.00  98.138  65.795   5.207
 286 A N     H      800.00  60.057  65.795   1.886
 288 A N     H      800.00  52.456  65.795   1.555
 289 A N     H      800.00  53.540  65.795   1.182
 290 A N     H      800.00  41.873  65.795   0.850
 292 A N     H      800.00  72.568  65.795   4.593
 293 A N     H      800.00  95.963  65.795   3.640
 294 A N     H      800.00  81.173  65.795   4.651
 295 A N     H      800.00  90.364  65.795   4.728
 296 A N     H      800.00  95.862  65.795  10.098
 297 A N     H      800.00  97.673  65.795   6.678
 299 A N     H      800.00 126.613  65.795  10.046
 302 A N     H      800.00  93.597  65.795   4.684
 303 A N     H      800.00  82.793  65.795   3.827
 304 A N     H      800.00  93.223  65.795  13.376
 305 A N     H      800.00  62.786  65.795   3.970
 307 A N     H      800.00  85.308  65.795   4.329
 309 A N     H      800.00  89.282  65.795   6.789
 310 A N     H      800.00  84.218  65.795   5.555
 312 A N     H      800.00 103.210  65.795   8.778
 313 A N     H      800.00 120.498  65.795  10.654
 315 A N     H      800.00  82.005  65.795   3.552
 316 A N     H      800.00  79.085  65.795   5.653
 317 A N     H      800.00  86.132  65.795   6.410
 319 A N     H      800.00 117.453  65.795   7.628
 320 A N     H      800.00  96.811  65.795   2.776
 321 A N     H      800.00  98.308  65.795   8.650
 322 A N     H      800.00  89.481  65.795   4.847
 323 A N     H      800.00 102.067  65.795   3.868
 325 A N     H      800.00  91.582  65.795   5.659
 326 A N     H      800.00 123.876  65.795   4.735
 327 A N     H      800.00 148.660  65.795  11.084
 328 A N     H      800.00 110.107  65.795   8.001
 329 A N     H      800.00  83.323  65.795   4.942
 330 A N     H      800.00  77.106  65.795   3.758
 333 A N     H      800.00  83.712  65.795   6.599
 334 A N     H      800.00  98.614  65.795   7.165
 335 A N     H      800.00 111.672  65.795   9.041
 336 A N     H      800.00  55.746  65.795   1.485
 337 A N     H      800.00 107.959  65.795   7.684
 339 A N     H      800.00  85.495  65.795   3.331
 340 A N     H      800.00  76.123  65.795   5.555
 343 A N     H      800.00 112.708  65.795   4.367
 345 A N     H      800.00  88.422  65.795   4.464
 346 A N     H      800.00 124.729  65.795   9.519
 348 A N     H      800.00 110.618  65.795   6.544
 350 A N     H      800.00  85.235  65.795   5.707


====Full Rotdif Results: Axially-Symmetric Solution====
<residue><chain><atom1><atom2><freq><rho_exp><rho_pred><rho_error>
 248 A N     H      800.00  50.922  42.360   1.415
 249 A N     H      800.00  60.933  54.847   5.088
 250 A N     H      800.00 134.705  79.225  16.806
 255 A N     H      800.00 105.086  54.274   3.146
 256 A N     H      800.00  74.353  61.283   3.658
 257 A N     H      800.00 127.319  81.210   6.283
 258 A N     H      800.00 114.166  81.277   6.392
 259 A N     H      800.00  89.635  58.497   4.755
 260 A N     H      800.00  71.113  43.775   6.288
 261 A N     H      800.00  95.939  60.183   4.113
 262 A N     H      800.00  73.094  51.629   3.527
 263 A N     H      800.00 103.093  78.152   8.670
 264 A N     H      800.00  93.607  65.637   7.052
 265 A N     H      800.00  67.559  57.046   3.790
 266 A N     H      800.00  85.259  63.684   6.750
 267 A N     H      800.00  85.181  56.199   7.275
 268 A N     H      800.00  82.528  55.937   4.875
 269 A N     H      800.00  91.418  64.415   6.475
 271 A N     H      800.00 103.948  68.336   9.307
 272 A N     H      800.00  85.376  59.426   7.094
 273 A N     H      800.00 104.849  65.196   6.422
 276 A N     H      800.00  67.661  49.141   2.409
 278 A N     H      800.00  79.165  72.902   2.822
 279 A N     H      800.00  68.972  52.118   4.169
 280 A N     H      800.00  87.305  72.899   6.434
 281 A N     H      800.00  80.599  48.370   6.793
 282 A N     H      800.00  80.207  61.997   7.984
 283 A N     H      800.00 104.017  80.748   6.330
 284 A N     H      800.00  92.291  56.678   7.396
 285 A N     H      800.00  98.138  78.587   5.207
 286 A N     H      800.00  60.057  59.975   1.886
 288 A N     H      800.00  52.456  35.793   1.555
 289 A N     H      800.00  53.540  41.467   1.182
 290 A N     H      800.00  41.873  33.060   0.850
 292 A N     H      800.00  72.568  56.936   4.593
 293 A N     H      800.00  95.963  65.032   3.640
 294 A N     H      800.00  81.173  66.439   4.651
 295 A N     H      800.00  90.364  67.572   4.728
 296 A N     H      800.00  95.862  66.850  10.098
 297 A N     H      800.00  97.673  52.471   6.678
 299 A N     H      800.00 126.613  74.005  10.046
 302 A N     H      800.00  93.597  67.707   4.684
 303 A N     H      800.00  82.793  59.972   3.827
 304 A N     H      800.00  93.223  64.625  13.376
 305 A N     H      800.00  62.786  53.858   3.970
 307 A N     H      800.00  85.308  63.287   4.329
 309 A N     H      800.00  89.282  68.981   6.789
 310 A N     H      800.00  84.218  63.288   5.555
 312 A N     H      800.00 103.210  62.117   8.778
 313 A N     H      800.00 120.498  67.909  10.654
 315 A N     H      800.00  82.005  66.384   3.552
 316 A N     H      800.00  79.085  61.269   5.653
 317 A N     H      800.00  86.132  72.105   6.410
 319 A N     H      800.00 117.453  80.081   7.628
 320 A N     H      800.00  96.811  72.583   2.776
 321 A N     H      800.00  98.308  63.729   8.650
 322 A N     H      800.00  89.481  60.998   4.847
 323 A N     H      800.00 102.067  48.163   3.868
 325 A N     H      800.00  91.582  69.237   5.659
 326 A N     H      800.00 123.876  70.993   4.735
 327 A N     H      800.00 148.660  80.896  11.084
 328 A N     H      800.00 110.107  80.271   8.001
 329 A N     H      800.00  83.323  81.237   4.942
 330 A N     H      800.00  77.106  54.177   3.758
 333 A N     H      800.00  83.712  57.336   6.599
 334 A N     H      800.00  98.614  70.353   7.165
 335 A N     H      800.00 111.672  80.549   9.041
 336 A N     H      800.00  55.746  50.518   1.485
 337 A N     H      800.00 107.959  81.158   7.684
 339 A N     H      800.00  85.495  62.359   3.331
 340 A N     H      800.00  76.123  51.562   5.555
 343 A N     H      800.00 112.708  77.703   4.367
 345 A N     H      800.00  88.422  77.826   4.464
 346 A N     H      800.00 124.729  80.246   9.519
 348 A N     H      800.00 110.618  76.180   6.544
 350 A N     H      800.00  85.235  73.452   5.707


====Full Rotdif Results: Anisotropic Solution====
<residue><chain><atom1><atom2><freq><rho_exp><rho_pred><rho_error>
 248 A N     H      800.00  50.922  41.688   1.415
 249 A N     H      800.00  60.933  58.582   5.088
 250 A N     H      800.00 134.705  79.705  16.806
 255 A N     H      800.00 105.086  57.493   3.146
 256 A N     H      800.00  74.353  61.485   3.658
 257 A N     H      800.00 127.319  81.645   6.283
 258 A N     H      800.00 114.166  78.005   6.392
 259 A N     H      800.00  89.635  57.652   4.755
 260 A N     H      800.00  71.113  44.300   6.288
 261 A N     H      800.00  95.939  63.157   4.113
 262 A N     H      800.00  73.094  53.593   3.527
 263 A N     H      800.00 103.093  79.053   8.670
 264 A N     H      800.00  93.607  65.827   7.052
 265 A N     H      800.00  67.559  60.899   3.790
 266 A N     H      800.00  85.259  64.316   6.750
 267 A N     H      800.00  85.181  51.718   7.275
 268 A N     H      800.00  82.528  56.100   4.875
 269 A N     H      800.00  91.418  66.356   6.475
 271 A N     H      800.00 103.948  65.438   9.307
 272 A N     H      800.00  85.376  57.494   7.094
 273 A N     H      800.00 104.849  66.068   6.422
 276 A N     H      800.00  67.661  49.446   2.409
 278 A N     H      800.00  79.165  72.801   2.822
 279 A N     H      800.00  68.972  53.189   4.169
 280 A N     H      800.00  87.305  74.721   6.434
 281 A N     H      800.00  80.599  47.758   6.793
 282 A N     H      800.00  80.207  61.996   7.984
 283 A N     H      800.00 104.017  74.280   6.330
 284 A N     H      800.00  92.291  55.770   7.396
 285 A N     H      800.00  98.138  70.343   5.207
 286 A N     H      800.00  60.057  60.048   1.886
 288 A N     H      800.00  52.456  36.206   1.555
 289 A N     H      800.00  53.540  41.544   1.182
 290 A N     H      800.00  41.873  32.841   0.850
 292 A N     H      800.00  72.568  56.969   4.593
 293 A N     H      800.00  95.963  64.919   3.640
 294 A N     H      800.00  81.173  65.240   4.651
 295 A N     H      800.00  90.364  68.645   4.728
 296 A N     H      800.00  95.862  73.828  10.098
 297 A N     H      800.00  97.673  56.228   6.678
 299 A N     H      800.00 126.613  71.012  10.046
 302 A N     H      800.00  93.597  65.086   4.684
 303 A N     H      800.00  82.793  59.564   3.827
 304 A N     H      800.00  93.223  65.389  13.376
 305 A N     H      800.00  62.786  54.071   3.970
 307 A N     H      800.00  85.308  64.180   4.329
 309 A N     H      800.00  89.282  71.099   6.789
 310 A N     H      800.00  84.218  59.259   5.555
 312 A N     H      800.00 103.210  63.489   8.778
 313 A N     H      800.00 120.498  67.843  10.654
 315 A N     H      800.00  82.005  66.586   3.552
 316 A N     H      800.00  79.085  63.176   5.653
 317 A N     H      800.00  86.132  74.447   6.410
 319 A N     H      800.00 117.453  83.862   7.628
 320 A N     H      800.00  96.811  68.182   2.776
 321 A N     H      800.00  98.308  71.944   8.650
 322 A N     H      800.00  89.481  59.863   4.847
 323 A N     H      800.00 102.067  53.681   3.868
 325 A N     H      800.00  91.581  71.227   5.659
 326 A N     H      800.00 123.876  69.524   4.735
 327 A N     H      800.00 148.660  73.290  11.084
 328 A N     H      800.00 110.107  73.200   8.001
 329 A N     H      800.00  83.323  78.576   4.942
 330 A N     H      800.00  77.106  54.156   3.758
 333 A N     H      800.00  83.712  58.983   6.599
 334 A N     H      800.00  98.614  69.676   7.165
 335 A N     H      800.00 111.672  72.382   9.041
 336 A N     H      800.00  55.746  50.893   1.485
 337 A N     H      800.00 107.959  77.139   7.684
 339 A N     H      800.00  85.495  64.564   3.331
 340 A N     H      800.00  76.123  52.432   5.555
 343 A N     H      800.00 112.708  73.949   4.367
 345 A N     H      800.00  88.422  72.913   4.464
 346 A N     H      800.00 124.729  79.849   9.519
 348 A N     H      800.00 110.618  77.456   6.544
 350 A N     H      800.00  85.235  71.685   5.707

====Full Dynamics Results: Isotropic Solution====
<residue><chain><atom1><atom2><freq><csa><s2><s2_err><tau_loc><Rex><s2_fast><tau_fast><chi2>
 248 A N     H      800.00  160.00 0.736 0.013 5.99e-01  4.758 1.000 0.00e+00 3.99e-14
 249 A N     H      800.00  160.00 0.901 0.035 4.50e+00  4.224 1.000 0.00e+00 2.17e-07
 250 A N     H      800.00  160.00 0.771 0.114 9.71e-03 18.386 1.000 0.00e+00 4.67e-11
 255 A N     H      800.00  160.00 0.901 0.037 5.32e-02 12.723 1.000 0.00e+00 2.16e-15
 256 A N     H      800.00  160.00 0.932 0.015 3.64e-01  4.788 1.000 0.00e+00 5.24e-16
 257 A N     H      800.00  160.00 0.839 0.032 0.00e+00 17.219 1.000 0.00e+00 1.46e+00
 258 A N     H      800.00  160.00 0.898 0.040 0.00e+00 14.525 1.000 0.00e+00 8.24e-01
 259 A N     H      800.00  160.00 0.925 0.020 4.50e+00 14.335 1.000 0.00e+00 1.17e+00
 260 A N     H      800.00  160.00 0.856 0.036 4.50e+00 11.714 1.000 0.00e+00 1.22e+00
 261 A N     H      800.00  160.00 1.000 0.008 0.00e+00 11.679 1.000 0.00e+00 2.00e+00
 262 A N     H      800.00  160.00 0.914 0.018 4.50e+00  8.595 1.000 0.00e+00 1.53e+00
 263 A N     H      800.00  160.00 0.914 0.054 0.00e+00 11.541 1.000 0.00e+00 6.69e-03
 264 A N     H      800.00  160.00 0.955 0.021 7.26e-01 12.078 1.000 0.00e+00 6.46e-16
 265 A N     H      800.00  160.00 0.947 0.016 4.79e-01  2.464 1.000 0.00e+00 9.68e-15
 266 A N     H      800.00  160.00 0.972 0.026 3.55e-01  7.363 1.000 0.00e+00 5.79e-17
 267 A N     H      800.00  160.00 0.919 0.036 4.50e+00 12.858 1.000 0.00e+00 7.37e-02
 268 A N     H      800.00  160.00 0.924 0.019 1.25e+00 11.621 1.000 0.00e+00 2.32e-16
 269 A N     H      800.00  160.00 1.000 0.028 0.00e+00  9.703 1.000 0.00e+00 1.53e+00
 271 A N     H      800.00  160.00 1.000 0.029 0.00e+00 13.673 1.000 0.00e+00 1.77e+00
 272 A N     H      800.00  160.00 0.952 0.027 1.85e+00 11.035 1.000 0.00e+00 5.23e-16
 273 A N     H      800.00  160.00 0.948 0.015 3.77e-01 14.876 1.000 0.00e+00 9.53e-16
 276 A N     H      800.00  160.00 0.899 0.013 7.05e-01  5.481 1.000 0.00e+00 1.45e-15
 278 A N     H      800.00  160.00 0.899 0.021 9.87e-02  5.100 1.000 0.00e+00 5.17e-15
 279 A N     H      800.00  160.00 0.889 0.022 4.50e+00  8.347 1.000 0.00e+00 1.48e-02
 280 A N     H      800.00  160.00 0.950 0.040 4.82e-02  7.197 1.000 0.00e+00 5.04e-15
 281 A N     H      800.00  160.00 0.882 0.028 1.30e+00 14.305 1.000 0.00e+00 7.60e-16
 282 A N     H      800.00  160.00 0.950 0.032 1.51e+00  9.001 1.000 0.00e+00 1.99e-17
 283 A N     H      800.00  160.00 0.940 0.043 0.00e+00 12.253 1.000 0.00e+00 3.50e-01
 284 A N     H      800.00  160.00 0.913 0.028 8.90e-01 15.027 1.000 0.00e+00 2.80e-16
 285 A N     H      800.00  160.00 0.858 0.033 4.41e-02 10.225 1.000 0.00e+00 1.68e-15
 286 A N     H      800.00  160.00 0.862 0.012 3.90e-01  1.966 1.000 0.00e+00 3.34e-15
 288 A N     H      800.00  160.00 0.714 0.014 6.81e-01  7.232 1.000 0.00e+00 4.08e-14
 289 A N     H      800.00  160.00 0.798 0.011 6.20e-01  3.711 1.000 0.00e+00 5.73e-14
 290 A N     H      800.00  160.00 0.716 0.011 7.70e-01  3.183 1.000 0.00e+00 9.02e-15
 292 A N     H      800.00  160.00 0.897 0.022 6.86e-01  7.346 1.000 0.00e+00 9.47e-15
 293 A N     H      800.00  160.00 0.920 0.044 3.18e-02  9.719 1.000 0.00e+00 1.02e-14
 294 A N     H      800.00  160.00 0.965 0.020 4.36e-01  6.389 1.000 0.00e+00 4.04e-16
 295 A N     H      800.00  160.00 0.936 0.037 0.00e+00  7.654 1.000 0.00e+00 6.64e-01
 296 A N     H      800.00  160.00 1.000 0.037 0.00e+00 11.419 1.000 0.00e+00 4.88e+00
 297 A N     H      800.00  160.00 1.000 0.019 0.00e+00 11.852 1.000 0.00e+00 5.35e-01
 299 A N     H      800.00  160.00 0.837 0.048 0.00e+00 16.936 1.000 0.00e+00 2.28e+00
 302 A N     H      800.00  160.00 0.963 0.017 5.16e-01 11.023 1.000 0.00e+00 4.16e-15
 303 A N     H      800.00  160.00 0.948 0.017 1.11e+00  9.599 1.000 0.00e+00 5.69e-15
 304 A N     H      800.00  160.00 0.943 0.074 0.00e+00  8.665 1.000 0.00e+00 2.54e-01
 305 A N     H      800.00  160.00 0.908 0.025 2.50e+00  5.636 1.000 0.00e+00 1.00e-17
 307 A N     H      800.00  160.00 0.955 0.016 1.17e+00 10.113 1.000 0.00e+00 2.25e-15
 309 A N     H      800.00  160.00 1.000 0.028 0.00e+00  8.335 1.000 0.00e+00 5.02e-02
 310 A N     H      800.00  160.00 0.966 0.022 1.53e+00  9.143 1.000 0.00e+00 8.68e-16
 312 A N     H      800.00  160.00 0.935 0.045 4.70e-02 12.258 1.000 0.00e+00 1.29e-14
 313 A N     H      800.00  160.00 0.820 0.059 0.00e+00 14.972 1.000 0.00e+00 1.32e+00
 315 A N     H      800.00  160.00 0.981 0.019 2.93e-01  5.905 1.000 0.00e+00 6.23e-16
 316 A N     H      800.00  160.00 0.958 0.022 4.07e-01  5.845 1.000 0.00e+00 1.38e-15
 317 A N     H      800.00  160.00 0.965 0.042 0.00e+00  6.584 1.000 0.00e+00 1.09e-01
 319 A N     H      800.00  160.00 0.770 0.040 0.00e+00 12.814 1.000 0.00e+00 2.18e+01
 320 A N     H      800.00  160.00 0.939 0.023 9.09e-02 10.557 1.000 0.00e+00 7.48e-14
 321 A N     H      800.00  160.00 0.792 0.050 4.72e-02 10.029 1.000 0.00e+00 9.15e-14
 322 A N     H      800.00  160.00 0.933 0.018 6.64e-01 11.634 1.000 0.00e+00 1.57e-15
 323 A N     H      800.00  160.00 0.830 0.038 3.12e-02 10.930 1.000 0.00e+00 2.67e-14
 325 A N     H      800.00  160.00 0.977 0.023 3.31e-01  9.339 1.000 0.00e+00 9.08e-17
 326 A N     H      800.00  160.00 0.689 0.039 1.52e-02 14.356 1.000 0.00e+00 3.61e-15
 327 A N     H      800.00  160.00 0.756 0.045 0.00e+00 21.005 1.000 0.00e+00 8.04e-01
 328 A N     H      800.00  160.00 0.925 0.049 0.00e+00 14.161 1.000 0.00e+00 2.21e+00
 329 A N     H      800.00  160.00 0.965 0.036 0.00e+00  5.747 1.000 0.00e+00 4.03e-02
 330 A N     H      800.00  160.00 0.900 0.019 4.50e+00 10.927 1.000 0.00e+00 1.59e-02
 333 A N     H      800.00  160.00 0.922 0.026 1.19e+00 12.127 1.000 0.00e+00 4.05e-16
 334 A N     H      800.00  160.00 0.966 0.029 1.79e-01 11.461 1.000 0.00e+00 8.37e-17
 335 A N     H      800.00  160.00 0.891 0.057 0.00e+00 13.934 1.000 0.00e+00 3.39e-01
 336 A N     H      800.00  160.00 0.805 0.012 2.98e-01  0.000 0.947 0.00e+00 1.11e-13
 337 A N     H      800.00  160.00 0.965 0.039 0.00e+00 13.663 1.000 0.00e+00 2.57e-01
 339 A N     H      800.00  160.00 0.938 0.015 5.18e-01  9.231 1.000 0.00e+00 5.62e-15
 340 A N     H      800.00  160.00 0.917 0.025 1.74e+00 10.344 1.000 0.00e+00 2.79e-17
 343 A N     H      800.00  160.00 0.728 0.023 3.67e-02 13.102 1.000 0.00e+00 8.64e-16
 345 A N     H      800.00  160.00 0.852 0.033 2.43e-02  6.959 1.000 0.00e+00 2.19e-15
 346 A N     H      800.00  160.00 0.802 0.048 0.00e+00 15.484 1.000 0.00e+00 9.81e+00
 348 A N     H      800.00  160.00 0.976 0.031 0.00e+00 14.791 1.000 0.00e+00 1.28e-03
 350 A N     H      800.00  160.00 0.988 0.034 0.00e+00  6.411 1.000 0.00e+00 2.80e-01


====Full Dynamics Results: Axially-Symmetric Solution====
<residue><chain><atom1><atom2><freq><csa><s2><s2_err><tau_loc><Rex><s2_fast><tau_fast><chi2>
 248 A N     H      800.00  160.00 0.720 0.012 6.38e-01  3.607 1.000 0.00e+00 1.87e-13
 249 A N     H      800.00  160.00 0.865 0.030 4.54e+00  2.493 1.000 0.00e+00 4.63e-03
 250 A N     H      800.00  160.00 0.839 0.087 1.38e-02 14.673 1.000 0.00e+00 3.61e-12
 255 A N     H      800.00  160.00 0.825 0.067 2.89e-02 15.895 1.000 0.00e+00 4.66e-15
 256 A N     H      800.00  160.00 0.935 0.015 3.35e-01  4.512 1.000 0.00e+00 4.90e-14
 257 A N     H      800.00  160.00 0.919 0.034 0.00e+00 12.847 1.000 0.00e+00 1.47e+00
 258 A N     H      800.00  160.00 0.984 0.033 0.00e+00  9.822 1.000 0.00e+00 8.35e-01
 259 A N     H      800.00  160.00 0.884 0.020 4.57e+00 12.458 1.000 0.00e+00 1.34e+00
 260 A N     H      800.00  160.00 0.902 0.033 3.78e+00 12.379 1.000 0.00e+00 1.25e+00
 261 A N     H      800.00  160.00 0.996 0.018 0.00e+00 12.613 1.000 0.00e+00 4.36e-02
 262 A N     H      800.00  160.00 0.938 0.017 3.94e+00  8.824 1.000 0.00e+00 1.53e+00
 263 A N     H      800.00  160.00 0.983 0.041 0.00e+00  7.722 1.000 0.00e+00 6.03e-03
 264 A N     H      800.00  160.00 0.929 0.022 1.09e+00  9.974 1.000 0.00e+00 1.51e-15
 265 A N     H      800.00  160.00 0.945 0.027 1.01e-01  3.704 1.000 0.00e+00 4.79e-15
 266 A N     H      800.00  160.00 0.974 0.030 1.62e-01  7.359 1.000 0.00e+00 1.16e-17
 267 A N     H      800.00  160.00 1.000 0.030 0.00e+00 13.163 1.000 0.00e+00 1.32e+00
 268 A N     H      800.00  160.00 0.911 0.019 1.39e+00 10.414 1.000 0.00e+00 7.33e-15
 269 A N     H      800.00  160.00 1.000 0.034 0.00e+00  9.756 1.000 0.00e+00 1.33e+00
 271 A N     H      800.00  160.00 0.957 0.024 1.21e+00 12.301 1.000 0.00e+00 9.30e-17
 272 A N     H      800.00  160.00 0.937 0.028 2.16e+00  9.828 1.000 0.00e+00 1.41e-16
 273 A N     H      800.00  160.00 0.930 0.017 5.82e-01 13.617 1.000 0.00e+00 6.19e-15
 276 A N     H      800.00  160.00 0.944 0.013 2.55e-01  7.023 1.000 0.00e+00 1.48e-15
 278 A N     H      800.00  160.00 0.918 0.011 3.59e-01  2.010 1.000 0.00e+00 2.86e-15
 279 A N     H      800.00  160.00 0.866 0.022 4.41e+00  7.050 1.000 0.00e+00 3.26e-02
 280 A N     H      800.00  160.00 0.972 0.022 5.19e-01  4.681 1.000 0.00e+00 9.65e-17
 281 A N     H      800.00  160.00 0.877 0.028 1.33e+00 13.655 1.000 0.00e+00 6.46e-17
 282 A N     H      800.00  160.00 0.922 0.034 1.99e+00  6.868 1.000 0.00e+00 3.30e-16
 283 A N     H      800.00  160.00 1.000 0.021 0.00e+00  8.170 1.000 0.00e+00 6.47e-01
 284 A N     H      800.00  160.00 0.897 0.028 1.02e+00 13.680 1.000 0.00e+00 8.38e-17
 285 A N     H      800.00  160.00 0.934 0.022 1.16e-01  5.904 1.000 0.00e+00 3.46e-16
 286 A N     H      800.00  160.00 0.841 0.008 5.00e-01  0.000 1.000 0.00e+00 4.08e-01
 288 A N     H      800.00  160.00 0.724 0.013 6.56e-01  7.445 1.000 0.00e+00 7.10e-15
 289 A N     H      800.00  160.00 0.835 0.011 4.82e-01  4.896 1.000 0.00e+00 3.53e-14
 290 A N     H      800.00  160.00 0.741 0.011 7.05e-01  4.101 1.000 0.00e+00 1.54e-14
 292 A N     H      800.00  160.00 0.878 0.022 8.04e-01  5.906 1.000 0.00e+00 4.53e-16
 293 A N     H      800.00  160.00 0.911 0.043 2.85e-02  9.758 1.000 0.00e+00 5.41e-15
 294 A N     H      800.00  160.00 0.948 0.018 7.26e-01  5.065 1.000 0.00e+00 2.67e-16
 295 A N     H      800.00  160.00 0.940 0.037 0.00e+00  7.092 1.000 0.00e+00 6.59e-01
 296 A N     H      800.00  160.00 1.000 0.038 0.00e+00 11.034 1.000 0.00e+00 4.88e+00
 297 A N     H      800.00  160.00 0.924 0.047 0.00e+00 15.737 1.000 0.00e+00 1.35e-01
 299 A N     H      800.00  160.00 0.867 0.051 1.05e-02 14.793 1.000 0.00e+00 5.35e-10
 302 A N     H      800.00  160.00 0.935 0.017 9.21e-01  8.982 1.000 0.00e+00 1.20e-16
 303 A N     H      800.00  160.00 0.937 0.016 1.28e+00  8.483 1.000 0.00e+00 1.22e-15
 304 A N     H      800.00  160.00 0.927 0.078 0.00e+00  9.039 1.000 0.00e+00 2.49e-01
 305 A N     H      800.00  160.00 0.875 0.027 2.91e+00  3.720 1.000 0.00e+00 1.46e-15
 307 A N     H      800.00  160.00 0.931 0.017 1.58e+00  8.115 1.000 0.00e+00 6.96e-16
 309 A N     H      800.00  160.00 1.000 0.023 0.00e+00  7.574 1.000 0.00e+00 2.06e-01
 310 A N     H      800.00  160.00 1.000 0.020 0.00e+00  8.758 1.000 0.00e+00 1.53e+00
 312 A N     H      800.00  160.00 0.907 0.054 3.23e-02 13.193 1.000 0.00e+00 1.39e-12
 313 A N     H      800.00  160.00 0.825 0.061 0.00e+00 14.386 1.000 0.00e+00 1.32e+00
 315 A N     H      800.00  160.00 0.977 0.016 4.55e-01  5.288 1.000 0.00e+00 2.35e-15
 316 A N     H      800.00  160.00 0.962 0.028 1.60e-01  6.147 1.000 0.00e+00 1.11e-15
 317 A N     H      800.00  160.00 0.999 0.033 0.00e+00  4.526 1.000 0.00e+00 1.10e-01
 319 A N     H      800.00  160.00 0.811 0.043 1.85e-02  9.579 1.000 0.00e+00 1.12e-15
 320 A N     H      800.00  160.00 0.942 0.010 5.15e-01  7.881 1.000 0.00e+00 2.52e-16
 321 A N     H      800.00  160.00 0.789 0.051 4.64e-02  9.837 1.000 0.00e+00 3.83e-11
 322 A N     H      800.00  160.00 0.917 0.019 8.18e-01 10.332 1.000 0.00e+00 5.95e-16
 323 A N     H      800.00  160.00 0.720 0.126 1.86e-02 15.577 1.000 0.00e+00 1.18e-14
 325 A N     H      800.00  160.00 0.952 0.019 8.48e-01  7.583 1.000 0.00e+00 4.83e-16
 326 A N     H      800.00  160.00 0.716 0.060 1.67e-02 12.742 1.000 0.00e+00 1.48e-13
 327 A N     H      800.00  160.00 0.827 0.050 0.00e+00 17.144 1.000 0.00e+00 8.15e-01
 328 A N     H      800.00  160.00 1.000 0.029 0.00e+00  9.821 1.000 0.00e+00 2.22e+00
 329 A N     H      800.00  160.00 1.000 0.008 0.00e+00  2.154 1.000 0.00e+00 1.46e+00
 330 A N     H      800.00  160.00 0.870 0.020 4.48e+00  9.396 1.000 0.00e+00 3.62e-02
 333 A N     H      800.00  160.00 0.900 0.026 1.41e+00 10.325 1.000 0.00e+00 1.86e-16
 334 A N     H      800.00  160.00 0.942 0.021 6.81e-01  9.450 1.000 0.00e+00 4.43e-16
 335 A N     H      800.00  160.00 0.972 0.046 0.00e+00  9.488 1.000 0.00e+00 3.33e-01
 336 A N     H      800.00  160.00 0.764 0.011 3.91e-01  0.000 0.922 0.00e+00 1.18e-13
 337 A N     H      800.00  160.00 1.000 0.018 0.00e+00 10.092 1.000 0.00e+00 1.33e+00
 339 A N     H      800.00  160.00 0.925 0.015 6.52e-01  8.164 1.000 0.00e+00 1.11e-15
 340 A N     H      800.00  160.00 0.918 0.024 1.74e+00  9.987 1.000 0.00e+00 7.53e-16
 343 A N     H      800.00  160.00 0.798 0.026 5.07e-02  9.236 1.000 0.00e+00 2.86e-14
 345 A N     H      800.00  160.00 0.921 0.034 4.68e-02  3.155 1.000 0.00e+00 3.01e-17
 346 A N     H      800.00  160.00 0.854 0.065 1.79e-02 11.926 1.000 0.00e+00 6.80e-16
 348 A N     H      800.00  160.00 1.000 0.013 0.00e+00 12.258 1.000 0.00e+00 6.10e-01
 350 A N     H      800.00  160.00 0.971 0.008 1.68e+00  3.924 1.000 0.00e+00 2.68e-15


====Full Dynamics Results: Anisotropic Solution====
<residue><chain><atom1><atom2><freq><csa><s2><s2_err><tau_loc><Rex><s2_fast><tau_fast><chi2>
 248 A N     H      800.00  160.00 0.726 0.012 6.24e-01  3.889 1.000 0.00e+00 3.97e-14
 249 A N     H      800.00  160.00 0.893 0.029 3.05e+00  0.000 1.000 0.00e+00 1.96e+00
 250 A N     H      800.00  160.00 0.846 0.086 1.45e-02 14.547 1.000 0.00e+00 2.86e-10
 255 A N     H      800.00  160.00 0.846 0.059 3.31e-02 14.893 1.000 0.00e+00 1.21e-15
 256 A N     H      800.00  160.00 0.935 0.015 3.37e-01  4.443 1.000 0.00e+00 2.07e-14
 257 A N     H      800.00  160.00 0.926 0.036 0.00e+00 12.724 1.000 0.00e+00 1.48e+00
 258 A N     H      800.00  160.00 0.968 0.036 0.00e+00 10.816 1.000 0.00e+00 8.35e-01
 259 A N     H      800.00  160.00 0.890 0.020 4.49e+00 12.790 1.000 0.00e+00 1.33e+00
 260 A N     H      800.00  160.00 0.891 0.034 3.86e+00 12.143 1.000 0.00e+00 1.28e+00
 261 A N     H      800.00  160.00 0.978 0.014 2.33e+00 11.586 1.000 0.00e+00 1.56e-17
 262 A N     H      800.00  160.00 0.909 0.017 4.19e+00  8.040 1.000 0.00e+00 1.64e+00
 263 A N     H      800.00  160.00 0.993 0.038 0.00e+00  7.443 1.000 0.00e+00 5.58e-03
 264 A N     H      800.00  160.00 0.924 0.022 1.14e+00  9.907 1.000 0.00e+00 3.67e-16
 265 A N     H      800.00  160.00 0.950 0.016 4.40e-01  2.331 1.000 0.00e+00 9.18e-16
 266 A N     H      800.00  160.00 0.975 0.027 2.33e-01  7.138 1.000 0.00e+00 1.76e-16
 267 A N     H      800.00  160.00 0.951 0.031 3.87e+00 13.322 1.000 0.00e+00 6.25e-02
 268 A N     H      800.00  160.00 0.908 0.019 1.43e+00 10.350 1.000 0.00e+00 2.14e-14
 269 A N     H      800.00  160.00 1.000 0.028 0.00e+00  9.505 1.000 0.00e+00 1.52e+00
 271 A N     H      800.00  160.00 0.971 0.025 8.80e-01 13.303 1.000 0.00e+00 1.17e-15
 272 A N     H      800.00  160.00 0.950 0.026 1.90e+00 10.559 1.000 0.00e+00 1.78e-16
 273 A N     H      800.00  160.00 0.922 0.017 6.57e-01 13.317 1.000 0.00e+00 8.09e-15
 276 A N     H      800.00  160.00 0.942 0.013 2.99e-01  6.904 1.000 0.00e+00 2.98e-16
 278 A N     H      800.00  160.00 0.914 0.011 3.95e-01  2.039 1.000 0.00e+00 1.02e-14
 279 A N     H      800.00  160.00 0.843 0.023 4.59e+00  6.605 1.000 0.00e+00 3.64e-02
 280 A N     H      800.00  160.00 0.957 0.018 8.24e-01  4.087 1.000 0.00e+00 8.91e-16
 281 A N     H      800.00  160.00 0.880 0.028 1.31e+00 13.915 1.000 0.00e+00 3.71e-17
 282 A N     H      800.00  160.00 0.918 0.034 2.04e+00  6.868 1.000 0.00e+00 6.12e-17
 283 A N     H      800.00  160.00 0.986 0.035 0.00e+00  9.557 1.000 0.00e+00 3.49e-01
 284 A N     H      800.00  160.00 0.903 0.028 9.73e-01 14.029 1.000 0.00e+00 1.55e-15
 285 A N     H      800.00  160.00 0.886 0.033 5.62e-02  8.376 1.000 0.00e+00 3.30e-16
 286 A N     H      800.00  160.00 0.829 0.007 5.40e-01  0.000 1.000 0.00e+00 6.81e-02
 288 A N     H      800.00  160.00 0.720 0.013 6.66e-01  7.261 1.000 0.00e+00 3.17e-15
 289 A N     H      800.00  160.00 0.834 0.011 4.87e-01  4.865 1.000 0.00e+00 3.46e-15
 290 A N     H      800.00  160.00 0.744 0.011 6.98e-01  4.203 1.000 0.00e+00 4.86e-15
 292 A N     H      800.00  160.00 0.875 0.021 8.22e-01  5.894 1.000 0.00e+00 8.02e-16
 293 A N     H      800.00  160.00 0.913 0.044 2.91e-02  9.793 1.000 0.00e+00 1.25e-15
 294 A N     H      800.00  160.00 0.953 0.017 6.50e-01  5.477 1.000 0.00e+00 3.78e-16
 295 A N     H      800.00  160.00 0.950 0.036 0.00e+00  6.752 1.000 0.00e+00 6.64e-01
 296 A N     H      800.00  160.00 1.000 0.023 0.00e+00  9.969 1.000 0.00e+00 5.59e+00
 297 A N     H      800.00  160.00 0.953 0.043 0.00e+00 14.423 1.000 0.00e+00 1.38e-01
 299 A N     H      800.00  160.00 0.858 0.050 0.00e+00 15.460 1.000 0.00e+00 2.27e+00
 302 A N     H      800.00  160.00 0.950 0.016 7.17e-01  9.892 1.000 0.00e+00 9.10e-16
 303 A N     H      800.00  160.00 0.939 0.016 1.25e+00  8.634 1.000 0.00e+00 7.53e-16
 304 A N     H      800.00  160.00 0.937 0.077 0.00e+00  8.795 1.000 0.00e+00 2.52e-01
 305 A N     H      800.00  160.00 0.867 0.027 2.98e+00  3.631 1.000 0.00e+00 1.99e-16
 307 A N     H      800.00  160.00 0.922 0.016 1.70e+00  7.785 1.000 0.00e+00 9.93e-17
 309 A N     H      800.00  160.00 1.000 0.017 0.00e+00  7.305 1.000 0.00e+00 5.81e-01
 310 A N     H      800.00  160.00 0.969 0.021 1.45e+00  9.103 1.000 0.00e+00 1.88e-16
 312 A N     H      800.00  160.00 0.915 0.050 3.55e-02 12.754 1.000 0.00e+00 8.80e-15
 313 A N     H      800.00  160.00 0.823 0.060 0.00e+00 14.405 1.000 0.00e+00 1.31e+00
 315 A N     H      800.00  160.00 0.974 0.014 5.52e-01  5.219 1.000 0.00e+00 2.47e-16
 316 A N     H      800.00  160.00 0.958 0.022 3.99e-01  5.475 1.000 0.00e+00 6.99e-16
 317 A N     H      800.00  160.00 1.000 0.028 0.00e+00  4.210 1.000 0.00e+00 2.11e-01
 319 A N     H      800.00  160.00 0.834 0.044 2.12e-02  8.618 1.000 0.00e+00 1.01e-16
 320 A N     H      800.00  160.00 0.953 0.019 1.36e-01  9.342 1.000 0.00e+00 1.36e-14
 321 A N     H      800.00  160.00 0.840 0.049 6.32e-02  7.533 1.000 0.00e+00 8.68e-13
 322 A N     H      800.00  160.00 0.925 0.019 7.40e-01 10.744 1.000 0.00e+00 5.23e-16
 323 A N     H      800.00  160.00 0.758 0.085 2.16e-02 13.992 1.000 0.00e+00 1.64e-14
 325 A N     H      800.00  160.00 0.938 0.018 1.06e+00  6.907 1.000 0.00e+00 8.49e-15
 326 A N     H      800.00  160.00 0.713 0.050 1.65e-02 13.093 1.000 0.00e+00 7.76e-15
 327 A N     H      800.00  160.00 0.788 0.049 0.00e+00 19.089 1.000 0.00e+00 8.04e-01
 328 A N     H      800.00  160.00 0.963 0.043 0.00e+00 11.845 1.000 0.00e+00 2.21e+00
 329 A N     H      800.00  160.00 1.000 0.011 0.00e+00  2.650 1.000 0.00e+00 8.72e-01
 330 A N     H      800.00  160.00 0.864 0.019 4.50e+00  9.405 1.000 0.00e+00 3.82e-02
 333 A N     H      800.00  160.00 0.887 0.026 1.52e+00  9.680 1.000 0.00e+00 4.24e-16
 334 A N     H      800.00  160.00 0.944 0.021 6.61e-01  9.677 1.000 0.00e+00 2.34e-15
 335 A N     H      800.00  160.00 0.922 0.056 0.00e+00 11.950 1.000 0.00e+00 3.40e-01
 336 A N     H      800.00  160.00 0.770 0.011 3.72e-01  0.000 0.925 0.00e+00 2.36e-12
 337 A N     H      800.00  160.00 0.966 0.019 1.89e+00 10.029 1.000 0.00e+00 5.65e-16
 339 A N     H      800.00  160.00 0.908 0.014 8.04e-01  7.385 1.000 0.00e+00 1.66e-15
 340 A N     H      800.00  160.00 0.908 0.025 1.85e+00  9.634 1.000 0.00e+00 4.37e-17
 343 A N     H      800.00  160.00 0.781 0.025 4.63e-02 10.208 1.000 0.00e+00 3.11e-15
 345 A N     H      800.00  160.00 0.892 0.037 3.37e-02  4.594 1.000 0.00e+00 6.61e-16
 346 A N     H      800.00  160.00 0.856 0.066 1.82e-02 12.032 1.000 0.00e+00 5.37e-14
 348 A N     H      800.00  160.00 1.000 0.010 0.00e+00 12.202 1.000 0.00e+00 1.17e+00
 350 A N     H      800.00  160.00 1.000 0.026 0.00e+00  4.854 1.000 0.00e+00 3.85e-01

Saving anisotropic tensor axes, if computed, to "/opt/genapp/rotdif/output/html5/results/users/manish123/p50homo/ROTDIF_p50homo3/out_ani.py" and
	axially symmetric tensor, if computed, axes to "/opt/genapp/rotdif/output/html5/results/users/manish123/p50homo/ROTDIF_p50homo3/out_axial.py"...done.
