Options:
temp = 298.0
robust = false
relax = K11_Ub2_p_relax.txt
elm = false
axes = true
axesl = 5.0
pdb = 1D3Z_mod1.pdb
out = out
help = false
nostat = true
nodynamics = true
nogui = true
model = 1
wr = 1.4
dock = false
sr = 2.2

Extracting experimental data....done.
Parsing pdb file....done.
TEST: Computing results....
 Percent 95.0%
done.
=====ROBUST REGRESSION: Off=====

=====ORIENTATION SAMPLING=====
Number of rigid bonds = 62
Sampling Param Xi = 0.048 Vectors are uniformly distributed.
Sampling Tensor Components = [0.194, -0.007, -0.187].

=====ISOTROPIC MODEL=====
Diso = 1.92 +/- NaN *(10^7) 1/s
TAUc = 8.67 +/- NaN ns
Q = 0.720  chi^2 = 2501.632  chi^2/df = 41.010 (Rigid Only)
Akaike Information Criterion (AIC): Value = 2503.632

=====AXIALLY-SYMMETRIC MODEL (PROLATE)=====
D_perp = 1.72 +/- NaN *(10^7) 1/s
D_parallel = 2.44 +/- NaN *(10^7) 1/s
alpha = 31 +/- NaN  deg
beta = 48 +/- NaN  deg
Orientational Uncertainty = NaN deg
TAUc = 8.49 +/- NaN ns
anisotropy = 1.42 +/- NaN
Q = 0.580  R = 0.612  chi^2 = 1081.009  chi^2/df = 18.638 (Rigid Only)
Inertia Tensor Unique Axis Difference = 49 deg
ELM Predicted Tensor Unique Axis Difference = 56 deg
F-test (0.05): Axially-Symmetric model better than Isotropic? true, P = 1.27e-10, F = 25.41
Akaike Information Criterion (AIC): Value = 1089.009,
   =>Axially-Symmetric model better than Isotropic? true

==Axially-Symmetric Diffusion Tensor==
    [  2.021   0.175   0.307]     [    NaN     NaN     NaN]
D = [  0.175   1.828   0.181] +/- [    NaN     NaN     NaN] *(10^7) 1/s
    [  0.307   0.181   2.042]     [    NaN     NaN     NaN]

==Axially-Symmetric Diffusion Tensor Sorted Eigendecomposition==
    [  -0.509    -0.572     0.643][   1.725     0.000     0.000][  -0.509     0.861    -0.000]
D = [   0.861    -0.338     0.380][   0.000     1.725     0.000][  -0.572    -0.338     0.747] *(10^7) 1/s
    [  -0.000     0.747     0.665][   0.000     0.000     2.442][   0.643     0.380     0.665]

=====FULLY ANISOTROPIC MODEL=====
Dx = 1.66 +/- NaN *(10^7) 1/s
Dy = 1.78 +/- NaN *(10^7) 1/s
Dz = 2.45 +/- NaN *(10^7) 1/s
alpha = 31 +/- NaN  deg
beta = 48 +/- NaN  deg
gamma = 71 +/- NaN deg
Orientational Uncertainty = NaN deg
TAUc = 8.48 +/- NaN ns
anisotropy = 1.42 +/- NaN
rhombicity = 0.24 +/- NaN
Q = 0.578  R = 0.615  chi^2 = 1065.495  chi^2/df = 19.027 (Rigid Only)
Axially-Symmetric Tensor Primary Axis Difference = 1 deg
Inertia Tensor Primary Axis Difference = 48 deg
Inertia Tensor Orientational Difference = 56 deg
ELM Predicted Tensor Primary Axis Difference = 55 deg
ELM Predicted Tensor Orientational Difference = 62 deg
F-test (0.05): Anisotropic model better than Isotropic? true, P = 2.25e-09, F = 15.10
F-test (0.05): Anisotropic model better than Axially-Symmetric? false, P = 6.67e-01, F = 0.41
Akaike Information Criterion (AIC): Value = 1077.495,
   =>Anisotropic model better than Isotropic? true
   =>Anisotropic model better than Axially-Symmteric? true

==Anistropic Diffusion Tensor==
    [  2.035   0.195   0.276]     [    NaN     NaN     NaN]
D = [  0.195   1.780   0.200] +/- [    NaN     NaN     NaN] *(10^7) 1/s
    [  0.276   0.200   2.079]     [    NaN     NaN     NaN]

==Anistropic Diffusion Tensor Sorted Eigendecomposition==
    [  -0.305    -0.714     0.630][   1.663     0.000     0.000][  -0.305     0.922    -0.240]
D = [   0.922    -0.055     0.384][   0.000     1.780     0.000][  -0.714    -0.055     0.698] *(10^7) 1/s
    [  -0.240     0.698     0.675][   0.000     0.000     2.451][   0.630     0.384     0.675]

====Full Rotdif Results: Isotropic Solution====
<residue><chain><atom1><atom2><freq><rho_exp><rho_pred><rho_error>
   2 A N     H      600.13  14.723  15.977   0.392
   3 A N     H      600.13  16.419  15.977   0.367
   4 A N     H      600.13  18.232  15.977   0.384
   5 A N     H      600.13  17.170  15.977   0.545
   6 A N     H      600.13  19.219  15.977   0.659
   7 A N     H      600.13  17.386  15.977   0.411
   8 A N     H      600.13  11.481  15.977   0.727
   9 A N     H      600.13  12.093  15.977   1.223
  10 A N     H      600.13  12.456  15.977   0.674
  11 A N     H      600.13  10.855  15.977   0.692
  12 A N     H      600.13  16.014  15.977   0.502
  13 A N     H      600.13  21.763  15.977   0.831
  14 A N     H      600.13  22.877  15.977   0.617
  15 A N     H      600.13  17.007  15.977   0.599
  17 A N     H      600.13  14.700  15.977   0.410
  18 A N     H      600.13  15.903  15.977   0.406
  20 A N     H      600.13  14.906  15.977   0.301
  21 A N     H      600.13  14.639  15.977   0.304
  22 A N     H      600.13  14.989  15.977   0.396
  23 A N     H      600.13  21.271  15.977   1.109
  25 A N     H      600.13  24.603  15.977   1.061
  27 A N     H      600.13  17.893  15.977   0.246
  28 A N     H      600.13  19.019  15.977   0.658
  29 A N     H      600.13  19.816  15.977   0.640
  30 A N     H      600.13  18.309  15.977   0.393
  32 A N     H      600.13  20.068  15.977   0.284
  33 A N     H      600.13  19.041  15.977   0.200
  34 A N     H      600.13  18.544  15.977   0.414
  35 A N     H      600.13  16.410  15.977   0.371
  36 A N     H      600.13  16.541  15.977   0.448
  39 A N     H      600.13  15.094  15.977   0.289
  40 A N     H      600.13  15.136  15.977   0.419
  41 A N     H      600.13  13.941  15.977   0.251
  43 A N     H      600.13  15.901  15.977   0.618
  44 A N     H      600.13  17.238  15.977   0.323
  45 A N     H      600.13  17.437  15.977   1.002
  46 A N     H      600.13  16.714  15.977   0.545
  47 A N     H      600.13  15.937  15.977   0.639
  48 A N     H      600.13  15.403  15.977   0.936
  49 A N     H      600.13  14.142  15.977   0.281
  50 A N     H      600.13  18.215  15.977   0.420
  51 A N     H      600.13  15.884  15.977   0.620
  52 A N     H      600.13  15.579  15.977   0.324
  54 A N     H      600.13  17.223  15.977   0.212
  55 A N     H      600.13  19.206  15.977   0.488
  56 A N     H      600.13  14.708  15.977   0.390
  57 A N     H      600.13  14.698  15.977   0.238
  58 A N     H      600.13  15.827  15.977   0.202
  59 A N     H      600.13  16.222  15.977   0.334
  60 A N     H      600.13  14.995  15.977   0.212
  61 A N     H      600.13  14.505  15.977   0.202
  62 A N     H      600.13  13.641  15.977   0.627
  63 A N     H      600.13  17.127  15.977   0.272
  64 A N     H      600.13  14.636  15.977   0.268
  65 A N     H      600.13  14.197  15.977   0.371
  66 A N     H      600.13  16.493  15.977   0.514
  67 A N     H      600.13  16.611  15.977   0.354
  68 A N     H      600.13  18.363  15.977   0.372
  69 A N     H      600.13  15.375  15.977   0.233
  70 A N     H      600.13  18.032  15.977   0.214
  71 A N     H      600.13  15.532  15.977   0.299
  72 A N     H      600.13  12.630  15.977   0.410
  73 A N     H      600.13   6.828  15.977   0.446
  74 A N     H      600.13   6.532  15.977   0.801
  75 A N     H      600.13   2.834  15.977   1.083
  76 A N     H      600.13   2.239  15.977   0.902


====Full Rotdif Results: Axially-Symmetric Solution====
<residue><chain><atom1><atom2><freq><rho_exp><rho_pred><rho_error>
   2 A N     H      600.13  14.723  14.456   0.392
   3 A N     H      600.13  16.419  15.975   0.367
   4 A N     H      600.13  18.232  17.339   0.384
   5 A N     H      600.13  17.170  16.697   0.545
   6 A N     H      600.13  19.219  18.222   0.659
   7 A N     H      600.13  17.386  15.458   0.411
   8 A N     H      600.13  11.481  14.004   0.727
   9 A N     H      600.13  12.093  14.387   1.223
  10 A N     H      600.13  12.456  16.884   0.674
  11 A N     H      600.13  10.855  14.009   0.692
  12 A N     H      600.13  16.014  16.873   0.502
  13 A N     H      600.13  21.763  15.964   0.831
  14 A N     H      600.13  22.877  18.062   0.617
  15 A N     H      600.13  17.007  15.892   0.599
  17 A N     H      600.13  14.700  14.157   0.410
  18 A N     H      600.13  15.903  14.225   0.406
  20 A N     H      600.13  14.906  14.267   0.301
  21 A N     H      600.13  14.639  14.042   0.304
  22 A N     H      600.13  14.989  14.746   0.396
  23 A N     H      600.13  21.271  18.111   1.109
  25 A N     H      600.13  24.603  19.312   1.061
  27 A N     H      600.13  17.893  18.349   0.246
  28 A N     H      600.13  19.019  19.469   0.658
  29 A N     H      600.13  19.816  18.694   0.640
  30 A N     H      600.13  18.309  18.244   0.393
  32 A N     H      600.13  20.068  19.491   0.284
  33 A N     H      600.13  19.041  18.644   0.200
  34 A N     H      600.13  18.544  18.683   0.414
  35 A N     H      600.13  16.410  16.863   0.371
  36 A N     H      600.13  16.541  14.452   0.448
  39 A N     H      600.13  15.094  15.540   0.289
  40 A N     H      600.13  15.136  14.342   0.419
  41 A N     H      600.13  13.941  14.576   0.251
  43 A N     H      600.13  15.901  15.758   0.618
  44 A N     H      600.13  17.238  17.724   0.323
  45 A N     H      600.13  17.437  15.720   1.002
  46 A N     H      600.13  16.714  16.888   0.545
  47 A N     H      600.13  15.937  17.926   0.639
  48 A N     H      600.13  15.403  14.010   0.936
  49 A N     H      600.13  14.142  15.146   0.281
  50 A N     H      600.13  18.215  18.693   0.420
  51 A N     H      600.13  15.884  17.671   0.620
  52 A N     H      600.13  15.579  14.193   0.324
  54 A N     H      600.13  17.223  17.728   0.212
  55 A N     H      600.13  19.206  18.964   0.488
  56 A N     H      600.13  14.708  14.669   0.390
  57 A N     H      600.13  14.698  14.117   0.238
  58 A N     H      600.13  15.827  15.657   0.202
  59 A N     H      600.13  16.222  15.615   0.334
  60 A N     H      600.13  14.995  14.972   0.212
  61 A N     H      600.13  14.505  14.114   0.202
  62 A N     H      600.13  13.641  14.216   0.627
  63 A N     H      600.13  17.127  17.666   0.272
  64 A N     H      600.13  14.636  14.443   0.268
  65 A N     H      600.13  14.197  14.484   0.371
  66 A N     H      600.13  16.493  15.946   0.514
  67 A N     H      600.13  16.611  15.771   0.354
  68 A N     H      600.13  18.363  18.090   0.372
  69 A N     H      600.13  15.375  16.146   0.233
  70 A N     H      600.13  18.032  16.294   0.214
  71 A N     H      600.13  15.532  14.511   0.299
  72 A N     H      600.13  12.630  13.991   0.410
  73 A N     H      600.13   6.828  14.278   0.446
  74 A N     H      600.13   6.532  14.359   0.801
  75 A N     H      600.13   2.834  14.086   1.083
  76 A N     H      600.13   2.239  15.361   0.902


====Full Rotdif Results: Anisotropic Solution====
<residue><chain><atom1><atom2><freq><rho_exp><rho_pred><rho_error>
   2 A N     H      600.13  14.723  14.829   0.392
   3 A N     H      600.13  16.419  16.111   0.367
   4 A N     H      600.13  18.232  17.248   0.384
   5 A N     H      600.13  17.170  16.525   0.545
   6 A N     H      600.13  19.219  18.176   0.659
   7 A N     H      600.13  17.386  15.585   0.411
   8 A N     H      600.13  11.481  14.253   0.727
   9 A N     H      600.13  12.093  14.147   1.223
  10 A N     H      600.13  12.456  17.027   0.674
  11 A N     H      600.13  10.855  14.213   0.692
  12 A N     H      600.13  16.014  16.871   0.502
  13 A N     H      600.13  21.763  15.774   0.831
  14 A N     H      600.13  22.877  18.021   0.617
  15 A N     H      600.13  17.007  15.942   0.599
  17 A N     H      600.13  14.700  14.535   0.410
  18 A N     H      600.13  15.903  14.538   0.406
  20 A N     H      600.13  14.906  14.054   0.301
  21 A N     H      600.13  14.639  14.395   0.304
  22 A N     H      600.13  14.989  14.611   0.396
  23 A N     H      600.13  21.271  18.102   1.109
  25 A N     H      600.13  24.603  19.409   1.061
  27 A N     H      600.13  17.893  18.401   0.246
  28 A N     H      600.13  19.019  19.512   0.658
  29 A N     H      600.13  19.816  18.738   0.640
  30 A N     H      600.13  18.309  18.238   0.393
  32 A N     H      600.13  20.068  19.572   0.284
  33 A N     H      600.13  19.041  18.641   0.200
  34 A N     H      600.13  18.544  18.737   0.414
  35 A N     H      600.13  16.410  16.670   0.371
  36 A N     H      600.13  16.541  14.699   0.448
  39 A N     H      600.13  15.094  15.532   0.289
  40 A N     H      600.13  15.136  13.980   0.419
  41 A N     H      600.13  13.941  14.530   0.251
  43 A N     H      600.13  15.901  15.941   0.618
  44 A N     H      600.13  17.238  17.770   0.323
  45 A N     H      600.13  17.437  15.758   1.002
  46 A N     H      600.13  16.714  16.921   0.545
  47 A N     H      600.13  15.937  17.852   0.639
  48 A N     H      600.13  15.403  13.915   0.936
  49 A N     H      600.13  14.142  14.910   0.281
  50 A N     H      600.13  18.215  18.747   0.420
  51 A N     H      600.13  15.884  17.926   0.620
  52 A N     H      600.13  15.579  14.101   0.324
  54 A N     H      600.13  17.223  17.569   0.212
  55 A N     H      600.13  19.206  19.016   0.488
  56 A N     H      600.13  14.708  14.423   0.390
  57 A N     H      600.13  14.698  14.002   0.238
  58 A N     H      600.13  15.827  15.815   0.202
  59 A N     H      600.13  16.222  15.388   0.334
  60 A N     H      600.13  14.995  14.985   0.212
  61 A N     H      600.13  14.505  14.379   0.202
  62 A N     H      600.13  13.641  13.901   0.627
  63 A N     H      600.13  17.127  17.569   0.272
  64 A N     H      600.13  14.636  14.456   0.268
  65 A N     H      600.13  14.197  14.281   0.371
  66 A N     H      600.13  16.493  15.901   0.514
  67 A N     H      600.13  16.611  15.514   0.354
  68 A N     H      600.13  18.363  18.131   0.372
  69 A N     H      600.13  15.375  16.336   0.233
  70 A N     H      600.13  18.032  16.247   0.214
  71 A N     H      600.13  15.532  14.421   0.299
  72 A N     H      600.13  12.630  13.636   0.410
  73 A N     H      600.13   6.828  14.071   0.446
  74 A N     H      600.13   6.532  14.005   0.801
  75 A N     H      600.13   2.834  13.753   1.083
  76 A N     H      600.13   2.239  15.720   0.902

=====ROBUST REGRESSION: Off=====

=====ORIENTATION SAMPLING=====
Number of rigid bonds = 62
Sampling Param Xi = 0.048 Vectors are uniformly distributed.
Sampling Tensor Components = [0.194, -0.007, -0.187].

=====ISOTROPIC MODEL=====
Diso = 1.92 +/- NaN *(10^7) 1/s
TAUc = 8.67 +/- NaN ns
Q = 0.720  chi^2 = 2501.632  chi^2/df = 41.010 (Rigid Only)
Akaike Information Criterion (AIC): Value = 2503.632

=====AXIALLY-SYMMETRIC MODEL (PROLATE)=====
D_perp = 1.72 +/- NaN *(10^7) 1/s
D_parallel = 2.44 +/- NaN *(10^7) 1/s
alpha = 31 +/- NaN  deg
beta = 48 +/- NaN  deg
Orientational Uncertainty = NaN deg
TAUc = 8.49 +/- NaN ns
anisotropy = 1.42 +/- NaN
Q = 0.580  R = 0.612  chi^2 = 1081.009  chi^2/df = 18.638 (Rigid Only)
Inertia Tensor Unique Axis Difference = 49 deg
ELM Predicted Tensor Unique Axis Difference = 56 deg
F-test (0.05): Axially-Symmetric model better than Isotropic? true, P = 1.27e-10, F = 25.41
Akaike Information Criterion (AIC): Value = 1089.009,
   =>Axially-Symmetric model better than Isotropic? true

==Axially-Symmetric Diffusion Tensor==
    [  2.021   0.175   0.307]     [    NaN     NaN     NaN]
D = [  0.175   1.828   0.181] +/- [    NaN     NaN     NaN] *(10^7) 1/s
    [  0.307   0.181   2.042]     [    NaN     NaN     NaN]

==Axially-Symmetric Diffusion Tensor Sorted Eigendecomposition==
    [  -0.509    -0.572     0.643][   1.725     0.000     0.000][  -0.509     0.861    -0.000]
D = [   0.861    -0.338     0.380][   0.000     1.725     0.000][  -0.572    -0.338     0.747] *(10^7) 1/s
    [  -0.000     0.747     0.665][   0.000     0.000     2.442][   0.643     0.380     0.665]

=====FULLY ANISOTROPIC MODEL=====
Dx = 1.66 +/- NaN *(10^7) 1/s
Dy = 1.78 +/- NaN *(10^7) 1/s
Dz = 2.45 +/- NaN *(10^7) 1/s
alpha = 31 +/- NaN  deg
beta = 48 +/- NaN  deg
gamma = 71 +/- NaN deg
Orientational Uncertainty = NaN deg
TAUc = 8.48 +/- NaN ns
anisotropy = 1.42 +/- NaN
rhombicity = 0.24 +/- NaN
Q = 0.578  R = 0.615  chi^2 = 1065.495  chi^2/df = 19.027 (Rigid Only)
Axially-Symmetric Tensor Primary Axis Difference = 1 deg
Inertia Tensor Primary Axis Difference = 48 deg
Inertia Tensor Orientational Difference = 56 deg
ELM Predicted Tensor Primary Axis Difference = 55 deg
ELM Predicted Tensor Orientational Difference = 62 deg
F-test (0.05): Anisotropic model better than Isotropic? true, P = 2.25e-09, F = 15.10
F-test (0.05): Anisotropic model better than Axially-Symmetric? false, P = 6.67e-01, F = 0.41
Akaike Information Criterion (AIC): Value = 1077.495,
   =>Anisotropic model better than Isotropic? true
   =>Anisotropic model better than Axially-Symmteric? true

==Anistropic Diffusion Tensor==
    [  2.035   0.195   0.276]     [    NaN     NaN     NaN]
D = [  0.195   1.780   0.200] +/- [    NaN     NaN     NaN] *(10^7) 1/s
    [  0.276   0.200   2.079]     [    NaN     NaN     NaN]

==Anistropic Diffusion Tensor Sorted Eigendecomposition==
    [  -0.305    -0.714     0.630][   1.663     0.000     0.000][  -0.305     0.922    -0.240]
D = [   0.922    -0.055     0.384][   0.000     1.780     0.000][  -0.714    -0.055     0.698] *(10^7) 1/s
    [  -0.240     0.698     0.675][   0.000     0.000     2.451][   0.630     0.384     0.675]

====Full Rotdif Results: Isotropic Solution====
<residue><chain><atom1><atom2><freq><rho_exp><rho_pred><rho_error>
   2 A N     H      600.13  14.723  15.977   0.392
   3 A N     H      600.13  16.419  15.977   0.367
   4 A N     H      600.13  18.232  15.977   0.384
   5 A N     H      600.13  17.170  15.977   0.545
   6 A N     H      600.13  19.219  15.977   0.659
   7 A N     H      600.13  17.386  15.977   0.411
   8 A N     H      600.13  11.481  15.977   0.727
   9 A N     H      600.13  12.093  15.977   1.223
  10 A N     H      600.13  12.456  15.977   0.674
  11 A N     H      600.13  10.855  15.977   0.692
  12 A N     H      600.13  16.014  15.977   0.502
  13 A N     H      600.13  21.763  15.977   0.831
  14 A N     H      600.13  22.877  15.977   0.617
  15 A N     H      600.13  17.007  15.977   0.599
  17 A N     H      600.13  14.700  15.977   0.410
  18 A N     H      600.13  15.903  15.977   0.406
  20 A N     H      600.13  14.906  15.977   0.301
  21 A N     H      600.13  14.639  15.977   0.304
  22 A N     H      600.13  14.989  15.977   0.396
  23 A N     H      600.13  21.271  15.977   1.109
  25 A N     H      600.13  24.603  15.977   1.061
  27 A N     H      600.13  17.893  15.977   0.246
  28 A N     H      600.13  19.019  15.977   0.658
  29 A N     H      600.13  19.816  15.977   0.640
  30 A N     H      600.13  18.309  15.977   0.393
  32 A N     H      600.13  20.068  15.977   0.284
  33 A N     H      600.13  19.041  15.977   0.200
  34 A N     H      600.13  18.544  15.977   0.414
  35 A N     H      600.13  16.410  15.977   0.371
  36 A N     H      600.13  16.541  15.977   0.448
  39 A N     H      600.13  15.094  15.977   0.289
  40 A N     H      600.13  15.136  15.977   0.419
  41 A N     H      600.13  13.941  15.977   0.251
  43 A N     H      600.13  15.901  15.977   0.618
  44 A N     H      600.13  17.238  15.977   0.323
  45 A N     H      600.13  17.437  15.977   1.002
  46 A N     H      600.13  16.714  15.977   0.545
  47 A N     H      600.13  15.937  15.977   0.639
  48 A N     H      600.13  15.403  15.977   0.936
  49 A N     H      600.13  14.142  15.977   0.281
  50 A N     H      600.13  18.215  15.977   0.420
  51 A N     H      600.13  15.884  15.977   0.620
  52 A N     H      600.13  15.579  15.977   0.324
  54 A N     H      600.13  17.223  15.977   0.212
  55 A N     H      600.13  19.206  15.977   0.488
  56 A N     H      600.13  14.708  15.977   0.390
  57 A N     H      600.13  14.698  15.977   0.238
  58 A N     H      600.13  15.827  15.977   0.202
  59 A N     H      600.13  16.222  15.977   0.334
  60 A N     H      600.13  14.995  15.977   0.212
  61 A N     H      600.13  14.505  15.977   0.202
  62 A N     H      600.13  13.641  15.977   0.627
  63 A N     H      600.13  17.127  15.977   0.272
  64 A N     H      600.13  14.636  15.977   0.268
  65 A N     H      600.13  14.197  15.977   0.371
  66 A N     H      600.13  16.493  15.977   0.514
  67 A N     H      600.13  16.611  15.977   0.354
  68 A N     H      600.13  18.363  15.977   0.372
  69 A N     H      600.13  15.375  15.977   0.233
  70 A N     H      600.13  18.032  15.977   0.214
  71 A N     H      600.13  15.532  15.977   0.299
  72 A N     H      600.13  12.630  15.977   0.410
  73 A N     H      600.13   6.828  15.977   0.446
  74 A N     H      600.13   6.532  15.977   0.801
  75 A N     H      600.13   2.834  15.977   1.083
  76 A N     H      600.13   2.239  15.977   0.902


====Full Rotdif Results: Axially-Symmetric Solution====
<residue><chain><atom1><atom2><freq><rho_exp><rho_pred><rho_error>
   2 A N     H      600.13  14.723  14.456   0.392
   3 A N     H      600.13  16.419  15.975   0.367
   4 A N     H      600.13  18.232  17.339   0.384
   5 A N     H      600.13  17.170  16.697   0.545
   6 A N     H      600.13  19.219  18.222   0.659
   7 A N     H      600.13  17.386  15.458   0.411
   8 A N     H      600.13  11.481  14.004   0.727
   9 A N     H      600.13  12.093  14.387   1.223
  10 A N     H      600.13  12.456  16.884   0.674
  11 A N     H      600.13  10.855  14.009   0.692
  12 A N     H      600.13  16.014  16.873   0.502
  13 A N     H      600.13  21.763  15.964   0.831
  14 A N     H      600.13  22.877  18.062   0.617
  15 A N     H      600.13  17.007  15.892   0.599
  17 A N     H      600.13  14.700  14.157   0.410
  18 A N     H      600.13  15.903  14.225   0.406
  20 A N     H      600.13  14.906  14.267   0.301
  21 A N     H      600.13  14.639  14.042   0.304
  22 A N     H      600.13  14.989  14.746   0.396
  23 A N     H      600.13  21.271  18.111   1.109
  25 A N     H      600.13  24.603  19.312   1.061
  27 A N     H      600.13  17.893  18.349   0.246
  28 A N     H      600.13  19.019  19.469   0.658
  29 A N     H      600.13  19.816  18.694   0.640
  30 A N     H      600.13  18.309  18.244   0.393
  32 A N     H      600.13  20.068  19.491   0.284
  33 A N     H      600.13  19.041  18.644   0.200
  34 A N     H      600.13  18.544  18.683   0.414
  35 A N     H      600.13  16.410  16.863   0.371
  36 A N     H      600.13  16.541  14.452   0.448
  39 A N     H      600.13  15.094  15.540   0.289
  40 A N     H      600.13  15.136  14.342   0.419
  41 A N     H      600.13  13.941  14.576   0.251
  43 A N     H      600.13  15.901  15.758   0.618
  44 A N     H      600.13  17.238  17.724   0.323
  45 A N     H      600.13  17.437  15.720   1.002
  46 A N     H      600.13  16.714  16.888   0.545
  47 A N     H      600.13  15.937  17.926   0.639
  48 A N     H      600.13  15.403  14.010   0.936
  49 A N     H      600.13  14.142  15.146   0.281
  50 A N     H      600.13  18.215  18.693   0.420
  51 A N     H      600.13  15.884  17.671   0.620
  52 A N     H      600.13  15.579  14.193   0.324
  54 A N     H      600.13  17.223  17.728   0.212
  55 A N     H      600.13  19.206  18.964   0.488
  56 A N     H      600.13  14.708  14.669   0.390
  57 A N     H      600.13  14.698  14.117   0.238
  58 A N     H      600.13  15.827  15.657   0.202
  59 A N     H      600.13  16.222  15.615   0.334
  60 A N     H      600.13  14.995  14.972   0.212
  61 A N     H      600.13  14.505  14.114   0.202
  62 A N     H      600.13  13.641  14.216   0.627
  63 A N     H      600.13  17.127  17.666   0.272
  64 A N     H      600.13  14.636  14.443   0.268
  65 A N     H      600.13  14.197  14.484   0.371
  66 A N     H      600.13  16.493  15.946   0.514
  67 A N     H      600.13  16.611  15.771   0.354
  68 A N     H      600.13  18.363  18.090   0.372
  69 A N     H      600.13  15.375  16.146   0.233
  70 A N     H      600.13  18.032  16.294   0.214
  71 A N     H      600.13  15.532  14.511   0.299
  72 A N     H      600.13  12.630  13.991   0.410
  73 A N     H      600.13   6.828  14.278   0.446
  74 A N     H      600.13   6.532  14.359   0.801
  75 A N     H      600.13   2.834  14.086   1.083
  76 A N     H      600.13   2.239  15.361   0.902


====Full Rotdif Results: Anisotropic Solution====
<residue><chain><atom1><atom2><freq><rho_exp><rho_pred><rho_error>
   2 A N     H      600.13  14.723  14.829   0.392
   3 A N     H      600.13  16.419  16.111   0.367
   4 A N     H      600.13  18.232  17.248   0.384
   5 A N     H      600.13  17.170  16.525   0.545
   6 A N     H      600.13  19.219  18.176   0.659
   7 A N     H      600.13  17.386  15.585   0.411
   8 A N     H      600.13  11.481  14.253   0.727
   9 A N     H      600.13  12.093  14.147   1.223
  10 A N     H      600.13  12.456  17.027   0.674
  11 A N     H      600.13  10.855  14.213   0.692
  12 A N     H      600.13  16.014  16.871   0.502
  13 A N     H      600.13  21.763  15.774   0.831
  14 A N     H      600.13  22.877  18.021   0.617
  15 A N     H      600.13  17.007  15.942   0.599
  17 A N     H      600.13  14.700  14.535   0.410
  18 A N     H      600.13  15.903  14.538   0.406
  20 A N     H      600.13  14.906  14.054   0.301
  21 A N     H      600.13  14.639  14.395   0.304
  22 A N     H      600.13  14.989  14.611   0.396
  23 A N     H      600.13  21.271  18.102   1.109
  25 A N     H      600.13  24.603  19.409   1.061
  27 A N     H      600.13  17.893  18.401   0.246
  28 A N     H      600.13  19.019  19.512   0.658
  29 A N     H      600.13  19.816  18.738   0.640
  30 A N     H      600.13  18.309  18.238   0.393
  32 A N     H      600.13  20.068  19.572   0.284
  33 A N     H      600.13  19.041  18.641   0.200
  34 A N     H      600.13  18.544  18.737   0.414
  35 A N     H      600.13  16.410  16.670   0.371
  36 A N     H      600.13  16.541  14.699   0.448
  39 A N     H      600.13  15.094  15.532   0.289
  40 A N     H      600.13  15.136  13.980   0.419
  41 A N     H      600.13  13.941  14.530   0.251
  43 A N     H      600.13  15.901  15.941   0.618
  44 A N     H      600.13  17.238  17.770   0.323
  45 A N     H      600.13  17.437  15.758   1.002
  46 A N     H      600.13  16.714  16.921   0.545
  47 A N     H      600.13  15.937  17.852   0.639
  48 A N     H      600.13  15.403  13.915   0.936
  49 A N     H      600.13  14.142  14.910   0.281
  50 A N     H      600.13  18.215  18.747   0.420
  51 A N     H      600.13  15.884  17.926   0.620
  52 A N     H      600.13  15.579  14.101   0.324
  54 A N     H      600.13  17.223  17.569   0.212
  55 A N     H      600.13  19.206  19.016   0.488
  56 A N     H      600.13  14.708  14.423   0.390
  57 A N     H      600.13  14.698  14.002   0.238
  58 A N     H      600.13  15.827  15.815   0.202
  59 A N     H      600.13  16.222  15.388   0.334
  60 A N     H      600.13  14.995  14.985   0.212
  61 A N     H      600.13  14.505  14.379   0.202
  62 A N     H      600.13  13.641  13.901   0.627
  63 A N     H      600.13  17.127  17.569   0.272
  64 A N     H      600.13  14.636  14.456   0.268
  65 A N     H      600.13  14.197  14.281   0.371
  66 A N     H      600.13  16.493  15.901   0.514
  67 A N     H      600.13  16.611  15.514   0.354
  68 A N     H      600.13  18.363  18.131   0.372
  69 A N     H      600.13  15.375  16.336   0.233
  70 A N     H      600.13  18.032  16.247   0.214
  71 A N     H      600.13  15.532  14.421   0.299
  72 A N     H      600.13  12.630  13.636   0.410
  73 A N     H      600.13   6.828  14.071   0.446
  74 A N     H      600.13   6.532  14.005   0.801
  75 A N     H      600.13   2.834  13.753   1.083
  76 A N     H      600.13   2.239  15.720   0.902

Saving anisotropic tensor axes, if computed, to "/opt/genapp/rotdif/output/html5/results/users/KE4NNY/Run_Relaxation_data_1/out_ani.py" and
	axially symmetric tensor, if computed, axes to "/opt/genapp/rotdif/output/html5/results/users/KE4NNY/Run_Relaxation_data_1/out_axial.py"...done.
