Options:
temp = 298.0
robust = false
relax = K11_Ub2_p_relax_curated.txt
elm = false
axes = true
axesl = 5.0
pdb = 1D3Z_mod1.pdb
out = out
help = false
nostat = true
nodynamics = true
nogui = true
model = 1
wr = 1.4
dock = false
sr = 2.2

Extracting experimental data....done.
Parsing pdb file....done.
TEST: Computing results....
 Percent 95.0%
done.
=====ROBUST REGRESSION: Off=====

=====ORIENTATION SAMPLING=====
Number of rigid bonds = 42
Sampling Param Xi = 0.097 Vectors are uniformly distributed.
Sampling Tensor Components = [0.273, -0.006, -0.267].

=====ISOTROPIC MODEL=====
Diso = 1.91 +/- NaN *(10^7) 1/s
TAUc = 8.75 +/- NaN ns
Q = 0.713  chi^2 = 1197.067  chi^2/df = 29.197 (Rigid Only)
Akaike Information Criterion (AIC): Value = 1199.067

=====AXIALLY-SYMMETRIC MODEL (PROLATE)=====
D_perp = 1.73 +/- NaN *(10^7) 1/s
D_parallel = 2.42 +/- NaN *(10^7) 1/s
alpha = 36 +/- NaN  deg
beta = 46 +/- NaN  deg
Orientational Uncertainty = NaN deg
TAUc = 8.52 +/- NaN ns
anisotropy = 1.40 +/- NaN
Q = 0.217  R = 0.953  chi^2 = 104.419  chi^2/df = 2.748 (Rigid Only)
Inertia Tensor Unique Axis Difference = 48 deg
ELM Predicted Tensor Unique Axis Difference = 55 deg
F-test (0.05): Axially-Symmetric model better than Isotropic? true, P = 3.58e-20, F = 132.55
Akaike Information Criterion (AIC): Value = 112.419,
   =>Axially-Symmetric model better than Isotropic? true

==Axially-Symmetric Diffusion Tensor==
    [  1.956   0.168   0.280]     [    NaN     NaN     NaN]
D = [  0.168   1.848   0.204] +/- [    NaN     NaN     NaN] *(10^7) 1/s
    [  0.280   0.204   2.065]     [    NaN     NaN     NaN]

==Axially-Symmetric Diffusion Tensor Sorted Eigendecomposition==
    [  -0.590    -0.566     0.576][   1.726     0.000     0.000][  -0.590     0.808     0.000]
D = [   0.808    -0.413     0.421][   0.000     1.726     0.000][  -0.566    -0.413     0.714] *(10^7) 1/s
    [   0.000     0.714     0.701][   0.000     0.000     2.418][   0.576     0.421     0.701]

=====FULLY ANISOTROPIC MODEL=====
Dx = 1.71 +/- NaN *(10^7) 1/s
Dy = 1.74 +/- NaN *(10^7) 1/s
Dz = 2.41 +/- NaN *(10^7) 1/s
alpha = 36 +/- NaN  deg
beta = 45 +/- NaN  deg
gamma = 92 +/- NaN deg
Orientational Uncertainty = NaN deg
TAUc = 8.53 +/- NaN ns
anisotropy = 1.40 +/- NaN
rhombicity = 0.05 +/- NaN
Q = 0.215  R = 0.954  chi^2 = 104.031  chi^2/df = 2.890 (Rigid Only)
Axially-Symmetric Tensor Primary Axis Difference = 0 deg
Inertia Tensor Primary Axis Difference = 48 deg
Inertia Tensor Orientational Difference = 48 deg
ELM Predicted Tensor Primary Axis Difference = 54 deg
ELM Predicted Tensor Orientational Difference = 55 deg
F-test (0.05): Anisotropic model better than Isotropic? true, P = 4.46e-18, F = 75.65
F-test (0.05): Anisotropic model better than Axially-Symmetric? false, P = 9.35e-01, F = 0.07
Akaike Information Criterion (AIC): Value = 116.031,
   =>Anisotropic model better than Isotropic? true
   =>Anisotropic model better than Axially-Symmteric? false

==Anistropic Diffusion Tensor==
    [  1.950   0.174   0.273]     [    NaN     NaN     NaN]
D = [  0.174   1.841   0.199] +/- [    NaN     NaN     NaN] *(10^7) 1/s
    [  0.273   0.199   2.073]     [    NaN     NaN     NaN]

==Anistropic Diffusion Tensor Sorted Eigendecomposition==
    [  -0.608    -0.551     0.572][   1.714     0.000     0.000][  -0.608     0.794     0.021]
D = [   0.794    -0.440     0.420][   0.000     1.737     0.000][  -0.551    -0.440     0.710] *(10^7) 1/s
    [   0.021     0.710     0.704][   0.000     0.000     2.413][   0.572     0.420     0.704]

====Full Rotdif Results: Isotropic Solution====
<residue><chain><atom1><atom2><freq><rho_exp><rho_pred><rho_error>
   2 A N     H      600.13  14.723  16.233   0.392
   3 A N     H      600.13  16.419  16.233   0.367
   4 A N     H      600.13  18.232  16.233   0.384
   5 A N     H      600.13  17.170  16.233   0.545
   6 A N     H      600.13  19.219  16.233   0.659
   7 A N     H      600.13  17.386  16.233   0.411
   8 A N     H      600.13  11.481  16.233   0.727
   9 A N     H      600.13  12.093  16.233   1.223
  10 A N     H      600.13  12.456  16.233   0.674
  11 A N     H      600.13  10.855  16.233   0.692
  12 A N     H      600.13  16.014  16.233   0.502
  13 A N     H      600.13  21.763  16.233   0.831
  14 A N     H      600.13  22.877  16.233   0.617
  15 A N     H      600.13  17.007  16.233   0.599
  17 A N     H      600.13  14.700  16.233   0.410
  18 A N     H      600.13  15.903  16.233   0.406
  20 A N     H      600.13  14.906  16.233   0.301
  21 A N     H      600.13  14.639  16.233   0.304
  22 A N     H      600.13  14.989  16.233   0.396
  23 A N     H      600.13  21.271  16.233   1.109
  25 A N     H      600.13  24.603  16.233   1.061
  27 A N     H      600.13  17.893  16.233   0.246
  28 A N     H      600.13  19.019  16.233   0.658
  29 A N     H      600.13  19.816  16.233   0.640
  30 A N     H      600.13  18.309  16.233   0.393
  32 A N     H      600.13  20.068  16.233   0.284
  33 A N     H      600.13  19.041  16.233   0.200
  34 A N     H      600.13  18.544  16.233   0.414
  35 A N     H      600.13  16.410  16.233   0.371
  36 A N     H      600.13  16.541  16.233   0.448
  39 A N     H      600.13  15.094  16.233   0.289
  40 A N     H      600.13  15.136  16.233   0.419
  41 A N     H      600.13  13.941  16.233   0.251
  43 A N     H      600.13  15.901  16.233   0.618
  44 A N     H      600.13  17.238  16.233   0.323
  45 A N     H      600.13  17.437  16.233   1.002
  46 A N     H      600.13  16.714  16.233   0.545
  47 A N     H      600.13  15.937  16.233   0.639
  48 A N     H      600.13  15.403  16.233   0.936
  49 A N     H      600.13  14.142  16.233   0.281
  50 A N     H      600.13  18.215  16.233   0.420
  51 A N     H      600.13  15.884  16.233   0.620
  52 A N     H      600.13  15.579  16.233   0.324
  54 A N     H      600.13  17.223  16.233   0.212
  55 A N     H      600.13  19.206  16.233   0.488
  56 A N     H      600.13  14.708  16.233   0.390
  57 A N     H      600.13  14.698  16.233   0.238
  58 A N     H      600.13  15.827  16.233   0.202
  59 A N     H      600.13  16.222  16.233   0.334
  60 A N     H      600.13  14.995  16.233   0.212
  61 A N     H      600.13  14.505  16.233   0.202
  62 A N     H      600.13  13.641  16.233   0.627
  63 A N     H      600.13  17.127  16.233   0.272
  64 A N     H      600.13  14.636  16.233   0.268
  65 A N     H      600.13  14.197  16.233   0.371
  66 A N     H      600.13  16.493  16.233   0.514
  67 A N     H      600.13  16.611  16.233   0.354
  68 A N     H      600.13  18.363  16.233   0.372
  69 A N     H      600.13  15.375  16.233   0.233
  70 A N     H      600.13  18.032  16.233   0.214
  71 A N     H      600.13  15.532  16.233   0.299
  72 A N     H      600.13  12.630  16.233   0.410
  73 A N     H      600.13   6.828  16.233   0.446
  74 A N     H      600.13   6.532  16.233   0.801
  75 A N     H      600.13   2.834  16.233   1.083
  76 A N     H      600.13   2.239  16.233   0.902


====Full Rotdif Results: Axially-Symmetric Solution====
<residue><chain><atom1><atom2><freq><rho_exp><rho_pred><rho_error>
   2 A N     H      600.13  14.723  14.758   0.392
   3 A N     H      600.13  16.419  16.511   0.367
   4 A N     H      600.13  18.232  17.713   0.384
   5 A N     H      600.13  17.170  16.910   0.545
   6 A N     H      600.13  19.219  18.342   0.659
   7 A N     H      600.13  17.386  15.373   0.411
   8 A N     H      600.13  11.481  14.121   0.727
   9 A N     H      600.13  12.093  14.341   1.223
  10 A N     H      600.13  12.456  16.588   0.674
  11 A N     H      600.13  10.855  14.124   0.692
  12 A N     H      600.13  16.014  16.809   0.502
  13 A N     H      600.13  21.763  16.129   0.831
  14 A N     H      600.13  22.877  18.357   0.617
  15 A N     H      600.13  17.007  16.415   0.599
  17 A N     H      600.13  14.700  14.434   0.410
  18 A N     H      600.13  15.903  14.462   0.406
  20 A N     H      600.13  14.906  14.409   0.301
  21 A N     H      600.13  14.639  14.127   0.304
  22 A N     H      600.13  14.989  15.150   0.396
  23 A N     H      600.13  21.271  18.061   1.109
  25 A N     H      600.13  24.603  19.449   1.061
  27 A N     H      600.13  17.893  18.124   0.246
  28 A N     H      600.13  19.019  19.297   0.658
  29 A N     H      600.13  19.816  18.967   0.640
  30 A N     H      600.13  18.309  18.195   0.393
  32 A N     H      600.13  20.068  19.488   0.284
  33 A N     H      600.13  19.041  18.823   0.200
  34 A N     H      600.13  18.544  18.399   0.414
  35 A N     H      600.13  16.410  16.730   0.371
  36 A N     H      600.13  16.541  14.694   0.448
  39 A N     H      600.13  15.094  16.037   0.289
  40 A N     H      600.13  15.136  14.566   0.419
  41 A N     H      600.13  13.941  14.469   0.251
  43 A N     H      600.13  15.901  15.481   0.618
  44 A N     H      600.13  17.238  17.549   0.323
  45 A N     H      600.13  17.437  15.677   1.002
  46 A N     H      600.13  16.714  16.776   0.545
  47 A N     H      600.13  15.937  18.098   0.639
  48 A N     H      600.13  15.403  14.137   0.936
  49 A N     H      600.13  14.142  15.321   0.281
  50 A N     H      600.13  18.215  18.392   0.420
  51 A N     H      600.13  15.884  18.017   0.620
  52 A N     H      600.13  15.579  14.330   0.324
  54 A N     H      600.13  17.223  17.439   0.212
  55 A N     H      600.13  19.206  19.168   0.488
  56 A N     H      600.13  14.708  15.031   0.390
  57 A N     H      600.13  14.698  14.389   0.238
  58 A N     H      600.13  15.827  16.180   0.202
  59 A N     H      600.13  16.222  16.015   0.334
  60 A N     H      600.13  14.995  14.783   0.212
  61 A N     H      600.13  14.505  14.155   0.202
  62 A N     H      600.13  13.641  14.228   0.627
  63 A N     H      600.13  17.127  17.552   0.272
  64 A N     H      600.13  14.636  14.817   0.268
  65 A N     H      600.13  14.197  14.411   0.371
  66 A N     H      600.13  16.493  16.445   0.514
  67 A N     H      600.13  16.611  16.098   0.354
  68 A N     H      600.13  18.363  17.912   0.372
  69 A N     H      600.13  15.375  15.883   0.233
  70 A N     H      600.13  18.032  15.937   0.214
  71 A N     H      600.13  15.532  14.421   0.299
  72 A N     H      600.13  12.630  14.125   0.410
  73 A N     H      600.13   6.828  14.589   0.446
  74 A N     H      600.13   6.532  14.632   0.801
  75 A N     H      600.13   2.834  14.251   1.083
  76 A N     H      600.13   2.239  15.740   0.902


====Full Rotdif Results: Anisotropic Solution====
<residue><chain><atom1><atom2><freq><rho_exp><rho_pred><rho_error>
   2 A N     H      600.13  14.723  14.867   0.392
   3 A N     H      600.13  16.419  16.520   0.367
   4 A N     H      600.13  18.232  17.701   0.384
   5 A N     H      600.13  17.170  16.912   0.545
   6 A N     H      600.13  19.219  18.341   0.659
   7 A N     H      600.13  17.386  15.442   0.411
   8 A N     H      600.13  11.481  14.149   0.727
   9 A N     H      600.13  12.093  14.290   1.223
  10 A N     H      600.13  12.456  16.614   0.674
  11 A N     H      600.13  10.855  14.232   0.692
  12 A N     H      600.13  16.014  16.843   0.502
  13 A N     H      600.13  21.763  16.147   0.831
  14 A N     H      600.13  22.877  18.349   0.617
  15 A N     H      600.13  17.007  16.408   0.599
  17 A N     H      600.13  14.700  14.510   0.410
  18 A N     H      600.13  15.903  14.578   0.406
  20 A N     H      600.13  14.906  14.457   0.301
  21 A N     H      600.13  14.639  14.207   0.304
  22 A N     H      600.13  14.989  15.117   0.396
  23 A N     H      600.13  21.271  18.070   1.109
  25 A N     H      600.13  24.603  19.453   1.061
  27 A N     H      600.13  17.893  18.131   0.246
  28 A N     H      600.13  19.019  19.288   0.658
  29 A N     H      600.13  19.816  18.965   0.640
  30 A N     H      600.13  18.309  18.202   0.393
  32 A N     H      600.13  20.068  19.489   0.284
  33 A N     H      600.13  19.041  18.818   0.200
  34 A N     H      600.13  18.544  18.397   0.414
  35 A N     H      600.13  16.410  16.734   0.371
  36 A N     H      600.13  16.541  14.810   0.448
  39 A N     H      600.13  15.094  16.021   0.289
  40 A N     H      600.13  15.136  14.558   0.419
  41 A N     H      600.13  13.941  14.435   0.251
  43 A N     H      600.13  15.901  15.499   0.618
  44 A N     H      600.13  17.238  17.569   0.323
  45 A N     H      600.13  17.437  15.736   1.002
  46 A N     H      600.13  16.714  16.813   0.545
  47 A N     H      600.13  15.937  18.096   0.639
  48 A N     H      600.13  15.403  14.214   0.936
  49 A N     H      600.13  14.142  15.345   0.281
  50 A N     H      600.13  18.215  18.388   0.420
  51 A N     H      600.13  15.884  18.081   0.620
  52 A N     H      600.13  15.579  14.409   0.324
  54 A N     H      600.13  17.223  17.417   0.212
  55 A N     H      600.13  19.206  19.167   0.488
  56 A N     H      600.13  14.708  14.993   0.390
  57 A N     H      600.13  14.698  14.352   0.238
  58 A N     H      600.13  15.827  16.192   0.202
  59 A N     H      600.13  16.222  15.988   0.334
  60 A N     H      600.13  14.995  14.758   0.212
  61 A N     H      600.13  14.505  14.188   0.202
  62 A N     H      600.13  13.641  14.177   0.627
  63 A N     H      600.13  17.127  17.564   0.272
  64 A N     H      600.13  14.636  14.799   0.268
  65 A N     H      600.13  14.197  14.361   0.371
  66 A N     H      600.13  16.493  16.427   0.514
  67 A N     H      600.13  16.611  16.083   0.354
  68 A N     H      600.13  18.363  17.924   0.372
  69 A N     H      600.13  15.375  15.919   0.233
  70 A N     H      600.13  18.032  15.903   0.214
  71 A N     H      600.13  15.532  14.382   0.299
  72 A N     H      600.13  12.630  14.078   0.410
  73 A N     H      600.13   6.828  14.547   0.446
  74 A N     H      600.13   6.532  14.600   0.801
  75 A N     H      600.13   2.834  14.268   1.083
  76 A N     H      600.13   2.239  15.845   0.902

=====ROBUST REGRESSION: Off=====

=====ORIENTATION SAMPLING=====
Number of rigid bonds = 42
Sampling Param Xi = 0.097 Vectors are uniformly distributed.
Sampling Tensor Components = [0.273, -0.006, -0.267].

=====ISOTROPIC MODEL=====
Diso = 1.91 +/- NaN *(10^7) 1/s
TAUc = 8.75 +/- NaN ns
Q = 0.713  chi^2 = 1197.067  chi^2/df = 29.197 (Rigid Only)
Akaike Information Criterion (AIC): Value = 1199.067

=====AXIALLY-SYMMETRIC MODEL (PROLATE)=====
D_perp = 1.73 +/- NaN *(10^7) 1/s
D_parallel = 2.42 +/- NaN *(10^7) 1/s
alpha = 36 +/- NaN  deg
beta = 46 +/- NaN  deg
Orientational Uncertainty = NaN deg
TAUc = 8.52 +/- NaN ns
anisotropy = 1.40 +/- NaN
Q = 0.217  R = 0.953  chi^2 = 104.419  chi^2/df = 2.748 (Rigid Only)
Inertia Tensor Unique Axis Difference = 48 deg
ELM Predicted Tensor Unique Axis Difference = 55 deg
F-test (0.05): Axially-Symmetric model better than Isotropic? true, P = 3.58e-20, F = 132.55
Akaike Information Criterion (AIC): Value = 112.419,
   =>Axially-Symmetric model better than Isotropic? true

==Axially-Symmetric Diffusion Tensor==
    [  1.956   0.168   0.280]     [    NaN     NaN     NaN]
D = [  0.168   1.848   0.204] +/- [    NaN     NaN     NaN] *(10^7) 1/s
    [  0.280   0.204   2.065]     [    NaN     NaN     NaN]

==Axially-Symmetric Diffusion Tensor Sorted Eigendecomposition==
    [  -0.590    -0.566     0.576][   1.726     0.000     0.000][  -0.590     0.808     0.000]
D = [   0.808    -0.413     0.421][   0.000     1.726     0.000][  -0.566    -0.413     0.714] *(10^7) 1/s
    [   0.000     0.714     0.701][   0.000     0.000     2.418][   0.576     0.421     0.701]

=====FULLY ANISOTROPIC MODEL=====
Dx = 1.71 +/- NaN *(10^7) 1/s
Dy = 1.74 +/- NaN *(10^7) 1/s
Dz = 2.41 +/- NaN *(10^7) 1/s
alpha = 36 +/- NaN  deg
beta = 45 +/- NaN  deg
gamma = 92 +/- NaN deg
Orientational Uncertainty = NaN deg
TAUc = 8.53 +/- NaN ns
anisotropy = 1.40 +/- NaN
rhombicity = 0.05 +/- NaN
Q = 0.215  R = 0.954  chi^2 = 104.031  chi^2/df = 2.890 (Rigid Only)
Axially-Symmetric Tensor Primary Axis Difference = 0 deg
Inertia Tensor Primary Axis Difference = 48 deg
Inertia Tensor Orientational Difference = 48 deg
ELM Predicted Tensor Primary Axis Difference = 54 deg
ELM Predicted Tensor Orientational Difference = 55 deg
F-test (0.05): Anisotropic model better than Isotropic? true, P = 4.46e-18, F = 75.65
F-test (0.05): Anisotropic model better than Axially-Symmetric? false, P = 9.35e-01, F = 0.07
Akaike Information Criterion (AIC): Value = 116.031,
   =>Anisotropic model better than Isotropic? true
   =>Anisotropic model better than Axially-Symmteric? false

==Anistropic Diffusion Tensor==
    [  1.950   0.174   0.273]     [    NaN     NaN     NaN]
D = [  0.174   1.841   0.199] +/- [    NaN     NaN     NaN] *(10^7) 1/s
    [  0.273   0.199   2.073]     [    NaN     NaN     NaN]

==Anistropic Diffusion Tensor Sorted Eigendecomposition==
    [  -0.608    -0.551     0.572][   1.714     0.000     0.000][  -0.608     0.794     0.021]
D = [   0.794    -0.440     0.420][   0.000     1.737     0.000][  -0.551    -0.440     0.710] *(10^7) 1/s
    [   0.021     0.710     0.704][   0.000     0.000     2.413][   0.572     0.420     0.704]

====Full Rotdif Results: Isotropic Solution====
<residue><chain><atom1><atom2><freq><rho_exp><rho_pred><rho_error>
   2 A N     H      600.13  14.723  16.233   0.392
   3 A N     H      600.13  16.419  16.233   0.367
   4 A N     H      600.13  18.232  16.233   0.384
   5 A N     H      600.13  17.170  16.233   0.545
   6 A N     H      600.13  19.219  16.233   0.659
   7 A N     H      600.13  17.386  16.233   0.411
   8 A N     H      600.13  11.481  16.233   0.727
   9 A N     H      600.13  12.093  16.233   1.223
  10 A N     H      600.13  12.456  16.233   0.674
  11 A N     H      600.13  10.855  16.233   0.692
  12 A N     H      600.13  16.014  16.233   0.502
  13 A N     H      600.13  21.763  16.233   0.831
  14 A N     H      600.13  22.877  16.233   0.617
  15 A N     H      600.13  17.007  16.233   0.599
  17 A N     H      600.13  14.700  16.233   0.410
  18 A N     H      600.13  15.903  16.233   0.406
  20 A N     H      600.13  14.906  16.233   0.301
  21 A N     H      600.13  14.639  16.233   0.304
  22 A N     H      600.13  14.989  16.233   0.396
  23 A N     H      600.13  21.271  16.233   1.109
  25 A N     H      600.13  24.603  16.233   1.061
  27 A N     H      600.13  17.893  16.233   0.246
  28 A N     H      600.13  19.019  16.233   0.658
  29 A N     H      600.13  19.816  16.233   0.640
  30 A N     H      600.13  18.309  16.233   0.393
  32 A N     H      600.13  20.068  16.233   0.284
  33 A N     H      600.13  19.041  16.233   0.200
  34 A N     H      600.13  18.544  16.233   0.414
  35 A N     H      600.13  16.410  16.233   0.371
  36 A N     H      600.13  16.541  16.233   0.448
  39 A N     H      600.13  15.094  16.233   0.289
  40 A N     H      600.13  15.136  16.233   0.419
  41 A N     H      600.13  13.941  16.233   0.251
  43 A N     H      600.13  15.901  16.233   0.618
  44 A N     H      600.13  17.238  16.233   0.323
  45 A N     H      600.13  17.437  16.233   1.002
  46 A N     H      600.13  16.714  16.233   0.545
  47 A N     H      600.13  15.937  16.233   0.639
  48 A N     H      600.13  15.403  16.233   0.936
  49 A N     H      600.13  14.142  16.233   0.281
  50 A N     H      600.13  18.215  16.233   0.420
  51 A N     H      600.13  15.884  16.233   0.620
  52 A N     H      600.13  15.579  16.233   0.324
  54 A N     H      600.13  17.223  16.233   0.212
  55 A N     H      600.13  19.206  16.233   0.488
  56 A N     H      600.13  14.708  16.233   0.390
  57 A N     H      600.13  14.698  16.233   0.238
  58 A N     H      600.13  15.827  16.233   0.202
  59 A N     H      600.13  16.222  16.233   0.334
  60 A N     H      600.13  14.995  16.233   0.212
  61 A N     H      600.13  14.505  16.233   0.202
  62 A N     H      600.13  13.641  16.233   0.627
  63 A N     H      600.13  17.127  16.233   0.272
  64 A N     H      600.13  14.636  16.233   0.268
  65 A N     H      600.13  14.197  16.233   0.371
  66 A N     H      600.13  16.493  16.233   0.514
  67 A N     H      600.13  16.611  16.233   0.354
  68 A N     H      600.13  18.363  16.233   0.372
  69 A N     H      600.13  15.375  16.233   0.233
  70 A N     H      600.13  18.032  16.233   0.214
  71 A N     H      600.13  15.532  16.233   0.299
  72 A N     H      600.13  12.630  16.233   0.410
  73 A N     H      600.13   6.828  16.233   0.446
  74 A N     H      600.13   6.532  16.233   0.801
  75 A N     H      600.13   2.834  16.233   1.083
  76 A N     H      600.13   2.239  16.233   0.902


====Full Rotdif Results: Axially-Symmetric Solution====
<residue><chain><atom1><atom2><freq><rho_exp><rho_pred><rho_error>
   2 A N     H      600.13  14.723  14.758   0.392
   3 A N     H      600.13  16.419  16.511   0.367
   4 A N     H      600.13  18.232  17.713   0.384
   5 A N     H      600.13  17.170  16.910   0.545
   6 A N     H      600.13  19.219  18.342   0.659
   7 A N     H      600.13  17.386  15.373   0.411
   8 A N     H      600.13  11.481  14.121   0.727
   9 A N     H      600.13  12.093  14.341   1.223
  10 A N     H      600.13  12.456  16.588   0.674
  11 A N     H      600.13  10.855  14.124   0.692
  12 A N     H      600.13  16.014  16.809   0.502
  13 A N     H      600.13  21.763  16.129   0.831
  14 A N     H      600.13  22.877  18.357   0.617
  15 A N     H      600.13  17.007  16.415   0.599
  17 A N     H      600.13  14.700  14.434   0.410
  18 A N     H      600.13  15.903  14.462   0.406
  20 A N     H      600.13  14.906  14.409   0.301
  21 A N     H      600.13  14.639  14.127   0.304
  22 A N     H      600.13  14.989  15.150   0.396
  23 A N     H      600.13  21.271  18.061   1.109
  25 A N     H      600.13  24.603  19.449   1.061
  27 A N     H      600.13  17.893  18.124   0.246
  28 A N     H      600.13  19.019  19.297   0.658
  29 A N     H      600.13  19.816  18.967   0.640
  30 A N     H      600.13  18.309  18.195   0.393
  32 A N     H      600.13  20.068  19.488   0.284
  33 A N     H      600.13  19.041  18.823   0.200
  34 A N     H      600.13  18.544  18.399   0.414
  35 A N     H      600.13  16.410  16.730   0.371
  36 A N     H      600.13  16.541  14.694   0.448
  39 A N     H      600.13  15.094  16.037   0.289
  40 A N     H      600.13  15.136  14.566   0.419
  41 A N     H      600.13  13.941  14.469   0.251
  43 A N     H      600.13  15.901  15.481   0.618
  44 A N     H      600.13  17.238  17.549   0.323
  45 A N     H      600.13  17.437  15.677   1.002
  46 A N     H      600.13  16.714  16.776   0.545
  47 A N     H      600.13  15.937  18.098   0.639
  48 A N     H      600.13  15.403  14.137   0.936
  49 A N     H      600.13  14.142  15.321   0.281
  50 A N     H      600.13  18.215  18.392   0.420
  51 A N     H      600.13  15.884  18.017   0.620
  52 A N     H      600.13  15.579  14.330   0.324
  54 A N     H      600.13  17.223  17.439   0.212
  55 A N     H      600.13  19.206  19.168   0.488
  56 A N     H      600.13  14.708  15.031   0.390
  57 A N     H      600.13  14.698  14.389   0.238
  58 A N     H      600.13  15.827  16.180   0.202
  59 A N     H      600.13  16.222  16.015   0.334
  60 A N     H      600.13  14.995  14.783   0.212
  61 A N     H      600.13  14.505  14.155   0.202
  62 A N     H      600.13  13.641  14.228   0.627
  63 A N     H      600.13  17.127  17.552   0.272
  64 A N     H      600.13  14.636  14.817   0.268
  65 A N     H      600.13  14.197  14.411   0.371
  66 A N     H      600.13  16.493  16.445   0.514
  67 A N     H      600.13  16.611  16.098   0.354
  68 A N     H      600.13  18.363  17.912   0.372
  69 A N     H      600.13  15.375  15.883   0.233
  70 A N     H      600.13  18.032  15.937   0.214
  71 A N     H      600.13  15.532  14.421   0.299
  72 A N     H      600.13  12.630  14.125   0.410
  73 A N     H      600.13   6.828  14.589   0.446
  74 A N     H      600.13   6.532  14.632   0.801
  75 A N     H      600.13   2.834  14.251   1.083
  76 A N     H      600.13   2.239  15.740   0.902


====Full Rotdif Results: Anisotropic Solution====
<residue><chain><atom1><atom2><freq><rho_exp><rho_pred><rho_error>
   2 A N     H      600.13  14.723  14.867   0.392
   3 A N     H      600.13  16.419  16.520   0.367
   4 A N     H      600.13  18.232  17.701   0.384
   5 A N     H      600.13  17.170  16.912   0.545
   6 A N     H      600.13  19.219  18.341   0.659
   7 A N     H      600.13  17.386  15.442   0.411
   8 A N     H      600.13  11.481  14.149   0.727
   9 A N     H      600.13  12.093  14.290   1.223
  10 A N     H      600.13  12.456  16.614   0.674
  11 A N     H      600.13  10.855  14.232   0.692
  12 A N     H      600.13  16.014  16.843   0.502
  13 A N     H      600.13  21.763  16.147   0.831
  14 A N     H      600.13  22.877  18.349   0.617
  15 A N     H      600.13  17.007  16.408   0.599
  17 A N     H      600.13  14.700  14.510   0.410
  18 A N     H      600.13  15.903  14.578   0.406
  20 A N     H      600.13  14.906  14.457   0.301
  21 A N     H      600.13  14.639  14.207   0.304
  22 A N     H      600.13  14.989  15.117   0.396
  23 A N     H      600.13  21.271  18.070   1.109
  25 A N     H      600.13  24.603  19.453   1.061
  27 A N     H      600.13  17.893  18.131   0.246
  28 A N     H      600.13  19.019  19.288   0.658
  29 A N     H      600.13  19.816  18.965   0.640
  30 A N     H      600.13  18.309  18.202   0.393
  32 A N     H      600.13  20.068  19.489   0.284
  33 A N     H      600.13  19.041  18.818   0.200
  34 A N     H      600.13  18.544  18.397   0.414
  35 A N     H      600.13  16.410  16.734   0.371
  36 A N     H      600.13  16.541  14.810   0.448
  39 A N     H      600.13  15.094  16.021   0.289
  40 A N     H      600.13  15.136  14.558   0.419
  41 A N     H      600.13  13.941  14.435   0.251
  43 A N     H      600.13  15.901  15.499   0.618
  44 A N     H      600.13  17.238  17.569   0.323
  45 A N     H      600.13  17.437  15.736   1.002
  46 A N     H      600.13  16.714  16.813   0.545
  47 A N     H      600.13  15.937  18.096   0.639
  48 A N     H      600.13  15.403  14.214   0.936
  49 A N     H      600.13  14.142  15.345   0.281
  50 A N     H      600.13  18.215  18.388   0.420
  51 A N     H      600.13  15.884  18.081   0.620
  52 A N     H      600.13  15.579  14.409   0.324
  54 A N     H      600.13  17.223  17.417   0.212
  55 A N     H      600.13  19.206  19.167   0.488
  56 A N     H      600.13  14.708  14.993   0.390
  57 A N     H      600.13  14.698  14.352   0.238
  58 A N     H      600.13  15.827  16.192   0.202
  59 A N     H      600.13  16.222  15.988   0.334
  60 A N     H      600.13  14.995  14.758   0.212
  61 A N     H      600.13  14.505  14.188   0.202
  62 A N     H      600.13  13.641  14.177   0.627
  63 A N     H      600.13  17.127  17.564   0.272
  64 A N     H      600.13  14.636  14.799   0.268
  65 A N     H      600.13  14.197  14.361   0.371
  66 A N     H      600.13  16.493  16.427   0.514
  67 A N     H      600.13  16.611  16.083   0.354
  68 A N     H      600.13  18.363  17.924   0.372
  69 A N     H      600.13  15.375  15.919   0.233
  70 A N     H      600.13  18.032  15.903   0.214
  71 A N     H      600.13  15.532  14.382   0.299
  72 A N     H      600.13  12.630  14.078   0.410
  73 A N     H      600.13   6.828  14.547   0.446
  74 A N     H      600.13   6.532  14.600   0.801
  75 A N     H      600.13   2.834  14.268   1.083
  76 A N     H      600.13   2.239  15.845   0.902

Saving anisotropic tensor axes, if computed, to "/opt/genapp/rotdif/output/html5/results/users/KE4NNY/Run_Final_ungraded_project/out_ani.py" and
	axially symmetric tensor, if computed, axes to "/opt/genapp/rotdif/output/html5/results/users/KE4NNY/Run_Final_ungraded_project/out_axial.py"...done.
