Options:
temp = 298.0
robust = false
relax = K11_Ub2_d_relax.txt
elm = false
axes = true
axesl = 5.0
pdb = 1D3Z_AB.pdb
out = out
help = false
nostat = true
nodynamics = true
nogui = true
model = 1
wr = 1.4
dock = false
sr = 2.2

Extracting experimental data....done.
Parsing pdb file....done.
TEST: Computing results....
 Percent 95.0%
done.
=====ROBUST REGRESSION: Off=====

=====ORIENTATION SAMPLING=====
Number of rigid bonds = 66
Sampling Param Xi = 0.067 Vectors are uniformly distributed.
Sampling Tensor Components = [0.239, -0.035, -0.204].

=====ISOTROPIC MODEL=====
Diso = 2.06 +/- NaN *(10^7) 1/s
TAUc = 8.08 +/- NaN ns
Q = 0.708  chi^2 = 2656.602  chi^2/df = 40.871 (Rigid Only)
Akaike Information Criterion (AIC): Value = 2658.602

=====AXIALLY-SYMMETRIC MODEL (PROLATE)=====
D_perp = 1.73 +/- NaN *(10^7) 1/s
D_parallel = 2.59 +/- NaN *(10^7) 1/s
alpha = 114 +/- NaN  deg
beta = 146 +/- NaN  deg
Orientational Uncertainty = NaN deg
TAUc = 8.26 +/- NaN ns
anisotropy = 1.50 +/- NaN
Q = 0.619  R = 0.512  chi^2 = 1178.300  chi^2/df = 19.005 (Rigid Only)
Inertia Tensor Unique Axis Difference = 76 deg
ELM Predicted Tensor Unique Axis Difference = 76 deg
F-test (0.05): Axially-Symmetric model better than Isotropic? true, P = 5.45e-11, F = 25.93
Akaike Information Criterion (AIC): Value = 1186.300,
   =>Axially-Symmetric model better than Isotropic? true

==Axially-Symmetric Diffusion Tensor==
    [  1.772  -0.100   0.162]     [    NaN     NaN     NaN]
D = [ -0.100   1.955  -0.368] +/- [    NaN     NaN     NaN] *(10^7) 1/s
    [  0.162  -0.368   2.323]     [    NaN     NaN     NaN]

==Axially-Symmetric Diffusion Tensor Sorted Eigendecomposition==
    [  -0.915    -0.334    -0.225][   1.728     0.000     0.000][  -0.915    -0.403    -0.000]
D = [  -0.403     0.759     0.512][   0.000     1.728     0.000][  -0.334     0.759     0.560] *(10^7) 1/s
    [  -0.000     0.560    -0.829][   0.000     0.000     2.595][  -0.225     0.512    -0.829]

=====FULLY ANISOTROPIC MODEL=====
Dx = 1.66 +/- NaN *(10^7) 1/s
Dy = 1.81 +/- NaN *(10^7) 1/s
Dz = 2.60 +/- NaN *(10^7) 1/s
alpha = 112 +/- NaN  deg
beta = 146 +/- NaN  deg
gamma = 163 +/- NaN deg
Orientational Uncertainty = NaN deg
TAUc = 8.24 +/- NaN ns
anisotropy = 1.50 +/- NaN
rhombicity = 0.26 +/- NaN
Q = 0.607  R = 0.535  chi^2 = 1106.732  chi^2/df = 18.446 (Rigid Only)
Axially-Symmetric Tensor Primary Axis Difference = 1 deg
Inertia Tensor Primary Axis Difference = 77 deg
Inertia Tensor Orientational Difference = 93 deg
ELM Predicted Tensor Primary Axis Difference = 77 deg
ELM Predicted Tensor Orientational Difference = 90 deg
F-test (0.05): Anisotropic model better than Isotropic? true, P = 2.37e-10, F = 16.80
F-test (0.05): Anisotropic model better than Axially-Symmetric? false, P = 1.53e-01, F = 1.94
Akaike Information Criterion (AIC): Value = 1118.732,
   =>Anisotropic model better than Isotropic? true
   =>Anisotropic model better than Axially-Symmteric? true

==Anistropic Diffusion Tensor==
    [  1.794  -0.035   0.186]     [    NaN     NaN     NaN]
D = [ -0.035   1.968  -0.394] +/- [    NaN     NaN     NaN] *(10^7) 1/s
    [  0.186  -0.394   2.305]     [    NaN     NaN     NaN]

==Anistropic Diffusion Tensor Sorted Eigendecomposition==
    [  -0.571     0.793    -0.213][   1.657     0.000     0.000][  -0.571     0.618     0.540]
D = [   0.618     0.586     0.524][   0.000     1.808     0.000][   0.793     0.586     0.168] *(10^7) 1/s
    [   0.540     0.168    -0.825][   0.000     0.000     2.603][  -0.213     0.524    -0.825]

====Full Rotdif Results: Isotropic Solution====
<residue><chain><atom1><atom2><freq><rho_exp><rho_pred><rho_error>
   2 A N     H      600.13  15.672  14.040   0.472
   3 A N     H      600.13  13.885  14.040   0.188
   4 A N     H      600.13  13.226  14.040   0.752
   5 A N     H      600.13  14.058  14.040   0.322
   6 A N     H      600.13  12.796  14.040   0.273
   7 A N     H      600.13  14.265  14.040   0.273
   8 A N     H      600.13  11.369  14.040   0.303
   9 A N     H      600.13  12.698  14.040   0.764
  10 A N     H      600.13   9.465  14.040   0.889
  11 A N     H      600.13  12.165  14.040   0.589
  12 A N     H      600.13  11.745  14.040   0.687
  13 A N     H      600.13  15.182  14.040   0.305
  14 A N     H      600.13  14.361  14.040   0.222
  15 A N     H      600.13  13.213  14.040   0.234
  17 A N     H      600.13  13.867  14.040   0.343
  18 A N     H      600.13  17.638  14.040   0.493
  20 A N     H      600.13  15.875  14.040   0.278
  21 A N     H      600.13  14.003  14.040   0.180
  22 A N     H      600.13  12.819  14.040   0.344
  23 A N     H      600.13  15.243  14.040   0.308
  25 A N     H      600.13  18.716  14.040   0.577
  27 A N     H      600.13  13.532  14.040   0.537
  28 A N     H      600.13  13.828  14.040   0.330
  29 A N     H      600.13  14.325  14.040   0.241
  30 A N     H      600.13  13.489  14.040   0.160
  32 A N     H      600.13  14.685  14.040   0.213
  33 A N     H      600.13  13.454  14.040   0.139
  34 A N     H      600.13  14.121  14.040   0.434
  35 A N     H      600.13  19.109  14.040   0.273
  36 A N     H      600.13  19.570  14.040   0.421
  39 A N     H      600.13  12.943  14.040   0.280
  40 A N     H      600.13  15.837  14.040   0.326
  41 A N     H      600.13  13.859  14.040   0.155
  42 A N     H      600.13  12.685  14.040   0.455
  43 A N     H      600.13  13.762  14.040   0.474
  44 A N     H      600.13  12.556  14.040   0.175
  45 A N     H      600.13  15.376  14.040   0.377
  46 A N     H      600.13  12.446  14.040   0.568
  47 A N     H      600.13  12.210  14.040   0.245
  48 A N     H      600.13  17.832  14.040   0.482
  49 A N     H      600.13  13.052  14.040   0.239
  50 A N     H      600.13  14.279  14.040   0.196
  51 A N     H      600.13  14.101  14.040   0.585
  52 A N     H      600.13  19.561  14.040   0.217
  54 A N     H      600.13  16.051  14.040   0.164
  55 A N     H      600.13  14.202  14.040   0.218
  56 A N     H      600.13  12.852  14.040   0.281
  57 A N     H      600.13  13.697  14.040   0.401
  58 A N     H      600.13  13.117  14.040   0.161
  59 A N     H      600.13  13.754  14.040   0.250
  60 A N     H      600.13  13.801  14.040   0.248
  61 A N     H      600.13  12.661  14.040   0.247
  62 A N     H      600.13  14.161  14.040   0.464
  63 A N     H      600.13  15.582  14.040   0.329
  64 A N     H      600.13  12.754  14.040   0.270
  65 A N     H      600.13  14.194  14.040   0.380
  66 A N     H      600.13  13.198  14.040   0.365
  67 A N     H      600.13  13.854  14.040   0.325
  68 A N     H      600.13  13.701  14.040   0.300
  69 A N     H      600.13  12.713  14.040   0.442
  70 A N     H      600.13  16.051  14.040   0.279
  71 A N     H      600.13  13.446  14.040   0.442
  73 A N     H      600.13  10.877  14.040   0.237
  74 A N     H      600.13  13.705  14.040   0.999
  75 A N     H      600.13  10.824  14.040   0.795
  76 A N     H      600.13   6.321  14.040   0.502


====Full Rotdif Results: Axially-Symmetric Solution====
<residue><chain><atom1><atom2><freq><rho_exp><rho_pred><rho_error>
   2 A N     H      600.13  15.672  15.700   0.472
   3 A N     H      600.13  13.885  13.417   0.188
   4 A N     H      600.13  13.226  13.175   0.752
   5 A N     H      600.13  14.058  13.300   0.322
   6 A N     H      600.13  12.796  13.199   0.273
   7 A N     H      600.13  14.265  13.633   0.273
   8 A N     H      600.13  11.369  13.223   0.303
   9 A N     H      600.13  12.698  14.664   0.764
  10 A N     H      600.13   9.465  13.174   0.889
  11 A N     H      600.13  12.165  15.691   0.589
  12 A N     H      600.13  11.745  13.260   0.687
  13 A N     H      600.13  15.182  13.637   0.305
  14 A N     H      600.13  14.361  13.244   0.222
  15 A N     H      600.13  13.213  13.249   0.234
  17 A N     H      600.13  13.867  14.109   0.343
  18 A N     H      600.13  17.638  16.272   0.493
  20 A N     H      600.13  15.875  15.776   0.278
  21 A N     H      600.13  14.003  13.854   0.180
  22 A N     H      600.13  12.819  13.270   0.344
  23 A N     H      600.13  15.243  13.180   0.308
  25 A N     H      600.13  18.716  14.172   0.577
  27 A N     H      600.13  13.532  13.282   0.537
  28 A N     H      600.13  13.828  14.434   0.330
  29 A N     H      600.13  14.325  13.547   0.241
  30 A N     H      600.13  13.489  13.196   0.160
  32 A N     H      600.13  14.685  14.529   0.213
  33 A N     H      600.13  13.454  13.353   0.139
  34 A N     H      600.13  14.121  13.494   0.434
  35 A N     H      600.13  19.109  18.051   0.273
  36 A N     H      600.13  19.570  17.249   0.421
  39 A N     H      600.13  12.943  13.177   0.280
  40 A N     H      600.13  15.837  15.016   0.326
  41 A N     H      600.13  13.859  13.733   0.155
  42 A N     H      600.13  12.685  13.379   0.455
  43 A N     H      600.13  13.762  13.199   0.474
  44 A N     H      600.13  12.556  13.170   0.175
  45 A N     H      600.13  15.376  13.654   0.377
  46 A N     H      600.13  12.446  13.233   0.568
  47 A N     H      600.13  12.210  13.173   0.245
  48 A N     H      600.13  17.832  16.879   0.482
  49 A N     H      600.13  13.052  14.258   0.239
  50 A N     H      600.13  14.279  13.543   0.196
  51 A N     H      600.13  14.101  15.962   0.585
  52 A N     H      600.13  19.561  18.607   0.217
  54 A N     H      600.13  16.051  16.467   0.164
  55 A N     H      600.13  14.202  13.642   0.218
  56 A N     H      600.13  12.852  13.550   0.281
  57 A N     H      600.13  13.697  13.402   0.401
  58 A N     H      600.13  13.117  13.422   0.161
  59 A N     H      600.13  13.754  13.341   0.250
  60 A N     H      600.13  13.801  13.623   0.248
  61 A N     H      600.13  12.661  13.219   0.247
  62 A N     H      600.13  14.161  15.127   0.464
  63 A N     H      600.13  15.582  17.532   0.329
  64 A N     H      600.13  12.754  13.170   0.270
  65 A N     H      600.13  14.194  14.480   0.380
  66 A N     H      600.13  13.198  13.172   0.365
  67 A N     H      600.13  13.854  13.487   0.325
  68 A N     H      600.13  13.701  13.203   0.300
  69 A N     H      600.13  12.713  13.167   0.442
  70 A N     H      600.13  16.051  14.154   0.279
  71 A N     H      600.13  13.446  13.890   0.442
  73 A N     H      600.13  10.877  13.566   0.237
  74 A N     H      600.13  13.705  14.375   0.999
  75 A N     H      600.13  10.824  16.184   0.795
  76 A N     H      600.13   6.321  16.190   0.502


====Full Rotdif Results: Anisotropic Solution====
<residue><chain><atom1><atom2><freq><rho_exp><rho_pred><rho_error>
   2 A N     H      600.13  15.672  15.387   0.472
   3 A N     H      600.13  13.885  13.049   0.188
   4 A N     H      600.13  13.226  13.214   0.752
   5 A N     H      600.13  14.058  13.534   0.322
   6 A N     H      600.13  12.796  13.460   0.273
   7 A N     H      600.13  14.265  14.018   0.273
   8 A N     H      600.13  11.369  12.856   0.303
   9 A N     H      600.13  12.698  14.278   0.764
  10 A N     H      600.13   9.465  13.506   0.889
  11 A N     H      600.13  12.165  15.833   0.589
  12 A N     H      600.13  11.745  13.674   0.687
  13 A N     H      600.13  15.182  13.934   0.305
  14 A N     H      600.13  14.361  13.360   0.222
  15 A N     H      600.13  13.213  12.911   0.234
  17 A N     H      600.13  13.867  13.718   0.343
  18 A N     H      600.13  17.638  16.101   0.493
  20 A N     H      600.13  15.875  16.056   0.278
  21 A N     H      600.13  14.003  13.712   0.180
  22 A N     H      600.13  12.819  12.881   0.344
  23 A N     H      600.13  15.243  13.539   0.308
  25 A N     H      600.13  18.716  14.295   0.577
  27 A N     H      600.13  13.532  13.655   0.537
  28 A N     H      600.13  13.828  14.668   0.330
  29 A N     H      600.13  14.325  13.642   0.241
  30 A N     H      600.13  13.489  13.546   0.160
  32 A N     H      600.13  14.685  14.693   0.213
  33 A N     H      600.13  13.454  13.543   0.139
  34 A N     H      600.13  14.121  13.840   0.434
  35 A N     H      600.13  19.109  17.999   0.273
  36 A N     H      600.13  19.570  17.093   0.421
  39 A N     H      600.13  12.943  12.825   0.280
  40 A N     H      600.13  15.837  15.014   0.326
  41 A N     H      600.13  13.859  13.426   0.155
  42 A N     H      600.13  12.685  13.618   0.455
  43 A N     H      600.13  13.762  13.313   0.474
  44 A N     H      600.13  12.556  13.567   0.175
  45 A N     H      600.13  15.376  14.077   0.377
  46 A N     H      600.13  12.446  13.651   0.568
  47 A N     H      600.13  12.210  13.410   0.245
  48 A N     H      600.13  17.832  17.135   0.482
  49 A N     H      600.13  13.052  14.535   0.239
  50 A N     H      600.13  14.279  13.883   0.196
  51 A N     H      600.13  14.101  15.766   0.585
  52 A N     H      600.13  19.561  18.678   0.217
  54 A N     H      600.13  16.051  16.518   0.164
  55 A N     H      600.13  14.202  13.777   0.218
  56 A N     H      600.13  12.852  13.241   0.281
  57 A N     H      600.13  13.697  12.918   0.401
  58 A N     H      600.13  13.117  13.012   0.161
  59 A N     H      600.13  13.754  13.222   0.250
  60 A N     H      600.13  13.801  13.427   0.248
  61 A N     H      600.13  12.661  12.947   0.247
  62 A N     H      600.13  14.161  14.726   0.464
  63 A N     H      600.13  15.582  17.528   0.329
  64 A N     H      600.13  12.754  12.684   0.270
  65 A N     H      600.13  14.194  14.114   0.380
  66 A N     H      600.13  13.198  12.903   0.365
  67 A N     H      600.13  13.854  13.532   0.325
  68 A N     H      600.13  13.701  13.588   0.300
  69 A N     H      600.13  12.713  13.437   0.442
  70 A N     H      600.13  16.051  14.148   0.279
  71 A N     H      600.13  13.446  13.553   0.442
  73 A N     H      600.13  10.877  13.145   0.237
  74 A N     H      600.13  13.705  14.182   0.999
  75 A N     H      600.13  10.824  16.275   0.795
  76 A N     H      600.13   6.321  15.828   0.502

=====ROBUST REGRESSION: Off=====

=====ORIENTATION SAMPLING=====
Number of rigid bonds = 66
Sampling Param Xi = 0.067 Vectors are uniformly distributed.
Sampling Tensor Components = [0.239, -0.035, -0.204].

=====ISOTROPIC MODEL=====
Diso = 2.06 +/- NaN *(10^7) 1/s
TAUc = 8.08 +/- NaN ns
Q = 0.708  chi^2 = 2656.602  chi^2/df = 40.871 (Rigid Only)
Akaike Information Criterion (AIC): Value = 2658.602

=====AXIALLY-SYMMETRIC MODEL (PROLATE)=====
D_perp = 1.73 +/- NaN *(10^7) 1/s
D_parallel = 2.59 +/- NaN *(10^7) 1/s
alpha = 114 +/- NaN  deg
beta = 146 +/- NaN  deg
Orientational Uncertainty = NaN deg
TAUc = 8.26 +/- NaN ns
anisotropy = 1.50 +/- NaN
Q = 0.619  R = 0.512  chi^2 = 1178.300  chi^2/df = 19.005 (Rigid Only)
Inertia Tensor Unique Axis Difference = 76 deg
ELM Predicted Tensor Unique Axis Difference = 76 deg
F-test (0.05): Axially-Symmetric model better than Isotropic? true, P = 5.45e-11, F = 25.93
Akaike Information Criterion (AIC): Value = 1186.300,
   =>Axially-Symmetric model better than Isotropic? true

==Axially-Symmetric Diffusion Tensor==
    [  1.772  -0.100   0.162]     [    NaN     NaN     NaN]
D = [ -0.100   1.955  -0.368] +/- [    NaN     NaN     NaN] *(10^7) 1/s
    [  0.162  -0.368   2.323]     [    NaN     NaN     NaN]

==Axially-Symmetric Diffusion Tensor Sorted Eigendecomposition==
    [  -0.915    -0.334    -0.225][   1.728     0.000     0.000][  -0.915    -0.403    -0.000]
D = [  -0.403     0.759     0.512][   0.000     1.728     0.000][  -0.334     0.759     0.560] *(10^7) 1/s
    [  -0.000     0.560    -0.829][   0.000     0.000     2.595][  -0.225     0.512    -0.829]

=====FULLY ANISOTROPIC MODEL=====
Dx = 1.66 +/- NaN *(10^7) 1/s
Dy = 1.81 +/- NaN *(10^7) 1/s
Dz = 2.60 +/- NaN *(10^7) 1/s
alpha = 112 +/- NaN  deg
beta = 146 +/- NaN  deg
gamma = 163 +/- NaN deg
Orientational Uncertainty = NaN deg
TAUc = 8.24 +/- NaN ns
anisotropy = 1.50 +/- NaN
rhombicity = 0.26 +/- NaN
Q = 0.607  R = 0.535  chi^2 = 1106.732  chi^2/df = 18.446 (Rigid Only)
Axially-Symmetric Tensor Primary Axis Difference = 1 deg
Inertia Tensor Primary Axis Difference = 77 deg
Inertia Tensor Orientational Difference = 93 deg
ELM Predicted Tensor Primary Axis Difference = 77 deg
ELM Predicted Tensor Orientational Difference = 90 deg
F-test (0.05): Anisotropic model better than Isotropic? true, P = 2.37e-10, F = 16.80
F-test (0.05): Anisotropic model better than Axially-Symmetric? false, P = 1.53e-01, F = 1.94
Akaike Information Criterion (AIC): Value = 1118.732,
   =>Anisotropic model better than Isotropic? true
   =>Anisotropic model better than Axially-Symmteric? true

==Anistropic Diffusion Tensor==
    [  1.794  -0.035   0.186]     [    NaN     NaN     NaN]
D = [ -0.035   1.968  -0.394] +/- [    NaN     NaN     NaN] *(10^7) 1/s
    [  0.186  -0.394   2.305]     [    NaN     NaN     NaN]

==Anistropic Diffusion Tensor Sorted Eigendecomposition==
    [  -0.571     0.793    -0.213][   1.657     0.000     0.000][  -0.571     0.618     0.540]
D = [   0.618     0.586     0.524][   0.000     1.808     0.000][   0.793     0.586     0.168] *(10^7) 1/s
    [   0.540     0.168    -0.825][   0.000     0.000     2.603][  -0.213     0.524    -0.825]

====Full Rotdif Results: Isotropic Solution====
<residue><chain><atom1><atom2><freq><rho_exp><rho_pred><rho_error>
   2 A N     H      600.13  15.672  14.040   0.472
   3 A N     H      600.13  13.885  14.040   0.188
   4 A N     H      600.13  13.226  14.040   0.752
   5 A N     H      600.13  14.058  14.040   0.322
   6 A N     H      600.13  12.796  14.040   0.273
   7 A N     H      600.13  14.265  14.040   0.273
   8 A N     H      600.13  11.369  14.040   0.303
   9 A N     H      600.13  12.698  14.040   0.764
  10 A N     H      600.13   9.465  14.040   0.889
  11 A N     H      600.13  12.165  14.040   0.589
  12 A N     H      600.13  11.745  14.040   0.687
  13 A N     H      600.13  15.182  14.040   0.305
  14 A N     H      600.13  14.361  14.040   0.222
  15 A N     H      600.13  13.213  14.040   0.234
  17 A N     H      600.13  13.867  14.040   0.343
  18 A N     H      600.13  17.638  14.040   0.493
  20 A N     H      600.13  15.875  14.040   0.278
  21 A N     H      600.13  14.003  14.040   0.180
  22 A N     H      600.13  12.819  14.040   0.344
  23 A N     H      600.13  15.243  14.040   0.308
  25 A N     H      600.13  18.716  14.040   0.577
  27 A N     H      600.13  13.532  14.040   0.537
  28 A N     H      600.13  13.828  14.040   0.330
  29 A N     H      600.13  14.325  14.040   0.241
  30 A N     H      600.13  13.489  14.040   0.160
  32 A N     H      600.13  14.685  14.040   0.213
  33 A N     H      600.13  13.454  14.040   0.139
  34 A N     H      600.13  14.121  14.040   0.434
  35 A N     H      600.13  19.109  14.040   0.273
  36 A N     H      600.13  19.570  14.040   0.421
  39 A N     H      600.13  12.943  14.040   0.280
  40 A N     H      600.13  15.837  14.040   0.326
  41 A N     H      600.13  13.859  14.040   0.155
  42 A N     H      600.13  12.685  14.040   0.455
  43 A N     H      600.13  13.762  14.040   0.474
  44 A N     H      600.13  12.556  14.040   0.175
  45 A N     H      600.13  15.376  14.040   0.377
  46 A N     H      600.13  12.446  14.040   0.568
  47 A N     H      600.13  12.210  14.040   0.245
  48 A N     H      600.13  17.832  14.040   0.482
  49 A N     H      600.13  13.052  14.040   0.239
  50 A N     H      600.13  14.279  14.040   0.196
  51 A N     H      600.13  14.101  14.040   0.585
  52 A N     H      600.13  19.561  14.040   0.217
  54 A N     H      600.13  16.051  14.040   0.164
  55 A N     H      600.13  14.202  14.040   0.218
  56 A N     H      600.13  12.852  14.040   0.281
  57 A N     H      600.13  13.697  14.040   0.401
  58 A N     H      600.13  13.117  14.040   0.161
  59 A N     H      600.13  13.754  14.040   0.250
  60 A N     H      600.13  13.801  14.040   0.248
  61 A N     H      600.13  12.661  14.040   0.247
  62 A N     H      600.13  14.161  14.040   0.464
  63 A N     H      600.13  15.582  14.040   0.329
  64 A N     H      600.13  12.754  14.040   0.270
  65 A N     H      600.13  14.194  14.040   0.380
  66 A N     H      600.13  13.198  14.040   0.365
  67 A N     H      600.13  13.854  14.040   0.325
  68 A N     H      600.13  13.701  14.040   0.300
  69 A N     H      600.13  12.713  14.040   0.442
  70 A N     H      600.13  16.051  14.040   0.279
  71 A N     H      600.13  13.446  14.040   0.442
  73 A N     H      600.13  10.877  14.040   0.237
  74 A N     H      600.13  13.705  14.040   0.999
  75 A N     H      600.13  10.824  14.040   0.795
  76 A N     H      600.13   6.321  14.040   0.502


====Full Rotdif Results: Axially-Symmetric Solution====
<residue><chain><atom1><atom2><freq><rho_exp><rho_pred><rho_error>
   2 A N     H      600.13  15.672  15.700   0.472
   3 A N     H      600.13  13.885  13.417   0.188
   4 A N     H      600.13  13.226  13.175   0.752
   5 A N     H      600.13  14.058  13.300   0.322
   6 A N     H      600.13  12.796  13.199   0.273
   7 A N     H      600.13  14.265  13.633   0.273
   8 A N     H      600.13  11.369  13.223   0.303
   9 A N     H      600.13  12.698  14.664   0.764
  10 A N     H      600.13   9.465  13.174   0.889
  11 A N     H      600.13  12.165  15.691   0.589
  12 A N     H      600.13  11.745  13.260   0.687
  13 A N     H      600.13  15.182  13.637   0.305
  14 A N     H      600.13  14.361  13.244   0.222
  15 A N     H      600.13  13.213  13.249   0.234
  17 A N     H      600.13  13.867  14.109   0.343
  18 A N     H      600.13  17.638  16.272   0.493
  20 A N     H      600.13  15.875  15.776   0.278
  21 A N     H      600.13  14.003  13.854   0.180
  22 A N     H      600.13  12.819  13.270   0.344
  23 A N     H      600.13  15.243  13.180   0.308
  25 A N     H      600.13  18.716  14.172   0.577
  27 A N     H      600.13  13.532  13.282   0.537
  28 A N     H      600.13  13.828  14.434   0.330
  29 A N     H      600.13  14.325  13.547   0.241
  30 A N     H      600.13  13.489  13.196   0.160
  32 A N     H      600.13  14.685  14.529   0.213
  33 A N     H      600.13  13.454  13.353   0.139
  34 A N     H      600.13  14.121  13.494   0.434
  35 A N     H      600.13  19.109  18.051   0.273
  36 A N     H      600.13  19.570  17.249   0.421
  39 A N     H      600.13  12.943  13.177   0.280
  40 A N     H      600.13  15.837  15.016   0.326
  41 A N     H      600.13  13.859  13.733   0.155
  42 A N     H      600.13  12.685  13.379   0.455
  43 A N     H      600.13  13.762  13.199   0.474
  44 A N     H      600.13  12.556  13.170   0.175
  45 A N     H      600.13  15.376  13.654   0.377
  46 A N     H      600.13  12.446  13.233   0.568
  47 A N     H      600.13  12.210  13.173   0.245
  48 A N     H      600.13  17.832  16.879   0.482
  49 A N     H      600.13  13.052  14.258   0.239
  50 A N     H      600.13  14.279  13.543   0.196
  51 A N     H      600.13  14.101  15.962   0.585
  52 A N     H      600.13  19.561  18.607   0.217
  54 A N     H      600.13  16.051  16.467   0.164
  55 A N     H      600.13  14.202  13.642   0.218
  56 A N     H      600.13  12.852  13.550   0.281
  57 A N     H      600.13  13.697  13.402   0.401
  58 A N     H      600.13  13.117  13.422   0.161
  59 A N     H      600.13  13.754  13.341   0.250
  60 A N     H      600.13  13.801  13.623   0.248
  61 A N     H      600.13  12.661  13.219   0.247
  62 A N     H      600.13  14.161  15.127   0.464
  63 A N     H      600.13  15.582  17.532   0.329
  64 A N     H      600.13  12.754  13.170   0.270
  65 A N     H      600.13  14.194  14.480   0.380
  66 A N     H      600.13  13.198  13.172   0.365
  67 A N     H      600.13  13.854  13.487   0.325
  68 A N     H      600.13  13.701  13.203   0.300
  69 A N     H      600.13  12.713  13.167   0.442
  70 A N     H      600.13  16.051  14.154   0.279
  71 A N     H      600.13  13.446  13.890   0.442
  73 A N     H      600.13  10.877  13.566   0.237
  74 A N     H      600.13  13.705  14.375   0.999
  75 A N     H      600.13  10.824  16.184   0.795
  76 A N     H      600.13   6.321  16.190   0.502


====Full Rotdif Results: Anisotropic Solution====
<residue><chain><atom1><atom2><freq><rho_exp><rho_pred><rho_error>
   2 A N     H      600.13  15.672  15.387   0.472
   3 A N     H      600.13  13.885  13.049   0.188
   4 A N     H      600.13  13.226  13.214   0.752
   5 A N     H      600.13  14.058  13.534   0.322
   6 A N     H      600.13  12.796  13.460   0.273
   7 A N     H      600.13  14.265  14.018   0.273
   8 A N     H      600.13  11.369  12.856   0.303
   9 A N     H      600.13  12.698  14.278   0.764
  10 A N     H      600.13   9.465  13.506   0.889
  11 A N     H      600.13  12.165  15.833   0.589
  12 A N     H      600.13  11.745  13.674   0.687
  13 A N     H      600.13  15.182  13.934   0.305
  14 A N     H      600.13  14.361  13.360   0.222
  15 A N     H      600.13  13.213  12.911   0.234
  17 A N     H      600.13  13.867  13.718   0.343
  18 A N     H      600.13  17.638  16.101   0.493
  20 A N     H      600.13  15.875  16.056   0.278
  21 A N     H      600.13  14.003  13.712   0.180
  22 A N     H      600.13  12.819  12.881   0.344
  23 A N     H      600.13  15.243  13.539   0.308
  25 A N     H      600.13  18.716  14.295   0.577
  27 A N     H      600.13  13.532  13.655   0.537
  28 A N     H      600.13  13.828  14.668   0.330
  29 A N     H      600.13  14.325  13.642   0.241
  30 A N     H      600.13  13.489  13.546   0.160
  32 A N     H      600.13  14.685  14.693   0.213
  33 A N     H      600.13  13.454  13.543   0.139
  34 A N     H      600.13  14.121  13.840   0.434
  35 A N     H      600.13  19.109  17.999   0.273
  36 A N     H      600.13  19.570  17.093   0.421
  39 A N     H      600.13  12.943  12.825   0.280
  40 A N     H      600.13  15.837  15.014   0.326
  41 A N     H      600.13  13.859  13.426   0.155
  42 A N     H      600.13  12.685  13.618   0.455
  43 A N     H      600.13  13.762  13.313   0.474
  44 A N     H      600.13  12.556  13.567   0.175
  45 A N     H      600.13  15.376  14.077   0.377
  46 A N     H      600.13  12.446  13.651   0.568
  47 A N     H      600.13  12.210  13.410   0.245
  48 A N     H      600.13  17.832  17.135   0.482
  49 A N     H      600.13  13.052  14.535   0.239
  50 A N     H      600.13  14.279  13.883   0.196
  51 A N     H      600.13  14.101  15.766   0.585
  52 A N     H      600.13  19.561  18.678   0.217
  54 A N     H      600.13  16.051  16.518   0.164
  55 A N     H      600.13  14.202  13.777   0.218
  56 A N     H      600.13  12.852  13.241   0.281
  57 A N     H      600.13  13.697  12.918   0.401
  58 A N     H      600.13  13.117  13.012   0.161
  59 A N     H      600.13  13.754  13.222   0.250
  60 A N     H      600.13  13.801  13.427   0.248
  61 A N     H      600.13  12.661  12.947   0.247
  62 A N     H      600.13  14.161  14.726   0.464
  63 A N     H      600.13  15.582  17.528   0.329
  64 A N     H      600.13  12.754  12.684   0.270
  65 A N     H      600.13  14.194  14.114   0.380
  66 A N     H      600.13  13.198  12.903   0.365
  67 A N     H      600.13  13.854  13.532   0.325
  68 A N     H      600.13  13.701  13.588   0.300
  69 A N     H      600.13  12.713  13.437   0.442
  70 A N     H      600.13  16.051  14.148   0.279
  71 A N     H      600.13  13.446  13.553   0.442
  73 A N     H      600.13  10.877  13.145   0.237
  74 A N     H      600.13  13.705  14.182   0.999
  75 A N     H      600.13  10.824  16.275   0.795
  76 A N     H      600.13   6.321  15.828   0.502

Saving anisotropic tensor axes, if computed, to "/opt/genapp/rotdif/output/html5/results/users/fushman/Run_run_d/out_ani.py" and
	axially symmetric tensor, if computed, axes to "/opt/genapp/rotdif/output/html5/results/users/fushman/Run_run_d/out_axial.py"...done.
